[2024-10-20T01:44:17.187+0000] {taskinstance.py:1157} INFO - Dependencies all met for dep_context=non-requeueable deps ti=<TaskInstance: etl_steam_pipeline.steam_extraction manual__2024-10-20T01:38:12.716326+00:00 [queued]>
[2024-10-20T01:44:17.196+0000] {taskinstance.py:1157} INFO - Dependencies all met for dep_context=requeueable deps ti=<TaskInstance: etl_steam_pipeline.steam_extraction manual__2024-10-20T01:38:12.716326+00:00 [queued]>
[2024-10-20T01:44:17.196+0000] {taskinstance.py:1359} INFO - Starting attempt 2 of 2
[2024-10-20T01:44:17.208+0000] {taskinstance.py:1380} INFO - Executing <Task(PythonOperator): steam_extraction> on 2024-10-20 01:38:12.716326+00:00
[2024-10-20T01:44:17.212+0000] {standard_task_runner.py:57} INFO - Started process 57 to run task
[2024-10-20T01:44:17.215+0000] {standard_task_runner.py:84} INFO - Running: ['airflow', 'tasks', 'run', 'etl_steam_pipeline', 'steam_extraction', 'manual__2024-10-20T01:38:12.716326+00:00', '--job-id', '24', '--raw', '--subdir', 'DAGS_FOLDER/steam_dag.py', '--cfg-path', '/tmp/tmpdx6jtqr1']
[2024-10-20T01:44:17.218+0000] {standard_task_runner.py:85} INFO - Job 24: Subtask steam_extraction
[2024-10-20T01:44:17.271+0000] {task_command.py:415} INFO - Running <TaskInstance: etl_steam_pipeline.steam_extraction manual__2024-10-20T01:38:12.716326+00:00 [running]> on host 8c4ad75bac1b
[2024-10-20T01:44:17.365+0000] {taskinstance.py:1660} INFO - Exporting env vars: AIRFLOW_CTX_DAG_OWNER='Jordan Welborn' AIRFLOW_CTX_DAG_ID='etl_steam_pipeline' AIRFLOW_CTX_TASK_ID='steam_extraction' AIRFLOW_CTX_EXECUTION_DATE='2024-10-20T01:38:12.716326+00:00' AIRFLOW_CTX_TRY_NUMBER='2' AIRFLOW_CTX_DAG_RUN_ID='manual__2024-10-20T01:38:12.716326+00:00'
[2024-10-20T01:44:17.369+0000] {logging_mixin.py:151} INFO - Processed 2129810 Already! Sorry Try another
[2024-10-20T01:44:17.370+0000] {logging_mixin.py:151} INFO - Processed 2335800 Already! Sorry Try another
[2024-10-20T01:44:17.372+0000] {logging_mixin.py:151} INFO - Processed 986010 Already! Sorry Try another
[2024-10-20T01:44:17.373+0000] {logging_mixin.py:151} INFO - Processed 2097170 Already! Sorry Try another
[2024-10-20T01:44:17.374+0000] {logging_mixin.py:151} INFO - Processed 3155230 Already! Sorry Try another
[2024-10-20T01:44:17.375+0000] {logging_mixin.py:151} INFO - Processed 3213430 Already! Sorry Try another
[2024-10-20T01:44:17.376+0000] {logging_mixin.py:151} INFO - Processed 3282810 Already! Sorry Try another
[2024-10-20T01:44:17.377+0000] {logging_mixin.py:151} INFO - Processed 585420 Already! Sorry Try another
[2024-10-20T01:44:17.378+0000] {logging_mixin.py:151} INFO - Processed 1948280 Already! Sorry Try another
[2024-10-20T01:44:17.379+0000] {logging_mixin.py:151} INFO - Processed 3231920 Already! Sorry Try another
[2024-10-20T01:44:17.380+0000] {logging_mixin.py:151} INFO - Processed 1116170 Already! Sorry Try another
[2024-10-20T01:44:17.380+0000] {logging_mixin.py:151} INFO - Processed 3045050 Already! Sorry Try another
[2024-10-20T01:44:17.381+0000] {logging_mixin.py:151} INFO - Processed 2255370 Already! Sorry Try another
[2024-10-20T01:44:17.382+0000] {logging_mixin.py:151} INFO - Processed 941460 Already! Sorry Try another
[2024-10-20T01:44:17.383+0000] {logging_mixin.py:151} INFO - Processed 1520470 Already! Sorry Try another
[2024-10-20T01:44:17.384+0000] {logging_mixin.py:151} INFO - Processed 553780 Already! Sorry Try another
[2024-10-20T01:44:17.385+0000] {logging_mixin.py:151} INFO - Processed 308600 Already! Sorry Try another
[2024-10-20T01:44:17.386+0000] {logging_mixin.py:151} INFO - Processed 1459630 Already! Sorry Try another
[2024-10-20T01:44:17.387+0000] {logging_mixin.py:151} INFO - Processed 2319940 Already! Sorry Try another
[2024-10-20T01:44:17.388+0000] {logging_mixin.py:151} INFO - Processed 2139460 Already! Sorry Try another
[2024-10-20T01:44:17.389+0000] {logging_mixin.py:151} INFO - Processed 2334700 Already! Sorry Try another
[2024-10-20T01:44:17.390+0000] {logging_mixin.py:151} INFO - Processed 2399420 Already! Sorry Try another
[2024-10-20T01:44:17.391+0000] {logging_mixin.py:151} INFO - Processed 2999030 Already! Sorry Try another
[2024-10-20T01:44:17.392+0000] {logging_mixin.py:151} INFO - Fetching details for app ID: 258550...
[2024-10-20T01:44:17.654+0000] {logging_mixin.py:151} INFO - Failed to get details for app ID: 258550
[2024-10-20T01:44:17.656+0000] {logging_mixin.py:151} INFO - Processed 1851350 Already! Sorry Try another
[2024-10-20T01:44:17.657+0000] {logging_mixin.py:151} INFO - Processed 3018090 Already! Sorry Try another
[2024-10-20T01:44:17.659+0000] {logging_mixin.py:151} INFO - Processed 3271040 Already! Sorry Try another
[2024-10-20T01:44:17.660+0000] {logging_mixin.py:151} INFO - Processed 2266650 Already! Sorry Try another
[2024-10-20T01:44:17.661+0000] {logging_mixin.py:151} INFO - Processed 3198990 Already! Sorry Try another
[2024-10-20T01:44:17.662+0000] {logging_mixin.py:151} INFO - Processed 2082570 Already! Sorry Try another
[2024-10-20T01:44:17.663+0000] {logging_mixin.py:151} INFO - Fetching details for app ID: 1892930...
[2024-10-20T01:44:17.943+0000] {logging_mixin.py:151} INFO - Failed to get details for app ID: 1892930
[2024-10-20T01:44:17.945+0000] {logging_mixin.py:151} INFO - Processed 3277500 Already! Sorry Try another
[2024-10-20T01:44:17.946+0000] {logging_mixin.py:151} INFO - Processed 3061690 Already! Sorry Try another
[2024-10-20T01:44:17.947+0000] {logging_mixin.py:151} INFO - Processed 322330 Already! Sorry Try another
[2024-10-20T01:44:17.948+0000] {logging_mixin.py:151} INFO - Fetching details for app ID: 3199170...
[2024-10-20T01:44:18.186+0000] {logging_mixin.py:151} INFO - Failed to get details for app ID: 3199170
[2024-10-20T01:44:18.188+0000] {logging_mixin.py:151} INFO - Processed 1273100 Already! Sorry Try another
[2024-10-20T01:44:18.189+0000] {logging_mixin.py:151} INFO - Processed 3190970 Already! Sorry Try another
[2024-10-20T01:44:18.191+0000] {logging_mixin.py:151} INFO - Processed 1771300 Already! Sorry Try another
[2024-10-20T01:44:18.192+0000] {logging_mixin.py:151} INFO - Processed 2902720 Already! Sorry Try another
[2024-10-20T01:44:18.193+0000] {logging_mixin.py:151} INFO - Processed 1138640 Already! Sorry Try another
[2024-10-20T01:44:18.194+0000] {logging_mixin.py:151} INFO - Processed 2400840 Already! Sorry Try another
[2024-10-20T01:44:18.195+0000] {logging_mixin.py:151} INFO - Processed 1208170 Already! Sorry Try another
[2024-10-20T01:44:18.196+0000] {logging_mixin.py:151} INFO - Processed 2990080 Already! Sorry Try another
[2024-10-20T01:44:18.197+0000] {logging_mixin.py:151} INFO - Processed 2980550 Already! Sorry Try another
[2024-10-20T01:44:18.198+0000] {logging_mixin.py:151} INFO - Processed 2000890 Already! Sorry Try another
[2024-10-20T01:44:18.199+0000] {logging_mixin.py:151} INFO - Processed 2587840 Already! Sorry Try another
[2024-10-20T01:44:18.200+0000] {logging_mixin.py:151} INFO - Processed 2052040 Already! Sorry Try another
[2024-10-20T01:44:18.201+0000] {logging_mixin.py:151} INFO - Processed 3270630 Already! Sorry Try another
[2024-10-20T01:44:18.202+0000] {logging_mixin.py:151} INFO - Processed 3180930 Already! Sorry Try another
[2024-10-20T01:44:18.203+0000] {logging_mixin.py:151} INFO - Processed 949230 Already! Sorry Try another
[2024-10-20T01:44:18.204+0000] {logging_mixin.py:151} INFO - Processed 1128860 Already! Sorry Try another
[2024-10-20T01:44:18.205+0000] {logging_mixin.py:151} INFO - Processed 1428090 Already! Sorry Try another
[2024-10-20T01:44:18.206+0000] {logging_mixin.py:151} INFO - Processed 108600 Already! Sorry Try another
[2024-10-20T01:44:18.207+0000] {logging_mixin.py:151} INFO - Processed 1999520 Already! Sorry Try another
[2024-10-20T01:44:18.208+0000] {logging_mixin.py:151} INFO - Processed 3186690 Already! Sorry Try another
[2024-10-20T01:44:18.209+0000] {logging_mixin.py:151} INFO - Processed 1121560 Already! Sorry Try another
[2024-10-20T01:44:18.210+0000] {logging_mixin.py:151} INFO - Processed 1127660 Already! Sorry Try another
[2024-10-20T01:44:18.211+0000] {logging_mixin.py:151} INFO - Processed 1185810 Already! Sorry Try another
[2024-10-20T01:44:18.212+0000] {logging_mixin.py:151} INFO - Processed 1325730 Already! Sorry Try another
[2024-10-20T01:44:18.213+0000] {logging_mixin.py:151} INFO - Processed 1503170 Already! Sorry Try another
[2024-10-20T01:44:18.214+0000] {logging_mixin.py:151} INFO - Processed 1645220 Already! Sorry Try another
[2024-10-20T01:44:18.214+0000] {logging_mixin.py:151} INFO - Processed 1790600 Already! Sorry Try another
[2024-10-20T01:44:18.215+0000] {logging_mixin.py:151} INFO - Processed 1800860 Already! Sorry Try another
[2024-10-20T01:44:18.216+0000] {logging_mixin.py:151} INFO - Processed 1803450 Already! Sorry Try another
[2024-10-20T01:44:18.217+0000] {logging_mixin.py:151} INFO - Processed 1818450 Already! Sorry Try another
[2024-10-20T01:44:18.218+0000] {logging_mixin.py:151} INFO - Processed 1962700 Already! Sorry Try another
[2024-10-20T01:44:18.219+0000] {logging_mixin.py:151} INFO - Processed 1969650 Already! Sorry Try another
[2024-10-20T01:44:18.220+0000] {logging_mixin.py:151} INFO - Processed 1997470 Already! Sorry Try another
[2024-10-20T01:44:18.221+0000] {logging_mixin.py:151} INFO - Processed 2088250 Already! Sorry Try another
[2024-10-20T01:44:18.222+0000] {logging_mixin.py:151} INFO - Processed 2103140 Already! Sorry Try another
[2024-10-20T01:44:18.223+0000] {logging_mixin.py:151} INFO - Processed 2287960 Already! Sorry Try another
[2024-10-20T01:44:18.224+0000] {logging_mixin.py:151} INFO - Processed 2407270 Already! Sorry Try another
[2024-10-20T01:44:18.225+0000] {logging_mixin.py:151} INFO - Processed 2420660 Already! Sorry Try another
[2024-10-20T01:44:18.225+0000] {logging_mixin.py:151} INFO - Processed 2421350 Already! Sorry Try another
[2024-10-20T01:44:18.226+0000] {logging_mixin.py:151} INFO - Processed 2543180 Already! Sorry Try another
[2024-10-20T01:44:18.227+0000] {logging_mixin.py:151} INFO - Processed 2585830 Already! Sorry Try another
[2024-10-20T01:44:18.228+0000] {logging_mixin.py:151} INFO - Processed 2622000 Already! Sorry Try another
[2024-10-20T01:44:18.229+0000] {logging_mixin.py:151} INFO - Processed 2708950 Already! Sorry Try another
[2024-10-20T01:44:18.230+0000] {logging_mixin.py:151} INFO - Processed 3103040 Already! Sorry Try another
[2024-10-20T01:44:18.230+0000] {logging_mixin.py:151} INFO - Processed 3123410 Already! Sorry Try another
[2024-10-20T01:44:18.231+0000] {logging_mixin.py:151} INFO - Processed 3180170 Already! Sorry Try another
[2024-10-20T01:44:18.232+0000] {logging_mixin.py:151} INFO - Processed 3226570 Already! Sorry Try another
[2024-10-20T01:44:18.233+0000] {logging_mixin.py:151} INFO - Processed 3235910 Already! Sorry Try another
[2024-10-20T01:44:18.234+0000] {logging_mixin.py:151} INFO - Processed 3256070 Already! Sorry Try another
[2024-10-20T01:44:18.235+0000] {logging_mixin.py:151} INFO - Processed 3271530 Already! Sorry Try another
[2024-10-20T01:44:18.236+0000] {logging_mixin.py:151} INFO - Processed 1049320 Already! Sorry Try another
[2024-10-20T01:44:18.237+0000] {logging_mixin.py:151} INFO - Processed 499180 Already! Sorry Try another
[2024-10-20T01:44:18.238+0000] {logging_mixin.py:151} INFO - Processed 581320 Already! Sorry Try another
[2024-10-20T01:44:18.239+0000] {logging_mixin.py:151} INFO - Processed 787480 Already! Sorry Try another
[2024-10-20T01:44:18.239+0000] {logging_mixin.py:151} INFO - Processed 991270 Already! Sorry Try another
[2024-10-20T01:44:18.240+0000] {logging_mixin.py:151} INFO - Processed 1254320 Already! Sorry Try another
[2024-10-20T01:44:18.241+0000] {logging_mixin.py:151} INFO - Processed 2654540 Already! Sorry Try another
[2024-10-20T01:44:18.242+0000] {logging_mixin.py:151} INFO - Processed 3027940 Already! Sorry Try another
[2024-10-20T01:44:18.243+0000] {logging_mixin.py:151} INFO - Processed 3037030 Already! Sorry Try another
[2024-10-20T01:44:18.244+0000] {logging_mixin.py:151} INFO - Processed 3054770 Already! Sorry Try another
[2024-10-20T01:44:18.245+0000] {logging_mixin.py:151} INFO - Processed 3059840 Already! Sorry Try another
[2024-10-20T01:44:18.245+0000] {logging_mixin.py:151} INFO - Processed 3060080 Already! Sorry Try another
[2024-10-20T01:44:18.246+0000] {logging_mixin.py:151} INFO - Processed 3101770 Already! Sorry Try another
[2024-10-20T01:44:18.247+0000] {logging_mixin.py:151} INFO - Processed 3137120 Already! Sorry Try another
[2024-10-20T01:44:18.248+0000] {logging_mixin.py:151} INFO - Processed 3138330 Already! Sorry Try another
[2024-10-20T01:44:18.249+0000] {logging_mixin.py:151} INFO - Processed 3142540 Already! Sorry Try another
[2024-10-20T01:44:18.249+0000] {logging_mixin.py:151} INFO - Processed 3163250 Already! Sorry Try another
[2024-10-20T01:44:18.251+0000] {logging_mixin.py:151} INFO - Processed 3169100 Already! Sorry Try another
[2024-10-20T01:44:18.252+0000] {logging_mixin.py:151} INFO - Processed 3170420 Already! Sorry Try another
[2024-10-20T01:44:18.253+0000] {logging_mixin.py:151} INFO - Processed 3170430 Already! Sorry Try another
[2024-10-20T01:44:18.254+0000] {logging_mixin.py:151} INFO - Processed 3206520 Already! Sorry Try another
[2024-10-20T01:44:18.254+0000] {logging_mixin.py:151} INFO - Processed 3027620 Already! Sorry Try another
[2024-10-20T01:44:18.255+0000] {logging_mixin.py:151} INFO - Processed 2633080 Already! Sorry Try another
[2024-10-20T01:44:18.256+0000] {logging_mixin.py:151} INFO - Processed 1816140 Already! Sorry Try another
[2024-10-20T01:44:18.257+0000] {logging_mixin.py:151} INFO - Processed 3141870 Already! Sorry Try another
[2024-10-20T01:44:18.258+0000] {logging_mixin.py:151} INFO - Processed 1108740 Already! Sorry Try another
[2024-10-20T01:44:18.258+0000] {logging_mixin.py:151} INFO - Processed 1135960 Already! Sorry Try another
[2024-10-20T01:44:18.259+0000] {logging_mixin.py:151} INFO - Processed 1339340 Already! Sorry Try another
[2024-10-20T01:44:18.260+0000] {logging_mixin.py:151} INFO - Processed 3108720 Already! Sorry Try another
[2024-10-20T01:44:18.261+0000] {logging_mixin.py:151} INFO - Processed 3261060 Already! Sorry Try another
[2024-10-20T01:44:18.262+0000] {logging_mixin.py:151} INFO - Processed 792200 Already! Sorry Try another
[2024-10-20T01:44:18.262+0000] {logging_mixin.py:151} INFO - Processed 809090 Already! Sorry Try another
[2024-10-20T01:44:18.263+0000] {logging_mixin.py:151} INFO - Processed 874450 Already! Sorry Try another
[2024-10-20T01:44:18.264+0000] {logging_mixin.py:151} INFO - Processed 972200 Already! Sorry Try another
[2024-10-20T01:44:18.264+0000] {logging_mixin.py:151} INFO - Processed 3288690 Already! Sorry Try another
[2024-10-20T01:44:18.265+0000] {logging_mixin.py:151} INFO - Processed 2307350 Already! Sorry Try another
[2024-10-20T01:44:18.266+0000] {logging_mixin.py:151} INFO - Processed 3192760 Already! Sorry Try another
[2024-10-20T01:44:18.267+0000] {logging_mixin.py:151} INFO - Processed 451340 Already! Sorry Try another
[2024-10-20T01:44:18.268+0000] {logging_mixin.py:151} INFO - Processed 3187730 Already! Sorry Try another
[2024-10-20T01:44:18.269+0000] {logging_mixin.py:151} INFO - Processed 3088430 Already! Sorry Try another
[2024-10-20T01:44:18.270+0000] {logging_mixin.py:151} INFO - Processed 218230 Already! Sorry Try another
[2024-10-20T01:44:18.270+0000] {logging_mixin.py:151} INFO - Processed 294770 Already! Sorry Try another
[2024-10-20T01:44:18.271+0000] {logging_mixin.py:151} INFO - Processed 39660 Already! Sorry Try another
[2024-10-20T01:44:18.272+0000] {logging_mixin.py:151} INFO - Fetching details for app ID: 774941...
[2024-10-20T01:44:18.563+0000] {logging_mixin.py:151} INFO - Failed to get details for app ID: 774941
[2024-10-20T01:44:18.566+0000] {logging_mixin.py:151} INFO - Processed 589290 Already! Sorry Try another
[2024-10-20T01:44:18.567+0000] {logging_mixin.py:151} INFO - Processed 2543510 Already! Sorry Try another
[2024-10-20T01:44:18.569+0000] {logging_mixin.py:151} INFO - Processed 3263740 Already! Sorry Try another
[2024-10-20T01:44:18.571+0000] {logging_mixin.py:151} INFO - Processed 1116390 Already! Sorry Try another
[2024-10-20T01:44:18.572+0000] {logging_mixin.py:151} INFO - Processed 1200770 Already! Sorry Try another
[2024-10-20T01:44:18.573+0000] {logging_mixin.py:151} INFO - Fetching details for app ID: 1326030...
[2024-10-20T01:44:18.831+0000] {logging_mixin.py:151} INFO - Failed to get details for app ID: 1326030
[2024-10-20T01:44:18.833+0000] {logging_mixin.py:151} INFO - Processed 1603640 Already! Sorry Try another
[2024-10-20T01:44:18.834+0000] {logging_mixin.py:151} INFO - Fetching details for app ID: 2051010...
[2024-10-20T01:44:19.104+0000] {logging_mixin.py:151} INFO - Failed to get details for app ID: 2051010
[2024-10-20T01:44:19.106+0000] {logging_mixin.py:151} INFO - Processed 2108330 Already! Sorry Try another
[2024-10-20T01:44:19.107+0000] {logging_mixin.py:151} INFO - Processed 2116120 Already! Sorry Try another
[2024-10-20T01:44:19.108+0000] {logging_mixin.py:151} INFO - Processed 2184350 Already! Sorry Try another
[2024-10-20T01:44:19.109+0000] {logging_mixin.py:151} INFO - Processed 2305760 Already! Sorry Try another
[2024-10-20T01:44:19.111+0000] {logging_mixin.py:151} INFO - Processed 2395260 Already! Sorry Try another
[2024-10-20T01:44:19.112+0000] {logging_mixin.py:151} INFO - Processed 2500160 Already! Sorry Try another
[2024-10-20T01:44:19.113+0000] {logging_mixin.py:151} INFO - Processed 2529080 Already! Sorry Try another
[2024-10-20T01:44:19.114+0000] {logging_mixin.py:151} INFO - Processed 2570210 Already! Sorry Try another
[2024-10-20T01:44:19.115+0000] {logging_mixin.py:151} INFO - Processed 2576020 Already! Sorry Try another
[2024-10-20T01:44:19.116+0000] {logging_mixin.py:151} INFO - Processed 2582560 Already! Sorry Try another
[2024-10-20T01:44:19.117+0000] {logging_mixin.py:151} INFO - Processed 2716120 Already! Sorry Try another
[2024-10-20T01:44:19.118+0000] {logging_mixin.py:151} INFO - Processed 2716820 Already! Sorry Try another
[2024-10-20T01:44:19.119+0000] {logging_mixin.py:151} INFO - Processed 2719030 Already! Sorry Try another
[2024-10-20T01:44:19.120+0000] {logging_mixin.py:151} INFO - Processed 2803360 Already! Sorry Try another
[2024-10-20T01:44:19.120+0000] {logging_mixin.py:151} INFO - Processed 3207390 Already! Sorry Try another
[2024-10-20T01:44:19.121+0000] {logging_mixin.py:151} INFO - Processed 538030 Already! Sorry Try another
[2024-10-20T01:44:19.122+0000] {logging_mixin.py:151} INFO - Processed 1170950 Already! Sorry Try another
[2024-10-20T01:44:19.123+0000] {logging_mixin.py:151} INFO - Processed 1217490 Already! Sorry Try another
[2024-10-20T01:44:19.124+0000] {logging_mixin.py:151} INFO - Processed 1264171 Already! Sorry Try another
[2024-10-20T01:44:19.125+0000] {logging_mixin.py:151} INFO - Processed 1270010 Already! Sorry Try another
[2024-10-20T01:44:19.126+0000] {logging_mixin.py:151} INFO - Processed 1351370 Already! Sorry Try another
[2024-10-20T01:44:19.126+0000] {logging_mixin.py:151} INFO - Processed 1392390 Already! Sorry Try another
[2024-10-20T01:44:19.127+0000] {logging_mixin.py:151} INFO - Processed 1437840 Already! Sorry Try another
[2024-10-20T01:44:19.128+0000] {logging_mixin.py:151} INFO - Processed 1474930 Already! Sorry Try another
[2024-10-20T01:44:19.129+0000] {logging_mixin.py:151} INFO - Processed 1480050 Already! Sorry Try another
[2024-10-20T01:44:19.130+0000] {logging_mixin.py:151} INFO - Processed 1513420 Already! Sorry Try another
[2024-10-20T01:44:19.130+0000] {logging_mixin.py:151} INFO - Processed 1682600 Already! Sorry Try another
[2024-10-20T01:44:19.132+0000] {logging_mixin.py:151} INFO - Processed 1832840 Already! Sorry Try another
[2024-10-20T01:44:19.133+0000] {logging_mixin.py:151} INFO - Processed 1840800 Already! Sorry Try another
[2024-10-20T01:44:19.134+0000] {logging_mixin.py:151} INFO - Processed 3012290 Already! Sorry Try another
[2024-10-20T01:44:19.135+0000] {logging_mixin.py:151} INFO - Processed 3080030 Already! Sorry Try another
[2024-10-20T01:44:19.135+0000] {logging_mixin.py:151} INFO - Processed 3226270 Already! Sorry Try another
[2024-10-20T01:44:19.136+0000] {logging_mixin.py:151} INFO - Processed 2191410 Already! Sorry Try another
[2024-10-20T01:44:19.137+0000] {logging_mixin.py:151} INFO - Processed 1653190 Already! Sorry Try another
[2024-10-20T01:44:19.138+0000] {logging_mixin.py:151} INFO - Processed 3280460 Already! Sorry Try another
[2024-10-20T01:44:19.139+0000] {logging_mixin.py:151} INFO - Processed 1211980 Already! Sorry Try another
[2024-10-20T01:44:19.140+0000] {logging_mixin.py:151} INFO - Fetching details for app ID: 1424230...
[2024-10-20T01:44:19.420+0000] {logging_mixin.py:151} INFO - Failed to get details for app ID: 1424230
[2024-10-20T01:44:19.422+0000] {logging_mixin.py:151} INFO - Processed 1584090 Already! Sorry Try another
[2024-10-20T01:44:19.423+0000] {logging_mixin.py:151} INFO - Processed 1607250 Already! Sorry Try another
[2024-10-20T01:44:19.424+0000] {logging_mixin.py:151} INFO - Processed 1786790 Already! Sorry Try another
[2024-10-20T01:44:19.425+0000] {logging_mixin.py:151} INFO - Processed 1830190 Already! Sorry Try another
[2024-10-20T01:44:19.426+0000] {logging_mixin.py:151} INFO - Processed 1905180 Already! Sorry Try another
[2024-10-20T01:44:19.426+0000] {logging_mixin.py:151} INFO - Processed 1911610 Already! Sorry Try another
[2024-10-20T01:44:19.427+0000] {logging_mixin.py:151} INFO - Processed 2015620 Already! Sorry Try another
[2024-10-20T01:44:19.428+0000] {logging_mixin.py:151} INFO - Processed 2064650 Already! Sorry Try another
[2024-10-20T01:44:19.428+0000] {logging_mixin.py:151} INFO - Processed 2075100 Already! Sorry Try another
[2024-10-20T01:44:19.429+0000] {logging_mixin.py:151} INFO - Processed 2114740 Already! Sorry Try another
[2024-10-20T01:44:19.430+0000] {logging_mixin.py:151} INFO - Processed 2236060 Already! Sorry Try another
[2024-10-20T01:44:19.430+0000] {logging_mixin.py:151} INFO - Processed 2316930 Already! Sorry Try another
[2024-10-20T01:44:19.431+0000] {logging_mixin.py:151} INFO - Processed 2341070 Already! Sorry Try another
[2024-10-20T01:44:19.432+0000] {logging_mixin.py:151} INFO - Processed 2359660 Already! Sorry Try another
[2024-10-20T01:44:19.433+0000] {logging_mixin.py:151} INFO - Processed 2401970 Already! Sorry Try another
[2024-10-20T01:44:19.434+0000] {logging_mixin.py:151} INFO - Processed 2566880 Already! Sorry Try another
[2024-10-20T01:44:19.434+0000] {logging_mixin.py:151} INFO - Processed 2645820 Already! Sorry Try another
[2024-10-20T01:44:19.435+0000] {logging_mixin.py:151} INFO - Fetching details for app ID: 2658770...
[2024-10-20T01:44:19.682+0000] {logging_mixin.py:151} INFO - Failed to get details for app ID: 2658770
[2024-10-20T01:44:19.684+0000] {logging_mixin.py:151} INFO - Processed 2751000 Already! Sorry Try another
[2024-10-20T01:44:19.685+0000] {logging_mixin.py:151} INFO - Processed 2807150 Already! Sorry Try another
[2024-10-20T01:44:19.686+0000] {logging_mixin.py:151} INFO - Processed 2990190 Already! Sorry Try another
[2024-10-20T01:44:19.687+0000] {logging_mixin.py:151} INFO - Processed 3051280 Already! Sorry Try another
[2024-10-20T01:44:19.688+0000] {logging_mixin.py:151} INFO - Processed 3080680 Already! Sorry Try another
[2024-10-20T01:44:19.689+0000] {logging_mixin.py:151} INFO - Fetching details for app ID: 3084620...
[2024-10-20T01:44:19.973+0000] {logging_mixin.py:151} INFO - Collected data for Futariuum's Gate.
[2024-10-20T01:44:20.009+0000] {logging_mixin.py:151} INFO - Fetching details for app ID: 3156770...
[2024-10-20T01:44:20.270+0000] {logging_mixin.py:151} INFO - Collected data for Witchfire.
[2024-10-20T01:44:20.274+0000] {logging_mixin.py:151} INFO - Fetching details for app ID: 3192310...
[2024-10-20T01:44:20.574+0000] {logging_mixin.py:151} INFO - Collected data for Amelia and the Erotic Tentacle Trap Dungeon.
[2024-10-20T01:44:20.578+0000] {logging_mixin.py:151} INFO - Fetching details for app ID: 3217200...
[2024-10-20T01:44:20.880+0000] {logging_mixin.py:151} INFO - Collected data for One True Path.
[2024-10-20T01:44:20.883+0000] {logging_mixin.py:151} INFO - Fetching details for app ID: 3227820...
[2024-10-20T01:44:21.136+0000] {logging_mixin.py:151} INFO - Collected data for Coloring Game 5.1.
[2024-10-20T01:44:21.141+0000] {logging_mixin.py:151} INFO - Fetching details for app ID: 3231380...
[2024-10-20T01:44:21.421+0000] {logging_mixin.py:151} INFO - Collected data for Warframe: Koumei Visions Bundle.
[2024-10-20T01:44:21.425+0000] {logging_mixin.py:151} INFO - Fetching details for app ID: 3283090...
[2024-10-20T01:44:21.740+0000] {logging_mixin.py:151} INFO - Collected data for MILF's Plaza - Beach Episode.
[2024-10-20T01:44:21.743+0000] {logging_mixin.py:151} INFO - Fetching details for app ID: 3292980...
[2024-10-20T01:44:22.026+0000] {logging_mixin.py:151} INFO - Collected data for Hacky.
[2024-10-20T01:44:22.030+0000] {logging_mixin.py:151} INFO - Fetching details for app ID: 1000050...
[2024-10-20T01:44:22.383+0000] {logging_mixin.py:151} INFO - Collected data for 我的一个多重人格朋友.
[2024-10-20T01:44:22.387+0000] {logging_mixin.py:151} INFO - Fetching details for app ID: 1213700...
[2024-10-20T01:44:22.687+0000] {logging_mixin.py:151} INFO - Collected data for Spirit of the North.
[2024-10-20T01:44:22.690+0000] {logging_mixin.py:151} INFO - Fetching details for app ID: 1245560...
[2024-10-20T01:44:22.986+0000] {logging_mixin.py:151} INFO - Collected data for Roots of Pacha.
[2024-10-20T01:44:22.989+0000] {logging_mixin.py:151} INFO - Fetching details for app ID: 1272320...
[2024-10-20T01:44:23.387+0000] {logging_mixin.py:151} INFO - Collected data for Diplomacy is Not an Option.
[2024-10-20T01:44:23.390+0000] {logging_mixin.py:151} INFO - Fetching details for app ID: 1375630...
[2024-10-20T01:44:23.689+0000] {logging_mixin.py:151} INFO - Collected data for Pantomime.
[2024-10-20T01:44:23.694+0000] {logging_mixin.py:151} INFO - Fetching details for app ID: 1418750...
[2024-10-20T01:44:23.979+0000] {logging_mixin.py:151} INFO - Collected data for Paws and Leaves - A Last Tale.
[2024-10-20T01:44:23.982+0000] {logging_mixin.py:151} INFO - Fetching details for app ID: 1554770...
[2024-10-20T01:44:24.338+0000] {logging_mixin.py:151} INFO - Collected data for Last Standing.
[2024-10-20T01:44:24.346+0000] {logging_mixin.py:151} INFO - Fetching details for app ID: 17510...
[2024-10-20T01:44:24.696+0000] {logging_mixin.py:151} INFO - Collected data for Age of Chivalry.
[2024-10-20T01:44:24.700+0000] {logging_mixin.py:151} INFO - Fetching details for app ID: 372080...
[2024-10-20T01:44:24.996+0000] {logging_mixin.py:151} INFO - Collected data for Ananias Roguelike.
[2024-10-20T01:44:25.015+0000] {logging_mixin.py:151} INFO - Fetching details for app ID: 689760...
[2024-10-20T01:44:25.320+0000] {logging_mixin.py:151} INFO - Collected data for Balanced.
[2024-10-20T01:44:25.325+0000] {logging_mixin.py:151} INFO - Fetching details for app ID: 2399830...
[2024-10-20T01:44:25.625+0000] {logging_mixin.py:151} INFO - Collected data for ARK: Survival Ascended.
[2024-10-20T01:44:25.629+0000] {logging_mixin.py:151} INFO - Fetching details for app ID: 3104680...
[2024-10-20T01:44:25.884+0000] {logging_mixin.py:151} INFO - Collected data for A tale of terror.
[2024-10-20T01:44:25.888+0000] {logging_mixin.py:151} INFO - Fetching details for app ID: 1282270...
[2024-10-20T01:44:26.151+0000] {logging_mixin.py:151} INFO - Collected data for Strinova.
[2024-10-20T01:44:26.156+0000] {logging_mixin.py:151} INFO - Fetching details for app ID: 2084360...
[2024-10-20T01:44:26.421+0000] {logging_mixin.py:151} INFO - Collected data for ExTime: Primal Menace.
[2024-10-20T01:44:26.425+0000] {logging_mixin.py:151} INFO - Fetching details for app ID: 3050...
[2024-10-20T01:44:26.718+0000] {logging_mixin.py:151} INFO - Collected data for Xpand Rally Xtreme.
[2024-10-20T01:44:26.722+0000] {logging_mixin.py:151} INFO - Fetching details for app ID: 2488620...
[2024-10-20T01:44:27.002+0000] {logging_mixin.py:151} INFO - Collected data for F1® 24.
[2024-10-20T01:44:27.006+0000] {logging_mixin.py:151} INFO - Fetching details for app ID: 416000...
[2024-10-20T01:44:27.292+0000] {logging_mixin.py:151} INFO - Collected data for Orange Season.
[2024-10-20T01:44:27.295+0000] {logging_mixin.py:151} INFO - Fetching details for app ID: 2384580...
[2024-10-20T01:44:27.631+0000] {logging_mixin.py:151} INFO - Collected data for DYNASTY WARRIORS: ORIGINS.
[2024-10-20T01:44:27.635+0000] {logging_mixin.py:151} INFO - Fetching details for app ID: 3023930...
[2024-10-20T01:44:27.908+0000] {logging_mixin.py:151} INFO - Collected data for UFL.
[2024-10-20T01:44:27.912+0000] {logging_mixin.py:151} INFO - Fetching details for app ID: 3254600...
[2024-10-20T01:44:28.180+0000] {logging_mixin.py:151} INFO - Collected data for Realpolitiks 3: Earth and Beyond Demo.
[2024-10-20T01:44:28.184+0000] {logging_mixin.py:151} INFO - Fetching details for app ID: 1324780...
[2024-10-20T01:44:28.599+0000] {logging_mixin.py:151} INFO - Collected data for Easy Red 2.
[2024-10-20T01:44:28.603+0000] {logging_mixin.py:151} INFO - Fetching details for app ID: 1395520...
[2024-10-20T01:44:28.884+0000] {logging_mixin.py:151} INFO - Collected data for Eldritch House.
[2024-10-20T01:44:28.889+0000] {logging_mixin.py:151} INFO - Fetching details for app ID: 2635410...
[2024-10-20T01:44:29.293+0000] {logging_mixin.py:151} INFO - Collected data for Holdfast: Nations At War Playtest.
[2024-10-20T01:44:29.297+0000] {logging_mixin.py:151} INFO - Fetching details for app ID: 3061810...
[2024-10-20T01:44:29.523+0000] {logging_mixin.py:151} INFO - Collected data for 人中之龙８外传 Pirates in Hawaii.
[2024-10-20T01:44:29.528+0000] {logging_mixin.py:151} INFO - Fetching details for app ID: 1592190...
[2024-10-20T01:44:29.806+0000] {logging_mixin.py:151} INFO - Collected data for BONELAB.
[2024-10-20T01:44:29.810+0000] {logging_mixin.py:151} INFO - Fetching details for app ID: 3256520...
[2024-10-20T01:44:30.079+0000] {logging_mixin.py:151} INFO - Collected data for 潮 定制角色曲.
[2024-10-20T01:44:30.083+0000] {logging_mixin.py:151} INFO - Fetching details for app ID: 1696810...
[2024-10-20T01:44:30.387+0000] {logging_mixin.py:151} INFO - Collected data for Railroads Online.
[2024-10-20T01:44:30.391+0000] {logging_mixin.py:151} INFO - Fetching details for app ID: 2666580...
[2024-10-20T01:44:30.742+0000] {logging_mixin.py:151} INFO - Collected data for Pathfinder: Abomination Vaults.
[2024-10-20T01:44:30.746+0000] {logging_mixin.py:151} INFO - Fetching details for app ID: 3190930...
[2024-10-20T01:44:31.073+0000] {logging_mixin.py:151} INFO - Collected data for isekizima: Ruins and Tails Journey DEMO.
[2024-10-20T01:44:31.077+0000] {logging_mixin.py:151} INFO - Fetching details for app ID: 714010...
[2024-10-20T01:44:31.302+0000] {logging_mixin.py:151} INFO - Collected data for Aimlabs.
[2024-10-20T01:44:31.307+0000] {logging_mixin.py:151} INFO - Fetching details for app ID: 2407830...
[2024-10-20T01:44:31.578+0000] {logging_mixin.py:151} INFO - Collected data for Trash Goblin.
[2024-10-20T01:44:31.581+0000] {logging_mixin.py:151} INFO - Fetching details for app ID: 3173890...
[2024-10-20T01:44:31.857+0000] {logging_mixin.py:151} INFO - Collected data for Half Billion: Love Choice.
[2024-10-20T01:44:31.861+0000] {logging_mixin.py:151} INFO - Fetching details for app ID: 3204560...
[2024-10-20T01:44:32.156+0000] {logging_mixin.py:151} INFO - Collected data for The Rewinder 2 Demo.
[2024-10-20T01:44:32.160+0000] {logging_mixin.py:151} INFO - Fetching details for app ID: 1845940...
[2024-10-20T01:44:32.433+0000] {logging_mixin.py:151} INFO - Collected data for cyberpunkdreams: outside edges.
[2024-10-20T01:44:32.435+0000] {local_task_job_runner.py:294} WARNING - State of this instance has been externally set to None. Terminating instance.
[2024-10-20T01:44:32.436+0000] {logging_mixin.py:151} INFO - Fetching details for app ID: 2169200...
[2024-10-20T01:44:32.438+0000] {process_utils.py:131} INFO - Sending 15 to group 57. PIDs of all processes in the group: [57]
[2024-10-20T01:44:32.439+0000] {process_utils.py:86} INFO - Sending the signal 15 to group 57
[2024-10-20T01:44:32.439+0000] {taskinstance.py:1630} ERROR - Received SIGTERM. Terminating subprocesses.
[2024-10-20T01:44:32.450+0000] {taskinstance.py:1935} ERROR - Task failed with exception
Traceback (most recent call last):
  File "/usr/local/lib/python3.9/os.py", line 676, in __getitem__
    value = self._data[self.encodekey(key)]
KeyError: b'CURL_CA_BUNDLE'

During handling of the above exception, another exception occurred:

Traceback (most recent call last):
  File "/home/airflow/.local/lib/python3.9/site-packages/airflow/operators/python.py", line 192, in execute
    return_value = self.execute_callable()
  File "/home/airflow/.local/lib/python3.9/site-packages/airflow/operators/python.py", line 209, in execute_callable
    return self.python_callable(*self.op_args, **self.op_kwargs)
  File "/opt/airflow/pipelines/steam_pipeline.py", line 18, in steam_pipeline
    games = test()
  File "/opt/airflow/etls/steam_etl.py", line 134, in test
    games.append(extract_game_by_id(id))
  File "/opt/airflow/etls/steam_etl.py", line 57, in extract_game_by_id
    app_details = get_app_details(id)
  File "/opt/airflow/etls/steam_etl.py", line 41, in get_app_details
    response = requests.get(url)
  File "/home/airflow/.local/lib/python3.9/site-packages/requests/api.py", line 73, in get
    return request("get", url, params=params, **kwargs)
  File "/home/airflow/.local/lib/python3.9/site-packages/requests/api.py", line 59, in request
    return session.request(method=method, url=url, **kwargs)
  File "/home/airflow/.local/lib/python3.9/site-packages/requests/sessions.py", line 579, in request
    settings = self.merge_environment_settings(
  File "/home/airflow/.local/lib/python3.9/site-packages/requests/sessions.py", line 770, in merge_environment_settings
    or os.environ.get("CURL_CA_BUNDLE")
  File "/usr/local/lib/python3.9/_collections_abc.py", line 763, in get
    return self[key]
  File "/usr/local/lib/python3.9/os.py", line 676, in __getitem__
    value = self._data[self.encodekey(key)]
  File "/home/airflow/.local/lib/python3.9/site-packages/airflow/models/taskinstance.py", line 1632, in signal_handler
    raise AirflowException("Task received SIGTERM signal")
airflow.exceptions.AirflowException: Task received SIGTERM signal
[2024-10-20T01:44:32.457+0000] {taskinstance.py:1398} INFO - Marking task as FAILED. dag_id=etl_steam_pipeline, task_id=steam_extraction, execution_date=20241020T013812, start_date=20241020T014417, end_date=20241020T014432
[2024-10-20T01:44:32.472+0000] {standard_task_runner.py:104} ERROR - Failed to execute job 24 for task steam_extraction ((psycopg2.errors.ForeignKeyViolation) insert or update on table "task_fail" violates foreign key constraint "task_fail_ti_fkey"
DETAIL:  Key (dag_id, task_id, run_id, map_index)=(etl_steam_pipeline, steam_extraction, manual__2024-10-20T01:38:12.716326+00:00, -1) is not present in table "task_instance".

[SQL: INSERT INTO task_fail (task_id, dag_id, run_id, map_index, start_date, end_date, duration) VALUES (%(task_id)s, %(dag_id)s, %(run_id)s, %(map_index)s, %(start_date)s, %(end_date)s, %(duration)s) RETURNING task_fail.id]
[parameters: {'task_id': 'steam_extraction', 'dag_id': 'etl_steam_pipeline', 'run_id': 'manual__2024-10-20T01:38:12.716326+00:00', 'map_index': -1, 'start_date': datetime.datetime(2024, 10, 20, 1, 44, 17, 188533, tzinfo=Timezone('UTC')), 'end_date': datetime.datetime(2024, 10, 20, 1, 44, 32, 456630, tzinfo=Timezone('UTC')), 'duration': 15}]
(Background on this error at: https://sqlalche.me/e/14/gkpj); 57)
[2024-10-20T01:44:32.498+0000] {process_utils.py:79} INFO - Process psutil.Process(pid=57, status='terminated', exitcode=1, started='01:44:16') (57) terminated with exit code 1
