[2024-10-20T01:38:15.589+0000] {taskinstance.py:1157} INFO - Dependencies all met for dep_context=non-requeueable deps ti=<TaskInstance: etl_steam_pipeline.steam_extraction manual__2024-10-20T01:38:12.716326+00:00 [queued]>
[2024-10-20T01:38:15.747+0000] {taskinstance.py:1157} INFO - Dependencies all met for dep_context=requeueable deps ti=<TaskInstance: etl_steam_pipeline.steam_extraction manual__2024-10-20T01:38:12.716326+00:00 [queued]>
[2024-10-20T01:38:15.748+0000] {taskinstance.py:1359} INFO - Starting attempt 1 of 2
[2024-10-20T01:38:15.766+0000] {taskinstance.py:1380} INFO - Executing <Task(PythonOperator): steam_extraction> on 2024-10-20 01:38:12.716326+00:00
[2024-10-20T01:38:15.772+0000] {standard_task_runner.py:57} INFO - Started process 54 to run task
[2024-10-20T01:38:15.777+0000] {standard_task_runner.py:84} INFO - Running: ['airflow', 'tasks', 'run', 'etl_steam_pipeline', 'steam_extraction', 'manual__2024-10-20T01:38:12.716326+00:00', '--job-id', '23', '--raw', '--subdir', 'DAGS_FOLDER/steam_dag.py', '--cfg-path', '/tmp/tmpe8ww620l']
[2024-10-20T01:38:15.780+0000] {standard_task_runner.py:85} INFO - Job 23: Subtask steam_extraction
[2024-10-20T01:38:15.835+0000] {task_command.py:415} INFO - Running <TaskInstance: etl_steam_pipeline.steam_extraction manual__2024-10-20T01:38:12.716326+00:00 [running]> on host 8c4ad75bac1b
[2024-10-20T01:38:15.916+0000] {taskinstance.py:1660} INFO - Exporting env vars: AIRFLOW_CTX_DAG_OWNER='Jordan Welborn' AIRFLOW_CTX_DAG_ID='etl_steam_pipeline' AIRFLOW_CTX_TASK_ID='steam_extraction' AIRFLOW_CTX_EXECUTION_DATE='2024-10-20T01:38:12.716326+00:00' AIRFLOW_CTX_TRY_NUMBER='1' AIRFLOW_CTX_DAG_RUN_ID='manual__2024-10-20T01:38:12.716326+00:00'
[2024-10-20T01:38:15.919+0000] {logging_mixin.py:151} INFO - Fetching details for app ID: 2129810...
[2024-10-20T01:38:16.231+0000] {logging_mixin.py:151} INFO - Collected data for Reignbreaker.
[2024-10-20T01:38:16.235+0000] {logging_mixin.py:151} INFO - Fetching details for app ID: 2335800...
[2024-10-20T01:38:16.523+0000] {logging_mixin.py:151} INFO - Collected data for Temporal Shore.
[2024-10-20T01:38:16.527+0000] {logging_mixin.py:151} INFO - Fetching details for app ID: 986010...
[2024-10-20T01:38:16.811+0000] {logging_mixin.py:151} INFO - Collected data for FIT IN.
[2024-10-20T01:38:16.815+0000] {logging_mixin.py:151} INFO - Fetching details for app ID: 2097170...
[2024-10-20T01:38:17.106+0000] {logging_mixin.py:151} INFO - Collected data for Iosis.
[2024-10-20T01:38:17.109+0000] {logging_mixin.py:151} INFO - Fetching details for app ID: 3155230...
[2024-10-20T01:38:17.391+0000] {logging_mixin.py:151} INFO - Collected data for Card-en-Ciel Demo.
[2024-10-20T01:38:17.395+0000] {logging_mixin.py:151} INFO - Fetching details for app ID: 3213430...
[2024-10-20T01:38:17.662+0000] {logging_mixin.py:151} INFO - Collected data for House of Souls.
[2024-10-20T01:38:17.666+0000] {logging_mixin.py:151} INFO - Fetching details for app ID: 3282810...
[2024-10-20T01:38:17.949+0000] {logging_mixin.py:151} INFO - Collected data for Underworld Overseer Demo.
[2024-10-20T01:38:17.953+0000] {logging_mixin.py:151} INFO - Fetching details for app ID: 585420...
[2024-10-20T01:38:18.260+0000] {logging_mixin.py:151} INFO - Collected data for Trailmakers.
[2024-10-20T01:38:18.264+0000] {logging_mixin.py:151} INFO - Fetching details for app ID: 1948280...
[2024-10-20T01:38:18.533+0000] {logging_mixin.py:151} INFO - Collected data for Stacklands.
[2024-10-20T01:38:18.537+0000] {logging_mixin.py:151} INFO - Fetching details for app ID: 3231920...
[2024-10-20T01:38:18.825+0000] {logging_mixin.py:151} INFO - Collected data for Project SJHG.
[2024-10-20T01:38:18.829+0000] {logging_mixin.py:151} INFO - Fetching details for app ID: 1116170...
[2024-10-20T01:38:19.113+0000] {logging_mixin.py:151} INFO - Collected data for CyberCorp.
[2024-10-20T01:38:19.116+0000] {logging_mixin.py:151} INFO - Fetching details for app ID: 3045050...
[2024-10-20T01:38:19.391+0000] {logging_mixin.py:151} INFO - Collected data for Moorhuhn Jump and Run 'Traps and Treasures 3'.
[2024-10-20T01:38:19.395+0000] {logging_mixin.py:151} INFO - Fetching details for app ID: 2255370...
[2024-10-20T01:38:19.732+0000] {logging_mixin.py:151} INFO - Collected data for Directive 8020.
[2024-10-20T01:38:19.735+0000] {logging_mixin.py:151} INFO - Fetching details for app ID: 941460...
[2024-10-20T01:38:20.025+0000] {logging_mixin.py:151} INFO - Collected data for Death Trash.
[2024-10-20T01:38:20.029+0000] {logging_mixin.py:151} INFO - Fetching details for app ID: 1520470...
[2024-10-20T01:38:20.317+0000] {logging_mixin.py:151} INFO - Collected data for Soul Dossier.
[2024-10-20T01:38:20.321+0000] {logging_mixin.py:151} INFO - Fetching details for app ID: 553780...
[2024-10-20T01:38:20.598+0000] {logging_mixin.py:151} INFO - Collected data for ARK BOX Unlimited.
[2024-10-20T01:38:20.601+0000] {logging_mixin.py:151} INFO - Fetching details for app ID: 308600...
[2024-10-20T01:38:20.880+0000] {logging_mixin.py:151} INFO - Collected data for Gene Shift Auto.
[2024-10-20T01:38:20.884+0000] {logging_mixin.py:151} INFO - Fetching details for app ID: 1459630...
[2024-10-20T01:38:21.150+0000] {logging_mixin.py:151} INFO - Collected data for Dustland.
[2024-10-20T01:38:21.154+0000] {logging_mixin.py:151} INFO - Fetching details for app ID: 2319940...
[2024-10-20T01:38:21.422+0000] {logging_mixin.py:151} INFO - Collected data for GREAT TOY SHOWDOWN.
[2024-10-20T01:38:21.426+0000] {logging_mixin.py:151} INFO - Fetching details for app ID: 2139460...
[2024-10-20T01:38:21.699+0000] {logging_mixin.py:151} INFO - Collected data for Once Human.
[2024-10-20T01:38:21.702+0000] {logging_mixin.py:151} INFO - Fetching details for app ID: 2334700...
[2024-10-20T01:38:22.099+0000] {logging_mixin.py:151} INFO - Collected data for VIDEOVERSE Demo.
[2024-10-20T01:38:22.104+0000] {logging_mixin.py:151} INFO - Fetching details for app ID: 2399420...
[2024-10-20T01:38:22.403+0000] {logging_mixin.py:151} INFO - Collected data for Le Mans Ultimate.
[2024-10-20T01:38:22.408+0000] {logging_mixin.py:151} INFO - Fetching details for app ID: 2999030...
[2024-10-20T01:38:22.701+0000] {logging_mixin.py:151} INFO - Collected data for Exploding Kittens® 2.
[2024-10-20T01:38:22.705+0000] {logging_mixin.py:151} INFO - Fetching details for app ID: 258550...
[2024-10-20T01:38:22.968+0000] {logging_mixin.py:151} INFO - Failed to get details for app ID: 258550
[2024-10-20T01:38:22.970+0000] {logging_mixin.py:151} INFO - Fetching details for app ID: 1851350...
[2024-10-20T01:38:23.256+0000] {logging_mixin.py:151} INFO - Collected data for Stampede: Racing Royale.
[2024-10-20T01:38:23.259+0000] {logging_mixin.py:151} INFO - Fetching details for app ID: 3018090...
[2024-10-20T01:38:23.539+0000] {logging_mixin.py:151} INFO - Collected data for Zenith Heroes.
[2024-10-20T01:38:23.543+0000] {logging_mixin.py:151} INFO - Fetching details for app ID: 3271040...
[2024-10-20T01:38:23.796+0000] {logging_mixin.py:151} INFO - Collected data for Fission Playtest.
[2024-10-20T01:38:23.800+0000] {logging_mixin.py:151} INFO - Fetching details for app ID: 2266650...
[2024-10-20T01:38:24.070+0000] {logging_mixin.py:151} INFO - Collected data for SCP - Containment Breach Playtest.
[2024-10-20T01:38:24.074+0000] {logging_mixin.py:151} INFO - Fetching details for app ID: 3198990...
[2024-10-20T01:38:24.399+0000] {logging_mixin.py:151} INFO - Collected data for 诡事其一珍珠剧院.
[2024-10-20T01:38:24.402+0000] {logging_mixin.py:151} INFO - Fetching details for app ID: 2082570...
[2024-10-20T01:38:24.671+0000] {logging_mixin.py:151} INFO - Collected data for SCP - Containment Breach.
[2024-10-20T01:38:24.675+0000] {logging_mixin.py:151} INFO - Fetching details for app ID: 1892930...
[2024-10-20T01:38:24.929+0000] {logging_mixin.py:151} INFO - Failed to get details for app ID: 1892930
[2024-10-20T01:38:24.931+0000] {logging_mixin.py:151} INFO - Fetching details for app ID: 3277500...
[2024-10-20T01:38:25.224+0000] {logging_mixin.py:151} INFO - Collected data for Desktop Blocks.
[2024-10-20T01:38:25.228+0000] {logging_mixin.py:151} INFO - Fetching details for app ID: 3061690...
[2024-10-20T01:38:25.539+0000] {logging_mixin.py:151} INFO - Collected data for Bee Hero: Bug Blaster.
[2024-10-20T01:38:25.543+0000] {logging_mixin.py:151} INFO - Fetching details for app ID: 322330...
[2024-10-20T01:38:25.892+0000] {logging_mixin.py:151} INFO - Collected data for Don't Starve Together.
[2024-10-20T01:38:25.895+0000] {logging_mixin.py:151} INFO - Fetching details for app ID: 3199170...
[2024-10-20T01:38:26.174+0000] {logging_mixin.py:151} INFO - Failed to get details for app ID: 3199170
[2024-10-20T01:38:26.177+0000] {logging_mixin.py:151} INFO - Fetching details for app ID: 1273100...
[2024-10-20T01:38:26.458+0000] {logging_mixin.py:151} INFO - Collected data for Builders of Greece.
[2024-10-20T01:38:26.461+0000] {logging_mixin.py:151} INFO - Fetching details for app ID: 3190970...
[2024-10-20T01:38:26.754+0000] {logging_mixin.py:151} INFO - Collected data for Mayhemers Demo.
[2024-10-20T01:38:26.758+0000] {logging_mixin.py:151} INFO - Fetching details for app ID: 1771300...
[2024-10-20T01:38:27.033+0000] {logging_mixin.py:151} INFO - Collected data for Kingdom Come: Deliverance II.
[2024-10-20T01:38:27.037+0000] {logging_mixin.py:151} INFO - Fetching details for app ID: 2902720...
[2024-10-20T01:38:27.326+0000] {logging_mixin.py:151} INFO - Collected data for SPAM.
[2024-10-20T01:38:27.330+0000] {logging_mixin.py:151} INFO - Fetching details for app ID: 1138640...
[2024-10-20T01:38:27.615+0000] {logging_mixin.py:151} INFO - Collected data for Hometopia.
[2024-10-20T01:38:27.619+0000] {logging_mixin.py:151} INFO - Fetching details for app ID: 2400840...
[2024-10-20T01:38:27.900+0000] {logging_mixin.py:151} INFO - Collected data for Phantom Line.
[2024-10-20T01:38:27.904+0000] {logging_mixin.py:151} INFO - Fetching details for app ID: 1208170...
[2024-10-20T01:38:28.166+0000] {logging_mixin.py:151} INFO - Collected data for Samurai Simulator.
[2024-10-20T01:38:28.170+0000] {logging_mixin.py:151} INFO - Fetching details for app ID: 2990080...
[2024-10-20T01:38:28.440+0000] {logging_mixin.py:151} INFO - Collected data for The Lost Gallery.
[2024-10-20T01:38:28.444+0000] {logging_mixin.py:151} INFO - Fetching details for app ID: 2980550...
[2024-10-20T01:38:28.733+0000] {logging_mixin.py:151} INFO - Collected data for EchoesⅡ.
[2024-10-20T01:38:28.737+0000] {logging_mixin.py:151} INFO - Fetching details for app ID: 2000890...
[2024-10-20T01:38:29.001+0000] {logging_mixin.py:151} INFO - Collected data for MechWarrior 5: Clans.
[2024-10-20T01:38:29.005+0000] {logging_mixin.py:151} INFO - Fetching details for app ID: 2587840...
[2024-10-20T01:38:29.294+0000] {logging_mixin.py:151} INFO - Collected data for Pancake Patrol.
[2024-10-20T01:38:29.298+0000] {logging_mixin.py:151} INFO - Fetching details for app ID: 2052040...
[2024-10-20T01:38:29.595+0000] {logging_mixin.py:151} INFO - Collected data for Golden Lap.
[2024-10-20T01:38:29.599+0000] {logging_mixin.py:151} INFO - Fetching details for app ID: 3270630...
[2024-10-20T01:38:29.857+0000] {logging_mixin.py:151} INFO - Collected data for Grimstone Survivors Demo.
[2024-10-20T01:38:29.861+0000] {logging_mixin.py:151} INFO - Fetching details for app ID: 3180930...
[2024-10-20T01:38:30.320+0000] {logging_mixin.py:151} INFO - Collected data for Komadori Inn Demo.
[2024-10-20T01:38:30.323+0000] {logging_mixin.py:151} INFO - Fetching details for app ID: 949230...
[2024-10-20T01:38:30.642+0000] {logging_mixin.py:151} INFO - Collected data for Cities: Skylines II.
[2024-10-20T01:38:30.646+0000] {logging_mixin.py:151} INFO - Fetching details for app ID: 1128860...
[2024-10-20T01:38:30.985+0000] {logging_mixin.py:151} INFO - Collected data for Men of War II.
[2024-10-20T01:38:30.989+0000] {logging_mixin.py:151} INFO - Fetching details for app ID: 1428090...
[2024-10-20T01:38:31.306+0000] {logging_mixin.py:151} INFO - Collected data for KreatureKind.
[2024-10-20T01:38:31.309+0000] {logging_mixin.py:151} INFO - Fetching details for app ID: 108600...
[2024-10-20T01:38:31.624+0000] {logging_mixin.py:151} INFO - Collected data for Project Zomboid.
[2024-10-20T01:38:31.628+0000] {logging_mixin.py:151} INFO - Fetching details for app ID: 1999520...
[2024-10-20T01:38:31.912+0000] {logging_mixin.py:151} INFO - Collected data for CATO: Buttered Cat.
[2024-10-20T01:38:31.915+0000] {logging_mixin.py:151} INFO - Fetching details for app ID: 3186690...
[2024-10-20T01:38:32.189+0000] {logging_mixin.py:151} INFO - Collected data for Konfronto Demo.
[2024-10-20T01:38:32.193+0000] {logging_mixin.py:151} INFO - Fetching details for app ID: 1121560...
[2024-10-20T01:38:32.528+0000] {logging_mixin.py:151} INFO - Collected data for Atelier Ryza: Ever Darkness & the Secret Hideout.
[2024-10-20T01:38:32.532+0000] {logging_mixin.py:151} INFO - Fetching details for app ID: 1127660...
[2024-10-20T01:38:32.802+0000] {logging_mixin.py:151} INFO - Collected data for Mask Quest.
[2024-10-20T01:38:32.806+0000] {logging_mixin.py:151} INFO - Fetching details for app ID: 1185810...
[2024-10-20T01:38:33.082+0000] {logging_mixin.py:151} INFO - Collected data for Cyborg Mechanic.
[2024-10-20T01:38:33.086+0000] {logging_mixin.py:151} INFO - Fetching details for app ID: 1325730...
[2024-10-20T01:38:33.416+0000] {logging_mixin.py:151} INFO - Collected data for Keysight.
[2024-10-20T01:38:33.420+0000] {logging_mixin.py:151} INFO - Fetching details for app ID: 1503170...
[2024-10-20T01:38:33.683+0000] {logging_mixin.py:151} INFO - Collected data for Liegecraft.
[2024-10-20T01:38:33.687+0000] {logging_mixin.py:151} INFO - Fetching details for app ID: 1645220...
[2024-10-20T01:38:33.968+0000] {logging_mixin.py:151} INFO - Collected data for NEEDY STREAMER OVERLOAD Soundtrack.
[2024-10-20T01:38:33.972+0000] {logging_mixin.py:151} INFO - Fetching details for app ID: 1790600...
[2024-10-20T01:38:34.258+0000] {logging_mixin.py:151} INFO - Collected data for DRAGON BALL: Sparking! ZERO.
[2024-10-20T01:38:34.262+0000] {logging_mixin.py:151} INFO - Fetching details for app ID: 1800860...
[2024-10-20T01:38:34.563+0000] {logging_mixin.py:151} INFO - Collected data for The Lewd of the Cock Rings: The Return of Doug Fooker.
[2024-10-20T01:38:34.567+0000] {logging_mixin.py:151} INFO - Fetching details for app ID: 1803450...
[2024-10-20T01:38:34.842+0000] {logging_mixin.py:151} INFO - Collected data for Zombie Fooker: Starring Doug Fooker.
[2024-10-20T01:38:34.846+0000] {logging_mixin.py:151} INFO - Fetching details for app ID: 1818450...
[2024-10-20T01:38:35.081+0000] {logging_mixin.py:151} INFO - Collected data for STALCRAFT: X.
[2024-10-20T01:38:35.085+0000] {logging_mixin.py:151} INFO - Fetching details for app ID: 1962700...
[2024-10-20T01:38:35.352+0000] {logging_mixin.py:151} INFO - Collected data for Subnautica 2.
[2024-10-20T01:38:35.355+0000] {logging_mixin.py:151} INFO - Fetching details for app ID: 1969650...
[2024-10-20T01:38:35.631+0000] {logging_mixin.py:151} INFO - Collected data for Formula TOP.
[2024-10-20T01:38:35.635+0000] {logging_mixin.py:151} INFO - Fetching details for app ID: 1997470...
[2024-10-20T01:38:35.954+0000] {logging_mixin.py:151} INFO - Collected data for Parasitic Evil.
[2024-10-20T01:38:35.958+0000] {logging_mixin.py:151} INFO - Fetching details for app ID: 2088250...
[2024-10-20T01:38:36.236+0000] {logging_mixin.py:151} INFO - Collected data for 瘟疫清零计划 Project Zero.
[2024-10-20T01:38:36.239+0000] {logging_mixin.py:151} INFO - Fetching details for app ID: 2103140...
[2024-10-20T01:38:36.555+0000] {logging_mixin.py:151} INFO - Collected data for Magicraft.
[2024-10-20T01:38:36.559+0000] {logging_mixin.py:151} INFO - Fetching details for app ID: 2287960...
[2024-10-20T01:38:36.865+0000] {logging_mixin.py:151} INFO - Collected data for Stigmata of Sacrilege.
[2024-10-20T01:38:36.869+0000] {logging_mixin.py:151} INFO - Fetching details for app ID: 2407270...
[2024-10-20T01:38:37.133+0000] {logging_mixin.py:151} INFO - Collected data for AI LIMIT.
[2024-10-20T01:38:37.137+0000] {logging_mixin.py:151} INFO - Fetching details for app ID: 2420660...
[2024-10-20T01:38:37.384+0000] {logging_mixin.py:151} INFO - Collected data for Neva.
[2024-10-20T01:38:37.427+0000] {logging_mixin.py:151} INFO - Fetching details for app ID: 2421350...
[2024-10-20T01:38:37.722+0000] {logging_mixin.py:151} INFO - Collected data for 雙修武林.
[2024-10-20T01:38:37.725+0000] {logging_mixin.py:151} INFO - Fetching details for app ID: 2543180...
[2024-10-20T01:38:38.012+0000] {logging_mixin.py:151} INFO - Collected data for POPUCOM.
[2024-10-20T01:38:38.016+0000] {logging_mixin.py:151} INFO - Fetching details for app ID: 2585830...
[2024-10-20T01:38:38.306+0000] {logging_mixin.py:151} INFO - Collected data for Promise Mascot Agency.
[2024-10-20T01:38:38.310+0000] {logging_mixin.py:151} INFO - Fetching details for app ID: 2622000...
[2024-10-20T01:38:38.588+0000] {logging_mixin.py:151} INFO - Collected data for Astral Party .
[2024-10-20T01:38:38.592+0000] {logging_mixin.py:151} INFO - Fetching details for app ID: 2708950...
[2024-10-20T01:38:38.863+0000] {logging_mixin.py:151} INFO - Collected data for Corruption Town.
[2024-10-20T01:38:38.869+0000] {logging_mixin.py:151} INFO - Fetching details for app ID: 3103040...
[2024-10-20T01:38:39.133+0000] {logging_mixin.py:151} INFO - Collected data for Sub Optimal Co..
[2024-10-20T01:38:39.138+0000] {logging_mixin.py:151} INFO - Fetching details for app ID: 3123410...
[2024-10-20T01:38:39.446+0000] {logging_mixin.py:151} INFO - Collected data for Atelier Yumia: The Alchemist of Memories & the Envisioned Land.
[2024-10-20T01:38:39.457+0000] {logging_mixin.py:151} INFO - Fetching details for app ID: 3180170...
[2024-10-20T01:38:39.760+0000] {logging_mixin.py:151} INFO - Collected data for Sea Struggles.
[2024-10-20T01:38:39.764+0000] {logging_mixin.py:151} INFO - Fetching details for app ID: 3226570...
[2024-10-20T01:38:40.077+0000] {logging_mixin.py:151} INFO - Collected data for Amazoom Blimp Jockey '69.
[2024-10-20T01:38:40.081+0000] {logging_mixin.py:151} INFO - Fetching details for app ID: 3235910...
[2024-10-20T01:38:40.410+0000] {logging_mixin.py:151} INFO - Collected data for Halloween 1985.
[2024-10-20T01:38:40.414+0000] {logging_mixin.py:151} INFO - Fetching details for app ID: 3256070...
[2024-10-20T01:38:40.706+0000] {logging_mixin.py:151} INFO - Collected data for Hat Helpers.
[2024-10-20T01:38:40.743+0000] {logging_mixin.py:151} INFO - Fetching details for app ID: 3271530...
[2024-10-20T01:38:41.064+0000] {logging_mixin.py:151} INFO - Collected data for Pop the Corn: Kernel Clicker.
[2024-10-20T01:38:41.070+0000] {logging_mixin.py:151} INFO - Fetching details for app ID: 1049320...
[2024-10-20T01:38:41.517+0000] {logging_mixin.py:151} INFO - Collected data for River City Girls.
[2024-10-20T01:38:41.521+0000] {logging_mixin.py:151} INFO - Fetching details for app ID: 499180...
[2024-10-20T01:38:41.933+0000] {logging_mixin.py:151} INFO - Collected data for Braid, Anniversary Edition.
[2024-10-20T01:38:41.937+0000] {logging_mixin.py:151} INFO - Fetching details for app ID: 581320...
[2024-10-20T01:38:42.261+0000] {logging_mixin.py:151} INFO - Collected data for Insurgency: Sandstorm.
[2024-10-20T01:38:42.265+0000] {logging_mixin.py:151} INFO - Fetching details for app ID: 787480...
[2024-10-20T01:38:42.545+0000] {logging_mixin.py:151} INFO - Collected data for Phoenix Wright: Ace Attorney Trilogy.
[2024-10-20T01:38:42.549+0000] {logging_mixin.py:151} INFO - Fetching details for app ID: 991270...
[2024-10-20T01:38:43.052+0000] {logging_mixin.py:151} INFO - Collected data for The Legend of Heroes: Trails of Cold Steel III.
[2024-10-20T01:38:43.056+0000] {logging_mixin.py:151} INFO - Fetching details for app ID: 1254320...
[2024-10-20T01:38:43.343+0000] {logging_mixin.py:151} INFO - Collected data for Surviving the Abyss.
[2024-10-20T01:38:43.346+0000] {logging_mixin.py:151} INFO - Fetching details for app ID: 2654540...
[2024-10-20T01:38:43.684+0000] {logging_mixin.py:151} INFO - Collected data for 无休仙途.
[2024-10-20T01:38:43.688+0000] {logging_mixin.py:151} INFO - Fetching details for app ID: 3027940...
[2024-10-20T01:38:43.958+0000] {logging_mixin.py:151} INFO - Collected data for Karate Survivor Demo.
[2024-10-20T01:38:43.962+0000] {logging_mixin.py:151} INFO - Fetching details for app ID: 3037030...
[2024-10-20T01:38:44.295+0000] {logging_mixin.py:151} INFO - Collected data for Hunt: Showdown 1896 - Bones and Bounties.
[2024-10-20T01:38:44.299+0000] {logging_mixin.py:151} INFO - Fetching details for app ID: 3054770...
[2024-10-20T01:38:44.591+0000] {logging_mixin.py:151} INFO - Collected data for EA SPORTS™ WRC 24 Locations & Cars Content Pack.
[2024-10-20T01:38:44.595+0000] {logging_mixin.py:151} INFO - Fetching details for app ID: 3059840...
[2024-10-20T01:38:44.959+0000] {logging_mixin.py:151} INFO - Collected data for Car Clicker.
[2024-10-20T01:38:44.963+0000] {logging_mixin.py:151} INFO - Fetching details for app ID: 3060080...
[2024-10-20T01:38:45.270+0000] {logging_mixin.py:151} INFO - Collected data for Peach.
[2024-10-20T01:38:45.274+0000] {logging_mixin.py:151} INFO - Fetching details for app ID: 3101770...
[2024-10-20T01:38:45.579+0000] {logging_mixin.py:151} INFO - Collected data for Wander Hero.
[2024-10-20T01:38:45.584+0000] {logging_mixin.py:151} INFO - Fetching details for app ID: 3137120...
[2024-10-20T01:38:45.917+0000] {logging_mixin.py:151} INFO - Collected data for DISORDER: Demo.
[2024-10-20T01:38:45.921+0000] {logging_mixin.py:151} INFO - Fetching details for app ID: 3138330...
[2024-10-20T01:38:46.193+0000] {logging_mixin.py:151} INFO - Collected data for THRONE AND LIBERTY - Celebration Pack: Silver.
[2024-10-20T01:38:46.196+0000] {logging_mixin.py:151} INFO - Fetching details for app ID: 3142540...
[2024-10-20T01:38:46.474+0000] {logging_mixin.py:151} INFO - Collected data for The Planet Crafter - Planet Humble.
[2024-10-20T01:38:46.477+0000] {logging_mixin.py:151} INFO - Fetching details for app ID: 3163250...
[2024-10-20T01:38:46.818+0000] {logging_mixin.py:151} INFO - Collected data for 44 Hidden Naomis Demo.
[2024-10-20T01:38:46.822+0000] {logging_mixin.py:151} INFO - Fetching details for app ID: 3169100...
[2024-10-20T01:38:47.100+0000] {logging_mixin.py:151} INFO - Collected data for TRIBE NINE Deadly Demo.
[2024-10-20T01:38:47.103+0000] {logging_mixin.py:151} INFO - Fetching details for app ID: 3170420...
[2024-10-20T01:38:47.389+0000] {logging_mixin.py:151} INFO - Collected data for MechWarrior 5: Clans - Digital Collectors Content.
[2024-10-20T01:38:47.395+0000] {logging_mixin.py:151} INFO - Fetching details for app ID: 3170430...
[2024-10-20T01:38:47.666+0000] {logging_mixin.py:151} INFO - Collected data for MechWarrior 5: Clans - Invasion Mech Patterns.
[2024-10-20T01:38:47.670+0000] {logging_mixin.py:151} INFO - Fetching details for app ID: 3206520...
[2024-10-20T01:38:47.949+0000] {logging_mixin.py:151} INFO - Collected data for WindStop Strategy Demo.
[2024-10-20T01:38:47.953+0000] {logging_mixin.py:151} INFO - Fetching details for app ID: 3027620...
[2024-10-20T01:38:48.220+0000] {logging_mixin.py:151} INFO - Collected data for Kakenuke★Forward to Our Sparking Youth!.
[2024-10-20T01:38:48.224+0000] {logging_mixin.py:151} INFO - Fetching details for app ID: 2633080...
[2024-10-20T01:38:48.515+0000] {logging_mixin.py:151} INFO - Collected data for Struggle F.O.
[2024-10-20T01:38:48.520+0000] {logging_mixin.py:151} INFO - Fetching details for app ID: 1816140...
[2024-10-20T01:38:48.823+0000] {logging_mixin.py:151} INFO - Collected data for Sinners Landing.
[2024-10-20T01:38:48.826+0000] {logging_mixin.py:151} INFO - Fetching details for app ID: 3141870...
[2024-10-20T01:38:49.088+0000] {logging_mixin.py:151} INFO - Collected data for Twilight Ferry.
[2024-10-20T01:38:49.092+0000] {logging_mixin.py:151} INFO - Fetching details for app ID: 1108740...
[2024-10-20T01:38:49.369+0000] {logging_mixin.py:151} INFO - Collected data for Stick Em Up.
[2024-10-20T01:38:49.373+0000] {logging_mixin.py:151} INFO - Fetching details for app ID: 1135960...
[2024-10-20T01:38:49.650+0000] {logging_mixin.py:151} INFO - Collected data for Space Engineers - Economy Deluxe.
[2024-10-20T01:38:49.655+0000] {logging_mixin.py:151} INFO - Fetching details for app ID: 1339340...
[2024-10-20T01:38:49.989+0000] {logging_mixin.py:151} INFO - Collected data for The Unbeatable Path.
[2024-10-20T01:38:49.993+0000] {logging_mixin.py:151} INFO - Fetching details for app ID: 3108720...
[2024-10-20T01:38:50.280+0000] {logging_mixin.py:151} INFO - Collected data for Silent:Abandoned.
[2024-10-20T01:38:50.284+0000] {logging_mixin.py:151} INFO - Fetching details for app ID: 3261060...
[2024-10-20T01:38:50.585+0000] {logging_mixin.py:151} INFO - Collected data for Twisted Logic: Abbotsfield.
[2024-10-20T01:38:50.588+0000] {logging_mixin.py:151} INFO - Fetching details for app ID: 792200...
[2024-10-20T01:38:50.859+0000] {logging_mixin.py:151} INFO - Collected data for Dynast.io.
[2024-10-20T01:38:50.863+0000] {logging_mixin.py:151} INFO - Fetching details for app ID: 809090...
[2024-10-20T01:38:51.181+0000] {logging_mixin.py:151} INFO - Collected data for EvilVEvil.
[2024-10-20T01:38:51.185+0000] {logging_mixin.py:151} INFO - Fetching details for app ID: 874450...
[2024-10-20T01:38:51.467+0000] {logging_mixin.py:151} INFO - Collected data for Lunacy: Saint Rhodes.
[2024-10-20T01:38:51.471+0000] {logging_mixin.py:151} INFO - Fetching details for app ID: 972200...
[2024-10-20T01:38:51.759+0000] {logging_mixin.py:151} INFO - Collected data for 祛魅·入灭（祛魅2）.
[2024-10-20T01:38:51.763+0000] {logging_mixin.py:151} INFO - Fetching details for app ID: 3288690...
[2024-10-20T01:38:52.053+0000] {logging_mixin.py:151} INFO - Collected data for Love is in the Airship Demo.
[2024-10-20T01:38:52.057+0000] {logging_mixin.py:151} INFO - Fetching details for app ID: 2307350...
[2024-10-20T01:38:52.332+0000] {logging_mixin.py:151} INFO - Collected data for Into the Radius 2.
[2024-10-20T01:38:52.336+0000] {logging_mixin.py:151} INFO - Fetching details for app ID: 3192760...
[2024-10-20T01:38:52.627+0000] {logging_mixin.py:151} INFO - Collected data for vHand.
[2024-10-20T01:38:52.630+0000] {logging_mixin.py:151} INFO - Fetching details for app ID: 451340...
[2024-10-20T01:38:52.916+0000] {logging_mixin.py:151} INFO - Collected data for Gold Mining Simulator.
[2024-10-20T01:38:52.920+0000] {logging_mixin.py:151} INFO - Fetching details for app ID: 3187730...
[2024-10-20T01:38:53.218+0000] {logging_mixin.py:151} INFO - Collected data for Clicker Clicker Clicker.
[2024-10-20T01:38:53.222+0000] {logging_mixin.py:151} INFO - Fetching details for app ID: 3088430...
[2024-10-20T01:38:53.590+0000] {logging_mixin.py:151} INFO - Collected data for Stratogun.
[2024-10-20T01:38:53.594+0000] {logging_mixin.py:151} INFO - Fetching details for app ID: 218230...
[2024-10-20T01:38:53.954+0000] {logging_mixin.py:151} INFO - Collected data for PlanetSide 2.
[2024-10-20T01:38:53.958+0000] {logging_mixin.py:151} INFO - Fetching details for app ID: 294770...
[2024-10-20T01:38:54.238+0000] {logging_mixin.py:151} INFO - Collected data for Haegemonia: Legions of Iron.
[2024-10-20T01:38:54.242+0000] {logging_mixin.py:151} INFO - Fetching details for app ID: 39660...
[2024-10-20T01:38:54.531+0000] {logging_mixin.py:151} INFO - Collected data for The Guild II - Pirates of the European Seas.
[2024-10-20T01:38:54.535+0000] {logging_mixin.py:151} INFO - Fetching details for app ID: 774941...
[2024-10-20T01:38:54.917+0000] {logging_mixin.py:151} INFO - Failed to get details for app ID: 774941
[2024-10-20T01:38:54.919+0000] {logging_mixin.py:151} INFO - Fetching details for app ID: 589290...
[2024-10-20T01:38:55.206+0000] {logging_mixin.py:151} INFO - Collected data for Holdfast: Nations At War.
[2024-10-20T01:38:55.209+0000] {logging_mixin.py:151} INFO - Fetching details for app ID: 2543510...
[2024-10-20T01:38:55.489+0000] {logging_mixin.py:151} INFO - Collected data for GUNTOUCHABLES.
[2024-10-20T01:38:55.492+0000] {logging_mixin.py:151} INFO - Fetching details for app ID: 3263740...
[2024-10-20T01:38:55.807+0000] {logging_mixin.py:151} INFO - Collected data for Avoidy Virus Demo.
[2024-10-20T01:38:55.811+0000] {logging_mixin.py:151} INFO - Fetching details for app ID: 1116390...
[2024-10-20T01:38:56.090+0000] {logging_mixin.py:151} INFO - Collected data for Negative Atmosphere.
[2024-10-20T01:38:56.094+0000] {logging_mixin.py:151} INFO - Fetching details for app ID: 1200770...
[2024-10-20T01:38:56.370+0000] {logging_mixin.py:151} INFO - Collected data for Deathground.
[2024-10-20T01:38:56.374+0000] {logging_mixin.py:151} INFO - Fetching details for app ID: 1326030...
[2024-10-20T01:38:56.654+0000] {logging_mixin.py:151} INFO - Failed to get details for app ID: 1326030
[2024-10-20T01:38:56.657+0000] {logging_mixin.py:151} INFO - Fetching details for app ID: 1603640...
[2024-10-20T01:38:57.009+0000] {logging_mixin.py:151} INFO - Collected data for The House of Da Vinci 3.
[2024-10-20T01:38:57.013+0000] {logging_mixin.py:151} INFO - Fetching details for app ID: 2051010...
[2024-10-20T01:38:57.327+0000] {logging_mixin.py:151} INFO - Failed to get details for app ID: 2051010
[2024-10-20T01:38:57.329+0000] {logging_mixin.py:151} INFO - Fetching details for app ID: 2108330...
[2024-10-20T01:38:57.645+0000] {logging_mixin.py:151} INFO - Collected data for F1® 23.
[2024-10-20T01:38:57.649+0000] {logging_mixin.py:151} INFO - Fetching details for app ID: 2116120...
[2024-10-20T01:38:57.997+0000] {logging_mixin.py:151} INFO - Collected data for Incursion Red River.
[2024-10-20T01:38:58.001+0000] {logging_mixin.py:151} INFO - Fetching details for app ID: 2184350...
[2024-10-20T01:38:58.300+0000] {logging_mixin.py:151} INFO - Collected data for Guild Saga: Vanished Worlds.
[2024-10-20T01:38:58.304+0000] {logging_mixin.py:151} INFO - Fetching details for app ID: 2305760...
[2024-10-20T01:38:58.579+0000] {logging_mixin.py:151} INFO - Collected data for 人間牧場 Residence.
[2024-10-20T01:38:58.583+0000] {logging_mixin.py:151} INFO - Fetching details for app ID: 2395260...
[2024-10-20T01:38:58.848+0000] {logging_mixin.py:151} INFO - Collected data for Midnight Shift.
[2024-10-20T01:38:58.852+0000] {logging_mixin.py:151} INFO - Fetching details for app ID: 2500160...
[2024-10-20T01:38:59.135+0000] {logging_mixin.py:151} INFO - Collected data for Blasphemous 2 - Digital Artbook.
[2024-10-20T01:38:59.139+0000] {logging_mixin.py:151} INFO - Fetching details for app ID: 2529080...
[2024-10-20T01:38:59.423+0000] {logging_mixin.py:151} INFO - Collected data for Stellar Initiative.
[2024-10-20T01:38:59.427+0000] {logging_mixin.py:151} INFO - Fetching details for app ID: 2570210...
[2024-10-20T01:38:59.694+0000] {logging_mixin.py:151} INFO - Collected data for Eden Crafters.
[2024-10-20T01:38:59.698+0000] {logging_mixin.py:151} INFO - Fetching details for app ID: 2576020...
[2024-10-20T01:39:00.007+0000] {logging_mixin.py:151} INFO - Collected data for Movavi Video Suite 2024 Steam Edition.
[2024-10-20T01:39:00.011+0000] {logging_mixin.py:151} INFO - Fetching details for app ID: 2582560...
[2024-10-20T01:39:00.298+0000] {logging_mixin.py:151} INFO - Collected data for EA SPORTS™ Madden NFL 25.
[2024-10-20T01:39:00.302+0000] {logging_mixin.py:151} INFO - Fetching details for app ID: 2716120...
[2024-10-20T01:39:00.570+0000] {logging_mixin.py:151} INFO - Collected data for Kaetram.
[2024-10-20T01:39:00.574+0000] {logging_mixin.py:151} INFO - Fetching details for app ID: 2716820...
[2024-10-20T01:39:00.905+0000] {logging_mixin.py:151} INFO - Collected data for The Cursed Tower of Lust.
[2024-10-20T01:39:00.909+0000] {logging_mixin.py:151} INFO - Fetching details for app ID: 2719030...
[2024-10-20T01:39:01.190+0000] {logging_mixin.py:151} INFO - Collected data for Meme Mayhem.
[2024-10-20T01:39:01.194+0000] {logging_mixin.py:151} INFO - Fetching details for app ID: 2803360...
[2024-10-20T01:39:01.503+0000] {logging_mixin.py:151} INFO - Collected data for Project L33T.
[2024-10-20T01:39:01.507+0000] {logging_mixin.py:151} INFO - Fetching details for app ID: 3207390...
[2024-10-20T01:39:01.827+0000] {logging_mixin.py:151} INFO - Collected data for Sneebles The Half Cat.
[2024-10-20T01:39:01.831+0000] {logging_mixin.py:151} INFO - Fetching details for app ID: 538030...
[2024-10-20T01:39:02.117+0000] {logging_mixin.py:151} INFO - Collected data for Xenonauts 2.
[2024-10-20T01:39:02.121+0000] {logging_mixin.py:151} INFO - Fetching details for app ID: 1170950...
[2024-10-20T01:39:02.432+0000] {logging_mixin.py:151} INFO - Collected data for Mortal Online 2.
[2024-10-20T01:39:02.436+0000] {logging_mixin.py:151} INFO - Fetching details for app ID: 1217490...
[2024-10-20T01:39:02.743+0000] {logging_mixin.py:151} INFO - Collected data for Tyrania - A Kinetic Visual Novel.
[2024-10-20T01:39:02.746+0000] {logging_mixin.py:151} INFO - Fetching details for app ID: 1264171...
[2024-10-20T01:39:03.033+0000] {logging_mixin.py:151} INFO - Collected data for Battlefield V - Starter Pack.
[2024-10-20T01:39:03.037+0000] {logging_mixin.py:151} INFO - Fetching details for app ID: 1270010...
[2024-10-20T01:39:03.335+0000] {logging_mixin.py:151} INFO - Collected data for Gone: Survival.
[2024-10-20T01:39:03.339+0000] {logging_mixin.py:151} INFO - Fetching details for app ID: 1351370...
[2024-10-20T01:39:03.678+0000] {logging_mixin.py:151} INFO - Collected data for Sakura Knight 3.
[2024-10-20T01:39:03.682+0000] {logging_mixin.py:151} INFO - Fetching details for app ID: 1392390...
[2024-10-20T01:39:03.990+0000] {logging_mixin.py:151} INFO - Collected data for REINCARNATION ASURA ZALANDARA Journey of carnage and redemption.
[2024-10-20T01:39:03.994+0000] {logging_mixin.py:151} INFO - Fetching details for app ID: 1437840...
[2024-10-20T01:39:04.365+0000] {logging_mixin.py:151} INFO - Collected data for Heroes of the Three Kingdoms 3.
[2024-10-20T01:39:04.370+0000] {logging_mixin.py:151} INFO - Fetching details for app ID: 1474930...
[2024-10-20T01:39:04.650+0000] {logging_mixin.py:151} INFO - Collected data for Heavy Cargo - The Truck Simulator.
[2024-10-20T01:39:04.654+0000] {logging_mixin.py:151} INFO - Fetching details for app ID: 1480050...
[2024-10-20T01:39:04.942+0000] {logging_mixin.py:151} INFO - Collected data for Survival RPG: The Lost Treasure.
[2024-10-20T01:39:04.946+0000] {logging_mixin.py:151} INFO - Fetching details for app ID: 1513420...
[2024-10-20T01:39:05.248+0000] {logging_mixin.py:151} INFO - Collected data for Escalation!.
[2024-10-20T01:39:05.252+0000] {logging_mixin.py:151} INFO - Fetching details for app ID: 1682600...
[2024-10-20T01:39:05.534+0000] {logging_mixin.py:151} INFO - Collected data for Rolling Car.
[2024-10-20T01:39:05.538+0000] {logging_mixin.py:151} INFO - Fetching details for app ID: 1832840...
[2024-10-20T01:39:05.830+0000] {logging_mixin.py:151} INFO - Collected data for Alisa Soundtrack.
[2024-10-20T01:39:05.835+0000] {logging_mixin.py:151} INFO - Fetching details for app ID: 1840800...
[2024-10-20T01:39:06.125+0000] {logging_mixin.py:151} INFO - Collected data for Headquarters: World War II.
[2024-10-20T01:39:06.129+0000] {logging_mixin.py:151} INFO - Fetching details for app ID: 3012290...
[2024-10-20T01:39:06.416+0000] {logging_mixin.py:151} INFO - Collected data for Predictile.
[2024-10-20T01:39:06.420+0000] {logging_mixin.py:151} INFO - Fetching details for app ID: 3080030...
[2024-10-20T01:39:06.705+0000] {logging_mixin.py:151} INFO - Collected data for Chroma Cross.
[2024-10-20T01:39:06.709+0000] {logging_mixin.py:151} INFO - Fetching details for app ID: 3226270...
[2024-10-20T01:39:07.025+0000] {logging_mixin.py:151} INFO - Collected data for Candy Rangers Demo.
[2024-10-20T01:39:07.029+0000] {logging_mixin.py:151} INFO - Fetching details for app ID: 2191410...
[2024-10-20T01:39:07.330+0000] {logging_mixin.py:151} INFO - Collected data for For the Crown.
[2024-10-20T01:39:07.334+0000] {logging_mixin.py:151} INFO - Fetching details for app ID: 1653190...
[2024-10-20T01:39:07.621+0000] {logging_mixin.py:151} INFO - Collected data for Sumorbit.
[2024-10-20T01:39:07.625+0000] {logging_mixin.py:151} INFO - Fetching details for app ID: 3280460...
[2024-10-20T01:39:07.954+0000] {logging_mixin.py:151} INFO - Collected data for Blackthorn Arena: Reforged Demo.
[2024-10-20T01:39:07.958+0000] {logging_mixin.py:151} INFO - Fetching details for app ID: 1211980...
[2024-10-20T01:39:08.249+0000] {logging_mixin.py:151} INFO - Collected data for Skopje '83.
[2024-10-20T01:39:08.253+0000] {logging_mixin.py:151} INFO - Fetching details for app ID: 1424230...
[2024-10-20T01:39:08.597+0000] {logging_mixin.py:151} INFO - Failed to get details for app ID: 1424230
[2024-10-20T01:39:08.600+0000] {logging_mixin.py:151} INFO - Fetching details for app ID: 1584090...
[2024-10-20T01:39:08.995+0000] {logging_mixin.py:151} INFO - Collected data for Touhou Mystia's Izakaya.
[2024-10-20T01:39:08.999+0000] {logging_mixin.py:151} INFO - Fetching details for app ID: 1607250...
[2024-10-20T01:39:09.346+0000] {logging_mixin.py:151} INFO - Collected data for MY HERO ULTRA RUMBLE.
[2024-10-20T01:39:09.351+0000] {logging_mixin.py:151} INFO - Fetching details for app ID: 1786790...
[2024-10-20T01:39:09.724+0000] {logging_mixin.py:151} INFO - Collected data for Magical Girl Celesphonia.
[2024-10-20T01:39:09.729+0000] {logging_mixin.py:151} INFO - Fetching details for app ID: 1830190...
[2024-10-20T01:39:10.030+0000] {logging_mixin.py:151} INFO - Collected data for Solar Lewd Hollow starring Doug Fooker.
[2024-10-20T01:39:10.034+0000] {logging_mixin.py:151} INFO - Fetching details for app ID: 1905180...
[2024-10-20T01:39:10.297+0000] {logging_mixin.py:151} INFO - Collected data for OBS Studio.
[2024-10-20T01:39:10.301+0000] {logging_mixin.py:151} INFO - Fetching details for app ID: 1911610...
[2024-10-20T01:39:10.528+0000] {logging_mixin.py:151} INFO - Collected data for Windblown.
[2024-10-20T01:39:10.532+0000] {logging_mixin.py:151} INFO - Fetching details for app ID: 2015620...
[2024-10-20T01:39:10.803+0000] {logging_mixin.py:151} INFO - Collected data for Valkyrie of Phantasm.
[2024-10-20T01:39:10.807+0000] {logging_mixin.py:151} INFO - Fetching details for app ID: 2064650...
[2024-10-20T01:39:11.101+0000] {logging_mixin.py:151} INFO - Collected data for Tower of Fantasy.
[2024-10-20T01:39:11.103+0000] {logging_mixin.py:151} INFO - Fetching details for app ID: 2075100...
[2024-10-20T01:39:11.506+0000] {logging_mixin.py:151} INFO - Collected data for Chernobylite 2: Exclusion Zone.
[2024-10-20T01:39:11.510+0000] {logging_mixin.py:151} INFO - Fetching details for app ID: 2114740...
[2024-10-20T01:39:11.859+0000] {logging_mixin.py:151} INFO - Collected data for Blasphemous 2.
[2024-10-20T01:39:11.862+0000] {logging_mixin.py:151} INFO - Fetching details for app ID: 2236060...
[2024-10-20T01:39:12.138+0000] {logging_mixin.py:151} INFO - Collected data for Anthro Heat.
[2024-10-20T01:39:12.141+0000] {logging_mixin.py:151} INFO - Fetching details for app ID: 2316930...
[2024-10-20T01:39:12.398+0000] {logging_mixin.py:151} INFO - Collected data for Beat the Humans.
[2024-10-20T01:39:12.402+0000] {logging_mixin.py:151} INFO - Fetching details for app ID: 2341070...
[2024-10-20T01:39:12.723+0000] {logging_mixin.py:151} INFO - Collected data for The Banished Vault.
[2024-10-20T01:39:12.731+0000] {logging_mixin.py:151} INFO - Fetching details for app ID: 2359660...
[2024-10-20T01:39:13.035+0000] {logging_mixin.py:151} INFO - Collected data for Arisen Force: Vonimir.
[2024-10-20T01:39:13.041+0000] {logging_mixin.py:151} INFO - Fetching details for app ID: 2401970...
[2024-10-20T01:39:13.328+0000] {logging_mixin.py:151} INFO - Collected data for Ace Attorney Investigations Collection.
[2024-10-20T01:39:13.332+0000] {logging_mixin.py:151} INFO - Fetching details for app ID: 2566880...
[2024-10-20T01:39:13.743+0000] {logging_mixin.py:151} INFO - Collected data for MOOD.
[2024-10-20T01:39:13.746+0000] {logging_mixin.py:151} INFO - Fetching details for app ID: 2645820...
[2024-10-20T01:39:14.068+0000] {logging_mixin.py:151} INFO - Collected data for Back to the Fooker: Zombie Fooker 2.
[2024-10-20T01:39:14.071+0000] {logging_mixin.py:151} INFO - Fetching details for app ID: 2658770...
[2024-10-20T01:39:14.313+0000] {logging_mixin.py:151} INFO - Failed to get details for app ID: 2658770
[2024-10-20T01:39:14.316+0000] {logging_mixin.py:151} INFO - Fetching details for app ID: 2751000...
[2024-10-20T01:39:14.656+0000] {logging_mixin.py:151} INFO - Collected data for Prince of Persia The Lost Crown.
[2024-10-20T01:39:14.659+0000] {logging_mixin.py:151} INFO - Fetching details for app ID: 2807150...
[2024-10-20T01:39:14.951+0000] {logging_mixin.py:151} INFO - Collected data for Worshippers of Cthulhu.
[2024-10-20T01:39:14.956+0000] {logging_mixin.py:151} INFO - Fetching details for app ID: 2990190...
[2024-10-20T01:39:15.246+0000] {logging_mixin.py:151} INFO - Collected data for MagiScapes.
[2024-10-20T01:39:15.250+0000] {logging_mixin.py:151} INFO - Fetching details for app ID: 3051280...
[2024-10-20T01:39:15.517+0000] {logging_mixin.py:151} INFO - Collected data for Haven & Hearth.
[2024-10-20T01:39:15.522+0000] {logging_mixin.py:151} INFO - Fetching details for app ID: 3080680...
[2024-10-20T01:39:15.783+0000] {logging_mixin.py:151} INFO - Collected data for Pure Version for The Feast of Terror - A Night Hunted by Beauties.
[2024-10-20T01:39:15.787+0000] {logging_mixin.py:151} INFO - Fetching details for app ID: 3084620...
[2024-10-20T01:39:15.920+0000] {timeout.py:68} ERROR - Process timed out, PID: 54
[2024-10-20T01:39:15.932+0000] {taskinstance.py:1935} ERROR - Task failed with exception
Traceback (most recent call last):
  File "/home/airflow/.local/lib/python3.9/site-packages/airflow/operators/python.py", line 192, in execute
    return_value = self.execute_callable()
  File "/home/airflow/.local/lib/python3.9/site-packages/airflow/operators/python.py", line 209, in execute_callable
    return self.python_callable(*self.op_args, **self.op_kwargs)
  File "/opt/airflow/pipelines/steam_pipeline.py", line 18, in steam_pipeline
    games = test()
  File "/opt/airflow/etls/steam_etl.py", line 134, in test
    games.append(extract_game_by_id(id))
  File "/opt/airflow/etls/steam_etl.py", line 57, in extract_game_by_id
    app_details = get_app_details(id)
  File "/opt/airflow/etls/steam_etl.py", line 41, in get_app_details
    response = requests.get(url)
  File "/home/airflow/.local/lib/python3.9/site-packages/requests/api.py", line 73, in get
    return request("get", url, params=params, **kwargs)
  File "/home/airflow/.local/lib/python3.9/site-packages/requests/api.py", line 59, in request
    return session.request(method=method, url=url, **kwargs)
  File "/home/airflow/.local/lib/python3.9/site-packages/requests/sessions.py", line 589, in request
    resp = self.send(prep, **send_kwargs)
  File "/home/airflow/.local/lib/python3.9/site-packages/requests/sessions.py", line 725, in send
    history = [resp for resp in gen]
  File "/home/airflow/.local/lib/python3.9/site-packages/requests/sessions.py", line 725, in <listcomp>
    history = [resp for resp in gen]
  File "/home/airflow/.local/lib/python3.9/site-packages/requests/sessions.py", line 245, in resolve_redirects
    proxies = self.rebuild_proxies(prepared_request, proxies)
  File "/home/airflow/.local/lib/python3.9/site-packages/requests/sessions.py", line 317, in rebuild_proxies
    new_proxies = resolve_proxies(prepared_request, proxies, self.trust_env)
  File "/home/airflow/.local/lib/python3.9/site-packages/requests/utils.py", line 879, in resolve_proxies
    if trust_env and not should_bypass_proxies(url, no_proxy=no_proxy):
  File "/home/airflow/.local/lib/python3.9/site-packages/requests/utils.py", line 814, in should_bypass_proxies
    bypass = proxy_bypass(parsed.hostname)
  File "/usr/local/lib/python3.9/urllib/request.py", line 2525, in proxy_bypass_environment
    proxies = getproxies_environment()
  File "/usr/local/lib/python3.9/urllib/request.py", line 2498, in getproxies_environment
    for name, value in os.environ.items():
  File "/usr/local/lib/python3.9/_collections_abc.py", line 850, in __iter__
    for key in self._mapping:
  File "/usr/local/lib/python3.9/os.py", line 701, in __iter__
    yield self.decodekey(key)
  File "/usr/local/lib/python3.9/os.py", line 759, in decode
    return value.decode(encoding, 'surrogateescape')
  File "/home/airflow/.local/lib/python3.9/site-packages/airflow/utils/timeout.py", line 69, in handle_timeout
    raise AirflowTaskTimeout(self.error_message)
airflow.exceptions.AirflowTaskTimeout: Timeout, PID: 54
[2024-10-20T01:39:15.978+0000] {taskinstance.py:1398} INFO - Marking task as UP_FOR_RETRY. dag_id=etl_steam_pipeline, task_id=steam_extraction, execution_date=20241020T013812, start_date=20241020T013815, end_date=20241020T013915
[2024-10-20T01:39:15.996+0000] {standard_task_runner.py:104} ERROR - Failed to execute job 23 for task steam_extraction (Timeout, PID: 54; 54)
[2024-10-20T01:39:16.042+0000] {local_task_job_runner.py:228} INFO - Task exited with return code 1
[2024-10-20T01:39:16.062+0000] {taskinstance.py:2776} INFO - 0 downstream tasks scheduled from follow-on schedule check
