[2024-10-18T16:08:17.520+0000] {taskinstance.py:1157} INFO - Dependencies all met for dep_context=non-requeueable deps ti=<TaskInstance: etl_steam_pipeline.steam_extraction manual__2024-10-18T16:08:12.629979+00:00 [queued]>
[2024-10-18T16:08:17.529+0000] {taskinstance.py:1157} INFO - Dependencies all met for dep_context=requeueable deps ti=<TaskInstance: etl_steam_pipeline.steam_extraction manual__2024-10-18T16:08:12.629979+00:00 [queued]>
[2024-10-18T16:08:17.529+0000] {taskinstance.py:1359} INFO - Starting attempt 1 of 4
[2024-10-18T16:08:17.544+0000] {taskinstance.py:1380} INFO - Executing <Task(PythonOperator): steam_extraction> on 2024-10-18 16:08:12.629979+00:00
[2024-10-18T16:08:17.548+0000] {standard_task_runner.py:57} INFO - Started process 74 to run task
[2024-10-18T16:08:17.552+0000] {standard_task_runner.py:84} INFO - Running: ['airflow', 'tasks', 'run', 'etl_steam_pipeline', 'steam_extraction', 'manual__2024-10-18T16:08:12.629979+00:00', '--job-id', '13', '--raw', '--subdir', 'DAGS_FOLDER/steam_dag.py', '--cfg-path', '/tmp/tmp4zp000lp']
[2024-10-18T16:08:17.553+0000] {standard_task_runner.py:85} INFO - Job 13: Subtask steam_extraction
[2024-10-18T16:08:17.602+0000] {task_command.py:415} INFO - Running <TaskInstance: etl_steam_pipeline.steam_extraction manual__2024-10-18T16:08:12.629979+00:00 [running]> on host 6c0d6974ad20
[2024-10-18T16:08:17.685+0000] {taskinstance.py:1660} INFO - Exporting env vars: AIRFLOW_CTX_DAG_OWNER='Jordan Welborn' AIRFLOW_CTX_DAG_ID='etl_steam_pipeline' AIRFLOW_CTX_TASK_ID='steam_extraction' AIRFLOW_CTX_EXECUTION_DATE='2024-10-18T16:08:12.629979+00:00' AIRFLOW_CTX_TRY_NUMBER='1' AIRFLOW_CTX_DAG_RUN_ID='manual__2024-10-18T16:08:12.629979+00:00'
[2024-10-18T16:08:17.686+0000] {logging_mixin.py:151} INFO - Processed 2129810 Already! Sorry Try another
[2024-10-18T16:08:17.687+0000] {logging_mixin.py:151} INFO - Processed 2335800 Already! Sorry Try another
[2024-10-18T16:08:17.687+0000] {logging_mixin.py:151} INFO - Processed 986010 Already! Sorry Try another
[2024-10-18T16:08:17.688+0000] {logging_mixin.py:151} INFO - Processed 2097170 Already! Sorry Try another
[2024-10-18T16:08:17.688+0000] {logging_mixin.py:151} INFO - Processed 3155230 Already! Sorry Try another
[2024-10-18T16:08:17.688+0000] {logging_mixin.py:151} INFO - Processed 3213430 Already! Sorry Try another
[2024-10-18T16:08:17.689+0000] {logging_mixin.py:151} INFO - Processed 3282810 Already! Sorry Try another
[2024-10-18T16:08:17.689+0000] {logging_mixin.py:151} INFO - Processed 585420 Already! Sorry Try another
[2024-10-18T16:08:17.690+0000] {logging_mixin.py:151} INFO - Processed 1948280 Already! Sorry Try another
[2024-10-18T16:08:17.690+0000] {logging_mixin.py:151} INFO - Processed 3231920 Already! Sorry Try another
[2024-10-18T16:08:17.691+0000] {logging_mixin.py:151} INFO - Processed 1116170 Already! Sorry Try another
[2024-10-18T16:08:17.691+0000] {logging_mixin.py:151} INFO - Processed 3045050 Already! Sorry Try another
[2024-10-18T16:08:17.692+0000] {logging_mixin.py:151} INFO - Processed 2255370 Already! Sorry Try another
[2024-10-18T16:08:17.692+0000] {logging_mixin.py:151} INFO - Processed 941460 Already! Sorry Try another
[2024-10-18T16:08:17.693+0000] {logging_mixin.py:151} INFO - Processed 1520470 Already! Sorry Try another
[2024-10-18T16:08:17.693+0000] {logging_mixin.py:151} INFO - Processed 553780 Already! Sorry Try another
[2024-10-18T16:08:17.694+0000] {logging_mixin.py:151} INFO - Processed 308600 Already! Sorry Try another
[2024-10-18T16:08:17.694+0000] {logging_mixin.py:151} INFO - Processed 1459630 Already! Sorry Try another
[2024-10-18T16:08:17.694+0000] {logging_mixin.py:151} INFO - Processed 2319940 Already! Sorry Try another
[2024-10-18T16:08:17.695+0000] {logging_mixin.py:151} INFO - Processed 2139460 Already! Sorry Try another
[2024-10-18T16:08:17.695+0000] {logging_mixin.py:151} INFO - Processed 2334700 Already! Sorry Try another
[2024-10-18T16:08:17.696+0000] {logging_mixin.py:151} INFO - Processed 2399420 Already! Sorry Try another
[2024-10-18T16:08:17.696+0000] {logging_mixin.py:151} INFO - Processed 2999030 Already! Sorry Try another
[2024-10-18T16:08:17.697+0000] {logging_mixin.py:151} INFO - Fetching details for app ID: 258550...
[2024-10-18T16:08:18.028+0000] {logging_mixin.py:151} INFO - Failed to get details for app ID: 258550
[2024-10-18T16:08:18.030+0000] {logging_mixin.py:151} INFO - Processed 1851350 Already! Sorry Try another
[2024-10-18T16:08:18.030+0000] {logging_mixin.py:151} INFO - Processed 3018090 Already! Sorry Try another
[2024-10-18T16:08:18.031+0000] {logging_mixin.py:151} INFO - Processed 3271040 Already! Sorry Try another
[2024-10-18T16:08:18.032+0000] {logging_mixin.py:151} INFO - Processed 2266650 Already! Sorry Try another
[2024-10-18T16:08:18.032+0000] {logging_mixin.py:151} INFO - Processed 3198990 Already! Sorry Try another
[2024-10-18T16:08:18.033+0000] {logging_mixin.py:151} INFO - Processed 2082570 Already! Sorry Try another
[2024-10-18T16:08:18.034+0000] {logging_mixin.py:151} INFO - Fetching details for app ID: 1892930...
[2024-10-18T16:08:18.410+0000] {logging_mixin.py:151} INFO - Failed to get details for app ID: 1892930
[2024-10-18T16:08:18.411+0000] {logging_mixin.py:151} INFO - Processed 3277500 Already! Sorry Try another
[2024-10-18T16:08:18.412+0000] {logging_mixin.py:151} INFO - Processed 3061690 Already! Sorry Try another
[2024-10-18T16:08:18.412+0000] {logging_mixin.py:151} INFO - Processed 322330 Already! Sorry Try another
[2024-10-18T16:08:18.413+0000] {logging_mixin.py:151} INFO - Processed 3199170 Already! Sorry Try another
[2024-10-18T16:08:18.414+0000] {logging_mixin.py:151} INFO - Processed 1273100 Already! Sorry Try another
[2024-10-18T16:08:18.415+0000] {logging_mixin.py:151} INFO - Processed 3190970 Already! Sorry Try another
[2024-10-18T16:08:18.415+0000] {logging_mixin.py:151} INFO - Processed 1771300 Already! Sorry Try another
[2024-10-18T16:08:18.416+0000] {logging_mixin.py:151} INFO - Processed 2902720 Already! Sorry Try another
[2024-10-18T16:08:18.416+0000] {logging_mixin.py:151} INFO - Processed 1138640 Already! Sorry Try another
[2024-10-18T16:08:18.417+0000] {logging_mixin.py:151} INFO - Processed 2400840 Already! Sorry Try another
[2024-10-18T16:08:18.417+0000] {logging_mixin.py:151} INFO - Processed 1208170 Already! Sorry Try another
[2024-10-18T16:08:18.418+0000] {logging_mixin.py:151} INFO - Processed 2990080 Already! Sorry Try another
[2024-10-18T16:08:18.419+0000] {logging_mixin.py:151} INFO - Processed 2980550 Already! Sorry Try another
[2024-10-18T16:08:18.419+0000] {logging_mixin.py:151} INFO - Processed 2000890 Already! Sorry Try another
[2024-10-18T16:08:18.420+0000] {logging_mixin.py:151} INFO - Processed 2587840 Already! Sorry Try another
[2024-10-18T16:08:18.420+0000] {logging_mixin.py:151} INFO - Processed 2052040 Already! Sorry Try another
[2024-10-18T16:08:18.421+0000] {logging_mixin.py:151} INFO - Processed 3270630 Already! Sorry Try another
[2024-10-18T16:08:18.421+0000] {logging_mixin.py:151} INFO - Processed 3180930 Already! Sorry Try another
[2024-10-18T16:08:18.422+0000] {logging_mixin.py:151} INFO - Processed 949230 Already! Sorry Try another
[2024-10-18T16:08:18.422+0000] {logging_mixin.py:151} INFO - Processed 1128860 Already! Sorry Try another
[2024-10-18T16:08:18.423+0000] {logging_mixin.py:151} INFO - Processed 1428090 Already! Sorry Try another
[2024-10-18T16:08:18.423+0000] {logging_mixin.py:151} INFO - Processed 108600 Already! Sorry Try another
[2024-10-18T16:08:18.424+0000] {logging_mixin.py:151} INFO - Processed 1999520 Already! Sorry Try another
[2024-10-18T16:08:18.424+0000] {logging_mixin.py:151} INFO - Processed 3186690 Already! Sorry Try another
[2024-10-18T16:08:18.425+0000] {logging_mixin.py:151} INFO - Processed 1121560 Already! Sorry Try another
[2024-10-18T16:08:18.425+0000] {logging_mixin.py:151} INFO - Processed 1127660 Already! Sorry Try another
[2024-10-18T16:08:18.426+0000] {logging_mixin.py:151} INFO - Processed 1185810 Already! Sorry Try another
[2024-10-18T16:08:18.427+0000] {logging_mixin.py:151} INFO - Processed 1325730 Already! Sorry Try another
[2024-10-18T16:08:18.427+0000] {logging_mixin.py:151} INFO - Processed 1503170 Already! Sorry Try another
[2024-10-18T16:08:18.428+0000] {logging_mixin.py:151} INFO - Processed 1645220 Already! Sorry Try another
[2024-10-18T16:08:18.428+0000] {logging_mixin.py:151} INFO - Processed 1790600 Already! Sorry Try another
[2024-10-18T16:08:18.429+0000] {logging_mixin.py:151} INFO - Processed 1800860 Already! Sorry Try another
[2024-10-18T16:08:18.430+0000] {logging_mixin.py:151} INFO - Processed 1803450 Already! Sorry Try another
[2024-10-18T16:08:18.430+0000] {logging_mixin.py:151} INFO - Processed 1818450 Already! Sorry Try another
[2024-10-18T16:08:18.431+0000] {logging_mixin.py:151} INFO - Processed 1962700 Already! Sorry Try another
[2024-10-18T16:08:18.431+0000] {logging_mixin.py:151} INFO - Processed 1969650 Already! Sorry Try another
[2024-10-18T16:08:18.432+0000] {logging_mixin.py:151} INFO - Processed 1997470 Already! Sorry Try another
[2024-10-18T16:08:18.432+0000] {logging_mixin.py:151} INFO - Processed 2088250 Already! Sorry Try another
[2024-10-18T16:08:18.433+0000] {logging_mixin.py:151} INFO - Processed 2103140 Already! Sorry Try another
[2024-10-18T16:08:18.433+0000] {logging_mixin.py:151} INFO - Processed 2287960 Already! Sorry Try another
[2024-10-18T16:08:18.434+0000] {logging_mixin.py:151} INFO - Processed 2407270 Already! Sorry Try another
[2024-10-18T16:08:18.434+0000] {logging_mixin.py:151} INFO - Processed 2420660 Already! Sorry Try another
[2024-10-18T16:08:18.435+0000] {logging_mixin.py:151} INFO - Processed 2421350 Already! Sorry Try another
[2024-10-18T16:08:18.435+0000] {logging_mixin.py:151} INFO - Processed 2543180 Already! Sorry Try another
[2024-10-18T16:08:18.436+0000] {logging_mixin.py:151} INFO - Processed 2585830 Already! Sorry Try another
[2024-10-18T16:08:18.436+0000] {logging_mixin.py:151} INFO - Processed 2622000 Already! Sorry Try another
[2024-10-18T16:08:18.437+0000] {logging_mixin.py:151} INFO - Processed 2708950 Already! Sorry Try another
[2024-10-18T16:08:18.437+0000] {logging_mixin.py:151} INFO - Processed 3103040 Already! Sorry Try another
[2024-10-18T16:08:18.438+0000] {logging_mixin.py:151} INFO - Processed 3123410 Already! Sorry Try another
[2024-10-18T16:08:18.438+0000] {logging_mixin.py:151} INFO - Processed 3180170 Already! Sorry Try another
[2024-10-18T16:08:18.439+0000] {logging_mixin.py:151} INFO - Processed 3226570 Already! Sorry Try another
[2024-10-18T16:08:18.439+0000] {logging_mixin.py:151} INFO - Processed 3235910 Already! Sorry Try another
[2024-10-18T16:08:18.440+0000] {logging_mixin.py:151} INFO - Processed 3256070 Already! Sorry Try another
[2024-10-18T16:08:18.440+0000] {logging_mixin.py:151} INFO - Processed 3271530 Already! Sorry Try another
[2024-10-18T16:08:18.441+0000] {logging_mixin.py:151} INFO - Processed 1049320 Already! Sorry Try another
[2024-10-18T16:08:18.441+0000] {logging_mixin.py:151} INFO - Processed 499180 Already! Sorry Try another
[2024-10-18T16:08:18.441+0000] {logging_mixin.py:151} INFO - Processed 581320 Already! Sorry Try another
[2024-10-18T16:08:18.442+0000] {logging_mixin.py:151} INFO - Processed 787480 Already! Sorry Try another
[2024-10-18T16:08:18.442+0000] {logging_mixin.py:151} INFO - Processed 991270 Already! Sorry Try another
[2024-10-18T16:08:18.443+0000] {logging_mixin.py:151} INFO - Processed 1254320 Already! Sorry Try another
[2024-10-18T16:08:18.443+0000] {logging_mixin.py:151} INFO - Processed 2654540 Already! Sorry Try another
[2024-10-18T16:08:18.444+0000] {logging_mixin.py:151} INFO - Processed 3027940 Already! Sorry Try another
[2024-10-18T16:08:18.444+0000] {logging_mixin.py:151} INFO - Processed 3037030 Already! Sorry Try another
[2024-10-18T16:08:18.445+0000] {logging_mixin.py:151} INFO - Processed 3054770 Already! Sorry Try another
[2024-10-18T16:08:18.445+0000] {logging_mixin.py:151} INFO - Processed 3059840 Already! Sorry Try another
[2024-10-18T16:08:18.446+0000] {logging_mixin.py:151} INFO - Processed 3060080 Already! Sorry Try another
[2024-10-18T16:08:18.446+0000] {logging_mixin.py:151} INFO - Processed 3101770 Already! Sorry Try another
[2024-10-18T16:08:18.447+0000] {logging_mixin.py:151} INFO - Processed 3137120 Already! Sorry Try another
[2024-10-18T16:08:18.447+0000] {logging_mixin.py:151} INFO - Processed 3138330 Already! Sorry Try another
[2024-10-18T16:08:18.448+0000] {logging_mixin.py:151} INFO - Processed 3142540 Already! Sorry Try another
[2024-10-18T16:08:18.448+0000] {logging_mixin.py:151} INFO - Processed 3163250 Already! Sorry Try another
[2024-10-18T16:08:18.448+0000] {logging_mixin.py:151} INFO - Processed 3169100 Already! Sorry Try another
[2024-10-18T16:08:18.449+0000] {logging_mixin.py:151} INFO - Processed 3170420 Already! Sorry Try another
[2024-10-18T16:08:18.449+0000] {logging_mixin.py:151} INFO - Processed 3170430 Already! Sorry Try another
[2024-10-18T16:08:18.450+0000] {logging_mixin.py:151} INFO - Processed 3206520 Already! Sorry Try another
[2024-10-18T16:08:18.450+0000] {logging_mixin.py:151} INFO - Processed 3027620 Already! Sorry Try another
[2024-10-18T16:08:18.450+0000] {logging_mixin.py:151} INFO - Processed 2633080 Already! Sorry Try another
[2024-10-18T16:08:18.451+0000] {logging_mixin.py:151} INFO - Processed 1816140 Already! Sorry Try another
[2024-10-18T16:08:18.451+0000] {logging_mixin.py:151} INFO - Processed 3141870 Already! Sorry Try another
[2024-10-18T16:08:18.452+0000] {logging_mixin.py:151} INFO - Processed 1108740 Already! Sorry Try another
[2024-10-18T16:08:18.452+0000] {logging_mixin.py:151} INFO - Processed 1135960 Already! Sorry Try another
[2024-10-18T16:08:18.452+0000] {logging_mixin.py:151} INFO - Processed 1339340 Already! Sorry Try another
[2024-10-18T16:08:18.453+0000] {logging_mixin.py:151} INFO - Processed 3108720 Already! Sorry Try another
[2024-10-18T16:08:18.453+0000] {logging_mixin.py:151} INFO - Processed 3261060 Already! Sorry Try another
[2024-10-18T16:08:18.454+0000] {logging_mixin.py:151} INFO - Processed 792200 Already! Sorry Try another
[2024-10-18T16:08:18.454+0000] {logging_mixin.py:151} INFO - Processed 809090 Already! Sorry Try another
[2024-10-18T16:08:18.454+0000] {logging_mixin.py:151} INFO - Processed 874450 Already! Sorry Try another
[2024-10-18T16:08:18.455+0000] {logging_mixin.py:151} INFO - Processed 972200 Already! Sorry Try another
[2024-10-18T16:08:18.455+0000] {logging_mixin.py:151} INFO - Processed 3288690 Already! Sorry Try another
[2024-10-18T16:08:18.455+0000] {logging_mixin.py:151} INFO - Processed 2307350 Already! Sorry Try another
[2024-10-18T16:08:18.456+0000] {logging_mixin.py:151} INFO - Processed 3192760 Already! Sorry Try another
[2024-10-18T16:08:18.456+0000] {logging_mixin.py:151} INFO - Processed 451340 Already! Sorry Try another
[2024-10-18T16:08:18.457+0000] {logging_mixin.py:151} INFO - Processed 3187730 Already! Sorry Try another
[2024-10-18T16:08:18.457+0000] {logging_mixin.py:151} INFO - Processed 3088430 Already! Sorry Try another
[2024-10-18T16:08:18.457+0000] {logging_mixin.py:151} INFO - Processed 218230 Already! Sorry Try another
[2024-10-18T16:08:18.458+0000] {logging_mixin.py:151} INFO - Processed 294770 Already! Sorry Try another
[2024-10-18T16:08:18.458+0000] {logging_mixin.py:151} INFO - Processed 39660 Already! Sorry Try another
[2024-10-18T16:08:18.459+0000] {logging_mixin.py:151} INFO - Fetching details for app ID: 774941...
[2024-10-18T16:08:18.824+0000] {logging_mixin.py:151} INFO - Failed to get details for app ID: 774941
[2024-10-18T16:08:18.825+0000] {logging_mixin.py:151} INFO - Processed 589290 Already! Sorry Try another
[2024-10-18T16:08:18.826+0000] {logging_mixin.py:151} INFO - Processed 2543510 Already! Sorry Try another
[2024-10-18T16:08:18.826+0000] {logging_mixin.py:151} INFO - Processed 3263740 Already! Sorry Try another
[2024-10-18T16:08:18.827+0000] {logging_mixin.py:151} INFO - Processed 1116390 Already! Sorry Try another
[2024-10-18T16:08:18.828+0000] {logging_mixin.py:151} INFO - Processed 1200770 Already! Sorry Try another
[2024-10-18T16:08:18.828+0000] {logging_mixin.py:151} INFO - Fetching details for app ID: 1326030...
[2024-10-18T16:08:19.184+0000] {logging_mixin.py:151} INFO - Failed to get details for app ID: 1326030
[2024-10-18T16:08:19.186+0000] {logging_mixin.py:151} INFO - Processed 1603640 Already! Sorry Try another
[2024-10-18T16:08:19.187+0000] {logging_mixin.py:151} INFO - Fetching details for app ID: 2051010...
[2024-10-18T16:08:19.517+0000] {logging_mixin.py:151} INFO - Failed to get details for app ID: 2051010
[2024-10-18T16:08:19.518+0000] {logging_mixin.py:151} INFO - Processed 2108330 Already! Sorry Try another
[2024-10-18T16:08:19.519+0000] {logging_mixin.py:151} INFO - Processed 2116120 Already! Sorry Try another
[2024-10-18T16:08:19.519+0000] {logging_mixin.py:151} INFO - Processed 2184350 Already! Sorry Try another
[2024-10-18T16:08:19.520+0000] {logging_mixin.py:151} INFO - Processed 2305760 Already! Sorry Try another
[2024-10-18T16:08:19.520+0000] {logging_mixin.py:151} INFO - Processed 2395260 Already! Sorry Try another
[2024-10-18T16:08:19.521+0000] {logging_mixin.py:151} INFO - Processed 2500160 Already! Sorry Try another
[2024-10-18T16:08:19.522+0000] {logging_mixin.py:151} INFO - Processed 2529080 Already! Sorry Try another
[2024-10-18T16:08:19.522+0000] {logging_mixin.py:151} INFO - Processed 2570210 Already! Sorry Try another
[2024-10-18T16:08:19.523+0000] {logging_mixin.py:151} INFO - Processed 2576020 Already! Sorry Try another
[2024-10-18T16:08:19.523+0000] {logging_mixin.py:151} INFO - Processed 2582560 Already! Sorry Try another
[2024-10-18T16:08:19.524+0000] {logging_mixin.py:151} INFO - Processed 2716120 Already! Sorry Try another
[2024-10-18T16:08:19.525+0000] {logging_mixin.py:151} INFO - Processed 2716820 Already! Sorry Try another
[2024-10-18T16:08:19.525+0000] {logging_mixin.py:151} INFO - Processed 2719030 Already! Sorry Try another
[2024-10-18T16:08:19.526+0000] {logging_mixin.py:151} INFO - Processed 2803360 Already! Sorry Try another
[2024-10-18T16:08:19.526+0000] {logging_mixin.py:151} INFO - Processed 3207390 Already! Sorry Try another
[2024-10-18T16:08:19.527+0000] {logging_mixin.py:151} INFO - Processed 538030 Already! Sorry Try another
[2024-10-18T16:08:19.527+0000] {logging_mixin.py:151} INFO - Processed 1170950 Already! Sorry Try another
[2024-10-18T16:08:19.528+0000] {logging_mixin.py:151} INFO - Processed 1217490 Already! Sorry Try another
[2024-10-18T16:08:19.528+0000] {logging_mixin.py:151} INFO - Processed 1264171 Already! Sorry Try another
[2024-10-18T16:08:19.529+0000] {logging_mixin.py:151} INFO - Processed 1270010 Already! Sorry Try another
[2024-10-18T16:08:19.529+0000] {logging_mixin.py:151} INFO - Processed 1351370 Already! Sorry Try another
[2024-10-18T16:08:19.530+0000] {logging_mixin.py:151} INFO - Processed 1392390 Already! Sorry Try another
[2024-10-18T16:08:19.530+0000] {logging_mixin.py:151} INFO - Processed 1437840 Already! Sorry Try another
[2024-10-18T16:08:19.531+0000] {logging_mixin.py:151} INFO - Processed 1474930 Already! Sorry Try another
[2024-10-18T16:08:19.531+0000] {logging_mixin.py:151} INFO - Processed 1480050 Already! Sorry Try another
[2024-10-18T16:08:19.532+0000] {logging_mixin.py:151} INFO - Processed 1513420 Already! Sorry Try another
[2024-10-18T16:08:19.532+0000] {logging_mixin.py:151} INFO - Processed 1682600 Already! Sorry Try another
[2024-10-18T16:08:19.533+0000] {logging_mixin.py:151} INFO - Processed 1832840 Already! Sorry Try another
[2024-10-18T16:08:19.533+0000] {logging_mixin.py:151} INFO - Processed 1840800 Already! Sorry Try another
[2024-10-18T16:08:19.534+0000] {logging_mixin.py:151} INFO - Processed 3012290 Already! Sorry Try another
[2024-10-18T16:08:19.534+0000] {logging_mixin.py:151} INFO - Processed 3080030 Already! Sorry Try another
[2024-10-18T16:08:19.535+0000] {logging_mixin.py:151} INFO - Processed 3226270 Already! Sorry Try another
[2024-10-18T16:08:19.535+0000] {logging_mixin.py:151} INFO - Processed 2191410 Already! Sorry Try another
[2024-10-18T16:08:19.536+0000] {logging_mixin.py:151} INFO - Processed 1653190 Already! Sorry Try another
[2024-10-18T16:08:19.536+0000] {logging_mixin.py:151} INFO - Processed 3280460 Already! Sorry Try another
[2024-10-18T16:08:19.538+0000] {logging_mixin.py:151} INFO - Processed 1211980 Already! Sorry Try another
[2024-10-18T16:08:19.538+0000] {logging_mixin.py:151} INFO - Fetching details for app ID: 1424230...
[2024-10-18T16:08:19.879+0000] {logging_mixin.py:151} INFO - Failed to get details for app ID: 1424230
[2024-10-18T16:08:19.880+0000] {logging_mixin.py:151} INFO - Processed 1584090 Already! Sorry Try another
[2024-10-18T16:08:19.880+0000] {logging_mixin.py:151} INFO - Processed 1607250 Already! Sorry Try another
[2024-10-18T16:08:19.881+0000] {logging_mixin.py:151} INFO - Processed 1786790 Already! Sorry Try another
[2024-10-18T16:08:19.882+0000] {logging_mixin.py:151} INFO - Processed 1830190 Already! Sorry Try another
[2024-10-18T16:08:19.882+0000] {logging_mixin.py:151} INFO - Processed 1905180 Already! Sorry Try another
[2024-10-18T16:08:19.883+0000] {logging_mixin.py:151} INFO - Processed 1911610 Already! Sorry Try another
[2024-10-18T16:08:19.883+0000] {logging_mixin.py:151} INFO - Processed 2015620 Already! Sorry Try another
[2024-10-18T16:08:19.884+0000] {logging_mixin.py:151} INFO - Processed 2064650 Already! Sorry Try another
[2024-10-18T16:08:19.884+0000] {logging_mixin.py:151} INFO - Processed 2075100 Already! Sorry Try another
[2024-10-18T16:08:19.885+0000] {logging_mixin.py:151} INFO - Processed 2114740 Already! Sorry Try another
[2024-10-18T16:08:19.885+0000] {logging_mixin.py:151} INFO - Processed 2236060 Already! Sorry Try another
[2024-10-18T16:08:19.886+0000] {logging_mixin.py:151} INFO - Processed 2316930 Already! Sorry Try another
[2024-10-18T16:08:19.887+0000] {logging_mixin.py:151} INFO - Processed 2341070 Already! Sorry Try another
[2024-10-18T16:08:19.887+0000] {logging_mixin.py:151} INFO - Processed 2359660 Already! Sorry Try another
[2024-10-18T16:08:19.888+0000] {logging_mixin.py:151} INFO - Processed 2401970 Already! Sorry Try another
[2024-10-18T16:08:19.888+0000] {logging_mixin.py:151} INFO - Processed 2566880 Already! Sorry Try another
[2024-10-18T16:08:19.889+0000] {logging_mixin.py:151} INFO - Processed 2645820 Already! Sorry Try another
[2024-10-18T16:08:19.889+0000] {logging_mixin.py:151} INFO - Fetching details for app ID: 2658770...
[2024-10-18T16:08:20.236+0000] {logging_mixin.py:151} INFO - Failed to get details for app ID: 2658770
[2024-10-18T16:08:20.237+0000] {logging_mixin.py:151} INFO - Processed 2751000 Already! Sorry Try another
[2024-10-18T16:08:20.238+0000] {logging_mixin.py:151} INFO - Processed 2807150 Already! Sorry Try another
[2024-10-18T16:08:20.238+0000] {logging_mixin.py:151} INFO - Processed 2990190 Already! Sorry Try another
[2024-10-18T16:08:20.239+0000] {logging_mixin.py:151} INFO - Processed 3051280 Already! Sorry Try another
[2024-10-18T16:08:20.240+0000] {logging_mixin.py:151} INFO - Processed 3080680 Already! Sorry Try another
[2024-10-18T16:08:20.240+0000] {logging_mixin.py:151} INFO - Processed 3084620 Already! Sorry Try another
[2024-10-18T16:08:20.241+0000] {logging_mixin.py:151} INFO - Processed 3156770 Already! Sorry Try another
[2024-10-18T16:08:20.241+0000] {logging_mixin.py:151} INFO - Processed 3192310 Already! Sorry Try another
[2024-10-18T16:08:20.242+0000] {logging_mixin.py:151} INFO - Processed 3217200 Already! Sorry Try another
[2024-10-18T16:08:20.242+0000] {logging_mixin.py:151} INFO - Processed 3227820 Already! Sorry Try another
[2024-10-18T16:08:20.243+0000] {logging_mixin.py:151} INFO - Processed 3231380 Already! Sorry Try another
[2024-10-18T16:08:20.243+0000] {logging_mixin.py:151} INFO - Processed 3283090 Already! Sorry Try another
[2024-10-18T16:08:20.244+0000] {logging_mixin.py:151} INFO - Processed 3292980 Already! Sorry Try another
[2024-10-18T16:08:20.245+0000] {logging_mixin.py:151} INFO - Processed 1000050 Already! Sorry Try another
[2024-10-18T16:08:20.245+0000] {logging_mixin.py:151} INFO - Processed 1213700 Already! Sorry Try another
[2024-10-18T16:08:20.246+0000] {logging_mixin.py:151} INFO - Processed 1245560 Already! Sorry Try another
[2024-10-18T16:08:20.246+0000] {logging_mixin.py:151} INFO - Processed 1272320 Already! Sorry Try another
[2024-10-18T16:08:20.247+0000] {logging_mixin.py:151} INFO - Processed 1375630 Already! Sorry Try another
[2024-10-18T16:08:20.247+0000] {logging_mixin.py:151} INFO - Processed 1418750 Already! Sorry Try another
[2024-10-18T16:08:20.248+0000] {logging_mixin.py:151} INFO - Processed 1554770 Already! Sorry Try another
[2024-10-18T16:08:20.248+0000] {logging_mixin.py:151} INFO - Processed 17510 Already! Sorry Try another
[2024-10-18T16:08:20.249+0000] {logging_mixin.py:151} INFO - Processed 372080 Already! Sorry Try another
[2024-10-18T16:08:20.250+0000] {logging_mixin.py:151} INFO - Processed 689760 Already! Sorry Try another
[2024-10-18T16:08:20.250+0000] {logging_mixin.py:151} INFO - Processed 2399830 Already! Sorry Try another
[2024-10-18T16:08:20.251+0000] {logging_mixin.py:151} INFO - Processed 3104680 Already! Sorry Try another
[2024-10-18T16:08:20.251+0000] {logging_mixin.py:151} INFO - Processed 1282270 Already! Sorry Try another
[2024-10-18T16:08:20.252+0000] {logging_mixin.py:151} INFO - Processed 2084360 Already! Sorry Try another
[2024-10-18T16:08:20.252+0000] {logging_mixin.py:151} INFO - Processed 3050 Already! Sorry Try another
[2024-10-18T16:08:20.253+0000] {logging_mixin.py:151} INFO - Processed 2488620 Already! Sorry Try another
[2024-10-18T16:08:20.253+0000] {logging_mixin.py:151} INFO - Processed 416000 Already! Sorry Try another
[2024-10-18T16:08:20.254+0000] {logging_mixin.py:151} INFO - Processed 2384580 Already! Sorry Try another
[2024-10-18T16:08:20.254+0000] {logging_mixin.py:151} INFO - Processed 3023930 Already! Sorry Try another
[2024-10-18T16:08:20.255+0000] {logging_mixin.py:151} INFO - Processed 3254600 Already! Sorry Try another
[2024-10-18T16:08:20.255+0000] {logging_mixin.py:151} INFO - Processed 1324780 Already! Sorry Try another
[2024-10-18T16:08:20.256+0000] {logging_mixin.py:151} INFO - Processed 1395520 Already! Sorry Try another
[2024-10-18T16:08:20.256+0000] {logging_mixin.py:151} INFO - Processed 2635410 Already! Sorry Try another
[2024-10-18T16:08:20.257+0000] {logging_mixin.py:151} INFO - Processed 3061810 Already! Sorry Try another
[2024-10-18T16:08:20.257+0000] {logging_mixin.py:151} INFO - Processed 1592190 Already! Sorry Try another
[2024-10-18T16:08:20.258+0000] {logging_mixin.py:151} INFO - Processed 3256520 Already! Sorry Try another
[2024-10-18T16:08:20.258+0000] {logging_mixin.py:151} INFO - Processed 1696810 Already! Sorry Try another
[2024-10-18T16:08:20.259+0000] {logging_mixin.py:151} INFO - Processed 2666580 Already! Sorry Try another
[2024-10-18T16:08:20.259+0000] {logging_mixin.py:151} INFO - Processed 3190930 Already! Sorry Try another
[2024-10-18T16:08:20.260+0000] {logging_mixin.py:151} INFO - Processed 714010 Already! Sorry Try another
[2024-10-18T16:08:20.260+0000] {logging_mixin.py:151} INFO - Processed 2407830 Already! Sorry Try another
[2024-10-18T16:08:20.261+0000] {logging_mixin.py:151} INFO - Processed 3173890 Already! Sorry Try another
[2024-10-18T16:08:20.261+0000] {logging_mixin.py:151} INFO - Processed 3204560 Already! Sorry Try another
[2024-10-18T16:08:20.262+0000] {logging_mixin.py:151} INFO - Processed 1845940 Already! Sorry Try another
[2024-10-18T16:08:20.262+0000] {logging_mixin.py:151} INFO - Processed 2169200 Already! Sorry Try another
[2024-10-18T16:08:20.263+0000] {logging_mixin.py:151} INFO - Processed 2315070 Already! Sorry Try another
[2024-10-18T16:08:20.263+0000] {logging_mixin.py:151} INFO - Processed 2624670 Already! Sorry Try another
[2024-10-18T16:08:20.264+0000] {logging_mixin.py:151} INFO - Processed 2875110 Already! Sorry Try another
[2024-10-18T16:08:20.264+0000] {logging_mixin.py:151} INFO - Processed 2485550 Already! Sorry Try another
[2024-10-18T16:08:20.264+0000] {logging_mixin.py:151} INFO - Processed 2678080 Already! Sorry Try another
[2024-10-18T16:08:20.265+0000] {logging_mixin.py:151} INFO - Processed 2730540 Already! Sorry Try another
[2024-10-18T16:08:20.265+0000] {logging_mixin.py:151} INFO - Processed 2678640 Already! Sorry Try another
[2024-10-18T16:08:20.266+0000] {logging_mixin.py:151} INFO - Processed 3254100 Already! Sorry Try another
[2024-10-18T16:08:20.266+0000] {logging_mixin.py:151} INFO - Processed 3248450 Already! Sorry Try another
[2024-10-18T16:08:20.267+0000] {logging_mixin.py:151} INFO - Processed 1702010 Already! Sorry Try another
[2024-10-18T16:08:20.268+0000] {logging_mixin.py:151} INFO - Processed 2863340 Already! Sorry Try another
[2024-10-18T16:08:20.268+0000] {logging_mixin.py:151} INFO - Processed 2367610 Already! Sorry Try another
[2024-10-18T16:08:20.269+0000] {logging_mixin.py:151} INFO - Processed 2605790 Already! Sorry Try another
[2024-10-18T16:08:20.269+0000] {logging_mixin.py:151} INFO - Processed 3234420 Already! Sorry Try another
[2024-10-18T16:08:20.270+0000] {logging_mixin.py:151} INFO - Processed 2386720 Already! Sorry Try another
[2024-10-18T16:08:20.270+0000] {logging_mixin.py:151} INFO - Processed 238430 Already! Sorry Try another
[2024-10-18T16:08:20.271+0000] {logging_mixin.py:151} INFO - Processed 407530 Already! Sorry Try another
[2024-10-18T16:08:20.271+0000] {logging_mixin.py:151} INFO - Processed 2510960 Already! Sorry Try another
[2024-10-18T16:08:20.271+0000] {logging_mixin.py:151} INFO - Processed 2819550 Already! Sorry Try another
[2024-10-18T16:08:20.272+0000] {logging_mixin.py:151} INFO - Processed 3101950 Already! Sorry Try another
[2024-10-18T16:08:20.272+0000] {logging_mixin.py:151} INFO - Processed 1371980 Already! Sorry Try another
[2024-10-18T16:08:20.273+0000] {logging_mixin.py:151} INFO - Processed 3020620 Already! Sorry Try another
[2024-10-18T16:08:20.273+0000] {logging_mixin.py:151} INFO - Processed 1452250 Already! Sorry Try another
[2024-10-18T16:08:20.274+0000] {logging_mixin.py:151} INFO - Processed 2710980 Already! Sorry Try another
[2024-10-18T16:08:20.274+0000] {logging_mixin.py:151} INFO - Processed 3249720 Already! Sorry Try another
[2024-10-18T16:08:20.275+0000] {logging_mixin.py:151} INFO - Processed 2524700 Already! Sorry Try another
[2024-10-18T16:08:20.275+0000] {logging_mixin.py:151} INFO - Processed 2796980 Already! Sorry Try another
[2024-10-18T16:08:20.276+0000] {logging_mixin.py:151} INFO - Processed 2192020 Already! Sorry Try another
[2024-10-18T16:08:20.276+0000] {logging_mixin.py:151} INFO - Processed 512900 Already! Sorry Try another
[2024-10-18T16:08:20.277+0000] {logging_mixin.py:151} INFO - Processed 3268100 Already! Sorry Try another
[2024-10-18T16:08:20.277+0000] {logging_mixin.py:151} INFO - Processed 2686820 Already! Sorry Try another
[2024-10-18T16:08:20.278+0000] {logging_mixin.py:151} INFO - Processed 1154670 Already! Sorry Try another
[2024-10-18T16:08:20.278+0000] {logging_mixin.py:151} INFO - Processed 3071520 Already! Sorry Try another
[2024-10-18T16:08:20.278+0000] {logging_mixin.py:151} INFO - Processed 2725560 Already! Sorry Try another
[2024-10-18T16:08:20.279+0000] {logging_mixin.py:151} INFO - Processed 3261860 Already! Sorry Try another
[2024-10-18T16:08:20.279+0000] {logging_mixin.py:151} INFO - Processed 3057460 Already! Sorry Try another
[2024-10-18T16:08:20.280+0000] {logging_mixin.py:151} INFO - Processed 3199180 Already! Sorry Try another
[2024-10-18T16:08:20.280+0000] {logging_mixin.py:151} INFO - Processed 1359270 Already! Sorry Try another
[2024-10-18T16:08:20.280+0000] {logging_mixin.py:151} INFO - Fetching details for app ID: 285049...
[2024-10-18T16:08:20.627+0000] {logging_mixin.py:151} INFO - Failed to get details for app ID: 285049
[2024-10-18T16:08:20.633+0000] {logging_mixin.py:151} INFO - Dropped 279 rows due to failed or duplicate rows.
[2024-10-18T16:08:20.635+0000] {python.py:194} INFO - Done. Returned value was: None
[2024-10-18T16:08:20.648+0000] {taskinstance.py:1398} INFO - Marking task as SUCCESS. dag_id=etl_steam_pipeline, task_id=steam_extraction, execution_date=20241018T160812, start_date=20241018T160817, end_date=20241018T160820
[2024-10-18T16:08:20.683+0000] {local_task_job_runner.py:228} INFO - Task exited with return code 0
[2024-10-18T16:08:20.702+0000] {taskinstance.py:2776} INFO - 0 downstream tasks scheduled from follow-on schedule check
