[2024-11-04T18:59:02.793+0000] {taskinstance.py:1157} INFO - Dependencies all met for dep_context=non-requeueable deps ti=<TaskInstance: etl_game_pipeline.game_extraction manual__2024-11-04T07:04:05.571353+00:00 [queued]>
[2024-11-04T18:59:02.802+0000] {taskinstance.py:1157} INFO - Dependencies all met for dep_context=requeueable deps ti=<TaskInstance: etl_game_pipeline.game_extraction manual__2024-11-04T07:04:05.571353+00:00 [queued]>
[2024-11-04T18:59:02.803+0000] {taskinstance.py:1359} INFO - Starting attempt 3 of 4
[2024-11-04T18:59:02.815+0000] {taskinstance.py:1380} INFO - Executing <Task(PythonOperator): game_extraction> on 2024-11-04 07:04:05.571353+00:00
[2024-11-04T18:59:02.819+0000] {standard_task_runner.py:57} INFO - Started process 75 to run task
[2024-11-04T18:59:02.822+0000] {standard_task_runner.py:84} INFO - Running: ['airflow', 'tasks', 'run', 'etl_game_pipeline', 'game_extraction', 'manual__2024-11-04T07:04:05.571353+00:00', '--job-id', '45', '--raw', '--subdir', 'DAGS_FOLDER/steam_dag.py', '--cfg-path', '/tmp/tmpywbu87am']
[2024-11-04T18:59:02.825+0000] {standard_task_runner.py:85} INFO - Job 45: Subtask game_extraction
[2024-11-04T18:59:02.871+0000] {task_command.py:415} INFO - Running <TaskInstance: etl_game_pipeline.game_extraction manual__2024-11-04T07:04:05.571353+00:00 [running]> on host f6d6761c5673
[2024-11-04T18:59:02.939+0000] {taskinstance.py:1660} INFO - Exporting env vars: AIRFLOW_CTX_DAG_OWNER='Jordan Welborn' AIRFLOW_CTX_DAG_ID='etl_game_pipeline' AIRFLOW_CTX_TASK_ID='game_extraction' AIRFLOW_CTX_EXECUTION_DATE='2024-11-04T07:04:05.571353+00:00' AIRFLOW_CTX_TRY_NUMBER='3' AIRFLOW_CTX_DAG_RUN_ID='manual__2024-11-04T07:04:05.571353+00:00'
[2024-11-04T18:59:02.941+0000] {logging_mixin.py:151} INFO - Extracting game data...
[2024-11-04T18:59:03.907+0000] {logging_mixin.py:151} INFO - Adding games..
[2024-11-04T18:59:03.909+0000] {logging_mixin.py:151} INFO - Fetched 500 games. Total so far: 500
[2024-11-04T18:59:04.468+0000] {logging_mixin.py:151} INFO - Adding games..
[2024-11-04T18:59:04.470+0000] {logging_mixin.py:151} INFO - Fetched 500 games. Total so far: 1000
[2024-11-04T18:59:04.882+0000] {logging_mixin.py:151} INFO - Adding games..
[2024-11-04T18:59:04.883+0000] {logging_mixin.py:151} INFO - Fetched 500 games. Total so far: 1500
[2024-11-04T18:59:05.316+0000] {logging_mixin.py:151} INFO - Adding games..
[2024-11-04T18:59:05.318+0000] {logging_mixin.py:151} INFO - Fetched 500 games. Total so far: 2000
[2024-11-04T18:59:05.974+0000] {logging_mixin.py:151} INFO - Adding games..
[2024-11-04T18:59:05.975+0000] {logging_mixin.py:151} INFO - Fetched 500 games. Total so far: 2500
[2024-11-04T18:59:06.433+0000] {logging_mixin.py:151} INFO - Adding games..
[2024-11-04T18:59:06.435+0000] {logging_mixin.py:151} INFO - Fetched 500 games. Total so far: 3000
[2024-11-04T18:59:06.967+0000] {logging_mixin.py:151} INFO - Adding games..
[2024-11-04T18:59:06.969+0000] {logging_mixin.py:151} INFO - Fetched 500 games. Total so far: 3500
[2024-11-04T18:59:07.307+0000] {logging_mixin.py:151} INFO - Adding games..
[2024-11-04T18:59:07.309+0000] {logging_mixin.py:151} INFO - Fetched 500 games. Total so far: 4000
[2024-11-04T18:59:07.848+0000] {logging_mixin.py:151} INFO - Adding games..
[2024-11-04T18:59:07.849+0000] {logging_mixin.py:151} INFO - Fetched 500 games. Total so far: 4500
[2024-11-04T18:59:08.159+0000] {logging_mixin.py:151} INFO - Adding games..
[2024-11-04T18:59:08.161+0000] {logging_mixin.py:151} INFO - Fetched 500 games. Total so far: 5000
[2024-11-04T18:59:08.568+0000] {logging_mixin.py:151} INFO - Adding games..
[2024-11-04T18:59:08.569+0000] {logging_mixin.py:151} INFO - Fetched 500 games. Total so far: 5500
[2024-11-04T18:59:09.026+0000] {logging_mixin.py:151} INFO - Adding games..
[2024-11-04T18:59:09.027+0000] {logging_mixin.py:151} INFO - Fetched 500 games. Total so far: 6000
[2024-11-04T18:59:09.365+0000] {logging_mixin.py:151} INFO - Adding games..
[2024-11-04T18:59:09.366+0000] {logging_mixin.py:151} INFO - Fetched 500 games. Total so far: 6500
[2024-11-04T18:59:09.716+0000] {logging_mixin.py:151} INFO - Adding games..
[2024-11-04T18:59:09.717+0000] {logging_mixin.py:151} INFO - Fetched 500 games. Total so far: 7000
[2024-11-04T18:59:10.088+0000] {logging_mixin.py:151} INFO - Adding games..
[2024-11-04T18:59:10.089+0000] {logging_mixin.py:151} INFO - Fetched 500 games. Total so far: 7500
[2024-11-04T18:59:10.448+0000] {logging_mixin.py:151} INFO - Adding games..
[2024-11-04T18:59:10.449+0000] {logging_mixin.py:151} INFO - Fetched 500 games. Total so far: 8000
[2024-11-04T18:59:11.009+0000] {logging_mixin.py:151} INFO - Adding games..
[2024-11-04T18:59:11.011+0000] {logging_mixin.py:151} INFO - Fetched 500 games. Total so far: 8500
[2024-11-04T18:59:11.385+0000] {logging_mixin.py:151} INFO - Adding games..
[2024-11-04T18:59:11.387+0000] {logging_mixin.py:151} INFO - Fetched 500 games. Total so far: 9000
[2024-11-04T18:59:11.766+0000] {logging_mixin.py:151} INFO - Adding games..
[2024-11-04T18:59:11.767+0000] {logging_mixin.py:151} INFO - Fetched 500 games. Total so far: 9500
[2024-11-04T18:59:12.265+0000] {logging_mixin.py:151} INFO - Adding games..
[2024-11-04T18:59:12.266+0000] {logging_mixin.py:151} INFO - Fetched 500 games. Total so far: 10000
[2024-11-04T18:59:12.657+0000] {logging_mixin.py:151} INFO - Adding games..
[2024-11-04T18:59:12.659+0000] {logging_mixin.py:151} INFO - Fetched 500 games. Total so far: 10500
[2024-11-04T18:59:12.965+0000] {logging_mixin.py:151} INFO - Adding games..
[2024-11-04T18:59:12.966+0000] {logging_mixin.py:151} INFO - Fetched 500 games. Total so far: 11000
[2024-11-04T18:59:13.260+0000] {logging_mixin.py:151} INFO - Rate limit hit, sleeping for 1 second.
[2024-11-04T18:59:14.262+0000] {taskinstance.py:1935} ERROR - Task failed with exception
Traceback (most recent call last):
  File "/home/airflow/.local/lib/python3.9/site-packages/airflow/operators/python.py", line 192, in execute
    return_value = self.execute_callable()
  File "/home/airflow/.local/lib/python3.9/site-packages/airflow/operators/python.py", line 209, in execute_callable
    return self.python_callable(*self.op_args, **self.op_kwargs)
  File "/opt/airflow/pipelines/game_pipeline.py", line 13, in extract_data
    games = extract_all_games()
  File "/opt/airflow/etls/game_etl.py", line 58, in extract_all_games
    game_data = extract_games(token, limit=limit, offset=offset)
  File "/opt/airflow/etls/game_etl.py", line 45, in extract_games
    response.raise_for_status()
  File "/home/airflow/.local/lib/python3.9/site-packages/requests/models.py", line 1021, in raise_for_status
    raise HTTPError(http_error_msg, response=self)
requests.exceptions.HTTPError: 429 Client Error: Too Many Requests for url: https://api.igdb.com/v4/games
[2024-11-04T18:59:14.275+0000] {taskinstance.py:1398} INFO - Marking task as FAILED. dag_id=etl_game_pipeline, task_id=game_extraction, execution_date=20241104T070405, start_date=20241104T185902, end_date=20241104T185914
[2024-11-04T18:59:14.287+0000] {standard_task_runner.py:104} ERROR - Failed to execute job 45 for task game_extraction (429 Client Error: Too Many Requests for url: https://api.igdb.com/v4/games; 75)
[2024-11-04T18:59:14.322+0000] {local_task_job_runner.py:228} INFO - Task exited with return code 1
[2024-11-04T18:59:14.335+0000] {taskinstance.py:2776} INFO - 0 downstream tasks scheduled from follow-on schedule check
