[2024-11-04T18:15:25.345+0000] {taskinstance.py:1157} INFO - Dependencies all met for dep_context=non-requeueable deps ti=<TaskInstance: etl_game_pipeline.game_extraction manual__2024-11-04T18:15:23.529757+00:00 [queued]>
[2024-11-04T18:15:25.357+0000] {taskinstance.py:1157} INFO - Dependencies all met for dep_context=requeueable deps ti=<TaskInstance: etl_game_pipeline.game_extraction manual__2024-11-04T18:15:23.529757+00:00 [queued]>
[2024-11-04T18:15:25.357+0000] {taskinstance.py:1359} INFO - Starting attempt 1 of 2
[2024-11-04T18:15:25.371+0000] {taskinstance.py:1380} INFO - Executing <Task(PythonOperator): game_extraction> on 2024-11-04 18:15:23.529757+00:00
[2024-11-04T18:15:25.376+0000] {standard_task_runner.py:57} INFO - Started process 51 to run task
[2024-11-04T18:15:25.380+0000] {standard_task_runner.py:84} INFO - Running: ['airflow', 'tasks', 'run', 'etl_game_pipeline', 'game_extraction', 'manual__2024-11-04T18:15:23.529757+00:00', '--job-id', '38', '--raw', '--subdir', 'DAGS_FOLDER/steam_dag.py', '--cfg-path', '/tmp/tmp57u3rotn']
[2024-11-04T18:15:25.383+0000] {standard_task_runner.py:85} INFO - Job 38: Subtask game_extraction
[2024-11-04T18:15:25.428+0000] {task_command.py:415} INFO - Running <TaskInstance: etl_game_pipeline.game_extraction manual__2024-11-04T18:15:23.529757+00:00 [running]> on host f6d6761c5673
[2024-11-04T18:15:25.732+0000] {taskinstance.py:1660} INFO - Exporting env vars: AIRFLOW_CTX_DAG_OWNER='Jordan Welborn' AIRFLOW_CTX_DAG_ID='etl_game_pipeline' AIRFLOW_CTX_TASK_ID='game_extraction' AIRFLOW_CTX_EXECUTION_DATE='2024-11-04T18:15:23.529757+00:00' AIRFLOW_CTX_TRY_NUMBER='1' AIRFLOW_CTX_DAG_RUN_ID='manual__2024-11-04T18:15:23.529757+00:00'
[2024-11-04T18:15:25.740+0000] {logging_mixin.py:151} INFO - Extracting and transforming game data...
[2024-11-04T18:15:26.359+0000] {logging_mixin.py:151} INFO - gxqemphccf075zc58dx3iavurwx62a
[2024-11-04T18:15:26.958+0000] {logging_mixin.py:151} INFO - Adding games..
[2024-11-04T18:15:26.960+0000] {logging_mixin.py:151} INFO - Fetched 500 games. Total so far: 500
[2024-11-04T18:15:27.366+0000] {logging_mixin.py:151} INFO - Adding games..
[2024-11-04T18:15:27.368+0000] {logging_mixin.py:151} INFO - Fetched 500 games. Total so far: 1000
[2024-11-04T18:15:27.751+0000] {logging_mixin.py:151} INFO - Adding games..
[2024-11-04T18:15:27.752+0000] {logging_mixin.py:151} INFO - Fetched 500 games. Total so far: 1500
[2024-11-04T18:15:28.166+0000] {logging_mixin.py:151} INFO - Adding games..
[2024-11-04T18:15:28.167+0000] {logging_mixin.py:151} INFO - Fetched 500 games. Total so far: 2000
[2024-11-04T18:15:28.693+0000] {logging_mixin.py:151} INFO - Adding games..
[2024-11-04T18:15:28.695+0000] {logging_mixin.py:151} INFO - Fetched 500 games. Total so far: 2500
[2024-11-04T18:15:29.114+0000] {logging_mixin.py:151} INFO - Adding games..
[2024-11-04T18:15:29.117+0000] {logging_mixin.py:151} INFO - Fetched 500 games. Total so far: 3000
[2024-11-04T18:15:29.610+0000] {logging_mixin.py:151} INFO - Adding games..
[2024-11-04T18:15:29.611+0000] {logging_mixin.py:151} INFO - Fetched 500 games. Total so far: 3500
[2024-11-04T18:15:30.110+0000] {logging_mixin.py:151} INFO - Adding games..
[2024-11-04T18:15:30.112+0000] {logging_mixin.py:151} INFO - Fetched 500 games. Total so far: 4000
[2024-11-04T18:15:30.734+0000] {logging_mixin.py:151} INFO - Adding games..
[2024-11-04T18:15:30.735+0000] {logging_mixin.py:151} INFO - Fetched 500 games. Total so far: 4500
[2024-11-04T18:15:31.219+0000] {logging_mixin.py:151} INFO - Adding games..
[2024-11-04T18:15:31.221+0000] {logging_mixin.py:151} INFO - Fetched 500 games. Total so far: 5000
[2024-11-04T18:15:31.721+0000] {logging_mixin.py:151} INFO - Adding games..
[2024-11-04T18:15:31.722+0000] {logging_mixin.py:151} INFO - Fetched 500 games. Total so far: 5500
[2024-11-04T18:15:32.204+0000] {logging_mixin.py:151} INFO - Adding games..
[2024-11-04T18:15:32.208+0000] {logging_mixin.py:151} INFO - Fetched 500 games. Total so far: 6000
[2024-11-04T18:15:32.680+0000] {logging_mixin.py:151} INFO - Adding games..
[2024-11-04T18:15:32.682+0000] {logging_mixin.py:151} INFO - Fetched 500 games. Total so far: 6500
[2024-11-04T18:15:33.198+0000] {logging_mixin.py:151} INFO - Adding games..
[2024-11-04T18:15:33.199+0000] {logging_mixin.py:151} INFO - Fetched 500 games. Total so far: 7000
[2024-11-04T18:15:33.742+0000] {logging_mixin.py:151} INFO - Adding games..
[2024-11-04T18:15:33.743+0000] {logging_mixin.py:151} INFO - Fetched 500 games. Total so far: 7500
[2024-11-04T18:15:34.121+0000] {logging_mixin.py:151} INFO - Adding games..
[2024-11-04T18:15:34.122+0000] {logging_mixin.py:151} INFO - Fetched 500 games. Total so far: 8000
[2024-11-04T18:15:34.493+0000] {logging_mixin.py:151} INFO - Adding games..
[2024-11-04T18:15:34.494+0000] {logging_mixin.py:151} INFO - Fetched 500 games. Total so far: 8500
[2024-11-04T18:15:34.862+0000] {logging_mixin.py:151} INFO - Adding games..
[2024-11-04T18:15:34.863+0000] {logging_mixin.py:151} INFO - Fetched 500 games. Total so far: 9000
[2024-11-04T18:15:35.308+0000] {logging_mixin.py:151} INFO - Adding games..
[2024-11-04T18:15:35.309+0000] {logging_mixin.py:151} INFO - Fetched 500 games. Total so far: 9500
[2024-11-04T18:15:35.663+0000] {logging_mixin.py:151} INFO - Adding games..
[2024-11-04T18:15:35.664+0000] {logging_mixin.py:151} INFO - Fetched 500 games. Total so far: 10000
[2024-11-04T18:15:36.017+0000] {logging_mixin.py:151} INFO - Adding games..
[2024-11-04T18:15:36.018+0000] {logging_mixin.py:151} INFO - Fetched 500 games. Total so far: 10500
[2024-11-04T18:15:36.502+0000] {logging_mixin.py:151} INFO - Adding games..
[2024-11-04T18:15:36.503+0000] {logging_mixin.py:151} INFO - Fetched 500 games. Total so far: 11000
[2024-11-04T18:15:36.942+0000] {logging_mixin.py:151} INFO - Adding games..
[2024-11-04T18:15:36.944+0000] {logging_mixin.py:151} INFO - Fetched 500 games. Total so far: 11500
[2024-11-04T18:15:37.465+0000] {logging_mixin.py:151} INFO - Adding games..
[2024-11-04T18:15:37.466+0000] {logging_mixin.py:151} INFO - Fetched 500 games. Total so far: 12000
[2024-11-04T18:15:37.902+0000] {logging_mixin.py:151} INFO - Adding games..
[2024-11-04T18:15:37.904+0000] {logging_mixin.py:151} INFO - Fetched 500 games. Total so far: 12500
[2024-11-04T18:15:38.276+0000] {logging_mixin.py:151} INFO - Adding games..
[2024-11-04T18:15:38.278+0000] {logging_mixin.py:151} INFO - Fetched 500 games. Total so far: 13000
[2024-11-04T18:15:38.870+0000] {logging_mixin.py:151} INFO - Adding games..
[2024-11-04T18:15:38.872+0000] {logging_mixin.py:151} INFO - Fetched 500 games. Total so far: 13500
[2024-11-04T18:15:39.338+0000] {logging_mixin.py:151} INFO - Adding games..
[2024-11-04T18:15:39.339+0000] {logging_mixin.py:151} INFO - Fetched 500 games. Total so far: 14000
[2024-11-04T18:15:39.819+0000] {logging_mixin.py:151} INFO - Adding games..
[2024-11-04T18:15:39.820+0000] {logging_mixin.py:151} INFO - Fetched 500 games. Total so far: 14500
[2024-11-04T18:15:40.236+0000] {logging_mixin.py:151} INFO - Adding games..
[2024-11-04T18:15:40.237+0000] {logging_mixin.py:151} INFO - Fetched 500 games. Total so far: 15000
[2024-11-04T18:15:40.630+0000] {logging_mixin.py:151} INFO - Adding games..
[2024-11-04T18:15:40.631+0000] {logging_mixin.py:151} INFO - Fetched 500 games. Total so far: 15500
[2024-11-04T18:15:40.983+0000] {logging_mixin.py:151} INFO - Adding games..
[2024-11-04T18:15:40.984+0000] {logging_mixin.py:151} INFO - Fetched 500 games. Total so far: 16000
[2024-11-04T18:15:41.480+0000] {logging_mixin.py:151} INFO - Adding games..
[2024-11-04T18:15:41.481+0000] {logging_mixin.py:151} INFO - Fetched 500 games. Total so far: 16500
[2024-11-04T18:15:42.036+0000] {logging_mixin.py:151} INFO - Adding games..
[2024-11-04T18:15:42.038+0000] {logging_mixin.py:151} INFO - Fetched 500 games. Total so far: 17000
[2024-11-04T18:15:42.410+0000] {logging_mixin.py:151} INFO - Adding games..
[2024-11-04T18:15:42.412+0000] {logging_mixin.py:151} INFO - Fetched 500 games. Total so far: 17500
[2024-11-04T18:15:42.765+0000] {logging_mixin.py:151} INFO - Adding games..
[2024-11-04T18:15:42.766+0000] {logging_mixin.py:151} INFO - Fetched 500 games. Total so far: 18000
[2024-11-04T18:15:43.156+0000] {logging_mixin.py:151} INFO - Adding games..
[2024-11-04T18:15:43.158+0000] {logging_mixin.py:151} INFO - Fetched 500 games. Total so far: 18500
[2024-11-04T18:15:43.606+0000] {logging_mixin.py:151} INFO - Adding games..
[2024-11-04T18:15:43.608+0000] {logging_mixin.py:151} INFO - Fetched 500 games. Total so far: 19000
[2024-11-04T18:15:44.124+0000] {logging_mixin.py:151} INFO - Adding games..
[2024-11-04T18:15:44.125+0000] {logging_mixin.py:151} INFO - Fetched 500 games. Total so far: 19500
[2024-11-04T18:15:44.506+0000] {logging_mixin.py:151} INFO - Adding games..
[2024-11-04T18:15:44.508+0000] {logging_mixin.py:151} INFO - Fetched 500 games. Total so far: 20000
[2024-11-04T18:15:44.894+0000] {logging_mixin.py:151} INFO - Adding games..
[2024-11-04T18:15:44.895+0000] {logging_mixin.py:151} INFO - Fetched 500 games. Total so far: 20500
[2024-11-04T18:15:45.209+0000] {logging_mixin.py:151} INFO - Adding games..
[2024-11-04T18:15:45.211+0000] {logging_mixin.py:151} INFO - Fetched 500 games. Total so far: 21000
[2024-11-04T18:15:45.896+0000] {logging_mixin.py:151} INFO - Adding games..
[2024-11-04T18:15:45.898+0000] {logging_mixin.py:151} INFO - Fetched 500 games. Total so far: 21500
[2024-11-04T18:15:46.472+0000] {logging_mixin.py:151} INFO - Adding games..
[2024-11-04T18:15:46.473+0000] {logging_mixin.py:151} INFO - Fetched 500 games. Total so far: 22000
[2024-11-04T18:15:46.809+0000] {logging_mixin.py:151} INFO - Adding games..
[2024-11-04T18:15:46.810+0000] {logging_mixin.py:151} INFO - Fetched 500 games. Total so far: 22500
[2024-11-04T18:15:47.330+0000] {logging_mixin.py:151} INFO - Adding games..
[2024-11-04T18:15:47.332+0000] {logging_mixin.py:151} INFO - Fetched 500 games. Total so far: 23000
[2024-11-04T18:15:47.683+0000] {logging_mixin.py:151} INFO - Adding games..
[2024-11-04T18:15:47.684+0000] {logging_mixin.py:151} INFO - Fetched 500 games. Total so far: 23500
[2024-11-04T18:15:48.216+0000] {logging_mixin.py:151} INFO - Adding games..
[2024-11-04T18:15:48.217+0000] {logging_mixin.py:151} INFO - Fetched 500 games. Total so far: 24000
[2024-11-04T18:15:48.606+0000] {logging_mixin.py:151} INFO - Adding games..
[2024-11-04T18:15:48.608+0000] {logging_mixin.py:151} INFO - Fetched 500 games. Total so far: 24500
[2024-11-04T18:15:48.978+0000] {logging_mixin.py:151} INFO - Adding games..
[2024-11-04T18:15:48.979+0000] {logging_mixin.py:151} INFO - Fetched 500 games. Total so far: 25000
[2024-11-04T18:15:49.565+0000] {logging_mixin.py:151} INFO - Adding games..
[2024-11-04T18:15:49.566+0000] {logging_mixin.py:151} INFO - Fetched 500 games. Total so far: 25500
[2024-11-04T18:15:49.889+0000] {logging_mixin.py:151} INFO - Adding games..
[2024-11-04T18:15:49.891+0000] {logging_mixin.py:151} INFO - Fetched 500 games. Total so far: 26000
[2024-11-04T18:15:50.288+0000] {logging_mixin.py:151} INFO - Adding games..
[2024-11-04T18:15:50.290+0000] {logging_mixin.py:151} INFO - Fetched 500 games. Total so far: 26500
[2024-11-04T18:15:50.636+0000] {logging_mixin.py:151} INFO - Adding games..
[2024-11-04T18:15:50.638+0000] {logging_mixin.py:151} INFO - Fetched 500 games. Total so far: 27000
[2024-11-04T18:15:51.013+0000] {logging_mixin.py:151} INFO - Adding games..
[2024-11-04T18:15:51.015+0000] {logging_mixin.py:151} INFO - Fetched 500 games. Total so far: 27500
[2024-11-04T18:15:51.473+0000] {logging_mixin.py:151} INFO - Adding games..
[2024-11-04T18:15:51.475+0000] {logging_mixin.py:151} INFO - Fetched 500 games. Total so far: 28000
[2024-11-04T18:15:51.979+0000] {logging_mixin.py:151} INFO - Adding games..
[2024-11-04T18:15:51.981+0000] {logging_mixin.py:151} INFO - Fetched 500 games. Total so far: 28500
[2024-11-04T18:15:52.375+0000] {logging_mixin.py:151} INFO - Adding games..
[2024-11-04T18:15:52.376+0000] {logging_mixin.py:151} INFO - Fetched 500 games. Total so far: 29000
[2024-11-04T18:15:52.733+0000] {logging_mixin.py:151} INFO - Adding games..
[2024-11-04T18:15:52.735+0000] {logging_mixin.py:151} INFO - Fetched 500 games. Total so far: 29500
[2024-11-04T18:15:53.153+0000] {logging_mixin.py:151} INFO - Adding games..
[2024-11-04T18:15:53.154+0000] {logging_mixin.py:151} INFO - Fetched 500 games. Total so far: 30000
[2024-11-04T18:15:53.690+0000] {logging_mixin.py:151} INFO - Adding games..
[2024-11-04T18:15:53.691+0000] {logging_mixin.py:151} INFO - Fetched 500 games. Total so far: 30500
[2024-11-04T18:15:54.216+0000] {logging_mixin.py:151} INFO - Adding games..
[2024-11-04T18:15:54.218+0000] {logging_mixin.py:151} INFO - Fetched 500 games. Total so far: 31000
[2024-11-04T18:15:54.773+0000] {logging_mixin.py:151} INFO - Adding games..
[2024-11-04T18:15:54.775+0000] {logging_mixin.py:151} INFO - Fetched 500 games. Total so far: 31500
[2024-11-04T18:15:55.205+0000] {logging_mixin.py:151} INFO - Adding games..
[2024-11-04T18:15:55.206+0000] {logging_mixin.py:151} INFO - Fetched 500 games. Total so far: 32000
[2024-11-04T18:15:55.615+0000] {logging_mixin.py:151} INFO - Adding games..
[2024-11-04T18:15:55.617+0000] {logging_mixin.py:151} INFO - Fetched 500 games. Total so far: 32500
[2024-11-04T18:15:56.058+0000] {logging_mixin.py:151} INFO - Adding games..
[2024-11-04T18:15:56.060+0000] {logging_mixin.py:151} INFO - Fetched 500 games. Total so far: 33000
[2024-11-04T18:15:56.580+0000] {logging_mixin.py:151} INFO - Adding games..
[2024-11-04T18:15:56.581+0000] {logging_mixin.py:151} INFO - Fetched 500 games. Total so far: 33500
[2024-11-04T18:15:56.992+0000] {logging_mixin.py:151} INFO - Adding games..
[2024-11-04T18:15:56.993+0000] {logging_mixin.py:151} INFO - Fetched 500 games. Total so far: 34000
[2024-11-04T18:15:57.354+0000] {logging_mixin.py:151} INFO - Adding games..
[2024-11-04T18:15:57.355+0000] {logging_mixin.py:151} INFO - Fetched 500 games. Total so far: 34500
[2024-11-04T18:15:57.908+0000] {logging_mixin.py:151} INFO - Adding games..
[2024-11-04T18:15:57.909+0000] {logging_mixin.py:151} INFO - Fetched 500 games. Total so far: 35000
[2024-11-04T18:15:58.250+0000] {logging_mixin.py:151} INFO - Adding games..
[2024-11-04T18:15:58.252+0000] {logging_mixin.py:151} INFO - Fetched 500 games. Total so far: 35500
[2024-11-04T18:15:58.680+0000] {logging_mixin.py:151} INFO - Adding games..
[2024-11-04T18:15:58.681+0000] {logging_mixin.py:151} INFO - Fetched 500 games. Total so far: 36000
[2024-11-04T18:15:59.095+0000] {logging_mixin.py:151} INFO - Adding games..
[2024-11-04T18:15:59.096+0000] {logging_mixin.py:151} INFO - Fetched 500 games. Total so far: 36500
[2024-11-04T18:15:59.455+0000] {logging_mixin.py:151} INFO - Adding games..
[2024-11-04T18:15:59.456+0000] {logging_mixin.py:151} INFO - Fetched 500 games. Total so far: 37000
[2024-11-04T18:15:59.778+0000] {logging_mixin.py:151} INFO - Adding games..
[2024-11-04T18:15:59.780+0000] {logging_mixin.py:151} INFO - Fetched 500 games. Total so far: 37500
[2024-11-04T18:16:00.180+0000] {logging_mixin.py:151} INFO - Adding games..
[2024-11-04T18:16:00.181+0000] {logging_mixin.py:151} INFO - Fetched 500 games. Total so far: 38000
[2024-11-04T18:16:00.516+0000] {logging_mixin.py:151} INFO - Adding games..
[2024-11-04T18:16:00.517+0000] {logging_mixin.py:151} INFO - Fetched 500 games. Total so far: 38500
[2024-11-04T18:16:00.911+0000] {logging_mixin.py:151} INFO - Adding games..
[2024-11-04T18:16:00.913+0000] {logging_mixin.py:151} INFO - Fetched 500 games. Total so far: 39000
[2024-11-04T18:16:01.352+0000] {logging_mixin.py:151} INFO - Adding games..
[2024-11-04T18:16:01.353+0000] {logging_mixin.py:151} INFO - Fetched 500 games. Total so far: 39500
[2024-11-04T18:16:01.788+0000] {logging_mixin.py:151} INFO - Adding games..
[2024-11-04T18:16:01.789+0000] {logging_mixin.py:151} INFO - Fetched 500 games. Total so far: 40000
[2024-11-04T18:16:02.162+0000] {logging_mixin.py:151} INFO - Adding games..
[2024-11-04T18:16:02.163+0000] {logging_mixin.py:151} INFO - Fetched 500 games. Total so far: 40500
[2024-11-04T18:16:02.701+0000] {logging_mixin.py:151} INFO - Adding games..
[2024-11-04T18:16:02.702+0000] {logging_mixin.py:151} INFO - Fetched 500 games. Total so far: 41000
[2024-11-04T18:16:03.172+0000] {logging_mixin.py:151} INFO - Adding games..
[2024-11-04T18:16:03.174+0000] {logging_mixin.py:151} INFO - Fetched 500 games. Total so far: 41500
[2024-11-04T18:16:03.586+0000] {logging_mixin.py:151} INFO - Adding games..
[2024-11-04T18:16:03.588+0000] {logging_mixin.py:151} INFO - Fetched 500 games. Total so far: 42000
[2024-11-04T18:16:04.203+0000] {logging_mixin.py:151} INFO - Adding games..
[2024-11-04T18:16:04.205+0000] {logging_mixin.py:151} INFO - Fetched 500 games. Total so far: 42500
[2024-11-04T18:16:04.730+0000] {logging_mixin.py:151} INFO - Adding games..
[2024-11-04T18:16:04.732+0000] {logging_mixin.py:151} INFO - Fetched 500 games. Total so far: 43000
[2024-11-04T18:16:05.304+0000] {logging_mixin.py:151} INFO - Adding games..
[2024-11-04T18:16:05.306+0000] {logging_mixin.py:151} INFO - Fetched 500 games. Total so far: 43500
[2024-11-04T18:16:05.755+0000] {logging_mixin.py:151} INFO - Adding games..
[2024-11-04T18:16:05.757+0000] {logging_mixin.py:151} INFO - Fetched 500 games. Total so far: 44000
[2024-11-04T18:16:06.187+0000] {logging_mixin.py:151} INFO - Adding games..
[2024-11-04T18:16:06.189+0000] {logging_mixin.py:151} INFO - Fetched 500 games. Total so far: 44500
[2024-11-04T18:16:06.624+0000] {logging_mixin.py:151} INFO - Adding games..
[2024-11-04T18:16:06.626+0000] {logging_mixin.py:151} INFO - Fetched 500 games. Total so far: 45000
[2024-11-04T18:16:06.995+0000] {logging_mixin.py:151} INFO - Adding games..
[2024-11-04T18:16:06.997+0000] {logging_mixin.py:151} INFO - Fetched 500 games. Total so far: 45500
[2024-11-04T18:16:07.509+0000] {logging_mixin.py:151} INFO - Adding games..
[2024-11-04T18:16:07.511+0000] {logging_mixin.py:151} INFO - Fetched 500 games. Total so far: 46000
[2024-11-04T18:16:07.921+0000] {logging_mixin.py:151} INFO - Adding games..
[2024-11-04T18:16:07.922+0000] {logging_mixin.py:151} INFO - Fetched 500 games. Total so far: 46500
[2024-11-04T18:16:08.556+0000] {logging_mixin.py:151} INFO - Adding games..
[2024-11-04T18:16:08.558+0000] {logging_mixin.py:151} INFO - Fetched 500 games. Total so far: 47000
[2024-11-04T18:16:09.030+0000] {logging_mixin.py:151} INFO - Adding games..
[2024-11-04T18:16:09.031+0000] {logging_mixin.py:151} INFO - Fetched 500 games. Total so far: 47500
[2024-11-04T18:16:09.382+0000] {logging_mixin.py:151} INFO - Adding games..
[2024-11-04T18:16:09.384+0000] {logging_mixin.py:151} INFO - Fetched 500 games. Total so far: 48000
[2024-11-04T18:16:09.936+0000] {logging_mixin.py:151} INFO - Adding games..
[2024-11-04T18:16:09.937+0000] {logging_mixin.py:151} INFO - Fetched 500 games. Total so far: 48500
[2024-11-04T18:16:10.453+0000] {logging_mixin.py:151} INFO - Adding games..
[2024-11-04T18:16:10.454+0000] {logging_mixin.py:151} INFO - Fetched 500 games. Total so far: 49000
[2024-11-04T18:16:10.815+0000] {logging_mixin.py:151} INFO - Adding games..
[2024-11-04T18:16:10.817+0000] {logging_mixin.py:151} INFO - Fetched 500 games. Total so far: 49500
[2024-11-04T18:16:11.409+0000] {logging_mixin.py:151} INFO - Adding games..
[2024-11-04T18:16:11.410+0000] {logging_mixin.py:151} INFO - Fetched 500 games. Total so far: 50000
[2024-11-04T18:16:11.808+0000] {logging_mixin.py:151} INFO - Adding games..
[2024-11-04T18:16:11.809+0000] {logging_mixin.py:151} INFO - Fetched 500 games. Total so far: 50500
[2024-11-04T18:16:12.603+0000] {logging_mixin.py:151} INFO - Adding games..
[2024-11-04T18:16:12.604+0000] {logging_mixin.py:151} INFO - Fetched 500 games. Total so far: 51000
[2024-11-04T18:16:13.160+0000] {logging_mixin.py:151} INFO - Adding games..
[2024-11-04T18:16:13.161+0000] {logging_mixin.py:151} INFO - Fetched 500 games. Total so far: 51500
[2024-11-04T18:16:13.583+0000] {logging_mixin.py:151} INFO - Adding games..
[2024-11-04T18:16:13.585+0000] {logging_mixin.py:151} INFO - Fetched 500 games. Total so far: 52000
[2024-11-04T18:16:14.113+0000] {logging_mixin.py:151} INFO - Adding games..
[2024-11-04T18:16:14.115+0000] {logging_mixin.py:151} INFO - Fetched 500 games. Total so far: 52500
[2024-11-04T18:16:14.536+0000] {logging_mixin.py:151} INFO - Adding games..
[2024-11-04T18:16:14.538+0000] {logging_mixin.py:151} INFO - Fetched 500 games. Total so far: 53000
[2024-11-04T18:16:14.917+0000] {logging_mixin.py:151} INFO - Adding games..
[2024-11-04T18:16:14.919+0000] {logging_mixin.py:151} INFO - Fetched 500 games. Total so far: 53500
[2024-11-04T18:16:15.508+0000] {logging_mixin.py:151} INFO - Adding games..
[2024-11-04T18:16:15.509+0000] {logging_mixin.py:151} INFO - Fetched 500 games. Total so far: 54000
[2024-11-04T18:16:15.869+0000] {logging_mixin.py:151} INFO - Adding games..
[2024-11-04T18:16:15.870+0000] {logging_mixin.py:151} INFO - Fetched 500 games. Total so far: 54500
[2024-11-04T18:16:16.279+0000] {logging_mixin.py:151} INFO - Adding games..
[2024-11-04T18:16:16.281+0000] {logging_mixin.py:151} INFO - Fetched 500 games. Total so far: 55000
[2024-11-04T18:16:16.698+0000] {logging_mixin.py:151} INFO - Adding games..
[2024-11-04T18:16:16.699+0000] {logging_mixin.py:151} INFO - Fetched 500 games. Total so far: 55500
[2024-11-04T18:16:17.063+0000] {logging_mixin.py:151} INFO - Adding games..
[2024-11-04T18:16:17.064+0000] {logging_mixin.py:151} INFO - Fetched 500 games. Total so far: 56000
[2024-11-04T18:16:17.550+0000] {logging_mixin.py:151} INFO - Adding games..
[2024-11-04T18:16:17.552+0000] {logging_mixin.py:151} INFO - Fetched 500 games. Total so far: 56500
[2024-11-04T18:16:18.133+0000] {logging_mixin.py:151} INFO - Adding games..
[2024-11-04T18:16:18.134+0000] {logging_mixin.py:151} INFO - Fetched 500 games. Total so far: 57000
[2024-11-04T18:16:18.494+0000] {logging_mixin.py:151} INFO - Adding games..
[2024-11-04T18:16:18.496+0000] {logging_mixin.py:151} INFO - Fetched 500 games. Total so far: 57500
[2024-11-04T18:16:18.946+0000] {logging_mixin.py:151} INFO - Adding games..
[2024-11-04T18:16:18.947+0000] {logging_mixin.py:151} INFO - Fetched 500 games. Total so far: 58000
[2024-11-04T18:16:19.364+0000] {logging_mixin.py:151} INFO - Adding games..
[2024-11-04T18:16:19.366+0000] {logging_mixin.py:151} INFO - Fetched 500 games. Total so far: 58500
[2024-11-04T18:16:19.926+0000] {logging_mixin.py:151} INFO - Adding games..
[2024-11-04T18:16:19.928+0000] {logging_mixin.py:151} INFO - Fetched 500 games. Total so far: 59000
[2024-11-04T18:16:20.360+0000] {logging_mixin.py:151} INFO - Adding games..
[2024-11-04T18:16:20.362+0000] {logging_mixin.py:151} INFO - Fetched 500 games. Total so far: 59500
[2024-11-04T18:16:20.716+0000] {logging_mixin.py:151} INFO - Adding games..
[2024-11-04T18:16:20.717+0000] {logging_mixin.py:151} INFO - Fetched 500 games. Total so far: 60000
[2024-11-04T18:16:21.248+0000] {logging_mixin.py:151} INFO - Adding games..
[2024-11-04T18:16:21.249+0000] {logging_mixin.py:151} INFO - Fetched 500 games. Total so far: 60500
[2024-11-04T18:16:21.837+0000] {logging_mixin.py:151} INFO - Adding games..
[2024-11-04T18:16:21.838+0000] {logging_mixin.py:151} INFO - Fetched 500 games. Total so far: 61000
[2024-11-04T18:16:22.392+0000] {logging_mixin.py:151} INFO - Adding games..
[2024-11-04T18:16:22.394+0000] {logging_mixin.py:151} INFO - Fetched 500 games. Total so far: 61500
[2024-11-04T18:16:23.016+0000] {logging_mixin.py:151} INFO - Adding games..
[2024-11-04T18:16:23.018+0000] {logging_mixin.py:151} INFO - Fetched 500 games. Total so far: 62000
[2024-11-04T18:16:23.490+0000] {logging_mixin.py:151} INFO - Adding games..
[2024-11-04T18:16:23.491+0000] {logging_mixin.py:151} INFO - Fetched 500 games. Total so far: 62500
[2024-11-04T18:16:23.972+0000] {logging_mixin.py:151} INFO - Adding games..
[2024-11-04T18:16:23.973+0000] {logging_mixin.py:151} INFO - Fetched 500 games. Total so far: 63000
[2024-11-04T18:16:24.445+0000] {logging_mixin.py:151} INFO - Adding games..
[2024-11-04T18:16:24.446+0000] {logging_mixin.py:151} INFO - Fetched 500 games. Total so far: 63500
[2024-11-04T18:16:24.853+0000] {logging_mixin.py:151} INFO - Adding games..
[2024-11-04T18:16:24.855+0000] {logging_mixin.py:151} INFO - Fetched 500 games. Total so far: 64000
[2024-11-04T18:16:25.404+0000] {logging_mixin.py:151} INFO - Adding games..
[2024-11-04T18:16:25.405+0000] {logging_mixin.py:151} INFO - Fetched 500 games. Total so far: 64500
[2024-11-04T18:16:25.862+0000] {logging_mixin.py:151} INFO - Adding games..
[2024-11-04T18:16:25.864+0000] {logging_mixin.py:151} INFO - Fetched 500 games. Total so far: 65000
[2024-11-04T18:16:26.337+0000] {logging_mixin.py:151} INFO - Adding games..
[2024-11-04T18:16:26.338+0000] {logging_mixin.py:151} INFO - Fetched 500 games. Total so far: 65500
[2024-11-04T18:16:26.810+0000] {logging_mixin.py:151} INFO - Adding games..
[2024-11-04T18:16:26.812+0000] {logging_mixin.py:151} INFO - Fetched 500 games. Total so far: 66000
[2024-11-04T18:16:27.256+0000] {logging_mixin.py:151} INFO - Adding games..
[2024-11-04T18:16:27.257+0000] {logging_mixin.py:151} INFO - Fetched 500 games. Total so far: 66500
[2024-11-04T18:16:27.681+0000] {logging_mixin.py:151} INFO - Adding games..
[2024-11-04T18:16:27.682+0000] {logging_mixin.py:151} INFO - Fetched 500 games. Total so far: 67000
[2024-11-04T18:16:28.098+0000] {logging_mixin.py:151} INFO - Adding games..
[2024-11-04T18:16:28.101+0000] {logging_mixin.py:151} INFO - Fetched 500 games. Total so far: 67500
[2024-11-04T18:16:28.581+0000] {logging_mixin.py:151} INFO - Adding games..
[2024-11-04T18:16:28.583+0000] {logging_mixin.py:151} INFO - Fetched 500 games. Total so far: 68000
[2024-11-04T18:16:28.998+0000] {logging_mixin.py:151} INFO - Adding games..
[2024-11-04T18:16:29.000+0000] {logging_mixin.py:151} INFO - Fetched 500 games. Total so far: 68500
[2024-11-04T18:16:29.451+0000] {logging_mixin.py:151} INFO - Adding games..
[2024-11-04T18:16:29.453+0000] {logging_mixin.py:151} INFO - Fetched 500 games. Total so far: 69000
[2024-11-04T18:16:29.918+0000] {logging_mixin.py:151} INFO - Adding games..
[2024-11-04T18:16:29.920+0000] {logging_mixin.py:151} INFO - Fetched 500 games. Total so far: 69500
[2024-11-04T18:16:30.358+0000] {logging_mixin.py:151} INFO - Adding games..
[2024-11-04T18:16:30.360+0000] {logging_mixin.py:151} INFO - Fetched 500 games. Total so far: 70000
[2024-11-04T18:16:30.963+0000] {logging_mixin.py:151} INFO - Adding games..
[2024-11-04T18:16:30.965+0000] {logging_mixin.py:151} INFO - Fetched 500 games. Total so far: 70500
[2024-11-04T18:16:31.375+0000] {logging_mixin.py:151} INFO - Adding games..
[2024-11-04T18:16:31.376+0000] {logging_mixin.py:151} INFO - Fetched 500 games. Total so far: 71000
[2024-11-04T18:16:31.731+0000] {logging_mixin.py:151} INFO - Adding games..
[2024-11-04T18:16:31.733+0000] {logging_mixin.py:151} INFO - Fetched 500 games. Total so far: 71500
[2024-11-04T18:16:32.176+0000] {logging_mixin.py:151} INFO - Adding games..
[2024-11-04T18:16:32.178+0000] {logging_mixin.py:151} INFO - Fetched 500 games. Total so far: 72000
[2024-11-04T18:16:32.627+0000] {logging_mixin.py:151} INFO - Adding games..
[2024-11-04T18:16:32.629+0000] {logging_mixin.py:151} INFO - Fetched 500 games. Total so far: 72500
[2024-11-04T18:16:33.143+0000] {logging_mixin.py:151} INFO - Adding games..
[2024-11-04T18:16:33.145+0000] {logging_mixin.py:151} INFO - Fetched 500 games. Total so far: 73000
[2024-11-04T18:16:33.563+0000] {logging_mixin.py:151} INFO - Adding games..
[2024-11-04T18:16:33.565+0000] {logging_mixin.py:151} INFO - Fetched 500 games. Total so far: 73500
[2024-11-04T18:16:34.271+0000] {logging_mixin.py:151} INFO - Adding games..
[2024-11-04T18:16:34.272+0000] {logging_mixin.py:151} INFO - Fetched 500 games. Total so far: 74000
[2024-11-04T18:16:34.788+0000] {logging_mixin.py:151} INFO - Adding games..
[2024-11-04T18:16:34.790+0000] {logging_mixin.py:151} INFO - Fetched 500 games. Total so far: 74500
[2024-11-04T18:16:35.205+0000] {logging_mixin.py:151} INFO - Adding games..
[2024-11-04T18:16:35.207+0000] {logging_mixin.py:151} INFO - Fetched 500 games. Total so far: 75000
[2024-11-04T18:16:35.581+0000] {logging_mixin.py:151} INFO - Adding games..
[2024-11-04T18:16:35.583+0000] {logging_mixin.py:151} INFO - Fetched 500 games. Total so far: 75500
[2024-11-04T18:16:36.023+0000] {logging_mixin.py:151} INFO - Adding games..
[2024-11-04T18:16:36.024+0000] {logging_mixin.py:151} INFO - Fetched 500 games. Total so far: 76000
[2024-11-04T18:16:36.489+0000] {logging_mixin.py:151} INFO - Adding games..
[2024-11-04T18:16:36.491+0000] {logging_mixin.py:151} INFO - Fetched 500 games. Total so far: 76500
[2024-11-04T18:16:36.955+0000] {logging_mixin.py:151} INFO - Adding games..
[2024-11-04T18:16:36.957+0000] {logging_mixin.py:151} INFO - Fetched 500 games. Total so far: 77000
[2024-11-04T18:16:37.450+0000] {logging_mixin.py:151} INFO - Adding games..
[2024-11-04T18:16:37.451+0000] {logging_mixin.py:151} INFO - Fetched 500 games. Total so far: 77500
[2024-11-04T18:16:37.829+0000] {logging_mixin.py:151} INFO - Adding games..
[2024-11-04T18:16:37.830+0000] {logging_mixin.py:151} INFO - Fetched 500 games. Total so far: 78000
[2024-11-04T18:16:38.266+0000] {logging_mixin.py:151} INFO - Adding games..
[2024-11-04T18:16:38.267+0000] {logging_mixin.py:151} INFO - Fetched 500 games. Total so far: 78500
[2024-11-04T18:16:38.672+0000] {logging_mixin.py:151} INFO - Adding games..
[2024-11-04T18:16:38.673+0000] {logging_mixin.py:151} INFO - Fetched 500 games. Total so far: 79000
[2024-11-04T18:16:39.113+0000] {logging_mixin.py:151} INFO - Adding games..
[2024-11-04T18:16:39.114+0000] {logging_mixin.py:151} INFO - Fetched 500 games. Total so far: 79500
[2024-11-04T18:16:39.488+0000] {logging_mixin.py:151} INFO - Adding games..
[2024-11-04T18:16:39.490+0000] {logging_mixin.py:151} INFO - Fetched 500 games. Total so far: 80000
[2024-11-04T18:16:40.091+0000] {logging_mixin.py:151} INFO - Adding games..
[2024-11-04T18:16:40.092+0000] {logging_mixin.py:151} INFO - Fetched 500 games. Total so far: 80500
[2024-11-04T18:16:40.470+0000] {logging_mixin.py:151} INFO - Adding games..
[2024-11-04T18:16:40.472+0000] {logging_mixin.py:151} INFO - Fetched 500 games. Total so far: 81000
[2024-11-04T18:16:40.931+0000] {logging_mixin.py:151} INFO - Adding games..
[2024-11-04T18:16:40.932+0000] {logging_mixin.py:151} INFO - Fetched 500 games. Total so far: 81500
[2024-11-04T18:16:41.341+0000] {logging_mixin.py:151} INFO - Adding games..
[2024-11-04T18:16:41.343+0000] {logging_mixin.py:151} INFO - Fetched 500 games. Total so far: 82000
[2024-11-04T18:16:41.943+0000] {logging_mixin.py:151} INFO - Adding games..
[2024-11-04T18:16:41.945+0000] {logging_mixin.py:151} INFO - Fetched 500 games. Total so far: 82500
[2024-11-04T18:16:42.439+0000] {logging_mixin.py:151} INFO - Adding games..
[2024-11-04T18:16:42.440+0000] {logging_mixin.py:151} INFO - Fetched 500 games. Total so far: 83000
[2024-11-04T18:16:42.829+0000] {logging_mixin.py:151} INFO - Adding games..
[2024-11-04T18:16:42.830+0000] {logging_mixin.py:151} INFO - Fetched 500 games. Total so far: 83500
[2024-11-04T18:16:43.316+0000] {logging_mixin.py:151} INFO - Adding games..
[2024-11-04T18:16:43.317+0000] {logging_mixin.py:151} INFO - Fetched 500 games. Total so far: 84000
[2024-11-04T18:16:43.906+0000] {logging_mixin.py:151} INFO - Adding games..
[2024-11-04T18:16:43.907+0000] {logging_mixin.py:151} INFO - Fetched 500 games. Total so far: 84500
[2024-11-04T18:16:44.448+0000] {logging_mixin.py:151} INFO - Adding games..
[2024-11-04T18:16:44.450+0000] {logging_mixin.py:151} INFO - Fetched 500 games. Total so far: 85000
[2024-11-04T18:16:44.804+0000] {logging_mixin.py:151} INFO - Adding games..
[2024-11-04T18:16:44.806+0000] {logging_mixin.py:151} INFO - Fetched 500 games. Total so far: 85500
[2024-11-04T18:16:45.270+0000] {logging_mixin.py:151} INFO - Adding games..
[2024-11-04T18:16:45.271+0000] {logging_mixin.py:151} INFO - Fetched 500 games. Total so far: 86000
[2024-11-04T18:16:45.696+0000] {logging_mixin.py:151} INFO - Adding games..
[2024-11-04T18:16:45.698+0000] {logging_mixin.py:151} INFO - Fetched 500 games. Total so far: 86500
[2024-11-04T18:16:46.158+0000] {logging_mixin.py:151} INFO - Adding games..
[2024-11-04T18:16:46.159+0000] {logging_mixin.py:151} INFO - Fetched 500 games. Total so far: 87000
[2024-11-04T18:16:46.569+0000] {logging_mixin.py:151} INFO - Adding games..
[2024-11-04T18:16:46.571+0000] {logging_mixin.py:151} INFO - Fetched 500 games. Total so far: 87500
[2024-11-04T18:16:47.025+0000] {logging_mixin.py:151} INFO - Adding games..
[2024-11-04T18:16:47.027+0000] {logging_mixin.py:151} INFO - Fetched 500 games. Total so far: 88000
[2024-11-04T18:16:47.530+0000] {logging_mixin.py:151} INFO - Adding games..
[2024-11-04T18:16:47.531+0000] {logging_mixin.py:151} INFO - Fetched 500 games. Total so far: 88500
[2024-11-04T18:16:47.892+0000] {logging_mixin.py:151} INFO - Adding games..
[2024-11-04T18:16:47.894+0000] {logging_mixin.py:151} INFO - Fetched 500 games. Total so far: 89000
[2024-11-04T18:16:48.348+0000] {logging_mixin.py:151} INFO - Adding games..
[2024-11-04T18:16:48.350+0000] {logging_mixin.py:151} INFO - Fetched 500 games. Total so far: 89500
[2024-11-04T18:16:48.812+0000] {logging_mixin.py:151} INFO - Adding games..
[2024-11-04T18:16:48.813+0000] {logging_mixin.py:151} INFO - Fetched 500 games. Total so far: 90000
[2024-11-04T18:16:49.211+0000] {logging_mixin.py:151} INFO - Adding games..
[2024-11-04T18:16:49.214+0000] {logging_mixin.py:151} INFO - Fetched 500 games. Total so far: 90500
[2024-11-04T18:16:49.602+0000] {logging_mixin.py:151} INFO - Adding games..
[2024-11-04T18:16:49.604+0000] {logging_mixin.py:151} INFO - Fetched 500 games. Total so far: 91000
[2024-11-04T18:16:50.200+0000] {logging_mixin.py:151} INFO - Adding games..
[2024-11-04T18:16:50.202+0000] {logging_mixin.py:151} INFO - Fetched 500 games. Total so far: 91500
[2024-11-04T18:16:50.621+0000] {logging_mixin.py:151} INFO - Adding games..
[2024-11-04T18:16:50.622+0000] {logging_mixin.py:151} INFO - Fetched 500 games. Total so far: 92000
[2024-11-04T18:16:51.204+0000] {logging_mixin.py:151} INFO - Adding games..
[2024-11-04T18:16:51.206+0000] {logging_mixin.py:151} INFO - Fetched 500 games. Total so far: 92500
[2024-11-04T18:16:51.795+0000] {logging_mixin.py:151} INFO - Adding games..
[2024-11-04T18:16:51.797+0000] {logging_mixin.py:151} INFO - Fetched 500 games. Total so far: 93000
[2024-11-04T18:16:52.216+0000] {logging_mixin.py:151} INFO - Adding games..
[2024-11-04T18:16:52.217+0000] {logging_mixin.py:151} INFO - Fetched 500 games. Total so far: 93500
[2024-11-04T18:16:52.783+0000] {logging_mixin.py:151} INFO - Adding games..
[2024-11-04T18:16:52.785+0000] {logging_mixin.py:151} INFO - Fetched 500 games. Total so far: 94000
[2024-11-04T18:16:53.176+0000] {logging_mixin.py:151} INFO - Adding games..
[2024-11-04T18:16:53.177+0000] {logging_mixin.py:151} INFO - Fetched 500 games. Total so far: 94500
[2024-11-04T18:16:53.618+0000] {logging_mixin.py:151} INFO - Adding games..
[2024-11-04T18:16:53.619+0000] {logging_mixin.py:151} INFO - Fetched 500 games. Total so far: 95000
[2024-11-04T18:16:54.208+0000] {logging_mixin.py:151} INFO - Adding games..
[2024-11-04T18:16:54.210+0000] {logging_mixin.py:151} INFO - Fetched 500 games. Total so far: 95500
[2024-11-04T18:16:54.680+0000] {logging_mixin.py:151} INFO - Adding games..
[2024-11-04T18:16:54.682+0000] {logging_mixin.py:151} INFO - Fetched 500 games. Total so far: 96000
[2024-11-04T18:16:55.084+0000] {logging_mixin.py:151} INFO - Adding games..
[2024-11-04T18:16:55.085+0000] {logging_mixin.py:151} INFO - Fetched 500 games. Total so far: 96500
[2024-11-04T18:16:55.537+0000] {logging_mixin.py:151} INFO - Adding games..
[2024-11-04T18:16:55.539+0000] {logging_mixin.py:151} INFO - Fetched 500 games. Total so far: 97000
[2024-11-04T18:16:55.987+0000] {logging_mixin.py:151} INFO - Adding games..
[2024-11-04T18:16:55.989+0000] {logging_mixin.py:151} INFO - Fetched 500 games. Total so far: 97500
[2024-11-04T18:16:56.441+0000] {logging_mixin.py:151} INFO - Adding games..
[2024-11-04T18:16:56.442+0000] {logging_mixin.py:151} INFO - Fetched 500 games. Total so far: 98000
[2024-11-04T18:16:56.911+0000] {logging_mixin.py:151} INFO - Adding games..
[2024-11-04T18:16:56.913+0000] {logging_mixin.py:151} INFO - Fetched 500 games. Total so far: 98500
[2024-11-04T18:16:57.384+0000] {logging_mixin.py:151} INFO - Adding games..
[2024-11-04T18:16:57.386+0000] {logging_mixin.py:151} INFO - Fetched 500 games. Total so far: 99000
[2024-11-04T18:16:58.013+0000] {logging_mixin.py:151} INFO - Adding games..
[2024-11-04T18:16:58.015+0000] {logging_mixin.py:151} INFO - Fetched 500 games. Total so far: 99500
[2024-11-04T18:16:58.450+0000] {logging_mixin.py:151} INFO - Adding games..
[2024-11-04T18:16:58.451+0000] {logging_mixin.py:151} INFO - Fetched 500 games. Total so far: 100000
[2024-11-04T18:16:59.084+0000] {logging_mixin.py:151} INFO - Adding games..
[2024-11-04T18:16:59.085+0000] {logging_mixin.py:151} INFO - Fetched 500 games. Total so far: 100500
[2024-11-04T18:16:59.558+0000] {logging_mixin.py:151} INFO - Adding games..
[2024-11-04T18:16:59.560+0000] {logging_mixin.py:151} INFO - Fetched 500 games. Total so far: 101000
[2024-11-04T18:17:00.017+0000] {logging_mixin.py:151} INFO - Adding games..
[2024-11-04T18:17:00.018+0000] {logging_mixin.py:151} INFO - Fetched 500 games. Total so far: 101500
[2024-11-04T18:17:00.536+0000] {logging_mixin.py:151} INFO - Adding games..
[2024-11-04T18:17:00.538+0000] {logging_mixin.py:151} INFO - Fetched 500 games. Total so far: 102000
[2024-11-04T18:17:01.133+0000] {logging_mixin.py:151} INFO - Adding games..
[2024-11-04T18:17:01.135+0000] {logging_mixin.py:151} INFO - Fetched 500 games. Total so far: 102500
[2024-11-04T18:17:01.576+0000] {logging_mixin.py:151} INFO - Adding games..
[2024-11-04T18:17:01.578+0000] {logging_mixin.py:151} INFO - Fetched 500 games. Total so far: 103000
[2024-11-04T18:17:02.026+0000] {logging_mixin.py:151} INFO - Adding games..
[2024-11-04T18:17:02.028+0000] {logging_mixin.py:151} INFO - Fetched 500 games. Total so far: 103500
[2024-11-04T18:17:02.404+0000] {logging_mixin.py:151} INFO - Adding games..
[2024-11-04T18:17:02.406+0000] {logging_mixin.py:151} INFO - Fetched 500 games. Total so far: 104000
[2024-11-04T18:17:02.984+0000] {logging_mixin.py:151} INFO - Adding games..
[2024-11-04T18:17:02.985+0000] {logging_mixin.py:151} INFO - Fetched 500 games. Total so far: 104500
[2024-11-04T18:17:03.425+0000] {logging_mixin.py:151} INFO - Adding games..
[2024-11-04T18:17:03.426+0000] {logging_mixin.py:151} INFO - Fetched 500 games. Total so far: 105000
[2024-11-04T18:17:03.897+0000] {logging_mixin.py:151} INFO - Adding games..
[2024-11-04T18:17:03.898+0000] {logging_mixin.py:151} INFO - Fetched 500 games. Total so far: 105500
[2024-11-04T18:17:04.673+0000] {logging_mixin.py:151} INFO - Adding games..
[2024-11-04T18:17:04.674+0000] {logging_mixin.py:151} INFO - Fetched 500 games. Total so far: 106000
[2024-11-04T18:17:05.157+0000] {logging_mixin.py:151} INFO - Adding games..
[2024-11-04T18:17:05.158+0000] {logging_mixin.py:151} INFO - Fetched 500 games. Total so far: 106500
[2024-11-04T18:17:05.547+0000] {logging_mixin.py:151} INFO - Adding games..
[2024-11-04T18:17:05.549+0000] {logging_mixin.py:151} INFO - Fetched 500 games. Total so far: 107000
[2024-11-04T18:17:06.072+0000] {logging_mixin.py:151} INFO - Adding games..
[2024-11-04T18:17:06.073+0000] {logging_mixin.py:151} INFO - Fetched 500 games. Total so far: 107500
[2024-11-04T18:17:06.663+0000] {logging_mixin.py:151} INFO - Adding games..
[2024-11-04T18:17:06.664+0000] {logging_mixin.py:151} INFO - Fetched 500 games. Total so far: 108000
[2024-11-04T18:17:07.095+0000] {logging_mixin.py:151} INFO - Adding games..
[2024-11-04T18:17:07.097+0000] {logging_mixin.py:151} INFO - Fetched 500 games. Total so far: 108500
[2024-11-04T18:17:07.594+0000] {logging_mixin.py:151} INFO - Adding games..
[2024-11-04T18:17:07.595+0000] {logging_mixin.py:151} INFO - Fetched 500 games. Total so far: 109000
[2024-11-04T18:17:08.049+0000] {logging_mixin.py:151} INFO - Adding games..
[2024-11-04T18:17:08.051+0000] {logging_mixin.py:151} INFO - Fetched 500 games. Total so far: 109500
[2024-11-04T18:17:08.490+0000] {logging_mixin.py:151} INFO - Adding games..
[2024-11-04T18:17:08.492+0000] {logging_mixin.py:151} INFO - Fetched 500 games. Total so far: 110000
[2024-11-04T18:17:09.045+0000] {logging_mixin.py:151} INFO - Adding games..
[2024-11-04T18:17:09.047+0000] {logging_mixin.py:151} INFO - Fetched 500 games. Total so far: 110500
[2024-11-04T18:17:09.601+0000] {logging_mixin.py:151} INFO - Adding games..
[2024-11-04T18:17:09.603+0000] {logging_mixin.py:151} INFO - Fetched 500 games. Total so far: 111000
[2024-11-04T18:17:10.207+0000] {logging_mixin.py:151} INFO - Adding games..
[2024-11-04T18:17:10.209+0000] {logging_mixin.py:151} INFO - Fetched 500 games. Total so far: 111500
[2024-11-04T18:17:10.901+0000] {logging_mixin.py:151} INFO - Adding games..
[2024-11-04T18:17:10.903+0000] {logging_mixin.py:151} INFO - Fetched 500 games. Total so far: 112000
[2024-11-04T18:17:11.419+0000] {logging_mixin.py:151} INFO - Adding games..
[2024-11-04T18:17:11.420+0000] {logging_mixin.py:151} INFO - Fetched 500 games. Total so far: 112500
[2024-11-04T18:17:12.036+0000] {logging_mixin.py:151} INFO - Adding games..
[2024-11-04T18:17:12.038+0000] {logging_mixin.py:151} INFO - Fetched 500 games. Total so far: 113000
[2024-11-04T18:17:12.416+0000] {logging_mixin.py:151} INFO - Adding games..
[2024-11-04T18:17:12.417+0000] {logging_mixin.py:151} INFO - Fetched 500 games. Total so far: 113500
[2024-11-04T18:17:12.820+0000] {logging_mixin.py:151} INFO - Adding games..
[2024-11-04T18:17:12.822+0000] {logging_mixin.py:151} INFO - Fetched 500 games. Total so far: 114000
[2024-11-04T18:17:13.284+0000] {logging_mixin.py:151} INFO - Adding games..
[2024-11-04T18:17:13.285+0000] {logging_mixin.py:151} INFO - Fetched 500 games. Total so far: 114500
[2024-11-04T18:17:13.827+0000] {logging_mixin.py:151} INFO - Adding games..
[2024-11-04T18:17:13.828+0000] {logging_mixin.py:151} INFO - Fetched 500 games. Total so far: 115000
[2024-11-04T18:17:14.360+0000] {logging_mixin.py:151} INFO - Adding games..
[2024-11-04T18:17:14.362+0000] {logging_mixin.py:151} INFO - Fetched 500 games. Total so far: 115500
[2024-11-04T18:17:14.766+0000] {logging_mixin.py:151} INFO - Adding games..
[2024-11-04T18:17:14.768+0000] {logging_mixin.py:151} INFO - Fetched 500 games. Total so far: 116000
[2024-11-04T18:17:15.256+0000] {logging_mixin.py:151} INFO - Adding games..
[2024-11-04T18:17:15.257+0000] {logging_mixin.py:151} INFO - Fetched 500 games. Total so far: 116500
[2024-11-04T18:17:15.710+0000] {logging_mixin.py:151} INFO - Adding games..
[2024-11-04T18:17:15.711+0000] {logging_mixin.py:151} INFO - Fetched 500 games. Total so far: 117000
[2024-11-04T18:17:16.167+0000] {logging_mixin.py:151} INFO - Adding games..
[2024-11-04T18:17:16.169+0000] {logging_mixin.py:151} INFO - Fetched 500 games. Total so far: 117500
[2024-11-04T18:17:16.809+0000] {logging_mixin.py:151} INFO - Adding games..
[2024-11-04T18:17:16.811+0000] {logging_mixin.py:151} INFO - Fetched 500 games. Total so far: 118000
[2024-11-04T18:17:17.231+0000] {logging_mixin.py:151} INFO - Adding games..
[2024-11-04T18:17:17.233+0000] {logging_mixin.py:151} INFO - Fetched 500 games. Total so far: 118500
[2024-11-04T18:17:17.749+0000] {logging_mixin.py:151} INFO - Adding games..
[2024-11-04T18:17:17.750+0000] {logging_mixin.py:151} INFO - Fetched 500 games. Total so far: 119000
[2024-11-04T18:17:18.193+0000] {logging_mixin.py:151} INFO - Adding games..
[2024-11-04T18:17:18.194+0000] {logging_mixin.py:151} INFO - Fetched 500 games. Total so far: 119500
[2024-11-04T18:17:18.727+0000] {logging_mixin.py:151} INFO - Adding games..
[2024-11-04T18:17:18.729+0000] {logging_mixin.py:151} INFO - Fetched 500 games. Total so far: 120000
[2024-11-04T18:17:19.380+0000] {logging_mixin.py:151} INFO - Adding games..
[2024-11-04T18:17:19.381+0000] {logging_mixin.py:151} INFO - Fetched 500 games. Total so far: 120500
[2024-11-04T18:17:19.801+0000] {logging_mixin.py:151} INFO - Adding games..
[2024-11-04T18:17:19.802+0000] {logging_mixin.py:151} INFO - Fetched 500 games. Total so far: 121000
[2024-11-04T18:17:20.368+0000] {logging_mixin.py:151} INFO - Adding games..
[2024-11-04T18:17:20.370+0000] {logging_mixin.py:151} INFO - Fetched 500 games. Total so far: 121500
[2024-11-04T18:17:20.780+0000] {logging_mixin.py:151} INFO - Adding games..
[2024-11-04T18:17:20.781+0000] {logging_mixin.py:151} INFO - Fetched 500 games. Total so far: 122000
[2024-11-04T18:17:21.351+0000] {logging_mixin.py:151} INFO - Adding games..
[2024-11-04T18:17:21.352+0000] {logging_mixin.py:151} INFO - Fetched 500 games. Total so far: 122500
[2024-11-04T18:17:22.042+0000] {logging_mixin.py:151} INFO - Adding games..
[2024-11-04T18:17:22.044+0000] {logging_mixin.py:151} INFO - Fetched 500 games. Total so far: 123000
[2024-11-04T18:17:22.510+0000] {logging_mixin.py:151} INFO - Adding games..
[2024-11-04T18:17:22.512+0000] {logging_mixin.py:151} INFO - Fetched 500 games. Total so far: 123500
[2024-11-04T18:17:22.985+0000] {logging_mixin.py:151} INFO - Adding games..
[2024-11-04T18:17:22.987+0000] {logging_mixin.py:151} INFO - Fetched 500 games. Total so far: 124000
[2024-11-04T18:17:23.568+0000] {logging_mixin.py:151} INFO - Adding games..
[2024-11-04T18:17:23.569+0000] {logging_mixin.py:151} INFO - Fetched 500 games. Total so far: 124500
[2024-11-04T18:17:23.961+0000] {logging_mixin.py:151} INFO - Adding games..
[2024-11-04T18:17:23.962+0000] {logging_mixin.py:151} INFO - Fetched 500 games. Total so far: 125000
[2024-11-04T18:17:24.451+0000] {logging_mixin.py:151} INFO - Adding games..
[2024-11-04T18:17:24.453+0000] {logging_mixin.py:151} INFO - Fetched 500 games. Total so far: 125500
[2024-11-04T18:17:25.092+0000] {logging_mixin.py:151} INFO - Adding games..
[2024-11-04T18:17:25.093+0000] {logging_mixin.py:151} INFO - Fetched 500 games. Total so far: 126000
[2024-11-04T18:17:25.565+0000] {logging_mixin.py:151} INFO - Adding games..
[2024-11-04T18:17:25.567+0000] {logging_mixin.py:151} INFO - Fetched 500 games. Total so far: 126500
[2024-11-04T18:17:26.156+0000] {logging_mixin.py:151} INFO - Adding games..
[2024-11-04T18:17:26.158+0000] {logging_mixin.py:151} INFO - Fetched 500 games. Total so far: 127000
[2024-11-04T18:17:26.611+0000] {logging_mixin.py:151} INFO - Adding games..
[2024-11-04T18:17:26.612+0000] {logging_mixin.py:151} INFO - Fetched 500 games. Total so far: 127500
[2024-11-04T18:17:27.192+0000] {logging_mixin.py:151} INFO - Adding games..
[2024-11-04T18:17:27.194+0000] {logging_mixin.py:151} INFO - Fetched 500 games. Total so far: 128000
[2024-11-04T18:17:27.629+0000] {logging_mixin.py:151} INFO - Adding games..
[2024-11-04T18:17:27.632+0000] {logging_mixin.py:151} INFO - Fetched 500 games. Total so far: 128500
[2024-11-04T18:17:28.049+0000] {logging_mixin.py:151} INFO - Adding games..
[2024-11-04T18:17:28.051+0000] {logging_mixin.py:151} INFO - Fetched 500 games. Total so far: 129000
[2024-11-04T18:17:28.681+0000] {logging_mixin.py:151} INFO - Adding games..
[2024-11-04T18:17:28.683+0000] {logging_mixin.py:151} INFO - Fetched 500 games. Total so far: 129500
[2024-11-04T18:17:29.187+0000] {logging_mixin.py:151} INFO - Adding games..
[2024-11-04T18:17:29.189+0000] {logging_mixin.py:151} INFO - Fetched 500 games. Total so far: 130000
[2024-11-04T18:17:29.716+0000] {logging_mixin.py:151} INFO - Adding games..
[2024-11-04T18:17:29.717+0000] {logging_mixin.py:151} INFO - Fetched 500 games. Total so far: 130500
[2024-11-04T18:17:30.210+0000] {logging_mixin.py:151} INFO - Adding games..
[2024-11-04T18:17:30.211+0000] {logging_mixin.py:151} INFO - Fetched 500 games. Total so far: 131000
[2024-11-04T18:17:30.661+0000] {logging_mixin.py:151} INFO - Adding games..
[2024-11-04T18:17:30.663+0000] {logging_mixin.py:151} INFO - Fetched 500 games. Total so far: 131500
[2024-11-04T18:17:31.055+0000] {logging_mixin.py:151} INFO - Adding games..
[2024-11-04T18:17:31.056+0000] {logging_mixin.py:151} INFO - Fetched 500 games. Total so far: 132000
[2024-11-04T18:17:31.634+0000] {logging_mixin.py:151} INFO - Adding games..
[2024-11-04T18:17:31.636+0000] {logging_mixin.py:151} INFO - Fetched 500 games. Total so far: 132500
[2024-11-04T18:17:32.221+0000] {logging_mixin.py:151} INFO - Adding games..
[2024-11-04T18:17:32.223+0000] {logging_mixin.py:151} INFO - Fetched 500 games. Total so far: 133000
[2024-11-04T18:17:32.733+0000] {logging_mixin.py:151} INFO - Adding games..
[2024-11-04T18:17:32.734+0000] {logging_mixin.py:151} INFO - Fetched 500 games. Total so far: 133500
[2024-11-04T18:17:33.204+0000] {logging_mixin.py:151} INFO - Adding games..
[2024-11-04T18:17:33.206+0000] {logging_mixin.py:151} INFO - Fetched 500 games. Total so far: 134000
[2024-11-04T18:17:33.676+0000] {logging_mixin.py:151} INFO - Adding games..
[2024-11-04T18:17:33.677+0000] {logging_mixin.py:151} INFO - Fetched 500 games. Total so far: 134500
[2024-11-04T18:17:34.433+0000] {logging_mixin.py:151} INFO - Adding games..
[2024-11-04T18:17:34.435+0000] {logging_mixin.py:151} INFO - Fetched 500 games. Total so far: 135000
[2024-11-04T18:17:34.833+0000] {logging_mixin.py:151} INFO - Adding games..
[2024-11-04T18:17:34.835+0000] {logging_mixin.py:151} INFO - Fetched 500 games. Total so far: 135500
[2024-11-04T18:17:35.301+0000] {logging_mixin.py:151} INFO - Adding games..
[2024-11-04T18:17:35.303+0000] {logging_mixin.py:151} INFO - Fetched 500 games. Total so far: 136000
[2024-11-04T18:17:35.785+0000] {logging_mixin.py:151} INFO - Adding games..
[2024-11-04T18:17:35.787+0000] {logging_mixin.py:151} INFO - Fetched 500 games. Total so far: 136500
[2024-11-04T18:17:36.356+0000] {logging_mixin.py:151} INFO - Adding games..
[2024-11-04T18:17:36.358+0000] {logging_mixin.py:151} INFO - Fetched 500 games. Total so far: 137000
[2024-11-04T18:17:36.826+0000] {logging_mixin.py:151} INFO - Adding games..
[2024-11-04T18:17:36.828+0000] {logging_mixin.py:151} INFO - Fetched 500 games. Total so far: 137500
[2024-11-04T18:17:37.243+0000] {logging_mixin.py:151} INFO - Adding games..
[2024-11-04T18:17:37.244+0000] {logging_mixin.py:151} INFO - Fetched 500 games. Total so far: 138000
[2024-11-04T18:17:37.712+0000] {logging_mixin.py:151} INFO - Adding games..
[2024-11-04T18:17:37.714+0000] {logging_mixin.py:151} INFO - Fetched 500 games. Total so far: 138500
[2024-11-04T18:17:38.186+0000] {logging_mixin.py:151} INFO - Adding games..
[2024-11-04T18:17:38.187+0000] {logging_mixin.py:151} INFO - Fetched 500 games. Total so far: 139000
[2024-11-04T18:17:38.691+0000] {logging_mixin.py:151} INFO - Adding games..
[2024-11-04T18:17:38.693+0000] {logging_mixin.py:151} INFO - Fetched 500 games. Total so far: 139500
[2024-11-04T18:17:39.127+0000] {logging_mixin.py:151} INFO - Adding games..
[2024-11-04T18:17:39.128+0000] {logging_mixin.py:151} INFO - Fetched 500 games. Total so far: 140000
[2024-11-04T18:17:39.639+0000] {logging_mixin.py:151} INFO - Adding games..
[2024-11-04T18:17:39.641+0000] {logging_mixin.py:151} INFO - Fetched 500 games. Total so far: 140500
[2024-11-04T18:17:40.162+0000] {logging_mixin.py:151} INFO - Adding games..
[2024-11-04T18:17:40.164+0000] {logging_mixin.py:151} INFO - Fetched 500 games. Total so far: 141000
[2024-11-04T18:17:40.577+0000] {logging_mixin.py:151} INFO - Adding games..
[2024-11-04T18:17:40.578+0000] {logging_mixin.py:151} INFO - Fetched 500 games. Total so far: 141500
[2024-11-04T18:17:41.314+0000] {logging_mixin.py:151} INFO - Adding games..
[2024-11-04T18:17:41.315+0000] {logging_mixin.py:151} INFO - Fetched 500 games. Total so far: 142000
[2024-11-04T18:17:41.903+0000] {logging_mixin.py:151} INFO - Adding games..
[2024-11-04T18:17:41.904+0000] {logging_mixin.py:151} INFO - Fetched 500 games. Total so far: 142500
[2024-11-04T18:17:42.332+0000] {logging_mixin.py:151} INFO - Adding games..
[2024-11-04T18:17:42.334+0000] {logging_mixin.py:151} INFO - Fetched 500 games. Total so far: 143000
[2024-11-04T18:17:42.879+0000] {logging_mixin.py:151} INFO - Adding games..
[2024-11-04T18:17:42.881+0000] {logging_mixin.py:151} INFO - Fetched 500 games. Total so far: 143500
[2024-11-04T18:17:43.515+0000] {logging_mixin.py:151} INFO - Adding games..
[2024-11-04T18:17:43.516+0000] {logging_mixin.py:151} INFO - Fetched 500 games. Total so far: 144000
[2024-11-04T18:17:43.947+0000] {logging_mixin.py:151} INFO - Adding games..
[2024-11-04T18:17:43.949+0000] {logging_mixin.py:151} INFO - Fetched 500 games. Total so far: 144500
[2024-11-04T18:17:44.364+0000] {logging_mixin.py:151} INFO - Adding games..
[2024-11-04T18:17:44.366+0000] {logging_mixin.py:151} INFO - Fetched 500 games. Total so far: 145000
[2024-11-04T18:17:44.822+0000] {logging_mixin.py:151} INFO - Adding games..
[2024-11-04T18:17:44.827+0000] {logging_mixin.py:151} INFO - Fetched 500 games. Total so far: 145500
[2024-11-04T18:17:45.364+0000] {logging_mixin.py:151} INFO - Adding games..
[2024-11-04T18:17:45.365+0000] {logging_mixin.py:151} INFO - Fetched 500 games. Total so far: 146000
[2024-11-04T18:17:45.804+0000] {logging_mixin.py:151} INFO - Adding games..
[2024-11-04T18:17:45.806+0000] {logging_mixin.py:151} INFO - Fetched 500 games. Total so far: 146500
[2024-11-04T18:17:46.294+0000] {logging_mixin.py:151} INFO - Adding games..
[2024-11-04T18:17:46.295+0000] {logging_mixin.py:151} INFO - Fetched 500 games. Total so far: 147000
[2024-11-04T18:17:46.756+0000] {logging_mixin.py:151} INFO - Adding games..
[2024-11-04T18:17:46.758+0000] {logging_mixin.py:151} INFO - Fetched 500 games. Total so far: 147500
[2024-11-04T18:17:47.383+0000] {logging_mixin.py:151} INFO - Adding games..
[2024-11-04T18:17:47.385+0000] {logging_mixin.py:151} INFO - Fetched 500 games. Total so far: 148000
[2024-11-04T18:17:47.896+0000] {logging_mixin.py:151} INFO - Adding games..
[2024-11-04T18:17:47.898+0000] {logging_mixin.py:151} INFO - Fetched 500 games. Total so far: 148500
[2024-11-04T18:17:48.508+0000] {logging_mixin.py:151} INFO - Adding games..
[2024-11-04T18:17:48.509+0000] {logging_mixin.py:151} INFO - Fetched 500 games. Total so far: 149000
[2024-11-04T18:17:49.022+0000] {logging_mixin.py:151} INFO - Adding games..
[2024-11-04T18:17:49.024+0000] {logging_mixin.py:151} INFO - Fetched 500 games. Total so far: 149500
[2024-11-04T18:17:49.616+0000] {logging_mixin.py:151} INFO - Adding games..
[2024-11-04T18:17:49.617+0000] {logging_mixin.py:151} INFO - Fetched 500 games. Total so far: 150000
[2024-11-04T18:17:50.161+0000] {logging_mixin.py:151} INFO - Adding games..
[2024-11-04T18:17:50.163+0000] {logging_mixin.py:151} INFO - Fetched 500 games. Total so far: 150500
[2024-11-04T18:17:50.783+0000] {logging_mixin.py:151} INFO - Adding games..
[2024-11-04T18:17:50.785+0000] {logging_mixin.py:151} INFO - Fetched 500 games. Total so far: 151000
[2024-11-04T18:17:51.991+0000] {logging_mixin.py:151} INFO - Adding games..
[2024-11-04T18:17:51.992+0000] {logging_mixin.py:151} INFO - Fetched 500 games. Total so far: 151500
[2024-11-04T18:17:52.511+0000] {logging_mixin.py:151} INFO - Adding games..
[2024-11-04T18:17:52.512+0000] {logging_mixin.py:151} INFO - Fetched 500 games. Total so far: 152000
[2024-11-04T18:17:52.991+0000] {logging_mixin.py:151} INFO - Adding games..
[2024-11-04T18:17:52.992+0000] {logging_mixin.py:151} INFO - Fetched 500 games. Total so far: 152500
[2024-11-04T18:17:53.498+0000] {logging_mixin.py:151} INFO - Adding games..
[2024-11-04T18:17:53.500+0000] {logging_mixin.py:151} INFO - Fetched 500 games. Total so far: 153000
[2024-11-04T18:17:54.044+0000] {logging_mixin.py:151} INFO - Adding games..
[2024-11-04T18:17:54.046+0000] {logging_mixin.py:151} INFO - Fetched 500 games. Total so far: 153500
[2024-11-04T18:17:54.558+0000] {logging_mixin.py:151} INFO - Adding games..
[2024-11-04T18:17:54.560+0000] {logging_mixin.py:151} INFO - Fetched 500 games. Total so far: 154000
[2024-11-04T18:17:55.194+0000] {logging_mixin.py:151} INFO - Adding games..
[2024-11-04T18:17:55.196+0000] {logging_mixin.py:151} INFO - Fetched 500 games. Total so far: 154500
[2024-11-04T18:17:55.660+0000] {logging_mixin.py:151} INFO - Adding games..
[2024-11-04T18:17:55.663+0000] {logging_mixin.py:151} INFO - Fetched 500 games. Total so far: 155000
[2024-11-04T18:17:56.291+0000] {logging_mixin.py:151} INFO - Adding games..
[2024-11-04T18:17:56.292+0000] {logging_mixin.py:151} INFO - Fetched 500 games. Total so far: 155500
[2024-11-04T18:17:56.835+0000] {logging_mixin.py:151} INFO - Adding games..
[2024-11-04T18:17:56.836+0000] {logging_mixin.py:151} INFO - Fetched 500 games. Total so far: 156000
[2024-11-04T18:17:57.268+0000] {logging_mixin.py:151} INFO - Adding games..
[2024-11-04T18:17:57.269+0000] {logging_mixin.py:151} INFO - Fetched 500 games. Total so far: 156500
[2024-11-04T18:17:57.734+0000] {logging_mixin.py:151} INFO - Adding games..
[2024-11-04T18:17:57.736+0000] {logging_mixin.py:151} INFO - Fetched 500 games. Total so far: 157000
[2024-11-04T18:17:58.235+0000] {logging_mixin.py:151} INFO - Adding games..
[2024-11-04T18:17:58.237+0000] {logging_mixin.py:151} INFO - Fetched 500 games. Total so far: 157500
[2024-11-04T18:17:58.749+0000] {logging_mixin.py:151} INFO - Adding games..
[2024-11-04T18:17:58.751+0000] {logging_mixin.py:151} INFO - Fetched 500 games. Total so far: 158000
[2024-11-04T18:17:59.245+0000] {logging_mixin.py:151} INFO - Adding games..
[2024-11-04T18:17:59.246+0000] {logging_mixin.py:151} INFO - Fetched 500 games. Total so far: 158500
[2024-11-04T18:17:59.686+0000] {logging_mixin.py:151} INFO - Adding games..
[2024-11-04T18:17:59.687+0000] {logging_mixin.py:151} INFO - Fetched 500 games. Total so far: 159000
[2024-11-04T18:18:00.184+0000] {logging_mixin.py:151} INFO - Adding games..
[2024-11-04T18:18:00.185+0000] {logging_mixin.py:151} INFO - Fetched 500 games. Total so far: 159500
[2024-11-04T18:18:00.686+0000] {logging_mixin.py:151} INFO - Adding games..
[2024-11-04T18:18:00.687+0000] {logging_mixin.py:151} INFO - Fetched 500 games. Total so far: 160000
[2024-11-04T18:18:01.392+0000] {logging_mixin.py:151} INFO - Adding games..
[2024-11-04T18:18:01.393+0000] {logging_mixin.py:151} INFO - Fetched 500 games. Total so far: 160500
[2024-11-04T18:18:01.958+0000] {logging_mixin.py:151} INFO - Adding games..
[2024-11-04T18:18:01.960+0000] {logging_mixin.py:151} INFO - Fetched 500 games. Total so far: 161000
[2024-11-04T18:18:02.371+0000] {logging_mixin.py:151} INFO - Adding games..
[2024-11-04T18:18:02.372+0000] {logging_mixin.py:151} INFO - Fetched 500 games. Total so far: 161500
[2024-11-04T18:18:02.838+0000] {logging_mixin.py:151} INFO - Adding games..
[2024-11-04T18:18:02.840+0000] {logging_mixin.py:151} INFO - Fetched 500 games. Total so far: 162000
[2024-11-04T18:18:03.307+0000] {logging_mixin.py:151} INFO - Adding games..
[2024-11-04T18:18:03.308+0000] {logging_mixin.py:151} INFO - Fetched 500 games. Total so far: 162500
[2024-11-04T18:18:03.807+0000] {logging_mixin.py:151} INFO - Adding games..
[2024-11-04T18:18:03.809+0000] {logging_mixin.py:151} INFO - Fetched 500 games. Total so far: 163000
[2024-11-04T18:18:04.570+0000] {logging_mixin.py:151} INFO - Adding games..
[2024-11-04T18:18:04.572+0000] {logging_mixin.py:151} INFO - Fetched 500 games. Total so far: 163500
[2024-11-04T18:18:05.098+0000] {logging_mixin.py:151} INFO - Adding games..
[2024-11-04T18:18:05.099+0000] {logging_mixin.py:151} INFO - Fetched 500 games. Total so far: 164000
[2024-11-04T18:18:05.603+0000] {logging_mixin.py:151} INFO - Adding games..
[2024-11-04T18:18:05.605+0000] {logging_mixin.py:151} INFO - Fetched 500 games. Total so far: 164500
[2024-11-04T18:18:06.188+0000] {logging_mixin.py:151} INFO - Adding games..
[2024-11-04T18:18:06.190+0000] {logging_mixin.py:151} INFO - Fetched 500 games. Total so far: 165000
[2024-11-04T18:18:06.660+0000] {logging_mixin.py:151} INFO - Adding games..
[2024-11-04T18:18:06.661+0000] {logging_mixin.py:151} INFO - Fetched 500 games. Total so far: 165500
[2024-11-04T18:18:07.160+0000] {logging_mixin.py:151} INFO - Adding games..
[2024-11-04T18:18:07.161+0000] {logging_mixin.py:151} INFO - Fetched 500 games. Total so far: 166000
[2024-11-04T18:18:07.683+0000] {logging_mixin.py:151} INFO - Adding games..
[2024-11-04T18:18:07.684+0000] {logging_mixin.py:151} INFO - Fetched 500 games. Total so far: 166500
[2024-11-04T18:18:08.145+0000] {logging_mixin.py:151} INFO - Adding games..
[2024-11-04T18:18:08.147+0000] {logging_mixin.py:151} INFO - Fetched 500 games. Total so far: 167000
[2024-11-04T18:18:08.727+0000] {logging_mixin.py:151} INFO - Adding games..
[2024-11-04T18:18:08.728+0000] {logging_mixin.py:151} INFO - Fetched 500 games. Total so far: 167500
[2024-11-04T18:18:09.290+0000] {logging_mixin.py:151} INFO - Adding games..
[2024-11-04T18:18:09.291+0000] {logging_mixin.py:151} INFO - Fetched 500 games. Total so far: 168000
[2024-11-04T18:18:10.030+0000] {logging_mixin.py:151} INFO - Adding games..
[2024-11-04T18:18:10.032+0000] {logging_mixin.py:151} INFO - Fetched 500 games. Total so far: 168500
[2024-11-04T18:18:10.571+0000] {logging_mixin.py:151} INFO - Adding games..
[2024-11-04T18:18:10.573+0000] {logging_mixin.py:151} INFO - Fetched 500 games. Total so far: 169000
[2024-11-04T18:18:11.166+0000] {logging_mixin.py:151} INFO - Adding games..
[2024-11-04T18:18:11.168+0000] {logging_mixin.py:151} INFO - Fetched 500 games. Total so far: 169500
[2024-11-04T18:18:11.615+0000] {logging_mixin.py:151} INFO - Adding games..
[2024-11-04T18:18:11.616+0000] {logging_mixin.py:151} INFO - Fetched 500 games. Total so far: 170000
[2024-11-04T18:18:12.146+0000] {logging_mixin.py:151} INFO - Adding games..
[2024-11-04T18:18:12.147+0000] {logging_mixin.py:151} INFO - Fetched 500 games. Total so far: 170500
[2024-11-04T18:18:12.575+0000] {logging_mixin.py:151} INFO - Adding games..
[2024-11-04T18:18:12.576+0000] {logging_mixin.py:151} INFO - Fetched 500 games. Total so far: 171000
[2024-11-04T18:18:13.259+0000] {logging_mixin.py:151} INFO - Adding games..
[2024-11-04T18:18:13.261+0000] {logging_mixin.py:151} INFO - Fetched 500 games. Total so far: 171500
[2024-11-04T18:18:13.824+0000] {logging_mixin.py:151} INFO - Adding games..
[2024-11-04T18:18:13.825+0000] {logging_mixin.py:151} INFO - Fetched 500 games. Total so far: 172000
[2024-11-04T18:18:14.475+0000] {logging_mixin.py:151} INFO - Adding games..
[2024-11-04T18:18:14.477+0000] {logging_mixin.py:151} INFO - Fetched 500 games. Total so far: 172500
[2024-11-04T18:18:14.980+0000] {logging_mixin.py:151} INFO - Adding games..
[2024-11-04T18:18:14.982+0000] {logging_mixin.py:151} INFO - Fetched 500 games. Total so far: 173000
[2024-11-04T18:18:15.433+0000] {logging_mixin.py:151} INFO - Adding games..
[2024-11-04T18:18:15.435+0000] {logging_mixin.py:151} INFO - Fetched 500 games. Total so far: 173500
[2024-11-04T18:18:16.012+0000] {logging_mixin.py:151} INFO - Adding games..
[2024-11-04T18:18:16.013+0000] {logging_mixin.py:151} INFO - Fetched 500 games. Total so far: 174000
[2024-11-04T18:18:16.537+0000] {logging_mixin.py:151} INFO - Adding games..
[2024-11-04T18:18:16.538+0000] {logging_mixin.py:151} INFO - Fetched 500 games. Total so far: 174500
[2024-11-04T18:18:16.962+0000] {logging_mixin.py:151} INFO - Adding games..
[2024-11-04T18:18:16.963+0000] {logging_mixin.py:151} INFO - Fetched 500 games. Total so far: 175000
[2024-11-04T18:18:17.483+0000] {logging_mixin.py:151} INFO - Adding games..
[2024-11-04T18:18:17.485+0000] {logging_mixin.py:151} INFO - Fetched 500 games. Total so far: 175500
[2024-11-04T18:18:17.941+0000] {logging_mixin.py:151} INFO - Adding games..
[2024-11-04T18:18:17.943+0000] {logging_mixin.py:151} INFO - Fetched 500 games. Total so far: 176000
[2024-11-04T18:18:18.505+0000] {logging_mixin.py:151} INFO - Adding games..
[2024-11-04T18:18:18.507+0000] {logging_mixin.py:151} INFO - Fetched 500 games. Total so far: 176500
[2024-11-04T18:18:18.974+0000] {logging_mixin.py:151} INFO - Adding games..
[2024-11-04T18:18:18.976+0000] {logging_mixin.py:151} INFO - Fetched 500 games. Total so far: 177000
[2024-11-04T18:18:19.492+0000] {logging_mixin.py:151} INFO - Adding games..
[2024-11-04T18:18:19.494+0000] {logging_mixin.py:151} INFO - Fetched 500 games. Total so far: 177500
[2024-11-04T18:18:20.020+0000] {logging_mixin.py:151} INFO - Adding games..
[2024-11-04T18:18:20.021+0000] {logging_mixin.py:151} INFO - Fetched 500 games. Total so far: 178000
[2024-11-04T18:18:20.666+0000] {logging_mixin.py:151} INFO - Adding games..
[2024-11-04T18:18:20.667+0000] {logging_mixin.py:151} INFO - Fetched 500 games. Total so far: 178500
[2024-11-04T18:18:21.209+0000] {logging_mixin.py:151} INFO - Adding games..
[2024-11-04T18:18:21.211+0000] {logging_mixin.py:151} INFO - Fetched 500 games. Total so far: 179000
[2024-11-04T18:18:21.718+0000] {logging_mixin.py:151} INFO - Adding games..
[2024-11-04T18:18:21.720+0000] {logging_mixin.py:151} INFO - Fetched 500 games. Total so far: 179500
[2024-11-04T18:18:22.256+0000] {logging_mixin.py:151} INFO - Adding games..
[2024-11-04T18:18:22.258+0000] {logging_mixin.py:151} INFO - Fetched 500 games. Total so far: 180000
[2024-11-04T18:18:22.676+0000] {logging_mixin.py:151} INFO - Adding games..
[2024-11-04T18:18:22.678+0000] {logging_mixin.py:151} INFO - Fetched 500 games. Total so far: 180500
[2024-11-04T18:18:23.305+0000] {logging_mixin.py:151} INFO - Adding games..
[2024-11-04T18:18:23.307+0000] {logging_mixin.py:151} INFO - Fetched 500 games. Total so far: 181000
[2024-11-04T18:18:23.957+0000] {logging_mixin.py:151} INFO - Adding games..
[2024-11-04T18:18:23.959+0000] {logging_mixin.py:151} INFO - Fetched 500 games. Total so far: 181500
[2024-11-04T18:18:24.605+0000] {logging_mixin.py:151} INFO - Adding games..
[2024-11-04T18:18:24.606+0000] {logging_mixin.py:151} INFO - Fetched 500 games. Total so far: 182000
[2024-11-04T18:18:25.309+0000] {logging_mixin.py:151} INFO - Adding games..
[2024-11-04T18:18:25.310+0000] {logging_mixin.py:151} INFO - Fetched 500 games. Total so far: 182500
[2024-11-04T18:18:25.909+0000] {logging_mixin.py:151} INFO - Adding games..
[2024-11-04T18:18:25.910+0000] {logging_mixin.py:151} INFO - Fetched 500 games. Total so far: 183000
[2024-11-04T18:18:26.413+0000] {logging_mixin.py:151} INFO - Adding games..
[2024-11-04T18:18:26.414+0000] {logging_mixin.py:151} INFO - Fetched 500 games. Total so far: 183500
[2024-11-04T18:18:26.904+0000] {logging_mixin.py:151} INFO - Adding games..
[2024-11-04T18:18:26.906+0000] {logging_mixin.py:151} INFO - Fetched 500 games. Total so far: 184000
[2024-11-04T18:18:27.484+0000] {logging_mixin.py:151} INFO - Adding games..
[2024-11-04T18:18:27.486+0000] {logging_mixin.py:151} INFO - Fetched 500 games. Total so far: 184500
[2024-11-04T18:18:28.109+0000] {logging_mixin.py:151} INFO - Adding games..
[2024-11-04T18:18:28.110+0000] {logging_mixin.py:151} INFO - Fetched 500 games. Total so far: 185000
[2024-11-04T18:18:28.727+0000] {logging_mixin.py:151} INFO - Adding games..
[2024-11-04T18:18:28.729+0000] {logging_mixin.py:151} INFO - Fetched 500 games. Total so far: 185500
[2024-11-04T18:18:29.412+0000] {logging_mixin.py:151} INFO - Adding games..
[2024-11-04T18:18:29.414+0000] {logging_mixin.py:151} INFO - Fetched 500 games. Total so far: 186000
[2024-11-04T18:18:29.911+0000] {logging_mixin.py:151} INFO - Adding games..
[2024-11-04T18:18:29.913+0000] {logging_mixin.py:151} INFO - Fetched 500 games. Total so far: 186500
[2024-11-04T18:18:30.407+0000] {logging_mixin.py:151} INFO - Adding games..
[2024-11-04T18:18:30.409+0000] {logging_mixin.py:151} INFO - Fetched 500 games. Total so far: 187000
[2024-11-04T18:18:30.927+0000] {logging_mixin.py:151} INFO - Adding games..
[2024-11-04T18:18:30.928+0000] {logging_mixin.py:151} INFO - Fetched 500 games. Total so far: 187500
[2024-11-04T18:18:31.338+0000] {logging_mixin.py:151} INFO - Adding games..
[2024-11-04T18:18:31.340+0000] {logging_mixin.py:151} INFO - Fetched 500 games. Total so far: 188000
[2024-11-04T18:18:31.840+0000] {logging_mixin.py:151} INFO - Adding games..
[2024-11-04T18:18:31.842+0000] {logging_mixin.py:151} INFO - Fetched 500 games. Total so far: 188500
[2024-11-04T18:18:32.276+0000] {logging_mixin.py:151} INFO - Adding games..
[2024-11-04T18:18:32.278+0000] {logging_mixin.py:151} INFO - Fetched 500 games. Total so far: 189000
[2024-11-04T18:18:32.879+0000] {logging_mixin.py:151} INFO - Adding games..
[2024-11-04T18:18:32.881+0000] {logging_mixin.py:151} INFO - Fetched 500 games. Total so far: 189500
[2024-11-04T18:18:33.588+0000] {logging_mixin.py:151} INFO - Adding games..
[2024-11-04T18:18:33.590+0000] {logging_mixin.py:151} INFO - Fetched 500 games. Total so far: 190000
[2024-11-04T18:18:34.042+0000] {logging_mixin.py:151} INFO - Adding games..
[2024-11-04T18:18:34.043+0000] {logging_mixin.py:151} INFO - Fetched 500 games. Total so far: 190500
[2024-11-04T18:18:34.826+0000] {logging_mixin.py:151} INFO - Adding games..
[2024-11-04T18:18:34.828+0000] {logging_mixin.py:151} INFO - Fetched 500 games. Total so far: 191000
[2024-11-04T18:18:35.632+0000] {logging_mixin.py:151} INFO - Adding games..
[2024-11-04T18:18:35.634+0000] {logging_mixin.py:151} INFO - Fetched 500 games. Total so far: 191500
[2024-11-04T18:18:36.153+0000] {logging_mixin.py:151} INFO - Adding games..
[2024-11-04T18:18:36.155+0000] {logging_mixin.py:151} INFO - Fetched 500 games. Total so far: 192000
[2024-11-04T18:18:36.645+0000] {logging_mixin.py:151} INFO - Adding games..
[2024-11-04T18:18:36.646+0000] {logging_mixin.py:151} INFO - Fetched 500 games. Total so far: 192500
[2024-11-04T18:18:37.204+0000] {logging_mixin.py:151} INFO - Adding games..
[2024-11-04T18:18:37.206+0000] {logging_mixin.py:151} INFO - Fetched 500 games. Total so far: 193000
[2024-11-04T18:18:37.683+0000] {logging_mixin.py:151} INFO - Adding games..
[2024-11-04T18:18:37.685+0000] {logging_mixin.py:151} INFO - Fetched 500 games. Total so far: 193500
[2024-11-04T18:18:38.220+0000] {logging_mixin.py:151} INFO - Adding games..
[2024-11-04T18:18:38.221+0000] {logging_mixin.py:151} INFO - Fetched 500 games. Total so far: 194000
[2024-11-04T18:18:38.729+0000] {logging_mixin.py:151} INFO - Adding games..
[2024-11-04T18:18:38.730+0000] {logging_mixin.py:151} INFO - Fetched 500 games. Total so far: 194500
[2024-11-04T18:18:39.378+0000] {logging_mixin.py:151} INFO - Adding games..
[2024-11-04T18:18:39.380+0000] {logging_mixin.py:151} INFO - Fetched 500 games. Total so far: 195000
[2024-11-04T18:18:39.868+0000] {logging_mixin.py:151} INFO - Adding games..
[2024-11-04T18:18:39.870+0000] {logging_mixin.py:151} INFO - Fetched 500 games. Total so far: 195500
[2024-11-04T18:18:40.406+0000] {logging_mixin.py:151} INFO - Adding games..
[2024-11-04T18:18:40.408+0000] {logging_mixin.py:151} INFO - Fetched 500 games. Total so far: 196000
[2024-11-04T18:18:40.902+0000] {logging_mixin.py:151} INFO - Adding games..
[2024-11-04T18:18:40.903+0000] {logging_mixin.py:151} INFO - Fetched 500 games. Total so far: 196500
[2024-11-04T18:18:41.518+0000] {logging_mixin.py:151} INFO - Adding games..
[2024-11-04T18:18:41.519+0000] {logging_mixin.py:151} INFO - Fetched 500 games. Total so far: 197000
[2024-11-04T18:18:42.062+0000] {logging_mixin.py:151} INFO - Adding games..
[2024-11-04T18:18:42.064+0000] {logging_mixin.py:151} INFO - Fetched 500 games. Total so far: 197500
[2024-11-04T18:18:42.566+0000] {logging_mixin.py:151} INFO - Adding games..
[2024-11-04T18:18:42.568+0000] {logging_mixin.py:151} INFO - Fetched 500 games. Total so far: 198000
[2024-11-04T18:18:43.200+0000] {logging_mixin.py:151} INFO - Adding games..
[2024-11-04T18:18:43.201+0000] {logging_mixin.py:151} INFO - Fetched 500 games. Total so far: 198500
[2024-11-04T18:18:43.783+0000] {logging_mixin.py:151} INFO - Adding games..
[2024-11-04T18:18:43.784+0000] {logging_mixin.py:151} INFO - Fetched 500 games. Total so far: 199000
[2024-11-04T18:18:44.360+0000] {logging_mixin.py:151} INFO - Adding games..
[2024-11-04T18:18:44.362+0000] {logging_mixin.py:151} INFO - Fetched 500 games. Total so far: 199500
[2024-11-04T18:18:44.843+0000] {logging_mixin.py:151} INFO - Adding games..
[2024-11-04T18:18:44.845+0000] {logging_mixin.py:151} INFO - Fetched 500 games. Total so far: 200000
[2024-11-04T18:18:45.338+0000] {logging_mixin.py:151} INFO - Adding games..
[2024-11-04T18:18:45.340+0000] {logging_mixin.py:151} INFO - Fetched 500 games. Total so far: 200500
[2024-11-04T18:18:45.948+0000] {logging_mixin.py:151} INFO - Adding games..
[2024-11-04T18:18:45.950+0000] {logging_mixin.py:151} INFO - Fetched 500 games. Total so far: 201000
[2024-11-04T18:18:46.719+0000] {logging_mixin.py:151} INFO - Adding games..
[2024-11-04T18:18:46.720+0000] {logging_mixin.py:151} INFO - Fetched 500 games. Total so far: 201500
[2024-11-04T18:18:47.358+0000] {logging_mixin.py:151} INFO - Adding games..
[2024-11-04T18:18:47.360+0000] {logging_mixin.py:151} INFO - Fetched 500 games. Total so far: 202000
[2024-11-04T18:18:47.917+0000] {logging_mixin.py:151} INFO - Adding games..
[2024-11-04T18:18:47.918+0000] {logging_mixin.py:151} INFO - Fetched 500 games. Total so far: 202500
[2024-11-04T18:18:48.500+0000] {logging_mixin.py:151} INFO - Adding games..
[2024-11-04T18:18:48.502+0000] {logging_mixin.py:151} INFO - Fetched 500 games. Total so far: 203000
[2024-11-04T18:18:48.977+0000] {logging_mixin.py:151} INFO - Adding games..
[2024-11-04T18:18:48.978+0000] {logging_mixin.py:151} INFO - Fetched 500 games. Total so far: 203500
[2024-11-04T18:18:49.455+0000] {logging_mixin.py:151} INFO - Adding games..
[2024-11-04T18:18:49.457+0000] {logging_mixin.py:151} INFO - Fetched 500 games. Total so far: 204000
[2024-11-04T18:18:49.992+0000] {logging_mixin.py:151} INFO - Adding games..
[2024-11-04T18:18:49.994+0000] {logging_mixin.py:151} INFO - Fetched 500 games. Total so far: 204500
[2024-11-04T18:18:50.571+0000] {logging_mixin.py:151} INFO - Adding games..
[2024-11-04T18:18:50.573+0000] {logging_mixin.py:151} INFO - Fetched 500 games. Total so far: 205000
[2024-11-04T18:18:51.268+0000] {logging_mixin.py:151} INFO - Adding games..
[2024-11-04T18:18:51.269+0000] {logging_mixin.py:151} INFO - Fetched 500 games. Total so far: 205500
[2024-11-04T18:18:51.735+0000] {logging_mixin.py:151} INFO - Adding games..
[2024-11-04T18:18:51.737+0000] {logging_mixin.py:151} INFO - Fetched 500 games. Total so far: 206000
[2024-11-04T18:18:52.219+0000] {logging_mixin.py:151} INFO - Adding games..
[2024-11-04T18:18:52.221+0000] {logging_mixin.py:151} INFO - Fetched 500 games. Total so far: 206500
[2024-11-04T18:18:52.790+0000] {logging_mixin.py:151} INFO - Adding games..
[2024-11-04T18:18:52.792+0000] {logging_mixin.py:151} INFO - Fetched 500 games. Total so far: 207000
[2024-11-04T18:18:53.587+0000] {logging_mixin.py:151} INFO - Adding games..
[2024-11-04T18:18:53.589+0000] {logging_mixin.py:151} INFO - Fetched 500 games. Total so far: 207500
[2024-11-04T18:18:54.190+0000] {logging_mixin.py:151} INFO - Adding games..
[2024-11-04T18:18:54.192+0000] {logging_mixin.py:151} INFO - Fetched 500 games. Total so far: 208000
[2024-11-04T18:18:54.717+0000] {logging_mixin.py:151} INFO - Adding games..
[2024-11-04T18:18:54.718+0000] {logging_mixin.py:151} INFO - Fetched 500 games. Total so far: 208500
[2024-11-04T18:18:55.166+0000] {logging_mixin.py:151} INFO - Adding games..
[2024-11-04T18:18:55.167+0000] {logging_mixin.py:151} INFO - Fetched 500 games. Total so far: 209000
[2024-11-04T18:18:55.793+0000] {logging_mixin.py:151} INFO - Adding games..
[2024-11-04T18:18:55.795+0000] {logging_mixin.py:151} INFO - Fetched 500 games. Total so far: 209500
[2024-11-04T18:18:56.274+0000] {logging_mixin.py:151} INFO - Adding games..
[2024-11-04T18:18:56.276+0000] {logging_mixin.py:151} INFO - Fetched 500 games. Total so far: 210000
[2024-11-04T18:18:56.987+0000] {logging_mixin.py:151} INFO - Adding games..
[2024-11-04T18:18:56.989+0000] {logging_mixin.py:151} INFO - Fetched 500 games. Total so far: 210500
[2024-11-04T18:18:57.578+0000] {logging_mixin.py:151} INFO - Adding games..
[2024-11-04T18:18:57.579+0000] {logging_mixin.py:151} INFO - Fetched 500 games. Total so far: 211000
[2024-11-04T18:18:58.079+0000] {logging_mixin.py:151} INFO - Adding games..
[2024-11-04T18:18:58.081+0000] {logging_mixin.py:151} INFO - Fetched 500 games. Total so far: 211500
[2024-11-04T18:18:58.562+0000] {logging_mixin.py:151} INFO - Adding games..
[2024-11-04T18:18:58.565+0000] {logging_mixin.py:151} INFO - Fetched 500 games. Total so far: 212000
[2024-11-04T18:18:59.082+0000] {logging_mixin.py:151} INFO - Adding games..
[2024-11-04T18:18:59.083+0000] {logging_mixin.py:151} INFO - Fetched 500 games. Total so far: 212500
[2024-11-04T18:18:59.668+0000] {logging_mixin.py:151} INFO - Adding games..
[2024-11-04T18:18:59.670+0000] {logging_mixin.py:151} INFO - Fetched 500 games. Total so far: 213000
[2024-11-04T18:19:00.380+0000] {logging_mixin.py:151} INFO - Adding games..
[2024-11-04T18:19:00.381+0000] {logging_mixin.py:151} INFO - Fetched 500 games. Total so far: 213500
[2024-11-04T18:19:00.844+0000] {logging_mixin.py:151} INFO - Adding games..
[2024-11-04T18:19:00.846+0000] {logging_mixin.py:151} INFO - Fetched 500 games. Total so far: 214000
[2024-11-04T18:19:01.270+0000] {logging_mixin.py:151} INFO - Adding games..
[2024-11-04T18:19:01.272+0000] {logging_mixin.py:151} INFO - Fetched 500 games. Total so far: 214500
[2024-11-04T18:19:01.755+0000] {logging_mixin.py:151} INFO - Adding games..
[2024-11-04T18:19:01.757+0000] {logging_mixin.py:151} INFO - Fetched 500 games. Total so far: 215000
[2024-11-04T18:19:02.298+0000] {logging_mixin.py:151} INFO - Adding games..
[2024-11-04T18:19:02.300+0000] {logging_mixin.py:151} INFO - Fetched 500 games. Total so far: 215500
[2024-11-04T18:19:02.986+0000] {logging_mixin.py:151} INFO - Adding games..
[2024-11-04T18:19:02.988+0000] {logging_mixin.py:151} INFO - Fetched 500 games. Total so far: 216000
[2024-11-04T18:19:03.702+0000] {logging_mixin.py:151} INFO - Adding games..
[2024-11-04T18:19:03.703+0000] {logging_mixin.py:151} INFO - Fetched 500 games. Total so far: 216500
[2024-11-04T18:19:04.223+0000] {logging_mixin.py:151} INFO - Adding games..
[2024-11-04T18:19:04.225+0000] {logging_mixin.py:151} INFO - Fetched 500 games. Total so far: 217000
[2024-11-04T18:19:04.663+0000] {logging_mixin.py:151} INFO - Adding games..
[2024-11-04T18:19:04.665+0000] {logging_mixin.py:151} INFO - Fetched 500 games. Total so far: 217500
[2024-11-04T18:19:05.280+0000] {logging_mixin.py:151} INFO - Adding games..
[2024-11-04T18:19:05.282+0000] {logging_mixin.py:151} INFO - Fetched 500 games. Total so far: 218000
[2024-11-04T18:19:05.806+0000] {logging_mixin.py:151} INFO - Adding games..
[2024-11-04T18:19:05.808+0000] {logging_mixin.py:151} INFO - Fetched 500 games. Total so far: 218500
[2024-11-04T18:19:06.319+0000] {logging_mixin.py:151} INFO - Adding games..
[2024-11-04T18:19:06.321+0000] {logging_mixin.py:151} INFO - Fetched 500 games. Total so far: 219000
[2024-11-04T18:19:06.925+0000] {logging_mixin.py:151} INFO - Adding games..
[2024-11-04T18:19:06.927+0000] {logging_mixin.py:151} INFO - Fetched 500 games. Total so far: 219500
[2024-11-04T18:19:07.461+0000] {logging_mixin.py:151} INFO - Adding games..
[2024-11-04T18:19:07.463+0000] {logging_mixin.py:151} INFO - Fetched 500 games. Total so far: 220000
[2024-11-04T18:19:07.941+0000] {logging_mixin.py:151} INFO - Adding games..
[2024-11-04T18:19:07.943+0000] {logging_mixin.py:151} INFO - Fetched 500 games. Total so far: 220500
[2024-11-04T18:19:08.580+0000] {logging_mixin.py:151} INFO - Adding games..
[2024-11-04T18:19:08.582+0000] {logging_mixin.py:151} INFO - Fetched 500 games. Total so far: 221000
[2024-11-04T18:19:09.252+0000] {logging_mixin.py:151} INFO - Adding games..
[2024-11-04T18:19:09.254+0000] {logging_mixin.py:151} INFO - Fetched 500 games. Total so far: 221500
[2024-11-04T18:19:09.805+0000] {logging_mixin.py:151} INFO - Adding games..
[2024-11-04T18:19:09.806+0000] {logging_mixin.py:151} INFO - Fetched 500 games. Total so far: 222000
[2024-11-04T18:19:10.325+0000] {logging_mixin.py:151} INFO - Adding games..
[2024-11-04T18:19:10.327+0000] {logging_mixin.py:151} INFO - Fetched 500 games. Total so far: 222500
[2024-11-04T18:19:11.538+0000] {logging_mixin.py:151} INFO - Adding games..
[2024-11-04T18:19:11.540+0000] {logging_mixin.py:151} INFO - Fetched 500 games. Total so far: 223000
[2024-11-04T18:19:12.156+0000] {logging_mixin.py:151} INFO - Adding games..
[2024-11-04T18:19:12.157+0000] {logging_mixin.py:151} INFO - Fetched 500 games. Total so far: 223500
[2024-11-04T18:19:12.983+0000] {logging_mixin.py:151} INFO - Adding games..
[2024-11-04T18:19:12.985+0000] {logging_mixin.py:151} INFO - Fetched 500 games. Total so far: 224000
[2024-11-04T18:19:13.532+0000] {logging_mixin.py:151} INFO - Adding games..
[2024-11-04T18:19:13.534+0000] {logging_mixin.py:151} INFO - Fetched 500 games. Total so far: 224500
[2024-11-04T18:19:14.171+0000] {logging_mixin.py:151} INFO - Adding games..
[2024-11-04T18:19:14.172+0000] {logging_mixin.py:151} INFO - Fetched 500 games. Total so far: 225000
[2024-11-04T18:19:14.889+0000] {logging_mixin.py:151} INFO - Adding games..
[2024-11-04T18:19:14.890+0000] {logging_mixin.py:151} INFO - Fetched 500 games. Total so far: 225500
[2024-11-04T18:19:15.549+0000] {logging_mixin.py:151} INFO - Adding games..
[2024-11-04T18:19:15.550+0000] {logging_mixin.py:151} INFO - Fetched 500 games. Total so far: 226000
[2024-11-04T18:19:16.048+0000] {logging_mixin.py:151} INFO - Adding games..
[2024-11-04T18:19:16.049+0000] {logging_mixin.py:151} INFO - Fetched 500 games. Total so far: 226500
[2024-11-04T18:19:16.570+0000] {logging_mixin.py:151} INFO - Adding games..
[2024-11-04T18:19:16.571+0000] {logging_mixin.py:151} INFO - Fetched 500 games. Total so far: 227000
[2024-11-04T18:19:17.149+0000] {logging_mixin.py:151} INFO - Adding games..
[2024-11-04T18:19:17.150+0000] {logging_mixin.py:151} INFO - Fetched 500 games. Total so far: 227500
[2024-11-04T18:19:17.596+0000] {logging_mixin.py:151} INFO - Adding games..
[2024-11-04T18:19:17.597+0000] {logging_mixin.py:151} INFO - Fetched 500 games. Total so far: 228000
[2024-11-04T18:19:18.065+0000] {logging_mixin.py:151} INFO - Adding games..
[2024-11-04T18:19:18.067+0000] {logging_mixin.py:151} INFO - Fetched 500 games. Total so far: 228500
[2024-11-04T18:19:18.709+0000] {logging_mixin.py:151} INFO - Adding games..
[2024-11-04T18:19:18.710+0000] {logging_mixin.py:151} INFO - Fetched 500 games. Total so far: 229000
[2024-11-04T18:19:19.265+0000] {logging_mixin.py:151} INFO - Adding games..
[2024-11-04T18:19:19.267+0000] {logging_mixin.py:151} INFO - Fetched 500 games. Total so far: 229500
[2024-11-04T18:19:19.981+0000] {logging_mixin.py:151} INFO - Adding games..
[2024-11-04T18:19:19.983+0000] {logging_mixin.py:151} INFO - Fetched 500 games. Total so far: 230000
[2024-11-04T18:19:20.623+0000] {logging_mixin.py:151} INFO - Adding games..
[2024-11-04T18:19:20.624+0000] {logging_mixin.py:151} INFO - Fetched 500 games. Total so far: 230500
[2024-11-04T18:19:21.350+0000] {logging_mixin.py:151} INFO - Adding games..
[2024-11-04T18:19:21.352+0000] {logging_mixin.py:151} INFO - Fetched 500 games. Total so far: 231000
[2024-11-04T18:19:21.837+0000] {logging_mixin.py:151} INFO - Adding games..
[2024-11-04T18:19:21.838+0000] {logging_mixin.py:151} INFO - Fetched 500 games. Total so far: 231500
[2024-11-04T18:19:22.386+0000] {logging_mixin.py:151} INFO - Adding games..
[2024-11-04T18:19:22.388+0000] {logging_mixin.py:151} INFO - Fetched 500 games. Total so far: 232000
[2024-11-04T18:19:22.859+0000] {logging_mixin.py:151} INFO - Adding games..
[2024-11-04T18:19:22.860+0000] {logging_mixin.py:151} INFO - Fetched 500 games. Total so far: 232500
[2024-11-04T18:19:23.526+0000] {logging_mixin.py:151} INFO - Adding games..
[2024-11-04T18:19:23.528+0000] {logging_mixin.py:151} INFO - Fetched 500 games. Total so far: 233000
[2024-11-04T18:19:24.237+0000] {logging_mixin.py:151} INFO - Adding games..
[2024-11-04T18:19:24.238+0000] {logging_mixin.py:151} INFO - Fetched 500 games. Total so far: 233500
[2024-11-04T18:19:24.786+0000] {logging_mixin.py:151} INFO - Adding games..
[2024-11-04T18:19:24.788+0000] {logging_mixin.py:151} INFO - Fetched 500 games. Total so far: 234000
[2024-11-04T18:19:25.336+0000] {logging_mixin.py:151} INFO - Adding games..
[2024-11-04T18:19:25.337+0000] {logging_mixin.py:151} INFO - Fetched 500 games. Total so far: 234500
[2024-11-04T18:19:26.062+0000] {logging_mixin.py:151} INFO - Adding games..
[2024-11-04T18:19:26.063+0000] {logging_mixin.py:151} INFO - Fetched 500 games. Total so far: 235000
[2024-11-04T18:19:26.903+0000] {logging_mixin.py:151} INFO - Adding games..
[2024-11-04T18:19:26.904+0000] {logging_mixin.py:151} INFO - Fetched 500 games. Total so far: 235500
[2024-11-04T18:19:27.559+0000] {logging_mixin.py:151} INFO - Adding games..
[2024-11-04T18:19:27.560+0000] {logging_mixin.py:151} INFO - Fetched 500 games. Total so far: 236000
[2024-11-04T18:19:28.231+0000] {logging_mixin.py:151} INFO - Adding games..
[2024-11-04T18:19:28.233+0000] {logging_mixin.py:151} INFO - Fetched 500 games. Total so far: 236500
[2024-11-04T18:19:28.730+0000] {logging_mixin.py:151} INFO - Adding games..
[2024-11-04T18:19:28.732+0000] {logging_mixin.py:151} INFO - Fetched 500 games. Total so far: 237000
[2024-11-04T18:19:29.251+0000] {logging_mixin.py:151} INFO - Adding games..
[2024-11-04T18:19:29.253+0000] {logging_mixin.py:151} INFO - Fetched 500 games. Total so far: 237500
[2024-11-04T18:19:29.921+0000] {logging_mixin.py:151} INFO - Adding games..
[2024-11-04T18:19:29.922+0000] {logging_mixin.py:151} INFO - Fetched 500 games. Total so far: 238000
[2024-11-04T18:19:30.580+0000] {logging_mixin.py:151} INFO - Adding games..
[2024-11-04T18:19:30.582+0000] {logging_mixin.py:151} INFO - Fetched 500 games. Total so far: 238500
[2024-11-04T18:19:31.111+0000] {logging_mixin.py:151} INFO - Adding games..
[2024-11-04T18:19:31.113+0000] {logging_mixin.py:151} INFO - Fetched 500 games. Total so far: 239000
[2024-11-04T18:19:31.593+0000] {logging_mixin.py:151} INFO - Adding games..
[2024-11-04T18:19:31.594+0000] {logging_mixin.py:151} INFO - Fetched 500 games. Total so far: 239500
[2024-11-04T18:19:32.121+0000] {logging_mixin.py:151} INFO - Adding games..
[2024-11-04T18:19:32.123+0000] {logging_mixin.py:151} INFO - Fetched 500 games. Total so far: 240000
[2024-11-04T18:19:32.582+0000] {logging_mixin.py:151} INFO - Adding games..
[2024-11-04T18:19:32.583+0000] {logging_mixin.py:151} INFO - Fetched 500 games. Total so far: 240500
[2024-11-04T18:19:33.034+0000] {logging_mixin.py:151} INFO - Adding games..
[2024-11-04T18:19:33.036+0000] {logging_mixin.py:151} INFO - Fetched 500 games. Total so far: 241000
[2024-11-04T18:19:33.541+0000] {logging_mixin.py:151} INFO - Adding games..
[2024-11-04T18:19:33.542+0000] {logging_mixin.py:151} INFO - Fetched 500 games. Total so far: 241500
[2024-11-04T18:19:34.031+0000] {logging_mixin.py:151} INFO - Adding games..
[2024-11-04T18:19:34.033+0000] {logging_mixin.py:151} INFO - Fetched 500 games. Total so far: 242000
[2024-11-04T18:19:34.600+0000] {logging_mixin.py:151} INFO - Adding games..
[2024-11-04T18:19:34.601+0000] {logging_mixin.py:151} INFO - Fetched 500 games. Total so far: 242500
[2024-11-04T18:19:35.452+0000] {logging_mixin.py:151} INFO - Adding games..
[2024-11-04T18:19:35.454+0000] {logging_mixin.py:151} INFO - Fetched 500 games. Total so far: 243000
[2024-11-04T18:19:36.262+0000] {logging_mixin.py:151} INFO - Adding games..
[2024-11-04T18:19:36.264+0000] {logging_mixin.py:151} INFO - Fetched 500 games. Total so far: 243500
[2024-11-04T18:19:36.792+0000] {logging_mixin.py:151} INFO - Adding games..
[2024-11-04T18:19:36.794+0000] {logging_mixin.py:151} INFO - Fetched 500 games. Total so far: 244000
[2024-11-04T18:19:37.406+0000] {logging_mixin.py:151} INFO - Adding games..
[2024-11-04T18:19:37.407+0000] {logging_mixin.py:151} INFO - Fetched 500 games. Total so far: 244500
[2024-11-04T18:19:38.016+0000] {logging_mixin.py:151} INFO - Adding games..
[2024-11-04T18:19:38.019+0000] {logging_mixin.py:151} INFO - Fetched 500 games. Total so far: 245000
[2024-11-04T18:19:38.490+0000] {logging_mixin.py:151} INFO - Adding games..
[2024-11-04T18:19:38.492+0000] {logging_mixin.py:151} INFO - Fetched 500 games. Total so far: 245500
[2024-11-04T18:19:39.102+0000] {logging_mixin.py:151} INFO - Adding games..
[2024-11-04T18:19:39.103+0000] {logging_mixin.py:151} INFO - Fetched 500 games. Total so far: 246000
[2024-11-04T18:19:39.568+0000] {logging_mixin.py:151} INFO - Adding games..
[2024-11-04T18:19:39.569+0000] {logging_mixin.py:151} INFO - Fetched 500 games. Total so far: 246500
[2024-11-04T18:19:40.145+0000] {logging_mixin.py:151} INFO - Adding games..
[2024-11-04T18:19:40.146+0000] {logging_mixin.py:151} INFO - Fetched 500 games. Total so far: 247000
[2024-11-04T18:19:40.694+0000] {logging_mixin.py:151} INFO - Adding games..
[2024-11-04T18:19:40.696+0000] {logging_mixin.py:151} INFO - Fetched 500 games. Total so far: 247500
[2024-11-04T18:19:41.196+0000] {logging_mixin.py:151} INFO - Adding games..
[2024-11-04T18:19:41.197+0000] {logging_mixin.py:151} INFO - Fetched 500 games. Total so far: 248000
[2024-11-04T18:19:41.670+0000] {logging_mixin.py:151} INFO - Adding games..
[2024-11-04T18:19:41.671+0000] {logging_mixin.py:151} INFO - Fetched 500 games. Total so far: 248500
[2024-11-04T18:19:42.177+0000] {logging_mixin.py:151} INFO - Adding games..
[2024-11-04T18:19:42.184+0000] {logging_mixin.py:151} INFO - Fetched 500 games. Total so far: 249000
[2024-11-04T18:19:42.702+0000] {logging_mixin.py:151} INFO - Adding games..
[2024-11-04T18:19:42.703+0000] {logging_mixin.py:151} INFO - Fetched 500 games. Total so far: 249500
[2024-11-04T18:19:43.304+0000] {logging_mixin.py:151} INFO - Adding games..
[2024-11-04T18:19:43.306+0000] {logging_mixin.py:151} INFO - Fetched 500 games. Total so far: 250000
[2024-11-04T18:19:43.824+0000] {logging_mixin.py:151} INFO - Adding games..
[2024-11-04T18:19:43.825+0000] {logging_mixin.py:151} INFO - Fetched 500 games. Total so far: 250500
[2024-11-04T18:19:43.921+0000] {local_task_job_runner.py:294} WARNING - State of this instance has been externally set to failed. Terminating instance.
[2024-11-04T18:19:43.924+0000] {process_utils.py:131} INFO - Sending 15 to group 51. PIDs of all processes in the group: [51]
[2024-11-04T18:19:43.924+0000] {process_utils.py:86} INFO - Sending the signal 15 to group 51
[2024-11-04T18:19:43.925+0000] {taskinstance.py:1630} ERROR - Received SIGTERM. Terminating subprocesses.
[2024-11-04T18:19:44.057+0000] {process_utils.py:79} INFO - Process psutil.Process(pid=51, status='terminated', exitcode=0, started='18:15:25') (51) terminated with exit code 0
