[2024-11-04T15:41:14.562+0000] {taskinstance.py:1157} INFO - Dependencies all met for dep_context=non-requeueable deps ti=<TaskInstance: etl_game_pipeline.game_extraction manual__2024-11-04T15:41:12.930536+00:00 [queued]>
[2024-11-04T15:41:14.570+0000] {taskinstance.py:1157} INFO - Dependencies all met for dep_context=requeueable deps ti=<TaskInstance: etl_game_pipeline.game_extraction manual__2024-11-04T15:41:12.930536+00:00 [queued]>
[2024-11-04T15:41:14.570+0000] {taskinstance.py:1359} INFO - Starting attempt 1 of 2
[2024-11-04T15:41:14.582+0000] {taskinstance.py:1380} INFO - Executing <Task(PythonOperator): game_extraction> on 2024-11-04 15:41:12.930536+00:00
[2024-11-04T15:41:14.590+0000] {standard_task_runner.py:57} INFO - Started process 62 to run task
[2024-11-04T15:41:14.592+0000] {standard_task_runner.py:84} INFO - Running: ['airflow', 'tasks', 'run', 'etl_game_pipeline', 'game_extraction', 'manual__2024-11-04T15:41:12.930536+00:00', '--job-id', '19', '--raw', '--subdir', 'DAGS_FOLDER/steam_dag.py', '--cfg-path', '/tmp/tmpggbtnp8t']
[2024-11-04T15:41:14.597+0000] {standard_task_runner.py:85} INFO - Job 19: Subtask game_extraction
[2024-11-04T15:41:14.643+0000] {task_command.py:415} INFO - Running <TaskInstance: etl_game_pipeline.game_extraction manual__2024-11-04T15:41:12.930536+00:00 [running]> on host f6d6761c5673
[2024-11-04T15:41:14.859+0000] {taskinstance.py:1660} INFO - Exporting env vars: AIRFLOW_CTX_DAG_OWNER='Jordan Welborn' AIRFLOW_CTX_DAG_ID='etl_game_pipeline' AIRFLOW_CTX_TASK_ID='game_extraction' AIRFLOW_CTX_EXECUTION_DATE='2024-11-04T15:41:12.930536+00:00' AIRFLOW_CTX_TRY_NUMBER='1' AIRFLOW_CTX_DAG_RUN_ID='manual__2024-11-04T15:41:12.930536+00:00'
[2024-11-04T15:41:14.860+0000] {logging_mixin.py:151} INFO - Extracting and transforming game data...
[2024-11-04T15:41:15.496+0000] {logging_mixin.py:151} INFO - aanhkcjrelpxxk56xkofn9pw7iw6yc
[2024-11-04T15:41:15.941+0000] {logging_mixin.py:151} INFO - Adding games..
[2024-11-04T15:41:15.943+0000] {logging_mixin.py:151} INFO - Fetched 500 companies. Total so far: 500
[2024-11-04T15:41:16.312+0000] {logging_mixin.py:151} INFO - Adding games..
[2024-11-04T15:41:16.314+0000] {logging_mixin.py:151} INFO - Fetched 500 companies. Total so far: 1000
[2024-11-04T15:41:16.662+0000] {logging_mixin.py:151} INFO - Adding games..
[2024-11-04T15:41:16.664+0000] {logging_mixin.py:151} INFO - Fetched 500 companies. Total so far: 1500
[2024-11-04T15:41:17.030+0000] {logging_mixin.py:151} INFO - Adding games..
[2024-11-04T15:41:17.031+0000] {logging_mixin.py:151} INFO - Fetched 500 companies. Total so far: 2000
[2024-11-04T15:41:17.422+0000] {logging_mixin.py:151} INFO - Adding games..
[2024-11-04T15:41:17.424+0000] {logging_mixin.py:151} INFO - Fetched 500 companies. Total so far: 2500
[2024-11-04T15:41:17.923+0000] {logging_mixin.py:151} INFO - Adding games..
[2024-11-04T15:41:17.925+0000] {logging_mixin.py:151} INFO - Fetched 500 companies. Total so far: 3000
[2024-11-04T15:41:18.349+0000] {logging_mixin.py:151} INFO - Adding games..
[2024-11-04T15:41:18.351+0000] {logging_mixin.py:151} INFO - Fetched 500 companies. Total so far: 3500
[2024-11-04T15:41:18.899+0000] {logging_mixin.py:151} INFO - Adding games..
[2024-11-04T15:41:18.901+0000] {logging_mixin.py:151} INFO - Fetched 500 companies. Total so far: 4000
[2024-11-04T15:41:19.408+0000] {logging_mixin.py:151} INFO - Adding games..
[2024-11-04T15:41:19.410+0000] {logging_mixin.py:151} INFO - Fetched 500 companies. Total so far: 4500
[2024-11-04T15:41:19.948+0000] {logging_mixin.py:151} INFO - Adding games..
[2024-11-04T15:41:19.950+0000] {logging_mixin.py:151} INFO - Fetched 500 companies. Total so far: 5000
[2024-11-04T15:41:20.282+0000] {logging_mixin.py:151} INFO - Adding games..
[2024-11-04T15:41:20.284+0000] {logging_mixin.py:151} INFO - Fetched 500 companies. Total so far: 5500
[2024-11-04T15:41:20.628+0000] {logging_mixin.py:151} INFO - Adding games..
[2024-11-04T15:41:20.630+0000] {logging_mixin.py:151} INFO - Fetched 500 companies. Total so far: 6000
[2024-11-04T15:41:21.019+0000] {logging_mixin.py:151} INFO - Adding games..
[2024-11-04T15:41:21.021+0000] {logging_mixin.py:151} INFO - Fetched 500 companies. Total so far: 6500
[2024-11-04T15:41:21.419+0000] {logging_mixin.py:151} INFO - Adding games..
[2024-11-04T15:41:21.420+0000] {logging_mixin.py:151} INFO - Fetched 500 companies. Total so far: 7000
[2024-11-04T15:41:21.865+0000] {logging_mixin.py:151} INFO - Adding games..
[2024-11-04T15:41:21.867+0000] {logging_mixin.py:151} INFO - Fetched 500 companies. Total so far: 7500
[2024-11-04T15:41:22.293+0000] {logging_mixin.py:151} INFO - Adding games..
[2024-11-04T15:41:22.295+0000] {logging_mixin.py:151} INFO - Fetched 500 companies. Total so far: 8000
[2024-11-04T15:41:22.696+0000] {logging_mixin.py:151} INFO - Adding games..
[2024-11-04T15:41:22.697+0000] {logging_mixin.py:151} INFO - Fetched 500 companies. Total so far: 8500
[2024-11-04T15:41:23.138+0000] {logging_mixin.py:151} INFO - Adding games..
[2024-11-04T15:41:23.140+0000] {logging_mixin.py:151} INFO - Fetched 500 companies. Total so far: 9000
[2024-11-04T15:41:23.554+0000] {logging_mixin.py:151} INFO - Adding games..
[2024-11-04T15:41:23.556+0000] {logging_mixin.py:151} INFO - Fetched 500 companies. Total so far: 9500
[2024-11-04T15:41:23.917+0000] {logging_mixin.py:151} INFO - Adding games..
[2024-11-04T15:41:23.919+0000] {logging_mixin.py:151} INFO - Fetched 500 companies. Total so far: 10000
[2024-11-04T15:41:24.435+0000] {logging_mixin.py:151} INFO - Adding games..
[2024-11-04T15:41:24.436+0000] {logging_mixin.py:151} INFO - Fetched 500 companies. Total so far: 10500
[2024-11-04T15:41:24.788+0000] {logging_mixin.py:151} INFO - Adding games..
[2024-11-04T15:41:24.790+0000] {logging_mixin.py:151} INFO - Fetched 500 companies. Total so far: 11000
[2024-11-04T15:41:25.381+0000] {logging_mixin.py:151} INFO - Adding games..
[2024-11-04T15:41:25.382+0000] {logging_mixin.py:151} INFO - Fetched 500 companies. Total so far: 11500
[2024-11-04T15:41:25.726+0000] {logging_mixin.py:151} INFO - Adding games..
[2024-11-04T15:41:25.727+0000] {logging_mixin.py:151} INFO - Fetched 500 companies. Total so far: 12000
[2024-11-04T15:41:26.257+0000] {logging_mixin.py:151} INFO - Adding games..
[2024-11-04T15:41:26.259+0000] {logging_mixin.py:151} INFO - Fetched 500 companies. Total so far: 12500
[2024-11-04T15:41:26.676+0000] {logging_mixin.py:151} INFO - Adding games..
[2024-11-04T15:41:26.677+0000] {logging_mixin.py:151} INFO - Fetched 500 companies. Total so far: 13000
[2024-11-04T15:41:27.068+0000] {logging_mixin.py:151} INFO - Adding games..
[2024-11-04T15:41:27.070+0000] {logging_mixin.py:151} INFO - Fetched 500 companies. Total so far: 13500
[2024-11-04T15:41:27.496+0000] {logging_mixin.py:151} INFO - Adding games..
[2024-11-04T15:41:27.498+0000] {logging_mixin.py:151} INFO - Fetched 500 companies. Total so far: 14000
[2024-11-04T15:41:28.008+0000] {logging_mixin.py:151} INFO - Adding games..
[2024-11-04T15:41:28.009+0000] {logging_mixin.py:151} INFO - Fetched 500 companies. Total so far: 14500
[2024-11-04T15:41:28.505+0000] {logging_mixin.py:151} INFO - Adding games..
[2024-11-04T15:41:28.507+0000] {logging_mixin.py:151} INFO - Fetched 500 companies. Total so far: 15000
[2024-11-04T15:41:28.946+0000] {logging_mixin.py:151} INFO - Adding games..
[2024-11-04T15:41:28.948+0000] {logging_mixin.py:151} INFO - Fetched 500 companies. Total so far: 15500
[2024-11-04T15:41:29.314+0000] {logging_mixin.py:151} INFO - Adding games..
[2024-11-04T15:41:29.316+0000] {logging_mixin.py:151} INFO - Fetched 500 companies. Total so far: 16000
[2024-11-04T15:41:29.664+0000] {logging_mixin.py:151} INFO - Adding games..
[2024-11-04T15:41:29.666+0000] {logging_mixin.py:151} INFO - Fetched 500 companies. Total so far: 16500
[2024-11-04T15:41:30.074+0000] {logging_mixin.py:151} INFO - Adding games..
[2024-11-04T15:41:30.075+0000] {logging_mixin.py:151} INFO - Fetched 500 companies. Total so far: 17000
[2024-11-04T15:41:30.512+0000] {logging_mixin.py:151} INFO - Adding games..
[2024-11-04T15:41:30.513+0000] {logging_mixin.py:151} INFO - Fetched 500 companies. Total so far: 17500
[2024-11-04T15:41:30.862+0000] {logging_mixin.py:151} INFO - Adding games..
[2024-11-04T15:41:30.864+0000] {logging_mixin.py:151} INFO - Fetched 500 companies. Total so far: 18000
[2024-11-04T15:41:31.250+0000] {logging_mixin.py:151} INFO - Adding games..
[2024-11-04T15:41:31.251+0000] {logging_mixin.py:151} INFO - Fetched 500 companies. Total so far: 18500
[2024-11-04T15:41:31.774+0000] {logging_mixin.py:151} INFO - Adding games..
[2024-11-04T15:41:31.776+0000] {logging_mixin.py:151} INFO - Fetched 500 companies. Total so far: 19000
[2024-11-04T15:41:32.198+0000] {logging_mixin.py:151} INFO - Adding games..
[2024-11-04T15:41:32.200+0000] {logging_mixin.py:151} INFO - Fetched 500 companies. Total so far: 19500
[2024-11-04T15:41:32.581+0000] {logging_mixin.py:151} INFO - Adding games..
[2024-11-04T15:41:32.583+0000] {logging_mixin.py:151} INFO - Fetched 500 companies. Total so far: 20000
[2024-11-04T15:41:32.981+0000] {logging_mixin.py:151} INFO - Adding games..
[2024-11-04T15:41:32.982+0000] {logging_mixin.py:151} INFO - Fetched 500 companies. Total so far: 20500
[2024-11-04T15:41:33.385+0000] {logging_mixin.py:151} INFO - Adding games..
[2024-11-04T15:41:33.386+0000] {logging_mixin.py:151} INFO - Fetched 500 companies. Total so far: 21000
[2024-11-04T15:41:33.781+0000] {logging_mixin.py:151} INFO - Adding games..
[2024-11-04T15:41:33.783+0000] {logging_mixin.py:151} INFO - Fetched 500 companies. Total so far: 21500
[2024-11-04T15:41:34.166+0000] {logging_mixin.py:151} INFO - Adding games..
[2024-11-04T15:41:34.168+0000] {logging_mixin.py:151} INFO - Fetched 500 companies. Total so far: 22000
[2024-11-04T15:41:34.572+0000] {logging_mixin.py:151} INFO - Adding games..
[2024-11-04T15:41:34.573+0000] {logging_mixin.py:151} INFO - Fetched 500 companies. Total so far: 22500
[2024-11-04T15:41:34.949+0000] {logging_mixin.py:151} INFO - Adding games..
[2024-11-04T15:41:34.950+0000] {logging_mixin.py:151} INFO - Fetched 500 companies. Total so far: 23000
[2024-11-04T15:41:35.478+0000] {logging_mixin.py:151} INFO - Adding games..
[2024-11-04T15:41:35.479+0000] {logging_mixin.py:151} INFO - Fetched 500 companies. Total so far: 23500
[2024-11-04T15:41:35.818+0000] {logging_mixin.py:151} INFO - Adding games..
[2024-11-04T15:41:35.820+0000] {logging_mixin.py:151} INFO - Fetched 500 companies. Total so far: 24000
[2024-11-04T15:41:36.241+0000] {logging_mixin.py:151} INFO - Adding games..
[2024-11-04T15:41:36.243+0000] {logging_mixin.py:151} INFO - Fetched 500 companies. Total so far: 24500
[2024-11-04T15:41:36.770+0000] {logging_mixin.py:151} INFO - Adding games..
[2024-11-04T15:41:36.772+0000] {logging_mixin.py:151} INFO - Fetched 500 companies. Total so far: 25000
[2024-11-04T15:41:37.189+0000] {logging_mixin.py:151} INFO - Adding games..
[2024-11-04T15:41:37.190+0000] {logging_mixin.py:151} INFO - Fetched 500 companies. Total so far: 25500
[2024-11-04T15:41:37.595+0000] {logging_mixin.py:151} INFO - Adding games..
[2024-11-04T15:41:37.597+0000] {logging_mixin.py:151} INFO - Fetched 500 companies. Total so far: 26000
[2024-11-04T15:41:38.038+0000] {logging_mixin.py:151} INFO - Adding games..
[2024-11-04T15:41:38.040+0000] {logging_mixin.py:151} INFO - Fetched 500 companies. Total so far: 26500
[2024-11-04T15:41:38.595+0000] {logging_mixin.py:151} INFO - Adding games..
[2024-11-04T15:41:38.597+0000] {logging_mixin.py:151} INFO - Fetched 500 companies. Total so far: 27000
[2024-11-04T15:41:38.998+0000] {logging_mixin.py:151} INFO - Adding games..
[2024-11-04T15:41:39.000+0000] {logging_mixin.py:151} INFO - Fetched 500 companies. Total so far: 27500
[2024-11-04T15:41:39.426+0000] {logging_mixin.py:151} INFO - Adding games..
[2024-11-04T15:41:39.428+0000] {logging_mixin.py:151} INFO - Fetched 500 companies. Total so far: 28000
[2024-11-04T15:41:39.840+0000] {logging_mixin.py:151} INFO - Adding games..
[2024-11-04T15:41:39.842+0000] {logging_mixin.py:151} INFO - Fetched 500 companies. Total so far: 28500
[2024-11-04T15:41:40.244+0000] {logging_mixin.py:151} INFO - Adding games..
[2024-11-04T15:41:40.264+0000] {logging_mixin.py:151} INFO - Fetched 500 companies. Total so far: 29000
[2024-11-04T15:41:40.725+0000] {logging_mixin.py:151} INFO - Adding games..
[2024-11-04T15:41:40.726+0000] {logging_mixin.py:151} INFO - Fetched 500 companies. Total so far: 29500
[2024-11-04T15:41:41.128+0000] {logging_mixin.py:151} INFO - Adding games..
[2024-11-04T15:41:41.130+0000] {logging_mixin.py:151} INFO - Fetched 500 companies. Total so far: 30000
[2024-11-04T15:41:41.610+0000] {logging_mixin.py:151} INFO - Adding games..
[2024-11-04T15:41:41.611+0000] {logging_mixin.py:151} INFO - Fetched 500 companies. Total so far: 30500
[2024-11-04T15:41:42.139+0000] {logging_mixin.py:151} INFO - Adding games..
[2024-11-04T15:41:42.141+0000] {logging_mixin.py:151} INFO - Fetched 500 companies. Total so far: 31000
[2024-11-04T15:41:42.521+0000] {logging_mixin.py:151} INFO - Adding games..
[2024-11-04T15:41:42.523+0000] {logging_mixin.py:151} INFO - Fetched 500 companies. Total so far: 31500
[2024-11-04T15:41:42.876+0000] {logging_mixin.py:151} INFO - Adding games..
[2024-11-04T15:41:42.878+0000] {logging_mixin.py:151} INFO - Fetched 500 companies. Total so far: 32000
[2024-11-04T15:41:43.315+0000] {logging_mixin.py:151} INFO - Adding games..
[2024-11-04T15:41:43.317+0000] {logging_mixin.py:151} INFO - Fetched 500 companies. Total so far: 32500
[2024-11-04T15:41:43.737+0000] {logging_mixin.py:151} INFO - Adding games..
[2024-11-04T15:41:43.738+0000] {logging_mixin.py:151} INFO - Fetched 500 companies. Total so far: 33000
[2024-11-04T15:41:44.202+0000] {logging_mixin.py:151} INFO - Adding games..
[2024-11-04T15:41:44.203+0000] {logging_mixin.py:151} INFO - Fetched 500 companies. Total so far: 33500
[2024-11-04T15:41:44.601+0000] {logging_mixin.py:151} INFO - Adding games..
[2024-11-04T15:41:44.603+0000] {logging_mixin.py:151} INFO - Fetched 500 companies. Total so far: 34000
[2024-11-04T15:41:44.944+0000] {logging_mixin.py:151} INFO - Adding games..
[2024-11-04T15:41:44.946+0000] {logging_mixin.py:151} INFO - Fetched 500 companies. Total so far: 34500
[2024-11-04T15:41:45.276+0000] {logging_mixin.py:151} INFO - Adding games..
[2024-11-04T15:41:45.277+0000] {logging_mixin.py:151} INFO - Fetched 500 companies. Total so far: 35000
[2024-11-04T15:41:45.679+0000] {logging_mixin.py:151} INFO - Adding games..
[2024-11-04T15:41:45.681+0000] {logging_mixin.py:151} INFO - Fetched 500 companies. Total so far: 35500
[2024-11-04T15:41:46.144+0000] {logging_mixin.py:151} INFO - Adding games..
[2024-11-04T15:41:46.145+0000] {logging_mixin.py:151} INFO - Fetched 500 companies. Total so far: 36000
[2024-11-04T15:41:46.550+0000] {logging_mixin.py:151} INFO - Adding games..
[2024-11-04T15:41:46.552+0000] {logging_mixin.py:151} INFO - Fetched 500 companies. Total so far: 36500
[2024-11-04T15:41:46.898+0000] {logging_mixin.py:151} INFO - Adding games..
[2024-11-04T15:41:46.900+0000] {logging_mixin.py:151} INFO - Fetched 500 companies. Total so far: 37000
[2024-11-04T15:41:47.264+0000] {logging_mixin.py:151} INFO - Adding games..
[2024-11-04T15:41:47.265+0000] {logging_mixin.py:151} INFO - Fetched 500 companies. Total so far: 37500
[2024-11-04T15:41:47.614+0000] {logging_mixin.py:151} INFO - Adding games..
[2024-11-04T15:41:47.616+0000] {logging_mixin.py:151} INFO - Fetched 500 companies. Total so far: 38000
[2024-11-04T15:41:47.995+0000] {logging_mixin.py:151} INFO - Adding games..
[2024-11-04T15:41:47.997+0000] {logging_mixin.py:151} INFO - Fetched 500 companies. Total so far: 38500
[2024-11-04T15:41:48.514+0000] {logging_mixin.py:151} INFO - Adding games..
[2024-11-04T15:41:48.516+0000] {logging_mixin.py:151} INFO - Fetched 500 companies. Total so far: 39000
[2024-11-04T15:41:48.947+0000] {logging_mixin.py:151} INFO - Adding games..
[2024-11-04T15:41:48.948+0000] {logging_mixin.py:151} INFO - Fetched 500 companies. Total so far: 39500
[2024-11-04T15:41:49.353+0000] {logging_mixin.py:151} INFO - Adding games..
[2024-11-04T15:41:49.356+0000] {logging_mixin.py:151} INFO - Fetched 500 companies. Total so far: 40000
[2024-11-04T15:41:49.711+0000] {logging_mixin.py:151} INFO - Adding games..
[2024-11-04T15:41:49.712+0000] {logging_mixin.py:151} INFO - Fetched 500 companies. Total so far: 40500
[2024-11-04T15:41:50.076+0000] {logging_mixin.py:151} INFO - Adding games..
[2024-11-04T15:41:50.078+0000] {logging_mixin.py:151} INFO - Fetched 500 companies. Total so far: 41000
[2024-11-04T15:41:50.604+0000] {logging_mixin.py:151} INFO - Adding games..
[2024-11-04T15:41:50.606+0000] {logging_mixin.py:151} INFO - Fetched 500 companies. Total so far: 41500
[2024-11-04T15:41:51.013+0000] {logging_mixin.py:151} INFO - Adding games..
[2024-11-04T15:41:51.015+0000] {logging_mixin.py:151} INFO - Fetched 500 companies. Total so far: 42000
[2024-11-04T15:41:51.486+0000] {logging_mixin.py:151} INFO - Adding games..
[2024-11-04T15:41:51.488+0000] {logging_mixin.py:151} INFO - Fetched 500 companies. Total so far: 42500
[2024-11-04T15:41:52.055+0000] {logging_mixin.py:151} INFO - Adding games..
[2024-11-04T15:41:52.057+0000] {logging_mixin.py:151} INFO - Fetched 500 companies. Total so far: 43000
[2024-11-04T15:41:52.561+0000] {logging_mixin.py:151} INFO - Adding games..
[2024-11-04T15:41:52.562+0000] {logging_mixin.py:151} INFO - Fetched 500 companies. Total so far: 43500
[2024-11-04T15:41:52.970+0000] {logging_mixin.py:151} INFO - Adding games..
[2024-11-04T15:41:52.971+0000] {logging_mixin.py:151} INFO - Fetched 500 companies. Total so far: 44000
[2024-11-04T15:41:53.514+0000] {logging_mixin.py:151} INFO - Adding games..
[2024-11-04T15:41:53.515+0000] {logging_mixin.py:151} INFO - Fetched 500 companies. Total so far: 44500
[2024-11-04T15:41:54.260+0000] {logging_mixin.py:151} INFO - Adding games..
[2024-11-04T15:41:54.262+0000] {logging_mixin.py:151} INFO - Fetched 500 companies. Total so far: 45000
[2024-11-04T15:41:54.678+0000] {logging_mixin.py:151} INFO - Adding games..
[2024-11-04T15:41:54.679+0000] {logging_mixin.py:151} INFO - Fetched 500 companies. Total so far: 45500
[2024-11-04T15:41:55.092+0000] {logging_mixin.py:151} INFO - Adding games..
[2024-11-04T15:41:55.093+0000] {logging_mixin.py:151} INFO - Fetched 500 companies. Total so far: 46000
[2024-11-04T15:41:55.649+0000] {logging_mixin.py:151} INFO - Adding games..
[2024-11-04T15:41:55.651+0000] {logging_mixin.py:151} INFO - Fetched 500 companies. Total so far: 46500
[2024-11-04T15:41:56.071+0000] {logging_mixin.py:151} INFO - Adding games..
[2024-11-04T15:41:56.073+0000] {logging_mixin.py:151} INFO - Fetched 500 companies. Total so far: 47000
[2024-11-04T15:41:56.462+0000] {logging_mixin.py:151} INFO - Adding games..
[2024-11-04T15:41:56.463+0000] {logging_mixin.py:151} INFO - Fetched 500 companies. Total so far: 47500
[2024-11-04T15:41:56.892+0000] {logging_mixin.py:151} INFO - Adding games..
[2024-11-04T15:41:56.893+0000] {logging_mixin.py:151} INFO - Fetched 500 companies. Total so far: 48000
[2024-11-04T15:41:57.264+0000] {logging_mixin.py:151} INFO - Adding games..
[2024-11-04T15:41:57.266+0000] {logging_mixin.py:151} INFO - Fetched 500 companies. Total so far: 48500
[2024-11-04T15:41:57.701+0000] {logging_mixin.py:151} INFO - Adding games..
[2024-11-04T15:41:57.702+0000] {logging_mixin.py:151} INFO - Fetched 500 companies. Total so far: 49000
[2024-11-04T15:41:58.045+0000] {logging_mixin.py:151} INFO - Adding games..
[2024-11-04T15:41:58.047+0000] {logging_mixin.py:151} INFO - Fetched 500 companies. Total so far: 49500
[2024-11-04T15:41:58.630+0000] {logging_mixin.py:151} INFO - Adding games..
[2024-11-04T15:41:58.631+0000] {logging_mixin.py:151} INFO - Fetched 500 companies. Total so far: 50000
[2024-11-04T15:41:59.182+0000] {logging_mixin.py:151} INFO - Adding games..
[2024-11-04T15:41:59.183+0000] {logging_mixin.py:151} INFO - Fetched 500 companies. Total so far: 50500
[2024-11-04T15:41:59.565+0000] {logging_mixin.py:151} INFO - Adding games..
[2024-11-04T15:41:59.567+0000] {logging_mixin.py:151} INFO - Fetched 500 companies. Total so far: 51000
[2024-11-04T15:41:59.988+0000] {logging_mixin.py:151} INFO - Adding games..
[2024-11-04T15:41:59.989+0000] {logging_mixin.py:151} INFO - Fetched 500 companies. Total so far: 51500
[2024-11-04T15:42:00.368+0000] {logging_mixin.py:151} INFO - Adding games..
[2024-11-04T15:42:00.370+0000] {logging_mixin.py:151} INFO - Fetched 500 companies. Total so far: 52000
[2024-11-04T15:42:01.034+0000] {logging_mixin.py:151} INFO - Adding games..
[2024-11-04T15:42:01.035+0000] {logging_mixin.py:151} INFO - Fetched 500 companies. Total so far: 52500
[2024-11-04T15:42:01.579+0000] {logging_mixin.py:151} INFO - Adding games..
[2024-11-04T15:42:01.581+0000] {logging_mixin.py:151} INFO - Fetched 500 companies. Total so far: 53000
[2024-11-04T15:42:02.047+0000] {logging_mixin.py:151} INFO - Adding games..
[2024-11-04T15:42:02.050+0000] {logging_mixin.py:151} INFO - Fetched 500 companies. Total so far: 53500
[2024-11-04T15:42:02.439+0000] {logging_mixin.py:151} INFO - Adding games..
[2024-11-04T15:42:02.440+0000] {logging_mixin.py:151} INFO - Fetched 500 companies. Total so far: 54000
[2024-11-04T15:42:02.843+0000] {logging_mixin.py:151} INFO - Adding games..
[2024-11-04T15:42:02.844+0000] {logging_mixin.py:151} INFO - Fetched 500 companies. Total so far: 54500
[2024-11-04T15:42:03.359+0000] {logging_mixin.py:151} INFO - Adding games..
[2024-11-04T15:42:03.360+0000] {logging_mixin.py:151} INFO - Fetched 500 companies. Total so far: 55000
[2024-11-04T15:42:03.897+0000] {logging_mixin.py:151} INFO - Adding games..
[2024-11-04T15:42:03.899+0000] {logging_mixin.py:151} INFO - Fetched 500 companies. Total so far: 55500
[2024-11-04T15:42:04.309+0000] {logging_mixin.py:151} INFO - Adding games..
[2024-11-04T15:42:04.310+0000] {logging_mixin.py:151} INFO - Fetched 500 companies. Total so far: 56000
[2024-11-04T15:42:04.856+0000] {logging_mixin.py:151} INFO - Adding games..
[2024-11-04T15:42:04.857+0000] {logging_mixin.py:151} INFO - Fetched 500 companies. Total so far: 56500
[2024-11-04T15:42:05.398+0000] {logging_mixin.py:151} INFO - Adding games..
[2024-11-04T15:42:05.399+0000] {logging_mixin.py:151} INFO - Fetched 500 companies. Total so far: 57000
[2024-11-04T15:42:05.843+0000] {logging_mixin.py:151} INFO - Adding games..
[2024-11-04T15:42:05.845+0000] {logging_mixin.py:151} INFO - Fetched 500 companies. Total so far: 57500
[2024-11-04T15:42:06.256+0000] {logging_mixin.py:151} INFO - Adding games..
[2024-11-04T15:42:06.258+0000] {logging_mixin.py:151} INFO - Fetched 500 companies. Total so far: 58000
[2024-11-04T15:42:06.740+0000] {logging_mixin.py:151} INFO - Adding games..
[2024-11-04T15:42:06.742+0000] {logging_mixin.py:151} INFO - Fetched 500 companies. Total so far: 58500
[2024-11-04T15:42:07.195+0000] {logging_mixin.py:151} INFO - Adding games..
[2024-11-04T15:42:07.196+0000] {logging_mixin.py:151} INFO - Fetched 500 companies. Total so far: 59000
[2024-11-04T15:42:07.682+0000] {logging_mixin.py:151} INFO - Adding games..
[2024-11-04T15:42:07.684+0000] {logging_mixin.py:151} INFO - Fetched 500 companies. Total so far: 59500
[2024-11-04T15:42:08.094+0000] {logging_mixin.py:151} INFO - Adding games..
[2024-11-04T15:42:08.096+0000] {logging_mixin.py:151} INFO - Fetched 500 companies. Total so far: 60000
[2024-11-04T15:42:08.659+0000] {logging_mixin.py:151} INFO - Adding games..
[2024-11-04T15:42:08.661+0000] {logging_mixin.py:151} INFO - Fetched 500 companies. Total so far: 60500
[2024-11-04T15:42:09.030+0000] {logging_mixin.py:151} INFO - Adding games..
[2024-11-04T15:42:09.032+0000] {logging_mixin.py:151} INFO - Fetched 500 companies. Total so far: 61000
[2024-11-04T15:42:09.441+0000] {logging_mixin.py:151} INFO - Adding games..
[2024-11-04T15:42:09.443+0000] {logging_mixin.py:151} INFO - Fetched 500 companies. Total so far: 61500
[2024-11-04T15:42:09.880+0000] {logging_mixin.py:151} INFO - Adding games..
[2024-11-04T15:42:09.882+0000] {logging_mixin.py:151} INFO - Fetched 500 companies. Total so far: 62000
[2024-11-04T15:42:10.367+0000] {logging_mixin.py:151} INFO - Adding games..
[2024-11-04T15:42:10.369+0000] {logging_mixin.py:151} INFO - Fetched 500 companies. Total so far: 62500
[2024-11-04T15:42:10.868+0000] {logging_mixin.py:151} INFO - Adding games..
[2024-11-04T15:42:10.870+0000] {logging_mixin.py:151} INFO - Fetched 500 companies. Total so far: 63000
[2024-11-04T15:42:11.290+0000] {logging_mixin.py:151} INFO - Adding games..
[2024-11-04T15:42:11.292+0000] {logging_mixin.py:151} INFO - Fetched 500 companies. Total so far: 63500
[2024-11-04T15:42:11.752+0000] {logging_mixin.py:151} INFO - Adding games..
[2024-11-04T15:42:11.753+0000] {logging_mixin.py:151} INFO - Fetched 500 companies. Total so far: 64000
[2024-11-04T15:42:12.198+0000] {logging_mixin.py:151} INFO - Adding games..
[2024-11-04T15:42:12.200+0000] {logging_mixin.py:151} INFO - Fetched 500 companies. Total so far: 64500
[2024-11-04T15:42:12.760+0000] {logging_mixin.py:151} INFO - Adding games..
[2024-11-04T15:42:12.762+0000] {logging_mixin.py:151} INFO - Fetched 500 companies. Total so far: 65000
[2024-11-04T15:42:13.222+0000] {logging_mixin.py:151} INFO - Adding games..
[2024-11-04T15:42:13.224+0000] {logging_mixin.py:151} INFO - Fetched 500 companies. Total so far: 65500
[2024-11-04T15:42:13.758+0000] {logging_mixin.py:151} INFO - Adding games..
[2024-11-04T15:42:13.760+0000] {logging_mixin.py:151} INFO - Fetched 500 companies. Total so far: 66000
[2024-11-04T15:42:14.499+0000] {logging_mixin.py:151} INFO - Adding games..
[2024-11-04T15:42:14.501+0000] {logging_mixin.py:151} INFO - Fetched 500 companies. Total so far: 66500
[2024-11-04T15:42:14.927+0000] {logging_mixin.py:151} INFO - Adding games..
[2024-11-04T15:42:14.929+0000] {logging_mixin.py:151} INFO - Fetched 500 companies. Total so far: 67000
[2024-11-04T15:42:15.336+0000] {logging_mixin.py:151} INFO - Adding games..
[2024-11-04T15:42:15.337+0000] {logging_mixin.py:151} INFO - Fetched 500 companies. Total so far: 67500
[2024-11-04T15:42:15.795+0000] {logging_mixin.py:151} INFO - Adding games..
[2024-11-04T15:42:15.797+0000] {logging_mixin.py:151} INFO - Fetched 500 companies. Total so far: 68000
[2024-11-04T15:42:16.241+0000] {logging_mixin.py:151} INFO - Adding games..
[2024-11-04T15:42:16.243+0000] {logging_mixin.py:151} INFO - Fetched 500 companies. Total so far: 68500
[2024-11-04T15:42:16.680+0000] {logging_mixin.py:151} INFO - Adding games..
[2024-11-04T15:42:16.681+0000] {logging_mixin.py:151} INFO - Fetched 500 companies. Total so far: 69000
[2024-11-04T15:42:17.439+0000] {logging_mixin.py:151} INFO - Adding games..
[2024-11-04T15:42:17.441+0000] {logging_mixin.py:151} INFO - Fetched 500 companies. Total so far: 69500
[2024-11-04T15:42:17.863+0000] {logging_mixin.py:151} INFO - Adding games..
[2024-11-04T15:42:17.864+0000] {logging_mixin.py:151} INFO - Fetched 500 companies. Total so far: 70000
[2024-11-04T15:42:18.559+0000] {logging_mixin.py:151} INFO - Adding games..
[2024-11-04T15:42:18.561+0000] {logging_mixin.py:151} INFO - Fetched 500 companies. Total so far: 70500
[2024-11-04T15:42:18.952+0000] {logging_mixin.py:151} INFO - Adding games..
[2024-11-04T15:42:18.954+0000] {logging_mixin.py:151} INFO - Fetched 500 companies. Total so far: 71000
[2024-11-04T15:42:19.358+0000] {logging_mixin.py:151} INFO - Adding games..
[2024-11-04T15:42:19.360+0000] {logging_mixin.py:151} INFO - Fetched 500 companies. Total so far: 71500
[2024-11-04T15:42:19.744+0000] {logging_mixin.py:151} INFO - Adding games..
[2024-11-04T15:42:19.746+0000] {logging_mixin.py:151} INFO - Fetched 500 companies. Total so far: 72000
[2024-11-04T15:42:20.152+0000] {logging_mixin.py:151} INFO - Adding games..
[2024-11-04T15:42:20.154+0000] {logging_mixin.py:151} INFO - Fetched 500 companies. Total so far: 72500
[2024-11-04T15:42:20.559+0000] {logging_mixin.py:151} INFO - Adding games..
[2024-11-04T15:42:20.561+0000] {logging_mixin.py:151} INFO - Fetched 500 companies. Total so far: 73000
[2024-11-04T15:42:20.958+0000] {logging_mixin.py:151} INFO - Adding games..
[2024-11-04T15:42:20.959+0000] {logging_mixin.py:151} INFO - Fetched 500 companies. Total so far: 73500
[2024-11-04T15:42:21.344+0000] {logging_mixin.py:151} INFO - Adding games..
[2024-11-04T15:42:21.345+0000] {logging_mixin.py:151} INFO - Fetched 500 companies. Total so far: 74000
[2024-11-04T15:42:21.920+0000] {logging_mixin.py:151} INFO - Adding games..
[2024-11-04T15:42:21.921+0000] {logging_mixin.py:151} INFO - Fetched 500 companies. Total so far: 74500
[2024-11-04T15:42:22.347+0000] {logging_mixin.py:151} INFO - Adding games..
[2024-11-04T15:42:22.348+0000] {logging_mixin.py:151} INFO - Fetched 500 companies. Total so far: 75000
[2024-11-04T15:42:22.789+0000] {logging_mixin.py:151} INFO - Adding games..
[2024-11-04T15:42:22.791+0000] {logging_mixin.py:151} INFO - Fetched 500 companies. Total so far: 75500
[2024-11-04T15:42:23.213+0000] {logging_mixin.py:151} INFO - Adding games..
[2024-11-04T15:42:23.215+0000] {logging_mixin.py:151} INFO - Fetched 500 companies. Total so far: 76000
[2024-11-04T15:42:23.658+0000] {logging_mixin.py:151} INFO - Adding games..
[2024-11-04T15:42:23.660+0000] {logging_mixin.py:151} INFO - Fetched 500 companies. Total so far: 76500
[2024-11-04T15:42:24.015+0000] {logging_mixin.py:151} INFO - Adding games..
[2024-11-04T15:42:24.017+0000] {logging_mixin.py:151} INFO - Fetched 500 companies. Total so far: 77000
[2024-11-04T15:42:24.417+0000] {logging_mixin.py:151} INFO - Adding games..
[2024-11-04T15:42:24.419+0000] {logging_mixin.py:151} INFO - Fetched 500 companies. Total so far: 77500
[2024-11-04T15:42:24.845+0000] {logging_mixin.py:151} INFO - Adding games..
[2024-11-04T15:42:24.847+0000] {logging_mixin.py:151} INFO - Fetched 500 companies. Total so far: 78000
[2024-11-04T15:42:25.439+0000] {logging_mixin.py:151} INFO - Adding games..
[2024-11-04T15:42:25.441+0000] {logging_mixin.py:151} INFO - Fetched 500 companies. Total so far: 78500
[2024-11-04T15:42:25.847+0000] {logging_mixin.py:151} INFO - Adding games..
[2024-11-04T15:42:25.849+0000] {logging_mixin.py:151} INFO - Fetched 500 companies. Total so far: 79000
[2024-11-04T15:42:26.339+0000] {logging_mixin.py:151} INFO - Adding games..
[2024-11-04T15:42:26.341+0000] {logging_mixin.py:151} INFO - Fetched 500 companies. Total so far: 79500
[2024-11-04T15:42:26.788+0000] {logging_mixin.py:151} INFO - Adding games..
[2024-11-04T15:42:26.790+0000] {logging_mixin.py:151} INFO - Fetched 500 companies. Total so far: 80000
[2024-11-04T15:42:27.192+0000] {logging_mixin.py:151} INFO - Adding games..
[2024-11-04T15:42:27.193+0000] {logging_mixin.py:151} INFO - Fetched 500 companies. Total so far: 80500
[2024-11-04T15:42:27.848+0000] {logging_mixin.py:151} INFO - Adding games..
[2024-11-04T15:42:27.849+0000] {logging_mixin.py:151} INFO - Fetched 500 companies. Total so far: 81000
[2024-11-04T15:42:28.300+0000] {logging_mixin.py:151} INFO - Adding games..
[2024-11-04T15:42:28.302+0000] {logging_mixin.py:151} INFO - Fetched 500 companies. Total so far: 81500
[2024-11-04T15:42:28.723+0000] {logging_mixin.py:151} INFO - Adding games..
[2024-11-04T15:42:28.725+0000] {logging_mixin.py:151} INFO - Fetched 500 companies. Total so far: 82000
[2024-11-04T15:42:29.090+0000] {logging_mixin.py:151} INFO - Adding games..
[2024-11-04T15:42:29.092+0000] {logging_mixin.py:151} INFO - Fetched 500 companies. Total so far: 82500
[2024-11-04T15:42:29.547+0000] {logging_mixin.py:151} INFO - Adding games..
[2024-11-04T15:42:29.549+0000] {logging_mixin.py:151} INFO - Fetched 500 companies. Total so far: 83000
[2024-11-04T15:42:30.044+0000] {logging_mixin.py:151} INFO - Adding games..
[2024-11-04T15:42:30.046+0000] {logging_mixin.py:151} INFO - Fetched 500 companies. Total so far: 83500
[2024-11-04T15:42:30.750+0000] {logging_mixin.py:151} INFO - Adding games..
[2024-11-04T15:42:30.751+0000] {logging_mixin.py:151} INFO - Fetched 500 companies. Total so far: 84000
[2024-11-04T15:42:31.226+0000] {logging_mixin.py:151} INFO - Adding games..
[2024-11-04T15:42:31.228+0000] {logging_mixin.py:151} INFO - Fetched 500 companies. Total so far: 84500
[2024-11-04T15:42:31.695+0000] {logging_mixin.py:151} INFO - Adding games..
[2024-11-04T15:42:31.696+0000] {logging_mixin.py:151} INFO - Fetched 500 companies. Total so far: 85000
[2024-11-04T15:42:32.246+0000] {logging_mixin.py:151} INFO - Adding games..
[2024-11-04T15:42:32.247+0000] {logging_mixin.py:151} INFO - Fetched 500 companies. Total so far: 85500
[2024-11-04T15:42:32.739+0000] {logging_mixin.py:151} INFO - Adding games..
[2024-11-04T15:42:32.741+0000] {logging_mixin.py:151} INFO - Fetched 500 companies. Total so far: 86000
[2024-11-04T15:42:33.520+0000] {logging_mixin.py:151} INFO - Adding games..
[2024-11-04T15:42:33.522+0000] {logging_mixin.py:151} INFO - Fetched 500 companies. Total so far: 86500
[2024-11-04T15:42:33.920+0000] {logging_mixin.py:151} INFO - Adding games..
[2024-11-04T15:42:33.922+0000] {logging_mixin.py:151} INFO - Fetched 500 companies. Total so far: 87000
[2024-11-04T15:42:34.474+0000] {logging_mixin.py:151} INFO - Adding games..
[2024-11-04T15:42:34.476+0000] {logging_mixin.py:151} INFO - Fetched 500 companies. Total so far: 87500
[2024-11-04T15:42:34.921+0000] {logging_mixin.py:151} INFO - Adding games..
[2024-11-04T15:42:34.923+0000] {logging_mixin.py:151} INFO - Fetched 500 companies. Total so far: 88000
[2024-11-04T15:42:35.366+0000] {logging_mixin.py:151} INFO - Adding games..
[2024-11-04T15:42:35.368+0000] {logging_mixin.py:151} INFO - Fetched 500 companies. Total so far: 88500
[2024-11-04T15:42:35.931+0000] {logging_mixin.py:151} INFO - Adding games..
[2024-11-04T15:42:35.932+0000] {logging_mixin.py:151} INFO - Fetched 500 companies. Total so far: 89000
[2024-11-04T15:42:36.311+0000] {logging_mixin.py:151} INFO - Adding games..
[2024-11-04T15:42:36.313+0000] {logging_mixin.py:151} INFO - Fetched 500 companies. Total so far: 89500
[2024-11-04T15:42:36.691+0000] {logging_mixin.py:151} INFO - Adding games..
[2024-11-04T15:42:36.693+0000] {logging_mixin.py:151} INFO - Fetched 500 companies. Total so far: 90000
[2024-11-04T15:42:37.114+0000] {logging_mixin.py:151} INFO - Adding games..
[2024-11-04T15:42:37.116+0000] {logging_mixin.py:151} INFO - Fetched 500 companies. Total so far: 90500
[2024-11-04T15:42:37.583+0000] {logging_mixin.py:151} INFO - Adding games..
[2024-11-04T15:42:37.585+0000] {logging_mixin.py:151} INFO - Fetched 500 companies. Total so far: 91000
[2024-11-04T15:42:38.060+0000] {logging_mixin.py:151} INFO - Adding games..
[2024-11-04T15:42:38.061+0000] {logging_mixin.py:151} INFO - Fetched 500 companies. Total so far: 91500
[2024-11-04T15:42:38.564+0000] {logging_mixin.py:151} INFO - Adding games..
[2024-11-04T15:42:38.565+0000] {logging_mixin.py:151} INFO - Fetched 500 companies. Total so far: 92000
[2024-11-04T15:42:39.093+0000] {logging_mixin.py:151} INFO - Adding games..
[2024-11-04T15:42:39.095+0000] {logging_mixin.py:151} INFO - Fetched 500 companies. Total so far: 92500
[2024-11-04T15:42:39.597+0000] {logging_mixin.py:151} INFO - Adding games..
[2024-11-04T15:42:39.599+0000] {logging_mixin.py:151} INFO - Fetched 500 companies. Total so far: 93000
[2024-11-04T15:42:40.087+0000] {logging_mixin.py:151} INFO - Adding games..
[2024-11-04T15:42:40.089+0000] {logging_mixin.py:151} INFO - Fetched 500 companies. Total so far: 93500
[2024-11-04T15:42:40.472+0000] {logging_mixin.py:151} INFO - Adding games..
[2024-11-04T15:42:40.474+0000] {logging_mixin.py:151} INFO - Fetched 500 companies. Total so far: 94000
[2024-11-04T15:42:40.911+0000] {logging_mixin.py:151} INFO - Adding games..
[2024-11-04T15:42:40.913+0000] {logging_mixin.py:151} INFO - Fetched 500 companies. Total so far: 94500
[2024-11-04T15:42:41.458+0000] {logging_mixin.py:151} INFO - Adding games..
[2024-11-04T15:42:41.460+0000] {logging_mixin.py:151} INFO - Fetched 500 companies. Total so far: 95000
[2024-11-04T15:42:41.901+0000] {logging_mixin.py:151} INFO - Adding games..
[2024-11-04T15:42:41.903+0000] {logging_mixin.py:151} INFO - Fetched 500 companies. Total so far: 95500
[2024-11-04T15:42:42.520+0000] {logging_mixin.py:151} INFO - Adding games..
[2024-11-04T15:42:42.522+0000] {logging_mixin.py:151} INFO - Fetched 500 companies. Total so far: 96000
[2024-11-04T15:42:43.227+0000] {logging_mixin.py:151} INFO - Adding games..
[2024-11-04T15:42:43.228+0000] {logging_mixin.py:151} INFO - Fetched 500 companies. Total so far: 96500
[2024-11-04T15:42:43.820+0000] {logging_mixin.py:151} INFO - Adding games..
[2024-11-04T15:42:43.821+0000] {logging_mixin.py:151} INFO - Fetched 500 companies. Total so far: 97000
[2024-11-04T15:42:44.316+0000] {logging_mixin.py:151} INFO - Adding games..
[2024-11-04T15:42:44.317+0000] {logging_mixin.py:151} INFO - Fetched 500 companies. Total so far: 97500
[2024-11-04T15:42:44.708+0000] {logging_mixin.py:151} INFO - Adding games..
[2024-11-04T15:42:44.710+0000] {logging_mixin.py:151} INFO - Fetched 500 companies. Total so far: 98000
[2024-11-04T15:42:45.227+0000] {logging_mixin.py:151} INFO - Adding games..
[2024-11-04T15:42:45.228+0000] {logging_mixin.py:151} INFO - Fetched 500 companies. Total so far: 98500
[2024-11-04T15:42:45.645+0000] {logging_mixin.py:151} INFO - Adding games..
[2024-11-04T15:42:45.647+0000] {logging_mixin.py:151} INFO - Fetched 500 companies. Total so far: 99000
[2024-11-04T15:42:46.226+0000] {logging_mixin.py:151} INFO - Adding games..
[2024-11-04T15:42:46.228+0000] {logging_mixin.py:151} INFO - Fetched 500 companies. Total so far: 99500
[2024-11-04T15:42:46.739+0000] {logging_mixin.py:151} INFO - Adding games..
[2024-11-04T15:42:46.741+0000] {logging_mixin.py:151} INFO - Fetched 500 companies. Total so far: 100000
[2024-11-04T15:42:47.363+0000] {logging_mixin.py:151} INFO - Adding games..
[2024-11-04T15:42:47.364+0000] {logging_mixin.py:151} INFO - Fetched 500 companies. Total so far: 100500
[2024-11-04T15:42:47.952+0000] {logging_mixin.py:151} INFO - Adding games..
[2024-11-04T15:42:47.954+0000] {logging_mixin.py:151} INFO - Fetched 500 companies. Total so far: 101000
[2024-11-04T15:42:48.426+0000] {logging_mixin.py:151} INFO - Adding games..
[2024-11-04T15:42:48.428+0000] {logging_mixin.py:151} INFO - Fetched 500 companies. Total so far: 101500
[2024-11-04T15:42:48.870+0000] {logging_mixin.py:151} INFO - Adding games..
[2024-11-04T15:42:48.872+0000] {logging_mixin.py:151} INFO - Fetched 500 companies. Total so far: 102000
[2024-11-04T15:42:49.340+0000] {logging_mixin.py:151} INFO - Adding games..
[2024-11-04T15:42:49.342+0000] {logging_mixin.py:151} INFO - Fetched 500 companies. Total so far: 102500
[2024-11-04T15:42:49.872+0000] {logging_mixin.py:151} INFO - Adding games..
[2024-11-04T15:42:49.874+0000] {logging_mixin.py:151} INFO - Fetched 500 companies. Total so far: 103000
[2024-11-04T15:42:50.266+0000] {logging_mixin.py:151} INFO - Adding games..
[2024-11-04T15:42:50.268+0000] {logging_mixin.py:151} INFO - Fetched 500 companies. Total so far: 103500
[2024-11-04T15:42:50.742+0000] {logging_mixin.py:151} INFO - Adding games..
[2024-11-04T15:42:50.744+0000] {logging_mixin.py:151} INFO - Fetched 500 companies. Total so far: 104000
[2024-11-04T15:42:51.146+0000] {logging_mixin.py:151} INFO - Adding games..
[2024-11-04T15:42:51.148+0000] {logging_mixin.py:151} INFO - Fetched 500 companies. Total so far: 104500
[2024-11-04T15:42:51.725+0000] {logging_mixin.py:151} INFO - Adding games..
[2024-11-04T15:42:51.726+0000] {logging_mixin.py:151} INFO - Fetched 500 companies. Total so far: 105000
[2024-11-04T15:42:52.211+0000] {logging_mixin.py:151} INFO - Adding games..
[2024-11-04T15:42:52.212+0000] {logging_mixin.py:151} INFO - Fetched 500 companies. Total so far: 105500
[2024-11-04T15:42:52.643+0000] {logging_mixin.py:151} INFO - Adding games..
[2024-11-04T15:42:52.645+0000] {logging_mixin.py:151} INFO - Fetched 500 companies. Total so far: 106000
[2024-11-04T15:42:53.154+0000] {logging_mixin.py:151} INFO - Adding games..
[2024-11-04T15:42:53.156+0000] {logging_mixin.py:151} INFO - Fetched 500 companies. Total so far: 106500
[2024-11-04T15:42:53.615+0000] {logging_mixin.py:151} INFO - Adding games..
[2024-11-04T15:42:53.616+0000] {logging_mixin.py:151} INFO - Fetched 500 companies. Total so far: 107000
[2024-11-04T15:42:54.242+0000] {logging_mixin.py:151} INFO - Adding games..
[2024-11-04T15:42:54.244+0000] {logging_mixin.py:151} INFO - Fetched 500 companies. Total so far: 107500
[2024-11-04T15:42:54.646+0000] {logging_mixin.py:151} INFO - Adding games..
[2024-11-04T15:42:54.648+0000] {logging_mixin.py:151} INFO - Fetched 500 companies. Total so far: 108000
[2024-11-04T15:42:55.163+0000] {logging_mixin.py:151} INFO - Adding games..
[2024-11-04T15:42:55.165+0000] {logging_mixin.py:151} INFO - Fetched 500 companies. Total so far: 108500
[2024-11-04T15:42:55.755+0000] {logging_mixin.py:151} INFO - Adding games..
[2024-11-04T15:42:55.757+0000] {logging_mixin.py:151} INFO - Fetched 500 companies. Total so far: 109000
[2024-11-04T15:42:56.169+0000] {logging_mixin.py:151} INFO - Adding games..
[2024-11-04T15:42:56.170+0000] {logging_mixin.py:151} INFO - Fetched 500 companies. Total so far: 109500
[2024-11-04T15:42:56.631+0000] {logging_mixin.py:151} INFO - Adding games..
[2024-11-04T15:42:56.633+0000] {logging_mixin.py:151} INFO - Fetched 500 companies. Total so far: 110000
[2024-11-04T15:42:57.020+0000] {logging_mixin.py:151} INFO - Adding games..
[2024-11-04T15:42:57.022+0000] {logging_mixin.py:151} INFO - Fetched 500 companies. Total so far: 110500
[2024-11-04T15:42:57.472+0000] {logging_mixin.py:151} INFO - Adding games..
[2024-11-04T15:42:57.473+0000] {logging_mixin.py:151} INFO - Fetched 500 companies. Total so far: 111000
[2024-11-04T15:42:57.941+0000] {logging_mixin.py:151} INFO - Adding games..
[2024-11-04T15:42:57.943+0000] {logging_mixin.py:151} INFO - Fetched 500 companies. Total so far: 111500
[2024-11-04T15:42:58.587+0000] {logging_mixin.py:151} INFO - Adding games..
[2024-11-04T15:42:58.589+0000] {logging_mixin.py:151} INFO - Fetched 500 companies. Total so far: 112000
[2024-11-04T15:42:59.068+0000] {logging_mixin.py:151} INFO - Adding games..
[2024-11-04T15:42:59.069+0000] {logging_mixin.py:151} INFO - Fetched 500 companies. Total so far: 112500
[2024-11-04T15:42:59.764+0000] {logging_mixin.py:151} INFO - Adding games..
[2024-11-04T15:42:59.765+0000] {logging_mixin.py:151} INFO - Fetched 500 companies. Total so far: 113000
[2024-11-04T15:43:00.291+0000] {logging_mixin.py:151} INFO - Adding games..
[2024-11-04T15:43:00.292+0000] {logging_mixin.py:151} INFO - Fetched 500 companies. Total so far: 113500
[2024-11-04T15:43:00.721+0000] {logging_mixin.py:151} INFO - Adding games..
[2024-11-04T15:43:00.722+0000] {logging_mixin.py:151} INFO - Fetched 500 companies. Total so far: 114000
[2024-11-04T15:43:01.156+0000] {logging_mixin.py:151} INFO - Adding games..
[2024-11-04T15:43:01.158+0000] {logging_mixin.py:151} INFO - Fetched 500 companies. Total so far: 114500
[2024-11-04T15:43:01.872+0000] {logging_mixin.py:151} INFO - Adding games..
[2024-11-04T15:43:01.874+0000] {logging_mixin.py:151} INFO - Fetched 500 companies. Total so far: 115000
[2024-11-04T15:43:02.265+0000] {logging_mixin.py:151} INFO - Adding games..
[2024-11-04T15:43:02.267+0000] {logging_mixin.py:151} INFO - Fetched 500 companies. Total so far: 115500
[2024-11-04T15:43:02.854+0000] {logging_mixin.py:151} INFO - Adding games..
[2024-11-04T15:43:02.856+0000] {logging_mixin.py:151} INFO - Fetched 500 companies. Total so far: 116000
[2024-11-04T15:43:03.329+0000] {logging_mixin.py:151} INFO - Adding games..
[2024-11-04T15:43:03.330+0000] {logging_mixin.py:151} INFO - Fetched 500 companies. Total so far: 116500
[2024-11-04T15:43:03.937+0000] {logging_mixin.py:151} INFO - Adding games..
[2024-11-04T15:43:03.938+0000] {logging_mixin.py:151} INFO - Fetched 500 companies. Total so far: 117000
[2024-11-04T15:43:04.416+0000] {logging_mixin.py:151} INFO - Adding games..
[2024-11-04T15:43:04.417+0000] {logging_mixin.py:151} INFO - Fetched 500 companies. Total so far: 117500
[2024-11-04T15:43:04.988+0000] {logging_mixin.py:151} INFO - Adding games..
[2024-11-04T15:43:04.990+0000] {logging_mixin.py:151} INFO - Fetched 500 companies. Total so far: 118000
[2024-11-04T15:43:05.504+0000] {logging_mixin.py:151} INFO - Adding games..
[2024-11-04T15:43:05.506+0000] {logging_mixin.py:151} INFO - Fetched 500 companies. Total so far: 118500
[2024-11-04T15:43:05.988+0000] {logging_mixin.py:151} INFO - Adding games..
[2024-11-04T15:43:05.990+0000] {logging_mixin.py:151} INFO - Fetched 500 companies. Total so far: 119000
[2024-11-04T15:43:06.400+0000] {logging_mixin.py:151} INFO - Adding games..
[2024-11-04T15:43:06.401+0000] {logging_mixin.py:151} INFO - Fetched 500 companies. Total so far: 119500
[2024-11-04T15:43:07.123+0000] {logging_mixin.py:151} INFO - Adding games..
[2024-11-04T15:43:07.124+0000] {logging_mixin.py:151} INFO - Fetched 500 companies. Total so far: 120000
[2024-11-04T15:43:07.726+0000] {logging_mixin.py:151} INFO - Adding games..
[2024-11-04T15:43:07.727+0000] {logging_mixin.py:151} INFO - Fetched 500 companies. Total so far: 120500
[2024-11-04T15:43:08.222+0000] {logging_mixin.py:151} INFO - Adding games..
[2024-11-04T15:43:08.224+0000] {logging_mixin.py:151} INFO - Fetched 500 companies. Total so far: 121000
[2024-11-04T15:43:08.700+0000] {logging_mixin.py:151} INFO - Adding games..
[2024-11-04T15:43:08.702+0000] {logging_mixin.py:151} INFO - Fetched 500 companies. Total so far: 121500
[2024-11-04T15:43:09.588+0000] {logging_mixin.py:151} INFO - Adding games..
[2024-11-04T15:43:09.590+0000] {logging_mixin.py:151} INFO - Fetched 500 companies. Total so far: 122000
[2024-11-04T15:43:10.049+0000] {logging_mixin.py:151} INFO - Adding games..
[2024-11-04T15:43:10.052+0000] {logging_mixin.py:151} INFO - Fetched 500 companies. Total so far: 122500
[2024-11-04T15:43:10.709+0000] {logging_mixin.py:151} INFO - Adding games..
[2024-11-04T15:43:10.711+0000] {logging_mixin.py:151} INFO - Fetched 500 companies. Total so far: 123000
[2024-11-04T15:43:11.248+0000] {logging_mixin.py:151} INFO - Adding games..
[2024-11-04T15:43:11.250+0000] {logging_mixin.py:151} INFO - Fetched 500 companies. Total so far: 123500
[2024-11-04T15:43:11.859+0000] {logging_mixin.py:151} INFO - Adding games..
[2024-11-04T15:43:11.861+0000] {logging_mixin.py:151} INFO - Fetched 500 companies. Total so far: 124000
[2024-11-04T15:43:12.369+0000] {logging_mixin.py:151} INFO - Adding games..
[2024-11-04T15:43:12.370+0000] {logging_mixin.py:151} INFO - Fetched 500 companies. Total so far: 124500
[2024-11-04T15:43:12.818+0000] {logging_mixin.py:151} INFO - Adding games..
[2024-11-04T15:43:12.820+0000] {logging_mixin.py:151} INFO - Fetched 500 companies. Total so far: 125000
[2024-11-04T15:43:13.270+0000] {logging_mixin.py:151} INFO - Adding games..
[2024-11-04T15:43:13.272+0000] {logging_mixin.py:151} INFO - Fetched 500 companies. Total so far: 125500
[2024-11-04T15:43:13.714+0000] {logging_mixin.py:151} INFO - Adding games..
[2024-11-04T15:43:13.716+0000] {logging_mixin.py:151} INFO - Fetched 500 companies. Total so far: 126000
[2024-11-04T15:43:14.145+0000] {logging_mixin.py:151} INFO - Adding games..
[2024-11-04T15:43:14.147+0000] {logging_mixin.py:151} INFO - Fetched 500 companies. Total so far: 126500
[2024-11-04T15:43:14.599+0000] {logging_mixin.py:151} INFO - Adding games..
[2024-11-04T15:43:14.600+0000] {logging_mixin.py:151} INFO - Fetched 500 companies. Total so far: 127000
[2024-11-04T15:43:15.178+0000] {logging_mixin.py:151} INFO - Adding games..
[2024-11-04T15:43:15.179+0000] {logging_mixin.py:151} INFO - Fetched 500 companies. Total so far: 127500
[2024-11-04T15:43:15.773+0000] {logging_mixin.py:151} INFO - Adding games..
[2024-11-04T15:43:15.775+0000] {logging_mixin.py:151} INFO - Fetched 500 companies. Total so far: 128000
[2024-11-04T15:43:16.173+0000] {logging_mixin.py:151} INFO - Adding games..
[2024-11-04T15:43:16.174+0000] {logging_mixin.py:151} INFO - Fetched 500 companies. Total so far: 128500
[2024-11-04T15:43:16.856+0000] {logging_mixin.py:151} INFO - Adding games..
[2024-11-04T15:43:16.858+0000] {logging_mixin.py:151} INFO - Fetched 500 companies. Total so far: 129000
[2024-11-04T15:43:17.402+0000] {logging_mixin.py:151} INFO - Adding games..
[2024-11-04T15:43:17.404+0000] {logging_mixin.py:151} INFO - Fetched 500 companies. Total so far: 129500
[2024-11-04T15:43:17.968+0000] {logging_mixin.py:151} INFO - Adding games..
[2024-11-04T15:43:17.969+0000] {logging_mixin.py:151} INFO - Fetched 500 companies. Total so far: 130000
[2024-11-04T15:43:18.574+0000] {logging_mixin.py:151} INFO - Adding games..
[2024-11-04T15:43:18.575+0000] {logging_mixin.py:151} INFO - Fetched 500 companies. Total so far: 130500
[2024-11-04T15:43:19.029+0000] {logging_mixin.py:151} INFO - Adding games..
[2024-11-04T15:43:19.030+0000] {logging_mixin.py:151} INFO - Fetched 500 companies. Total so far: 131000
[2024-11-04T15:43:19.515+0000] {logging_mixin.py:151} INFO - Adding games..
[2024-11-04T15:43:19.517+0000] {logging_mixin.py:151} INFO - Fetched 500 companies. Total so far: 131500
[2024-11-04T15:43:20.001+0000] {logging_mixin.py:151} INFO - Adding games..
[2024-11-04T15:43:20.004+0000] {logging_mixin.py:151} INFO - Fetched 500 companies. Total so far: 132000
[2024-11-04T15:43:20.457+0000] {logging_mixin.py:151} INFO - Adding games..
[2024-11-04T15:43:20.459+0000] {logging_mixin.py:151} INFO - Fetched 500 companies. Total so far: 132500
[2024-11-04T15:43:20.891+0000] {logging_mixin.py:151} INFO - Adding games..
[2024-11-04T15:43:20.892+0000] {logging_mixin.py:151} INFO - Fetched 500 companies. Total so far: 133000
[2024-11-04T15:43:21.346+0000] {logging_mixin.py:151} INFO - Adding games..
[2024-11-04T15:43:21.348+0000] {logging_mixin.py:151} INFO - Fetched 500 companies. Total so far: 133500
[2024-11-04T15:43:21.832+0000] {logging_mixin.py:151} INFO - Adding games..
[2024-11-04T15:43:21.833+0000] {logging_mixin.py:151} INFO - Fetched 500 companies. Total so far: 134000
[2024-11-04T15:43:22.210+0000] {logging_mixin.py:151} INFO - Adding games..
[2024-11-04T15:43:22.212+0000] {logging_mixin.py:151} INFO - Fetched 500 companies. Total so far: 134500
[2024-11-04T15:43:22.720+0000] {logging_mixin.py:151} INFO - Adding games..
[2024-11-04T15:43:22.721+0000] {logging_mixin.py:151} INFO - Fetched 500 companies. Total so far: 135000
[2024-11-04T15:43:23.302+0000] {logging_mixin.py:151} INFO - Adding games..
[2024-11-04T15:43:23.304+0000] {logging_mixin.py:151} INFO - Fetched 500 companies. Total so far: 135500
[2024-11-04T15:43:23.877+0000] {logging_mixin.py:151} INFO - Adding games..
[2024-11-04T15:43:23.878+0000] {logging_mixin.py:151} INFO - Fetched 500 companies. Total so far: 136000
[2024-11-04T15:43:24.374+0000] {logging_mixin.py:151} INFO - Adding games..
[2024-11-04T15:43:24.375+0000] {logging_mixin.py:151} INFO - Fetched 500 companies. Total so far: 136500
[2024-11-04T15:43:24.838+0000] {logging_mixin.py:151} INFO - Adding games..
[2024-11-04T15:43:24.839+0000] {logging_mixin.py:151} INFO - Fetched 500 companies. Total so far: 137000
[2024-11-04T15:43:25.276+0000] {logging_mixin.py:151} INFO - Adding games..
[2024-11-04T15:43:25.277+0000] {logging_mixin.py:151} INFO - Fetched 500 companies. Total so far: 137500
[2024-11-04T15:43:25.750+0000] {logging_mixin.py:151} INFO - Adding games..
[2024-11-04T15:43:25.752+0000] {logging_mixin.py:151} INFO - Fetched 500 companies. Total so far: 138000
[2024-11-04T15:43:26.278+0000] {logging_mixin.py:151} INFO - Adding games..
[2024-11-04T15:43:26.279+0000] {logging_mixin.py:151} INFO - Fetched 500 companies. Total so far: 138500
[2024-11-04T15:43:26.741+0000] {logging_mixin.py:151} INFO - Adding games..
[2024-11-04T15:43:26.743+0000] {logging_mixin.py:151} INFO - Fetched 500 companies. Total so far: 139000
[2024-11-04T15:43:27.218+0000] {logging_mixin.py:151} INFO - Adding games..
[2024-11-04T15:43:27.220+0000] {logging_mixin.py:151} INFO - Fetched 500 companies. Total so far: 139500
[2024-11-04T15:43:27.638+0000] {logging_mixin.py:151} INFO - Adding games..
[2024-11-04T15:43:27.640+0000] {logging_mixin.py:151} INFO - Fetched 500 companies. Total so far: 140000
[2024-11-04T15:43:28.132+0000] {logging_mixin.py:151} INFO - Adding games..
[2024-11-04T15:43:28.134+0000] {logging_mixin.py:151} INFO - Fetched 500 companies. Total so far: 140500
[2024-11-04T15:43:28.643+0000] {logging_mixin.py:151} INFO - Adding games..
[2024-11-04T15:43:28.645+0000] {logging_mixin.py:151} INFO - Fetched 500 companies. Total so far: 141000
[2024-11-04T15:43:29.104+0000] {logging_mixin.py:151} INFO - Adding games..
[2024-11-04T15:43:29.105+0000] {logging_mixin.py:151} INFO - Fetched 500 companies. Total so far: 141500
[2024-11-04T15:43:29.518+0000] {logging_mixin.py:151} INFO - Adding games..
[2024-11-04T15:43:29.519+0000] {logging_mixin.py:151} INFO - Fetched 500 companies. Total so far: 142000
[2024-11-04T15:43:30.066+0000] {logging_mixin.py:151} INFO - Adding games..
[2024-11-04T15:43:30.068+0000] {logging_mixin.py:151} INFO - Fetched 500 companies. Total so far: 142500
[2024-11-04T15:43:30.450+0000] {logging_mixin.py:151} INFO - Adding games..
[2024-11-04T15:43:30.452+0000] {logging_mixin.py:151} INFO - Fetched 500 companies. Total so far: 143000
[2024-11-04T15:43:31.146+0000] {logging_mixin.py:151} INFO - Adding games..
[2024-11-04T15:43:31.148+0000] {logging_mixin.py:151} INFO - Fetched 500 companies. Total so far: 143500
[2024-11-04T15:43:31.757+0000] {logging_mixin.py:151} INFO - Adding games..
[2024-11-04T15:43:31.759+0000] {logging_mixin.py:151} INFO - Fetched 500 companies. Total so far: 144000
[2024-11-04T15:43:32.249+0000] {logging_mixin.py:151} INFO - Adding games..
[2024-11-04T15:43:32.251+0000] {logging_mixin.py:151} INFO - Fetched 500 companies. Total so far: 144500
[2024-11-04T15:43:32.681+0000] {logging_mixin.py:151} INFO - Adding games..
[2024-11-04T15:43:32.683+0000] {logging_mixin.py:151} INFO - Fetched 500 companies. Total so far: 145000
[2024-11-04T15:43:33.089+0000] {logging_mixin.py:151} INFO - Adding games..
[2024-11-04T15:43:33.091+0000] {logging_mixin.py:151} INFO - Fetched 500 companies. Total so far: 145500
[2024-11-04T15:43:33.506+0000] {logging_mixin.py:151} INFO - Adding games..
[2024-11-04T15:43:33.507+0000] {logging_mixin.py:151} INFO - Fetched 500 companies. Total so far: 146000
[2024-11-04T15:43:33.994+0000] {logging_mixin.py:151} INFO - Adding games..
[2024-11-04T15:43:33.996+0000] {logging_mixin.py:151} INFO - Fetched 500 companies. Total so far: 146500
[2024-11-04T15:43:34.395+0000] {logging_mixin.py:151} INFO - Adding games..
[2024-11-04T15:43:34.397+0000] {logging_mixin.py:151} INFO - Fetched 500 companies. Total so far: 147000
[2024-11-04T15:43:34.882+0000] {logging_mixin.py:151} INFO - Adding games..
[2024-11-04T15:43:34.884+0000] {logging_mixin.py:151} INFO - Fetched 500 companies. Total so far: 147500
[2024-11-04T15:43:35.512+0000] {logging_mixin.py:151} INFO - Adding games..
[2024-11-04T15:43:35.514+0000] {logging_mixin.py:151} INFO - Fetched 500 companies. Total so far: 148000
[2024-11-04T15:43:35.960+0000] {logging_mixin.py:151} INFO - Adding games..
[2024-11-04T15:43:35.962+0000] {logging_mixin.py:151} INFO - Fetched 500 companies. Total so far: 148500
[2024-11-04T15:43:36.401+0000] {logging_mixin.py:151} INFO - Adding games..
[2024-11-04T15:43:36.402+0000] {logging_mixin.py:151} INFO - Fetched 500 companies. Total so far: 149000
[2024-11-04T15:43:36.828+0000] {logging_mixin.py:151} INFO - Adding games..
[2024-11-04T15:43:36.829+0000] {logging_mixin.py:151} INFO - Fetched 500 companies. Total so far: 149500
[2024-11-04T15:43:37.353+0000] {logging_mixin.py:151} INFO - Adding games..
[2024-11-04T15:43:37.355+0000] {logging_mixin.py:151} INFO - Fetched 500 companies. Total so far: 150000
[2024-11-04T15:43:37.881+0000] {logging_mixin.py:151} INFO - Adding games..
[2024-11-04T15:43:37.882+0000] {logging_mixin.py:151} INFO - Fetched 500 companies. Total so far: 150500
[2024-11-04T15:43:38.266+0000] {logging_mixin.py:151} INFO - Adding games..
[2024-11-04T15:43:38.267+0000] {logging_mixin.py:151} INFO - Fetched 500 companies. Total so far: 151000
[2024-11-04T15:43:38.750+0000] {logging_mixin.py:151} INFO - Adding games..
[2024-11-04T15:43:38.752+0000] {logging_mixin.py:151} INFO - Fetched 500 companies. Total so far: 151500
[2024-11-04T15:43:39.351+0000] {logging_mixin.py:151} INFO - Adding games..
[2024-11-04T15:43:39.353+0000] {logging_mixin.py:151} INFO - Fetched 500 companies. Total so far: 152000
[2024-11-04T15:43:39.770+0000] {logging_mixin.py:151} INFO - Adding games..
[2024-11-04T15:43:39.771+0000] {logging_mixin.py:151} INFO - Fetched 500 companies. Total so far: 152500
[2024-11-04T15:43:40.261+0000] {logging_mixin.py:151} INFO - Adding games..
[2024-11-04T15:43:40.263+0000] {logging_mixin.py:151} INFO - Fetched 500 companies. Total so far: 153000
[2024-11-04T15:43:40.673+0000] {logging_mixin.py:151} INFO - Adding games..
[2024-11-04T15:43:40.675+0000] {logging_mixin.py:151} INFO - Fetched 500 companies. Total so far: 153500
[2024-11-04T15:43:41.245+0000] {logging_mixin.py:151} INFO - Adding games..
[2024-11-04T15:43:41.247+0000] {logging_mixin.py:151} INFO - Fetched 500 companies. Total so far: 154000
[2024-11-04T15:43:41.761+0000] {logging_mixin.py:151} INFO - Adding games..
[2024-11-04T15:43:41.763+0000] {logging_mixin.py:151} INFO - Fetched 500 companies. Total so far: 154500
[2024-11-04T15:43:42.263+0000] {logging_mixin.py:151} INFO - Adding games..
[2024-11-04T15:43:42.265+0000] {logging_mixin.py:151} INFO - Fetched 500 companies. Total so far: 155000
[2024-11-04T15:43:42.762+0000] {logging_mixin.py:151} INFO - Adding games..
[2024-11-04T15:43:42.764+0000] {logging_mixin.py:151} INFO - Fetched 500 companies. Total so far: 155500
[2024-11-04T15:43:43.496+0000] {logging_mixin.py:151} INFO - Adding games..
[2024-11-04T15:43:43.497+0000] {logging_mixin.py:151} INFO - Fetched 500 companies. Total so far: 156000
[2024-11-04T15:43:43.925+0000] {logging_mixin.py:151} INFO - Adding games..
[2024-11-04T15:43:43.926+0000] {logging_mixin.py:151} INFO - Fetched 500 companies. Total so far: 156500
[2024-11-04T15:43:44.591+0000] {logging_mixin.py:151} INFO - Adding games..
[2024-11-04T15:43:44.593+0000] {logging_mixin.py:151} INFO - Fetched 500 companies. Total so far: 157000
[2024-11-04T15:43:45.305+0000] {logging_mixin.py:151} INFO - Adding games..
[2024-11-04T15:43:45.306+0000] {logging_mixin.py:151} INFO - Fetched 500 companies. Total so far: 157500
[2024-11-04T15:43:45.781+0000] {logging_mixin.py:151} INFO - Adding games..
[2024-11-04T15:43:45.782+0000] {logging_mixin.py:151} INFO - Fetched 500 companies. Total so far: 158000
[2024-11-04T15:43:46.192+0000] {logging_mixin.py:151} INFO - Adding games..
[2024-11-04T15:43:46.193+0000] {logging_mixin.py:151} INFO - Fetched 500 companies. Total so far: 158500
[2024-11-04T15:43:46.690+0000] {logging_mixin.py:151} INFO - Adding games..
[2024-11-04T15:43:46.691+0000] {logging_mixin.py:151} INFO - Fetched 500 companies. Total so far: 159000
[2024-11-04T15:43:47.475+0000] {logging_mixin.py:151} INFO - Adding games..
[2024-11-04T15:43:47.477+0000] {logging_mixin.py:151} INFO - Fetched 500 companies. Total so far: 159500
[2024-11-04T15:43:47.954+0000] {logging_mixin.py:151} INFO - Adding games..
[2024-11-04T15:43:47.956+0000] {logging_mixin.py:151} INFO - Fetched 500 companies. Total so far: 160000
[2024-11-04T15:43:48.347+0000] {logging_mixin.py:151} INFO - Adding games..
[2024-11-04T15:43:48.349+0000] {logging_mixin.py:151} INFO - Fetched 500 companies. Total so far: 160500
[2024-11-04T15:43:48.874+0000] {logging_mixin.py:151} INFO - Adding games..
[2024-11-04T15:43:48.876+0000] {logging_mixin.py:151} INFO - Fetched 500 companies. Total so far: 161000
[2024-11-04T15:43:49.555+0000] {logging_mixin.py:151} INFO - Adding games..
[2024-11-04T15:43:49.557+0000] {logging_mixin.py:151} INFO - Fetched 500 companies. Total so far: 161500
[2024-11-04T15:43:50.179+0000] {logging_mixin.py:151} INFO - Adding games..
[2024-11-04T15:43:50.181+0000] {logging_mixin.py:151} INFO - Fetched 500 companies. Total so far: 162000
[2024-11-04T15:43:50.766+0000] {logging_mixin.py:151} INFO - Adding games..
[2024-11-04T15:43:50.768+0000] {logging_mixin.py:151} INFO - Fetched 500 companies. Total so far: 162500
[2024-11-04T15:43:51.256+0000] {logging_mixin.py:151} INFO - Adding games..
[2024-11-04T15:43:51.258+0000] {logging_mixin.py:151} INFO - Fetched 500 companies. Total so far: 163000
[2024-11-04T15:43:51.719+0000] {logging_mixin.py:151} INFO - Adding games..
[2024-11-04T15:43:51.721+0000] {logging_mixin.py:151} INFO - Fetched 500 companies. Total so far: 163500
[2024-11-04T15:43:52.231+0000] {logging_mixin.py:151} INFO - Adding games..
[2024-11-04T15:43:52.232+0000] {logging_mixin.py:151} INFO - Fetched 500 companies. Total so far: 164000
[2024-11-04T15:43:52.691+0000] {logging_mixin.py:151} INFO - Adding games..
[2024-11-04T15:43:52.692+0000] {logging_mixin.py:151} INFO - Fetched 500 companies. Total so far: 164500
[2024-11-04T15:43:53.278+0000] {logging_mixin.py:151} INFO - Adding games..
[2024-11-04T15:43:53.280+0000] {logging_mixin.py:151} INFO - Fetched 500 companies. Total so far: 165000
[2024-11-04T15:43:53.694+0000] {logging_mixin.py:151} INFO - Adding games..
[2024-11-04T15:43:53.696+0000] {logging_mixin.py:151} INFO - Fetched 500 companies. Total so far: 165500
[2024-11-04T15:43:54.114+0000] {logging_mixin.py:151} INFO - Adding games..
[2024-11-04T15:43:54.115+0000] {logging_mixin.py:151} INFO - Fetched 500 companies. Total so far: 166000
[2024-11-04T15:43:54.591+0000] {logging_mixin.py:151} INFO - Adding games..
[2024-11-04T15:43:54.592+0000] {logging_mixin.py:151} INFO - Fetched 500 companies. Total so far: 166500
[2024-11-04T15:43:55.029+0000] {logging_mixin.py:151} INFO - Adding games..
[2024-11-04T15:43:55.031+0000] {logging_mixin.py:151} INFO - Fetched 500 companies. Total so far: 167000
[2024-11-04T15:43:55.501+0000] {logging_mixin.py:151} INFO - Adding games..
[2024-11-04T15:43:55.502+0000] {logging_mixin.py:151} INFO - Fetched 500 companies. Total so far: 167500
[2024-11-04T15:43:56.017+0000] {logging_mixin.py:151} INFO - Adding games..
[2024-11-04T15:43:56.019+0000] {logging_mixin.py:151} INFO - Fetched 500 companies. Total so far: 168000
[2024-11-04T15:43:56.643+0000] {logging_mixin.py:151} INFO - Adding games..
[2024-11-04T15:43:56.644+0000] {logging_mixin.py:151} INFO - Fetched 500 companies. Total so far: 168500
[2024-11-04T15:43:57.077+0000] {logging_mixin.py:151} INFO - Adding games..
[2024-11-04T15:43:57.079+0000] {logging_mixin.py:151} INFO - Fetched 500 companies. Total so far: 169000
[2024-11-04T15:43:57.554+0000] {logging_mixin.py:151} INFO - Adding games..
[2024-11-04T15:43:57.556+0000] {logging_mixin.py:151} INFO - Fetched 500 companies. Total so far: 169500
[2024-11-04T15:43:58.090+0000] {logging_mixin.py:151} INFO - Adding games..
[2024-11-04T15:43:58.092+0000] {logging_mixin.py:151} INFO - Fetched 500 companies. Total so far: 170000
[2024-11-04T15:43:58.686+0000] {logging_mixin.py:151} INFO - Adding games..
[2024-11-04T15:43:58.688+0000] {logging_mixin.py:151} INFO - Fetched 500 companies. Total so far: 170500
[2024-11-04T15:43:59.162+0000] {logging_mixin.py:151} INFO - Adding games..
[2024-11-04T15:43:59.164+0000] {logging_mixin.py:151} INFO - Fetched 500 companies. Total so far: 171000
[2024-11-04T15:43:59.597+0000] {logging_mixin.py:151} INFO - Adding games..
[2024-11-04T15:43:59.599+0000] {logging_mixin.py:151} INFO - Fetched 500 companies. Total so far: 171500
[2024-11-04T15:44:00.067+0000] {logging_mixin.py:151} INFO - Adding games..
[2024-11-04T15:44:00.069+0000] {logging_mixin.py:151} INFO - Fetched 500 companies. Total so far: 172000
[2024-11-04T15:44:00.492+0000] {logging_mixin.py:151} INFO - Adding games..
[2024-11-04T15:44:00.493+0000] {logging_mixin.py:151} INFO - Fetched 500 companies. Total so far: 172500
[2024-11-04T15:44:01.045+0000] {logging_mixin.py:151} INFO - Adding games..
[2024-11-04T15:44:01.047+0000] {logging_mixin.py:151} INFO - Fetched 500 companies. Total so far: 173000
[2024-11-04T15:44:01.496+0000] {logging_mixin.py:151} INFO - Adding games..
[2024-11-04T15:44:01.498+0000] {logging_mixin.py:151} INFO - Fetched 500 companies. Total so far: 173500
[2024-11-04T15:44:01.970+0000] {logging_mixin.py:151} INFO - Adding games..
[2024-11-04T15:44:01.971+0000] {logging_mixin.py:151} INFO - Fetched 500 companies. Total so far: 174000
[2024-11-04T15:44:02.455+0000] {logging_mixin.py:151} INFO - Adding games..
[2024-11-04T15:44:02.457+0000] {logging_mixin.py:151} INFO - Fetched 500 companies. Total so far: 174500
[2024-11-04T15:44:02.882+0000] {logging_mixin.py:151} INFO - Adding games..
[2024-11-04T15:44:02.883+0000] {logging_mixin.py:151} INFO - Fetched 500 companies. Total so far: 175000
[2024-11-04T15:44:03.427+0000] {logging_mixin.py:151} INFO - Adding games..
[2024-11-04T15:44:03.428+0000] {logging_mixin.py:151} INFO - Fetched 500 companies. Total so far: 175500
[2024-11-04T15:44:03.994+0000] {logging_mixin.py:151} INFO - Adding games..
[2024-11-04T15:44:03.996+0000] {logging_mixin.py:151} INFO - Fetched 500 companies. Total so far: 176000
[2024-11-04T15:44:04.473+0000] {logging_mixin.py:151} INFO - Adding games..
[2024-11-04T15:44:04.475+0000] {logging_mixin.py:151} INFO - Fetched 500 companies. Total so far: 176500
[2024-11-04T15:44:04.993+0000] {logging_mixin.py:151} INFO - Adding games..
[2024-11-04T15:44:04.994+0000] {logging_mixin.py:151} INFO - Fetched 500 companies. Total so far: 177000
[2024-11-04T15:44:05.509+0000] {logging_mixin.py:151} INFO - Adding games..
[2024-11-04T15:44:05.511+0000] {logging_mixin.py:151} INFO - Fetched 500 companies. Total so far: 177500
[2024-11-04T15:44:06.042+0000] {logging_mixin.py:151} INFO - Adding games..
[2024-11-04T15:44:06.043+0000] {logging_mixin.py:151} INFO - Fetched 500 companies. Total so far: 178000
[2024-11-04T15:44:06.517+0000] {logging_mixin.py:151} INFO - Adding games..
[2024-11-04T15:44:06.520+0000] {logging_mixin.py:151} INFO - Fetched 500 companies. Total so far: 178500
[2024-11-04T15:44:07.034+0000] {logging_mixin.py:151} INFO - Adding games..
[2024-11-04T15:44:07.035+0000] {logging_mixin.py:151} INFO - Fetched 500 companies. Total so far: 179000
[2024-11-04T15:44:07.570+0000] {logging_mixin.py:151} INFO - Adding games..
[2024-11-04T15:44:07.572+0000] {logging_mixin.py:151} INFO - Fetched 500 companies. Total so far: 179500
[2024-11-04T15:44:08.133+0000] {logging_mixin.py:151} INFO - Adding games..
[2024-11-04T15:44:08.135+0000] {logging_mixin.py:151} INFO - Fetched 500 companies. Total so far: 180000
[2024-11-04T15:44:08.766+0000] {logging_mixin.py:151} INFO - Adding games..
[2024-11-04T15:44:08.767+0000] {logging_mixin.py:151} INFO - Fetched 500 companies. Total so far: 180500
[2024-11-04T15:44:09.460+0000] {logging_mixin.py:151} INFO - Adding games..
[2024-11-04T15:44:09.462+0000] {logging_mixin.py:151} INFO - Fetched 500 companies. Total so far: 181000
[2024-11-04T15:44:09.991+0000] {logging_mixin.py:151} INFO - Adding games..
[2024-11-04T15:44:09.993+0000] {logging_mixin.py:151} INFO - Fetched 500 companies. Total so far: 181500
[2024-11-04T15:44:10.486+0000] {logging_mixin.py:151} INFO - Adding games..
[2024-11-04T15:44:10.488+0000] {logging_mixin.py:151} INFO - Fetched 500 companies. Total so far: 182000
[2024-11-04T15:44:11.041+0000] {logging_mixin.py:151} INFO - Adding games..
[2024-11-04T15:44:11.043+0000] {logging_mixin.py:151} INFO - Fetched 500 companies. Total so far: 182500
[2024-11-04T15:44:11.780+0000] {logging_mixin.py:151} INFO - Adding games..
[2024-11-04T15:44:11.782+0000] {logging_mixin.py:151} INFO - Fetched 500 companies. Total so far: 183000
[2024-11-04T15:44:12.368+0000] {logging_mixin.py:151} INFO - Adding games..
[2024-11-04T15:44:12.369+0000] {logging_mixin.py:151} INFO - Fetched 500 companies. Total so far: 183500
[2024-11-04T15:44:13.036+0000] {logging_mixin.py:151} INFO - Adding games..
[2024-11-04T15:44:13.037+0000] {logging_mixin.py:151} INFO - Fetched 500 companies. Total so far: 184000
[2024-11-04T15:44:13.539+0000] {logging_mixin.py:151} INFO - Adding games..
[2024-11-04T15:44:13.540+0000] {logging_mixin.py:151} INFO - Fetched 500 companies. Total so far: 184500
[2024-11-04T15:44:14.158+0000] {logging_mixin.py:151} INFO - Adding games..
[2024-11-04T15:44:14.161+0000] {logging_mixin.py:151} INFO - Fetched 500 companies. Total so far: 185000
[2024-11-04T15:44:14.788+0000] {logging_mixin.py:151} INFO - Adding games..
[2024-11-04T15:44:14.790+0000] {logging_mixin.py:151} INFO - Fetched 500 companies. Total so far: 185500
[2024-11-04T15:44:15.265+0000] {logging_mixin.py:151} INFO - Adding games..
[2024-11-04T15:44:15.266+0000] {logging_mixin.py:151} INFO - Fetched 500 companies. Total so far: 186000
[2024-11-04T15:44:15.775+0000] {logging_mixin.py:151} INFO - Adding games..
[2024-11-04T15:44:15.777+0000] {logging_mixin.py:151} INFO - Fetched 500 companies. Total so far: 186500
[2024-11-04T15:44:16.405+0000] {logging_mixin.py:151} INFO - Adding games..
[2024-11-04T15:44:16.406+0000] {logging_mixin.py:151} INFO - Fetched 500 companies. Total so far: 187000
[2024-11-04T15:44:16.903+0000] {logging_mixin.py:151} INFO - Adding games..
[2024-11-04T15:44:16.905+0000] {logging_mixin.py:151} INFO - Fetched 500 companies. Total so far: 187500
[2024-11-04T15:44:17.505+0000] {logging_mixin.py:151} INFO - Adding games..
[2024-11-04T15:44:17.507+0000] {logging_mixin.py:151} INFO - Fetched 500 companies. Total so far: 188000
[2024-11-04T15:44:17.960+0000] {logging_mixin.py:151} INFO - Adding games..
[2024-11-04T15:44:17.962+0000] {logging_mixin.py:151} INFO - Fetched 500 companies. Total so far: 188500
[2024-11-04T15:44:18.650+0000] {logging_mixin.py:151} INFO - Adding games..
[2024-11-04T15:44:18.652+0000] {logging_mixin.py:151} INFO - Fetched 500 companies. Total so far: 189000
[2024-11-04T15:44:19.191+0000] {logging_mixin.py:151} INFO - Adding games..
[2024-11-04T15:44:19.192+0000] {logging_mixin.py:151} INFO - Fetched 500 companies. Total so far: 189500
[2024-11-04T15:44:19.739+0000] {logging_mixin.py:151} INFO - Adding games..
[2024-11-04T15:44:19.741+0000] {logging_mixin.py:151} INFO - Fetched 500 companies. Total so far: 190000
[2024-11-04T15:44:20.283+0000] {logging_mixin.py:151} INFO - Adding games..
[2024-11-04T15:44:20.285+0000] {logging_mixin.py:151} INFO - Fetched 500 companies. Total so far: 190500
[2024-11-04T15:44:20.749+0000] {logging_mixin.py:151} INFO - Adding games..
[2024-11-04T15:44:20.751+0000] {logging_mixin.py:151} INFO - Fetched 500 companies. Total so far: 191000
[2024-11-04T15:44:21.171+0000] {logging_mixin.py:151} INFO - Adding games..
[2024-11-04T15:44:21.173+0000] {logging_mixin.py:151} INFO - Fetched 500 companies. Total so far: 191500
[2024-11-04T15:44:21.726+0000] {logging_mixin.py:151} INFO - Adding games..
[2024-11-04T15:44:21.728+0000] {logging_mixin.py:151} INFO - Fetched 500 companies. Total so far: 192000
[2024-11-04T15:44:22.215+0000] {logging_mixin.py:151} INFO - Adding games..
[2024-11-04T15:44:22.217+0000] {logging_mixin.py:151} INFO - Fetched 500 companies. Total so far: 192500
[2024-11-04T15:44:22.987+0000] {logging_mixin.py:151} INFO - Adding games..
[2024-11-04T15:44:22.989+0000] {logging_mixin.py:151} INFO - Fetched 500 companies. Total so far: 193000
[2024-11-04T15:44:23.588+0000] {logging_mixin.py:151} INFO - Adding games..
[2024-11-04T15:44:23.589+0000] {logging_mixin.py:151} INFO - Fetched 500 companies. Total so far: 193500
[2024-11-04T15:44:24.082+0000] {logging_mixin.py:151} INFO - Adding games..
[2024-11-04T15:44:24.084+0000] {logging_mixin.py:151} INFO - Fetched 500 companies. Total so far: 194000
[2024-11-04T15:44:24.635+0000] {logging_mixin.py:151} INFO - Adding games..
[2024-11-04T15:44:24.636+0000] {logging_mixin.py:151} INFO - Fetched 500 companies. Total so far: 194500
[2024-11-04T15:44:25.122+0000] {logging_mixin.py:151} INFO - Adding games..
[2024-11-04T15:44:25.124+0000] {logging_mixin.py:151} INFO - Fetched 500 companies. Total so far: 195000
[2024-11-04T15:44:25.769+0000] {logging_mixin.py:151} INFO - Adding games..
[2024-11-04T15:44:25.770+0000] {logging_mixin.py:151} INFO - Fetched 500 companies. Total so far: 195500
[2024-11-04T15:44:26.238+0000] {logging_mixin.py:151} INFO - Adding games..
[2024-11-04T15:44:26.240+0000] {logging_mixin.py:151} INFO - Fetched 500 companies. Total so far: 196000
[2024-11-04T15:44:26.685+0000] {logging_mixin.py:151} INFO - Adding games..
[2024-11-04T15:44:26.687+0000] {logging_mixin.py:151} INFO - Fetched 500 companies. Total so far: 196500
[2024-11-04T15:44:27.125+0000] {logging_mixin.py:151} INFO - Adding games..
[2024-11-04T15:44:27.126+0000] {logging_mixin.py:151} INFO - Fetched 500 companies. Total so far: 197000
[2024-11-04T15:44:27.643+0000] {logging_mixin.py:151} INFO - Adding games..
[2024-11-04T15:44:27.645+0000] {logging_mixin.py:151} INFO - Fetched 500 companies. Total so far: 197500
[2024-11-04T15:44:28.148+0000] {logging_mixin.py:151} INFO - Adding games..
[2024-11-04T15:44:28.149+0000] {logging_mixin.py:151} INFO - Fetched 500 companies. Total so far: 198000
[2024-11-04T15:44:28.675+0000] {logging_mixin.py:151} INFO - Adding games..
[2024-11-04T15:44:28.677+0000] {logging_mixin.py:151} INFO - Fetched 500 companies. Total so far: 198500
[2024-11-04T15:44:29.209+0000] {logging_mixin.py:151} INFO - Adding games..
[2024-11-04T15:44:29.211+0000] {logging_mixin.py:151} INFO - Fetched 500 companies. Total so far: 199000
[2024-11-04T15:44:29.664+0000] {logging_mixin.py:151} INFO - Adding games..
[2024-11-04T15:44:29.666+0000] {logging_mixin.py:151} INFO - Fetched 500 companies. Total so far: 199500
[2024-11-04T15:44:30.174+0000] {logging_mixin.py:151} INFO - Adding games..
[2024-11-04T15:44:30.176+0000] {logging_mixin.py:151} INFO - Fetched 500 companies. Total so far: 200000
[2024-11-04T15:44:30.663+0000] {logging_mixin.py:151} INFO - Adding games..
[2024-11-04T15:44:30.664+0000] {logging_mixin.py:151} INFO - Fetched 500 companies. Total so far: 200500
[2024-11-04T15:44:31.106+0000] {logging_mixin.py:151} INFO - Adding games..
[2024-11-04T15:44:31.108+0000] {logging_mixin.py:151} INFO - Fetched 500 companies. Total so far: 201000
[2024-11-04T15:44:31.615+0000] {logging_mixin.py:151} INFO - Adding games..
[2024-11-04T15:44:31.617+0000] {logging_mixin.py:151} INFO - Fetched 500 companies. Total so far: 201500
[2024-11-04T15:44:32.171+0000] {logging_mixin.py:151} INFO - Adding games..
[2024-11-04T15:44:32.172+0000] {logging_mixin.py:151} INFO - Fetched 500 companies. Total so far: 202000
[2024-11-04T15:44:32.916+0000] {logging_mixin.py:151} INFO - Adding games..
[2024-11-04T15:44:32.918+0000] {logging_mixin.py:151} INFO - Fetched 500 companies. Total so far: 202500
[2024-11-04T15:44:33.385+0000] {logging_mixin.py:151} INFO - Adding games..
[2024-11-04T15:44:33.387+0000] {logging_mixin.py:151} INFO - Fetched 500 companies. Total so far: 203000
[2024-11-04T15:44:34.112+0000] {logging_mixin.py:151} INFO - Adding games..
[2024-11-04T15:44:34.114+0000] {logging_mixin.py:151} INFO - Fetched 500 companies. Total so far: 203500
[2024-11-04T15:44:34.549+0000] {logging_mixin.py:151} INFO - Adding games..
[2024-11-04T15:44:34.551+0000] {logging_mixin.py:151} INFO - Fetched 500 companies. Total so far: 204000
[2024-11-04T15:44:35.063+0000] {logging_mixin.py:151} INFO - Adding games..
[2024-11-04T15:44:35.065+0000] {logging_mixin.py:151} INFO - Fetched 500 companies. Total so far: 204500
[2024-11-04T15:44:35.750+0000] {logging_mixin.py:151} INFO - Adding games..
[2024-11-04T15:44:35.751+0000] {logging_mixin.py:151} INFO - Fetched 500 companies. Total so far: 205000
[2024-11-04T15:44:36.238+0000] {logging_mixin.py:151} INFO - Adding games..
[2024-11-04T15:44:36.240+0000] {logging_mixin.py:151} INFO - Fetched 500 companies. Total so far: 205500
[2024-11-04T15:44:36.377+0000] {taskinstance.py:1935} ERROR - Task failed with exception
Traceback (most recent call last):
  File "/home/airflow/.local/lib/python3.9/site-packages/airflow/operators/python.py", line 192, in execute
    return_value = self.execute_callable()
  File "/home/airflow/.local/lib/python3.9/site-packages/airflow/operators/python.py", line 209, in execute_callable
    return self.python_callable(*self.op_args, **self.op_kwargs)
  File "/opt/airflow/pipelines/game_pipeline.py", line 19, in extract_data
    games = extract_all_games()
  File "/opt/airflow/etls/game_etl.py", line 66, in extract_all_games
    game_data = extract_games(token, limit=limit, offset=offset)
  File "/opt/airflow/etls/game_etl.py", line 52, in extract_games
    response.raise_for_status()
  File "/home/airflow/.local/lib/python3.9/site-packages/requests/models.py", line 1021, in raise_for_status
    raise HTTPError(http_error_msg, response=self)
requests.exceptions.HTTPError: 502 Server Error: Bad Gateway for url: https://api.igdb.com/v4/games
[2024-11-04T15:44:36.391+0000] {taskinstance.py:1398} INFO - Marking task as UP_FOR_RETRY. dag_id=etl_game_pipeline, task_id=game_extraction, execution_date=20241104T154112, start_date=20241104T154114, end_date=20241104T154436
[2024-11-04T15:44:36.402+0000] {standard_task_runner.py:104} ERROR - Failed to execute job 19 for task game_extraction (502 Server Error: Bad Gateway for url: https://api.igdb.com/v4/games; 62)
[2024-11-04T15:44:36.420+0000] {local_task_job_runner.py:228} INFO - Task exited with return code 1
[2024-11-04T15:44:36.432+0000] {taskinstance.py:2776} INFO - 0 downstream tasks scheduled from follow-on schedule check
