[2024-10-18T16:05:14.818+0000] {taskinstance.py:1157} INFO - Dependencies all met for dep_context=non-requeueable deps ti=<TaskInstance: etl_steam_pipeline.steam_extraction manual__2024-10-18T16:05:10.097368+00:00 [queued]>
[2024-10-18T16:05:14.828+0000] {taskinstance.py:1157} INFO - Dependencies all met for dep_context=requeueable deps ti=<TaskInstance: etl_steam_pipeline.steam_extraction manual__2024-10-18T16:05:10.097368+00:00 [queued]>
[2024-10-18T16:05:14.829+0000] {taskinstance.py:1359} INFO - Starting attempt 1 of 4
[2024-10-18T16:05:14.845+0000] {taskinstance.py:1380} INFO - Executing <Task(PythonOperator): steam_extraction> on 2024-10-18 16:05:10.097368+00:00
[2024-10-18T16:05:14.850+0000] {standard_task_runner.py:57} INFO - Started process 71 to run task
[2024-10-18T16:05:14.854+0000] {standard_task_runner.py:84} INFO - Running: ['airflow', 'tasks', 'run', 'etl_steam_pipeline', 'steam_extraction', 'manual__2024-10-18T16:05:10.097368+00:00', '--job-id', '12', '--raw', '--subdir', 'DAGS_FOLDER/steam_dag.py', '--cfg-path', '/tmp/tmptbe9uil_']
[2024-10-18T16:05:14.855+0000] {standard_task_runner.py:85} INFO - Job 12: Subtask steam_extraction
[2024-10-18T16:05:14.931+0000] {task_command.py:415} INFO - Running <TaskInstance: etl_steam_pipeline.steam_extraction manual__2024-10-18T16:05:10.097368+00:00 [running]> on host 6c0d6974ad20
[2024-10-18T16:05:15.031+0000] {taskinstance.py:1660} INFO - Exporting env vars: AIRFLOW_CTX_DAG_OWNER='Jordan Welborn' AIRFLOW_CTX_DAG_ID='etl_steam_pipeline' AIRFLOW_CTX_TASK_ID='steam_extraction' AIRFLOW_CTX_EXECUTION_DATE='2024-10-18T16:05:10.097368+00:00' AIRFLOW_CTX_TRY_NUMBER='1' AIRFLOW_CTX_DAG_RUN_ID='manual__2024-10-18T16:05:10.097368+00:00'
[2024-10-18T16:05:15.033+0000] {logging_mixin.py:151} INFO - Processed 2129810 Already! Sorry Try another
[2024-10-18T16:05:15.034+0000] {logging_mixin.py:151} INFO - Processed 2335800 Already! Sorry Try another
[2024-10-18T16:05:15.034+0000] {logging_mixin.py:151} INFO - Processed 986010 Already! Sorry Try another
[2024-10-18T16:05:15.035+0000] {logging_mixin.py:151} INFO - Processed 2097170 Already! Sorry Try another
[2024-10-18T16:05:15.036+0000] {logging_mixin.py:151} INFO - Processed 3155230 Already! Sorry Try another
[2024-10-18T16:05:15.036+0000] {logging_mixin.py:151} INFO - Processed 3213430 Already! Sorry Try another
[2024-10-18T16:05:15.037+0000] {logging_mixin.py:151} INFO - Processed 3282810 Already! Sorry Try another
[2024-10-18T16:05:15.037+0000] {logging_mixin.py:151} INFO - Processed 585420 Already! Sorry Try another
[2024-10-18T16:05:15.038+0000] {logging_mixin.py:151} INFO - Processed 1948280 Already! Sorry Try another
[2024-10-18T16:05:15.039+0000] {logging_mixin.py:151} INFO - Processed 3231920 Already! Sorry Try another
[2024-10-18T16:05:15.039+0000] {logging_mixin.py:151} INFO - Processed 1116170 Already! Sorry Try another
[2024-10-18T16:05:15.041+0000] {logging_mixin.py:151} INFO - Processed 3045050 Already! Sorry Try another
[2024-10-18T16:05:15.042+0000] {logging_mixin.py:151} INFO - Processed 2255370 Already! Sorry Try another
[2024-10-18T16:05:15.043+0000] {logging_mixin.py:151} INFO - Processed 941460 Already! Sorry Try another
[2024-10-18T16:05:15.044+0000] {logging_mixin.py:151} INFO - Processed 1520470 Already! Sorry Try another
[2024-10-18T16:05:15.044+0000] {logging_mixin.py:151} INFO - Processed 553780 Already! Sorry Try another
[2024-10-18T16:05:15.045+0000] {logging_mixin.py:151} INFO - Processed 308600 Already! Sorry Try another
[2024-10-18T16:05:15.045+0000] {logging_mixin.py:151} INFO - Processed 1459630 Already! Sorry Try another
[2024-10-18T16:05:15.046+0000] {logging_mixin.py:151} INFO - Processed 2319940 Already! Sorry Try another
[2024-10-18T16:05:15.046+0000] {logging_mixin.py:151} INFO - Processed 2139460 Already! Sorry Try another
[2024-10-18T16:05:15.047+0000] {logging_mixin.py:151} INFO - Processed 2334700 Already! Sorry Try another
[2024-10-18T16:05:15.047+0000] {logging_mixin.py:151} INFO - Processed 2399420 Already! Sorry Try another
[2024-10-18T16:05:15.048+0000] {logging_mixin.py:151} INFO - Processed 2999030 Already! Sorry Try another
[2024-10-18T16:05:15.048+0000] {logging_mixin.py:151} INFO - Fetching details for app ID: 258550...
[2024-10-18T16:05:15.451+0000] {logging_mixin.py:151} INFO - Failed to get details for app ID: 258550
[2024-10-18T16:05:15.454+0000] {logging_mixin.py:151} INFO - Processed 1851350 Already! Sorry Try another
[2024-10-18T16:05:15.455+0000] {logging_mixin.py:151} INFO - Processed 3018090 Already! Sorry Try another
[2024-10-18T16:05:15.456+0000] {logging_mixin.py:151} INFO - Processed 3271040 Already! Sorry Try another
[2024-10-18T16:05:15.457+0000] {logging_mixin.py:151} INFO - Processed 2266650 Already! Sorry Try another
[2024-10-18T16:05:15.458+0000] {logging_mixin.py:151} INFO - Processed 3198990 Already! Sorry Try another
[2024-10-18T16:05:15.458+0000] {logging_mixin.py:151} INFO - Processed 2082570 Already! Sorry Try another
[2024-10-18T16:05:15.459+0000] {logging_mixin.py:151} INFO - Fetching details for app ID: 1892930...
[2024-10-18T16:05:15.775+0000] {logging_mixin.py:151} INFO - Failed to get details for app ID: 1892930
[2024-10-18T16:05:15.776+0000] {logging_mixin.py:151} INFO - Processed 3277500 Already! Sorry Try another
[2024-10-18T16:05:15.777+0000] {logging_mixin.py:151} INFO - Processed 3061690 Already! Sorry Try another
[2024-10-18T16:05:15.777+0000] {logging_mixin.py:151} INFO - Processed 322330 Already! Sorry Try another
[2024-10-18T16:05:15.778+0000] {logging_mixin.py:151} INFO - Processed 3199170 Already! Sorry Try another
[2024-10-18T16:05:15.779+0000] {logging_mixin.py:151} INFO - Processed 1273100 Already! Sorry Try another
[2024-10-18T16:05:15.779+0000] {logging_mixin.py:151} INFO - Processed 3190970 Already! Sorry Try another
[2024-10-18T16:05:15.780+0000] {logging_mixin.py:151} INFO - Processed 1771300 Already! Sorry Try another
[2024-10-18T16:05:15.781+0000] {logging_mixin.py:151} INFO - Processed 2902720 Already! Sorry Try another
[2024-10-18T16:05:15.781+0000] {logging_mixin.py:151} INFO - Processed 1138640 Already! Sorry Try another
[2024-10-18T16:05:15.782+0000] {logging_mixin.py:151} INFO - Processed 2400840 Already! Sorry Try another
[2024-10-18T16:05:15.782+0000] {logging_mixin.py:151} INFO - Processed 1208170 Already! Sorry Try another
[2024-10-18T16:05:15.783+0000] {logging_mixin.py:151} INFO - Processed 2990080 Already! Sorry Try another
[2024-10-18T16:05:15.783+0000] {logging_mixin.py:151} INFO - Processed 2980550 Already! Sorry Try another
[2024-10-18T16:05:15.784+0000] {logging_mixin.py:151} INFO - Processed 2000890 Already! Sorry Try another
[2024-10-18T16:05:15.784+0000] {logging_mixin.py:151} INFO - Processed 2587840 Already! Sorry Try another
[2024-10-18T16:05:15.785+0000] {logging_mixin.py:151} INFO - Processed 2052040 Already! Sorry Try another
[2024-10-18T16:05:15.785+0000] {logging_mixin.py:151} INFO - Processed 3270630 Already! Sorry Try another
[2024-10-18T16:05:15.786+0000] {logging_mixin.py:151} INFO - Processed 3180930 Already! Sorry Try another
[2024-10-18T16:05:15.787+0000] {logging_mixin.py:151} INFO - Processed 949230 Already! Sorry Try another
[2024-10-18T16:05:15.787+0000] {logging_mixin.py:151} INFO - Processed 1128860 Already! Sorry Try another
[2024-10-18T16:05:15.788+0000] {logging_mixin.py:151} INFO - Processed 1428090 Already! Sorry Try another
[2024-10-18T16:05:15.788+0000] {logging_mixin.py:151} INFO - Processed 108600 Already! Sorry Try another
[2024-10-18T16:05:15.789+0000] {logging_mixin.py:151} INFO - Processed 1999520 Already! Sorry Try another
[2024-10-18T16:05:15.789+0000] {logging_mixin.py:151} INFO - Processed 3186690 Already! Sorry Try another
[2024-10-18T16:05:15.790+0000] {logging_mixin.py:151} INFO - Processed 1121560 Already! Sorry Try another
[2024-10-18T16:05:15.790+0000] {logging_mixin.py:151} INFO - Processed 1127660 Already! Sorry Try another
[2024-10-18T16:05:15.791+0000] {logging_mixin.py:151} INFO - Processed 1185810 Already! Sorry Try another
[2024-10-18T16:05:15.791+0000] {logging_mixin.py:151} INFO - Processed 1325730 Already! Sorry Try another
[2024-10-18T16:05:15.792+0000] {logging_mixin.py:151} INFO - Processed 1503170 Already! Sorry Try another
[2024-10-18T16:05:15.793+0000] {logging_mixin.py:151} INFO - Processed 1645220 Already! Sorry Try another
[2024-10-18T16:05:15.793+0000] {logging_mixin.py:151} INFO - Processed 1790600 Already! Sorry Try another
[2024-10-18T16:05:15.794+0000] {logging_mixin.py:151} INFO - Processed 1800860 Already! Sorry Try another
[2024-10-18T16:05:15.794+0000] {logging_mixin.py:151} INFO - Processed 1803450 Already! Sorry Try another
[2024-10-18T16:05:15.795+0000] {logging_mixin.py:151} INFO - Processed 1818450 Already! Sorry Try another
[2024-10-18T16:05:15.795+0000] {logging_mixin.py:151} INFO - Processed 1962700 Already! Sorry Try another
[2024-10-18T16:05:15.795+0000] {logging_mixin.py:151} INFO - Processed 1969650 Already! Sorry Try another
[2024-10-18T16:05:15.796+0000] {logging_mixin.py:151} INFO - Processed 1997470 Already! Sorry Try another
[2024-10-18T16:05:15.797+0000] {logging_mixin.py:151} INFO - Processed 2088250 Already! Sorry Try another
[2024-10-18T16:05:15.797+0000] {logging_mixin.py:151} INFO - Processed 2103140 Already! Sorry Try another
[2024-10-18T16:05:15.798+0000] {logging_mixin.py:151} INFO - Processed 2287960 Already! Sorry Try another
[2024-10-18T16:05:15.798+0000] {logging_mixin.py:151} INFO - Processed 2407270 Already! Sorry Try another
[2024-10-18T16:05:15.799+0000] {logging_mixin.py:151} INFO - Processed 2420660 Already! Sorry Try another
[2024-10-18T16:05:15.799+0000] {logging_mixin.py:151} INFO - Processed 2421350 Already! Sorry Try another
[2024-10-18T16:05:15.800+0000] {logging_mixin.py:151} INFO - Processed 2543180 Already! Sorry Try another
[2024-10-18T16:05:15.800+0000] {logging_mixin.py:151} INFO - Processed 2585830 Already! Sorry Try another
[2024-10-18T16:05:15.801+0000] {logging_mixin.py:151} INFO - Processed 2622000 Already! Sorry Try another
[2024-10-18T16:05:15.801+0000] {logging_mixin.py:151} INFO - Processed 2708950 Already! Sorry Try another
[2024-10-18T16:05:15.802+0000] {logging_mixin.py:151} INFO - Processed 3103040 Already! Sorry Try another
[2024-10-18T16:05:15.802+0000] {logging_mixin.py:151} INFO - Processed 3123410 Already! Sorry Try another
[2024-10-18T16:05:15.803+0000] {logging_mixin.py:151} INFO - Processed 3180170 Already! Sorry Try another
[2024-10-18T16:05:15.803+0000] {logging_mixin.py:151} INFO - Processed 3226570 Already! Sorry Try another
[2024-10-18T16:05:15.804+0000] {logging_mixin.py:151} INFO - Processed 3235910 Already! Sorry Try another
[2024-10-18T16:05:15.804+0000] {logging_mixin.py:151} INFO - Processed 3256070 Already! Sorry Try another
[2024-10-18T16:05:15.805+0000] {logging_mixin.py:151} INFO - Processed 3271530 Already! Sorry Try another
[2024-10-18T16:05:15.805+0000] {logging_mixin.py:151} INFO - Processed 1049320 Already! Sorry Try another
[2024-10-18T16:05:15.806+0000] {logging_mixin.py:151} INFO - Processed 499180 Already! Sorry Try another
[2024-10-18T16:05:15.806+0000] {logging_mixin.py:151} INFO - Processed 581320 Already! Sorry Try another
[2024-10-18T16:05:15.807+0000] {logging_mixin.py:151} INFO - Processed 787480 Already! Sorry Try another
[2024-10-18T16:05:15.807+0000] {logging_mixin.py:151} INFO - Processed 991270 Already! Sorry Try another
[2024-10-18T16:05:15.808+0000] {logging_mixin.py:151} INFO - Processed 1254320 Already! Sorry Try another
[2024-10-18T16:05:15.808+0000] {logging_mixin.py:151} INFO - Processed 2654540 Already! Sorry Try another
[2024-10-18T16:05:15.809+0000] {logging_mixin.py:151} INFO - Processed 3027940 Already! Sorry Try another
[2024-10-18T16:05:15.809+0000] {logging_mixin.py:151} INFO - Processed 3037030 Already! Sorry Try another
[2024-10-18T16:05:15.810+0000] {logging_mixin.py:151} INFO - Processed 3054770 Already! Sorry Try another
[2024-10-18T16:05:15.810+0000] {logging_mixin.py:151} INFO - Processed 3059840 Already! Sorry Try another
[2024-10-18T16:05:15.811+0000] {logging_mixin.py:151} INFO - Processed 3060080 Already! Sorry Try another
[2024-10-18T16:05:15.811+0000] {logging_mixin.py:151} INFO - Processed 3101770 Already! Sorry Try another
[2024-10-18T16:05:15.812+0000] {logging_mixin.py:151} INFO - Processed 3137120 Already! Sorry Try another
[2024-10-18T16:05:15.812+0000] {logging_mixin.py:151} INFO - Processed 3138330 Already! Sorry Try another
[2024-10-18T16:05:15.813+0000] {logging_mixin.py:151} INFO - Processed 3142540 Already! Sorry Try another
[2024-10-18T16:05:15.813+0000] {logging_mixin.py:151} INFO - Processed 3163250 Already! Sorry Try another
[2024-10-18T16:05:15.814+0000] {logging_mixin.py:151} INFO - Processed 3169100 Already! Sorry Try another
[2024-10-18T16:05:15.814+0000] {logging_mixin.py:151} INFO - Processed 3170420 Already! Sorry Try another
[2024-10-18T16:05:15.815+0000] {logging_mixin.py:151} INFO - Processed 3170430 Already! Sorry Try another
[2024-10-18T16:05:15.815+0000] {logging_mixin.py:151} INFO - Processed 3206520 Already! Sorry Try another
[2024-10-18T16:05:15.816+0000] {logging_mixin.py:151} INFO - Processed 3027620 Already! Sorry Try another
[2024-10-18T16:05:15.816+0000] {logging_mixin.py:151} INFO - Processed 2633080 Already! Sorry Try another
[2024-10-18T16:05:15.817+0000] {logging_mixin.py:151} INFO - Processed 1816140 Already! Sorry Try another
[2024-10-18T16:05:15.817+0000] {logging_mixin.py:151} INFO - Processed 3141870 Already! Sorry Try another
[2024-10-18T16:05:15.817+0000] {logging_mixin.py:151} INFO - Processed 1108740 Already! Sorry Try another
[2024-10-18T16:05:15.818+0000] {logging_mixin.py:151} INFO - Processed 1135960 Already! Sorry Try another
[2024-10-18T16:05:15.819+0000] {logging_mixin.py:151} INFO - Processed 1339340 Already! Sorry Try another
[2024-10-18T16:05:15.819+0000] {logging_mixin.py:151} INFO - Processed 3108720 Already! Sorry Try another
[2024-10-18T16:05:15.819+0000] {logging_mixin.py:151} INFO - Processed 3261060 Already! Sorry Try another
[2024-10-18T16:05:15.820+0000] {logging_mixin.py:151} INFO - Processed 792200 Already! Sorry Try another
[2024-10-18T16:05:15.821+0000] {logging_mixin.py:151} INFO - Processed 809090 Already! Sorry Try another
[2024-10-18T16:05:15.821+0000] {logging_mixin.py:151} INFO - Processed 874450 Already! Sorry Try another
[2024-10-18T16:05:15.821+0000] {logging_mixin.py:151} INFO - Processed 972200 Already! Sorry Try another
[2024-10-18T16:05:15.822+0000] {logging_mixin.py:151} INFO - Processed 3288690 Already! Sorry Try another
[2024-10-18T16:05:15.822+0000] {logging_mixin.py:151} INFO - Processed 2307350 Already! Sorry Try another
[2024-10-18T16:05:15.823+0000] {logging_mixin.py:151} INFO - Processed 3192760 Already! Sorry Try another
[2024-10-18T16:05:15.823+0000] {logging_mixin.py:151} INFO - Processed 451340 Already! Sorry Try another
[2024-10-18T16:05:15.824+0000] {logging_mixin.py:151} INFO - Processed 3187730 Already! Sorry Try another
[2024-10-18T16:05:15.824+0000] {logging_mixin.py:151} INFO - Processed 3088430 Already! Sorry Try another
[2024-10-18T16:05:15.825+0000] {logging_mixin.py:151} INFO - Processed 218230 Already! Sorry Try another
[2024-10-18T16:05:15.825+0000] {logging_mixin.py:151} INFO - Processed 294770 Already! Sorry Try another
[2024-10-18T16:05:15.826+0000] {logging_mixin.py:151} INFO - Processed 39660 Already! Sorry Try another
[2024-10-18T16:05:15.826+0000] {logging_mixin.py:151} INFO - Fetching details for app ID: 774941...
[2024-10-18T16:05:16.213+0000] {logging_mixin.py:151} INFO - Failed to get details for app ID: 774941
[2024-10-18T16:05:16.215+0000] {logging_mixin.py:151} INFO - Processed 589290 Already! Sorry Try another
[2024-10-18T16:05:16.215+0000] {logging_mixin.py:151} INFO - Processed 2543510 Already! Sorry Try another
[2024-10-18T16:05:16.216+0000] {logging_mixin.py:151} INFO - Processed 3263740 Already! Sorry Try another
[2024-10-18T16:05:16.217+0000] {logging_mixin.py:151} INFO - Processed 1116390 Already! Sorry Try another
[2024-10-18T16:05:16.217+0000] {logging_mixin.py:151} INFO - Processed 1200770 Already! Sorry Try another
[2024-10-18T16:05:16.218+0000] {logging_mixin.py:151} INFO - Fetching details for app ID: 1326030...
[2024-10-18T16:05:16.555+0000] {logging_mixin.py:151} INFO - Failed to get details for app ID: 1326030
[2024-10-18T16:05:16.556+0000] {logging_mixin.py:151} INFO - Processed 1603640 Already! Sorry Try another
[2024-10-18T16:05:16.557+0000] {logging_mixin.py:151} INFO - Fetching details for app ID: 2051010...
[2024-10-18T16:05:16.881+0000] {logging_mixin.py:151} INFO - Failed to get details for app ID: 2051010
[2024-10-18T16:05:16.883+0000] {logging_mixin.py:151} INFO - Processed 2108330 Already! Sorry Try another
[2024-10-18T16:05:16.883+0000] {logging_mixin.py:151} INFO - Processed 2116120 Already! Sorry Try another
[2024-10-18T16:05:16.884+0000] {logging_mixin.py:151} INFO - Processed 2184350 Already! Sorry Try another
[2024-10-18T16:05:16.885+0000] {logging_mixin.py:151} INFO - Processed 2305760 Already! Sorry Try another
[2024-10-18T16:05:16.885+0000] {logging_mixin.py:151} INFO - Processed 2395260 Already! Sorry Try another
[2024-10-18T16:05:16.886+0000] {logging_mixin.py:151} INFO - Processed 2500160 Already! Sorry Try another
[2024-10-18T16:05:16.887+0000] {logging_mixin.py:151} INFO - Processed 2529080 Already! Sorry Try another
[2024-10-18T16:05:16.887+0000] {logging_mixin.py:151} INFO - Processed 2570210 Already! Sorry Try another
[2024-10-18T16:05:16.888+0000] {logging_mixin.py:151} INFO - Processed 2576020 Already! Sorry Try another
[2024-10-18T16:05:16.888+0000] {logging_mixin.py:151} INFO - Processed 2582560 Already! Sorry Try another
[2024-10-18T16:05:16.889+0000] {logging_mixin.py:151} INFO - Processed 2716120 Already! Sorry Try another
[2024-10-18T16:05:16.889+0000] {logging_mixin.py:151} INFO - Processed 2716820 Already! Sorry Try another
[2024-10-18T16:05:16.890+0000] {logging_mixin.py:151} INFO - Processed 2719030 Already! Sorry Try another
[2024-10-18T16:05:16.890+0000] {logging_mixin.py:151} INFO - Processed 2803360 Already! Sorry Try another
[2024-10-18T16:05:16.891+0000] {logging_mixin.py:151} INFO - Processed 3207390 Already! Sorry Try another
[2024-10-18T16:05:16.892+0000] {logging_mixin.py:151} INFO - Processed 538030 Already! Sorry Try another
[2024-10-18T16:05:16.892+0000] {logging_mixin.py:151} INFO - Processed 1170950 Already! Sorry Try another
[2024-10-18T16:05:16.893+0000] {logging_mixin.py:151} INFO - Processed 1217490 Already! Sorry Try another
[2024-10-18T16:05:16.893+0000] {logging_mixin.py:151} INFO - Processed 1264171 Already! Sorry Try another
[2024-10-18T16:05:16.894+0000] {logging_mixin.py:151} INFO - Processed 1270010 Already! Sorry Try another
[2024-10-18T16:05:16.894+0000] {logging_mixin.py:151} INFO - Processed 1351370 Already! Sorry Try another
[2024-10-18T16:05:16.895+0000] {logging_mixin.py:151} INFO - Processed 1392390 Already! Sorry Try another
[2024-10-18T16:05:16.895+0000] {logging_mixin.py:151} INFO - Processed 1437840 Already! Sorry Try another
[2024-10-18T16:05:16.896+0000] {logging_mixin.py:151} INFO - Processed 1474930 Already! Sorry Try another
[2024-10-18T16:05:16.896+0000] {logging_mixin.py:151} INFO - Processed 1480050 Already! Sorry Try another
[2024-10-18T16:05:16.897+0000] {logging_mixin.py:151} INFO - Processed 1513420 Already! Sorry Try another
[2024-10-18T16:05:16.897+0000] {logging_mixin.py:151} INFO - Processed 1682600 Already! Sorry Try another
[2024-10-18T16:05:16.898+0000] {logging_mixin.py:151} INFO - Processed 1832840 Already! Sorry Try another
[2024-10-18T16:05:16.898+0000] {logging_mixin.py:151} INFO - Processed 1840800 Already! Sorry Try another
[2024-10-18T16:05:16.899+0000] {logging_mixin.py:151} INFO - Processed 3012290 Already! Sorry Try another
[2024-10-18T16:05:16.899+0000] {logging_mixin.py:151} INFO - Processed 3080030 Already! Sorry Try another
[2024-10-18T16:05:16.900+0000] {logging_mixin.py:151} INFO - Processed 3226270 Already! Sorry Try another
[2024-10-18T16:05:16.900+0000] {logging_mixin.py:151} INFO - Processed 2191410 Already! Sorry Try another
[2024-10-18T16:05:16.901+0000] {logging_mixin.py:151} INFO - Processed 1653190 Already! Sorry Try another
[2024-10-18T16:05:16.901+0000] {logging_mixin.py:151} INFO - Processed 3280460 Already! Sorry Try another
[2024-10-18T16:05:16.902+0000] {logging_mixin.py:151} INFO - Processed 1211980 Already! Sorry Try another
[2024-10-18T16:05:16.903+0000] {logging_mixin.py:151} INFO - Fetching details for app ID: 1424230...
[2024-10-18T16:05:17.224+0000] {logging_mixin.py:151} INFO - Failed to get details for app ID: 1424230
[2024-10-18T16:05:17.225+0000] {logging_mixin.py:151} INFO - Processed 1584090 Already! Sorry Try another
[2024-10-18T16:05:17.226+0000] {logging_mixin.py:151} INFO - Processed 1607250 Already! Sorry Try another
[2024-10-18T16:05:17.226+0000] {logging_mixin.py:151} INFO - Processed 1786790 Already! Sorry Try another
[2024-10-18T16:05:17.227+0000] {logging_mixin.py:151} INFO - Processed 1830190 Already! Sorry Try another
[2024-10-18T16:05:17.228+0000] {logging_mixin.py:151} INFO - Processed 1905180 Already! Sorry Try another
[2024-10-18T16:05:17.228+0000] {logging_mixin.py:151} INFO - Processed 1911610 Already! Sorry Try another
[2024-10-18T16:05:17.229+0000] {logging_mixin.py:151} INFO - Processed 2015620 Already! Sorry Try another
[2024-10-18T16:05:17.229+0000] {logging_mixin.py:151} INFO - Processed 2064650 Already! Sorry Try another
[2024-10-18T16:05:17.230+0000] {logging_mixin.py:151} INFO - Processed 2075100 Already! Sorry Try another
[2024-10-18T16:05:17.231+0000] {logging_mixin.py:151} INFO - Processed 2114740 Already! Sorry Try another
[2024-10-18T16:05:17.231+0000] {logging_mixin.py:151} INFO - Processed 2236060 Already! Sorry Try another
[2024-10-18T16:05:17.232+0000] {logging_mixin.py:151} INFO - Processed 2316930 Already! Sorry Try another
[2024-10-18T16:05:17.232+0000] {logging_mixin.py:151} INFO - Processed 2341070 Already! Sorry Try another
[2024-10-18T16:05:17.233+0000] {logging_mixin.py:151} INFO - Processed 2359660 Already! Sorry Try another
[2024-10-18T16:05:17.233+0000] {logging_mixin.py:151} INFO - Processed 2401970 Already! Sorry Try another
[2024-10-18T16:05:17.234+0000] {logging_mixin.py:151} INFO - Processed 2566880 Already! Sorry Try another
[2024-10-18T16:05:17.234+0000] {logging_mixin.py:151} INFO - Processed 2645820 Already! Sorry Try another
[2024-10-18T16:05:17.235+0000] {logging_mixin.py:151} INFO - Fetching details for app ID: 2658770...
[2024-10-18T16:05:17.580+0000] {logging_mixin.py:151} INFO - Failed to get details for app ID: 2658770
[2024-10-18T16:05:17.581+0000] {logging_mixin.py:151} INFO - Processed 2751000 Already! Sorry Try another
[2024-10-18T16:05:17.581+0000] {logging_mixin.py:151} INFO - Processed 2807150 Already! Sorry Try another
[2024-10-18T16:05:17.582+0000] {logging_mixin.py:151} INFO - Processed 2990190 Already! Sorry Try another
[2024-10-18T16:05:17.582+0000] {logging_mixin.py:151} INFO - Processed 3051280 Already! Sorry Try another
[2024-10-18T16:05:17.583+0000] {logging_mixin.py:151} INFO - Processed 3080680 Already! Sorry Try another
[2024-10-18T16:05:17.584+0000] {logging_mixin.py:151} INFO - Processed 3084620 Already! Sorry Try another
[2024-10-18T16:05:17.585+0000] {logging_mixin.py:151} INFO - Processed 3156770 Already! Sorry Try another
[2024-10-18T16:05:17.585+0000] {logging_mixin.py:151} INFO - Processed 3192310 Already! Sorry Try another
[2024-10-18T16:05:17.586+0000] {logging_mixin.py:151} INFO - Processed 3217200 Already! Sorry Try another
[2024-10-18T16:05:17.587+0000] {logging_mixin.py:151} INFO - Processed 3227820 Already! Sorry Try another
[2024-10-18T16:05:17.587+0000] {logging_mixin.py:151} INFO - Processed 3231380 Already! Sorry Try another
[2024-10-18T16:05:17.588+0000] {logging_mixin.py:151} INFO - Processed 3283090 Already! Sorry Try another
[2024-10-18T16:05:17.588+0000] {logging_mixin.py:151} INFO - Processed 3292980 Already! Sorry Try another
[2024-10-18T16:05:17.589+0000] {logging_mixin.py:151} INFO - Processed 1000050 Already! Sorry Try another
[2024-10-18T16:05:17.590+0000] {logging_mixin.py:151} INFO - Processed 1213700 Already! Sorry Try another
[2024-10-18T16:05:17.590+0000] {logging_mixin.py:151} INFO - Processed 1245560 Already! Sorry Try another
[2024-10-18T16:05:17.591+0000] {logging_mixin.py:151} INFO - Processed 1272320 Already! Sorry Try another
[2024-10-18T16:05:17.591+0000] {logging_mixin.py:151} INFO - Processed 1375630 Already! Sorry Try another
[2024-10-18T16:05:17.592+0000] {logging_mixin.py:151} INFO - Processed 1418750 Already! Sorry Try another
[2024-10-18T16:05:17.593+0000] {logging_mixin.py:151} INFO - Processed 1554770 Already! Sorry Try another
[2024-10-18T16:05:17.594+0000] {logging_mixin.py:151} INFO - Processed 17510 Already! Sorry Try another
[2024-10-18T16:05:17.594+0000] {logging_mixin.py:151} INFO - Processed 372080 Already! Sorry Try another
[2024-10-18T16:05:17.595+0000] {logging_mixin.py:151} INFO - Processed 689760 Already! Sorry Try another
[2024-10-18T16:05:17.596+0000] {logging_mixin.py:151} INFO - Processed 2399830 Already! Sorry Try another
[2024-10-18T16:05:17.596+0000] {logging_mixin.py:151} INFO - Processed 3104680 Already! Sorry Try another
[2024-10-18T16:05:17.597+0000] {logging_mixin.py:151} INFO - Processed 1282270 Already! Sorry Try another
[2024-10-18T16:05:17.597+0000] {logging_mixin.py:151} INFO - Processed 2084360 Already! Sorry Try another
[2024-10-18T16:05:17.598+0000] {logging_mixin.py:151} INFO - Processed 3050 Already! Sorry Try another
[2024-10-18T16:05:17.598+0000] {logging_mixin.py:151} INFO - Processed 2488620 Already! Sorry Try another
[2024-10-18T16:05:17.599+0000] {logging_mixin.py:151} INFO - Processed 416000 Already! Sorry Try another
[2024-10-18T16:05:17.599+0000] {logging_mixin.py:151} INFO - Processed 2384580 Already! Sorry Try another
[2024-10-18T16:05:17.600+0000] {logging_mixin.py:151} INFO - Processed 3023930 Already! Sorry Try another
[2024-10-18T16:05:17.600+0000] {logging_mixin.py:151} INFO - Processed 3254600 Already! Sorry Try another
[2024-10-18T16:05:17.601+0000] {logging_mixin.py:151} INFO - Processed 1324780 Already! Sorry Try another
[2024-10-18T16:05:17.601+0000] {logging_mixin.py:151} INFO - Processed 1395520 Already! Sorry Try another
[2024-10-18T16:05:17.602+0000] {logging_mixin.py:151} INFO - Processed 2635410 Already! Sorry Try another
[2024-10-18T16:05:17.602+0000] {logging_mixin.py:151} INFO - Processed 3061810 Already! Sorry Try another
[2024-10-18T16:05:17.603+0000] {logging_mixin.py:151} INFO - Processed 1592190 Already! Sorry Try another
[2024-10-18T16:05:17.603+0000] {logging_mixin.py:151} INFO - Processed 3256520 Already! Sorry Try another
[2024-10-18T16:05:17.604+0000] {logging_mixin.py:151} INFO - Processed 1696810 Already! Sorry Try another
[2024-10-18T16:05:17.604+0000] {logging_mixin.py:151} INFO - Processed 2666580 Already! Sorry Try another
[2024-10-18T16:05:17.605+0000] {logging_mixin.py:151} INFO - Processed 3190930 Already! Sorry Try another
[2024-10-18T16:05:17.606+0000] {logging_mixin.py:151} INFO - Processed 714010 Already! Sorry Try another
[2024-10-18T16:05:17.606+0000] {logging_mixin.py:151} INFO - Processed 2407830 Already! Sorry Try another
[2024-10-18T16:05:17.607+0000] {logging_mixin.py:151} INFO - Processed 3173890 Already! Sorry Try another
[2024-10-18T16:05:17.607+0000] {logging_mixin.py:151} INFO - Processed 3204560 Already! Sorry Try another
[2024-10-18T16:05:17.608+0000] {logging_mixin.py:151} INFO - Processed 1845940 Already! Sorry Try another
[2024-10-18T16:05:17.608+0000] {logging_mixin.py:151} INFO - Processed 2169200 Already! Sorry Try another
[2024-10-18T16:05:17.609+0000] {logging_mixin.py:151} INFO - Processed 2315070 Already! Sorry Try another
[2024-10-18T16:05:17.609+0000] {logging_mixin.py:151} INFO - Processed 2624670 Already! Sorry Try another
[2024-10-18T16:05:17.610+0000] {logging_mixin.py:151} INFO - Processed 2875110 Already! Sorry Try another
[2024-10-18T16:05:17.610+0000] {logging_mixin.py:151} INFO - Processed 2485550 Already! Sorry Try another
[2024-10-18T16:05:17.611+0000] {logging_mixin.py:151} INFO - Processed 2678080 Already! Sorry Try another
[2024-10-18T16:05:17.611+0000] {logging_mixin.py:151} INFO - Processed 2730540 Already! Sorry Try another
[2024-10-18T16:05:17.612+0000] {logging_mixin.py:151} INFO - Processed 2678640 Already! Sorry Try another
[2024-10-18T16:05:17.612+0000] {logging_mixin.py:151} INFO - Processed 3254100 Already! Sorry Try another
[2024-10-18T16:05:17.613+0000] {logging_mixin.py:151} INFO - Processed 3248450 Already! Sorry Try another
[2024-10-18T16:05:17.613+0000] {logging_mixin.py:151} INFO - Processed 1702010 Already! Sorry Try another
[2024-10-18T16:05:17.614+0000] {logging_mixin.py:151} INFO - Processed 2863340 Already! Sorry Try another
[2024-10-18T16:05:17.614+0000] {logging_mixin.py:151} INFO - Processed 2367610 Already! Sorry Try another
[2024-10-18T16:05:17.615+0000] {logging_mixin.py:151} INFO - Processed 2605790 Already! Sorry Try another
[2024-10-18T16:05:17.615+0000] {logging_mixin.py:151} INFO - Processed 3234420 Already! Sorry Try another
[2024-10-18T16:05:17.616+0000] {logging_mixin.py:151} INFO - Processed 2386720 Already! Sorry Try another
[2024-10-18T16:05:17.616+0000] {logging_mixin.py:151} INFO - Processed 238430 Already! Sorry Try another
[2024-10-18T16:05:17.617+0000] {logging_mixin.py:151} INFO - Processed 407530 Already! Sorry Try another
[2024-10-18T16:05:17.617+0000] {logging_mixin.py:151} INFO - Processed 2510960 Already! Sorry Try another
[2024-10-18T16:05:17.618+0000] {logging_mixin.py:151} INFO - Processed 2819550 Already! Sorry Try another
[2024-10-18T16:05:17.618+0000] {logging_mixin.py:151} INFO - Processed 3101950 Already! Sorry Try another
[2024-10-18T16:05:17.619+0000] {logging_mixin.py:151} INFO - Processed 1371980 Already! Sorry Try another
[2024-10-18T16:05:17.619+0000] {logging_mixin.py:151} INFO - Processed 3020620 Already! Sorry Try another
[2024-10-18T16:05:17.620+0000] {logging_mixin.py:151} INFO - Processed 1452250 Already! Sorry Try another
[2024-10-18T16:05:17.620+0000] {logging_mixin.py:151} INFO - Processed 2710980 Already! Sorry Try another
[2024-10-18T16:05:17.621+0000] {logging_mixin.py:151} INFO - Processed 3249720 Already! Sorry Try another
[2024-10-18T16:05:17.621+0000] {logging_mixin.py:151} INFO - Processed 2524700 Already! Sorry Try another
[2024-10-18T16:05:17.622+0000] {logging_mixin.py:151} INFO - Processed 2796980 Already! Sorry Try another
[2024-10-18T16:05:17.622+0000] {logging_mixin.py:151} INFO - Processed 2192020 Already! Sorry Try another
[2024-10-18T16:05:17.623+0000] {logging_mixin.py:151} INFO - Processed 512900 Already! Sorry Try another
[2024-10-18T16:05:17.623+0000] {logging_mixin.py:151} INFO - Processed 3268100 Already! Sorry Try another
[2024-10-18T16:05:17.624+0000] {logging_mixin.py:151} INFO - Processed 2686820 Already! Sorry Try another
[2024-10-18T16:05:17.624+0000] {logging_mixin.py:151} INFO - Processed 1154670 Already! Sorry Try another
[2024-10-18T16:05:17.625+0000] {logging_mixin.py:151} INFO - Processed 3071520 Already! Sorry Try another
[2024-10-18T16:05:17.625+0000] {logging_mixin.py:151} INFO - Processed 2725560 Already! Sorry Try another
[2024-10-18T16:05:17.626+0000] {logging_mixin.py:151} INFO - Processed 3261860 Already! Sorry Try another
[2024-10-18T16:05:17.626+0000] {logging_mixin.py:151} INFO - Processed 3057460 Already! Sorry Try another
[2024-10-18T16:05:17.627+0000] {logging_mixin.py:151} INFO - Processed 3199180 Already! Sorry Try another
[2024-10-18T16:05:17.627+0000] {logging_mixin.py:151} INFO - Processed 1359270 Already! Sorry Try another
[2024-10-18T16:05:17.628+0000] {logging_mixin.py:151} INFO - Fetching details for app ID: 285049...
[2024-10-18T16:05:17.965+0000] {logging_mixin.py:151} INFO - Failed to get details for app ID: 285049
[2024-10-18T16:05:17.972+0000] {logging_mixin.py:151} INFO - Dropped 279 rows due to failed or duplicate rows.
[2024-10-18T16:05:17.974+0000] {python.py:194} INFO - Done. Returned value was: None
[2024-10-18T16:05:17.987+0000] {taskinstance.py:1398} INFO - Marking task as SUCCESS. dag_id=etl_steam_pipeline, task_id=steam_extraction, execution_date=20241018T160510, start_date=20241018T160514, end_date=20241018T160517
[2024-10-18T16:05:18.032+0000] {local_task_job_runner.py:228} INFO - Task exited with return code 0
[2024-10-18T16:05:18.055+0000] {taskinstance.py:2776} INFO - 0 downstream tasks scheduled from follow-on schedule check
