[2024-11-05T15:53:16.001+0000] {taskinstance.py:1157} INFO - Dependencies all met for dep_context=non-requeueable deps ti=<TaskInstance: etl_game_pipeline.steam_load manual__2024-11-05T15:47:04.705140+00:00 [queued]>
[2024-11-05T15:53:16.010+0000] {taskinstance.py:1157} INFO - Dependencies all met for dep_context=requeueable deps ti=<TaskInstance: etl_game_pipeline.steam_load manual__2024-11-05T15:47:04.705140+00:00 [queued]>
[2024-11-05T15:53:16.010+0000] {taskinstance.py:1359} INFO - Starting attempt 1 of 2
[2024-11-05T15:53:16.023+0000] {taskinstance.py:1380} INFO - Executing <Task(PythonOperator): steam_load> on 2024-11-05 15:47:04.705140+00:00
[2024-11-05T15:53:16.028+0000] {standard_task_runner.py:57} INFO - Started process 51 to run task
[2024-11-05T15:53:16.031+0000] {standard_task_runner.py:84} INFO - Running: ['airflow', 'tasks', 'run', 'etl_game_pipeline', 'steam_load', 'manual__2024-11-05T15:47:04.705140+00:00', '--job-id', '63', '--raw', '--subdir', 'DAGS_FOLDER/game_dag.py', '--cfg-path', '/tmp/tmpven2_d7f']
[2024-11-05T15:53:16.033+0000] {standard_task_runner.py:85} INFO - Job 63: Subtask steam_load
[2024-11-05T15:53:16.074+0000] {task_command.py:415} INFO - Running <TaskInstance: etl_game_pipeline.steam_load manual__2024-11-05T15:47:04.705140+00:00 [running]> on host f6658c806f4c
[2024-11-05T15:53:16.145+0000] {taskinstance.py:1660} INFO - Exporting env vars: AIRFLOW_CTX_DAG_OWNER='Jordan Welborn' AIRFLOW_CTX_DAG_ID='etl_game_pipeline' AIRFLOW_CTX_TASK_ID='steam_load' AIRFLOW_CTX_EXECUTION_DATE='2024-11-05T15:47:04.705140+00:00' AIRFLOW_CTX_TRY_NUMBER='1' AIRFLOW_CTX_DAG_RUN_ID='manual__2024-11-05T15:47:04.705140+00:00'
[2024-11-05T15:53:17.610+0000] {_universal.py:514} INFO - Request URL: 'https://steamdata.blob.core.windows.net/steamdata/data/GameData.csv'
Request method: 'DELETE'
Request headers:
    'x-ms-version': 'REDACTED'
    'Accept': 'application/xml'
    'x-ms-date': 'REDACTED'
    'x-ms-client-request-id': '12dffc6e-9b8e-11ef-ba1e-0242ac120006'
    'User-Agent': 'azsdk-python-storage-blob/12.17.0 Python/3.9.18 (Linux-5.15.133.1-microsoft-standard-WSL2-x86_64-with-glibc2.31)'
    'Authorization': 'REDACTED'
No body was attached to the request
[2024-11-05T15:53:17.882+0000] {_universal.py:550} INFO - Response status: 202
Response headers:
    'Content-Length': '0'
    'Server': 'Windows-Azure-Blob/1.0 Microsoft-HTTPAPI/2.0'
    'x-ms-request-id': 'bf790f64-a01e-00b4-5f9a-2f29b4000000'
    'x-ms-client-request-id': '12dffc6e-9b8e-11ef-ba1e-0242ac120006'
    'x-ms-version': 'REDACTED'
    'x-ms-delete-type-permanent': 'REDACTED'
    'x-ms-deletion-id': 'REDACTED'
    'Date': 'Tue, 05 Nov 2024 15:53:16 GMT'
[2024-11-05T15:53:17.884+0000] {_universal.py:511} INFO - Request URL: 'https://steamdata.blob.core.windows.net/steamdata/data/GameData.csv?comp=REDACTED&blockid=REDACTED'
Request method: 'PUT'
Request headers:
    'Content-Length': '5250077'
    'x-ms-version': 'REDACTED'
    'Content-Type': 'application/octet-stream'
    'Accept': 'application/xml'
    'x-ms-date': 'REDACTED'
    'x-ms-client-request-id': '1309c170-9b8e-11ef-ba1e-0242ac120006'
    'User-Agent': 'azsdk-python-storage-blob/12.17.0 Python/3.9.18 (Linux-5.15.133.1-microsoft-standard-WSL2-x86_64-with-glibc2.31)'
    'Authorization': 'REDACTED'
A body is sent with the request
[2024-11-05T15:53:18.861+0000] {_universal.py:550} INFO - Response status: 201
Response headers:
    'Content-Length': '0'
    'Server': 'Windows-Azure-Blob/1.0 Microsoft-HTTPAPI/2.0'
    'x-ms-request-id': 'bf790f9d-a01e-00b4-139a-2f29b4000000'
    'x-ms-client-request-id': '1309c170-9b8e-11ef-ba1e-0242ac120006'
    'x-ms-version': 'REDACTED'
    'x-ms-content-crc64': 'REDACTED'
    'x-ms-request-server-encrypted': 'REDACTED'
    'Date': 'Tue, 05 Nov 2024 15:53:17 GMT'
[2024-11-05T15:53:19.145+0000] {_universal.py:511} INFO - Request URL: 'https://steamdata.blob.core.windows.net/steamdata/data/GameData.csv?comp=REDACTED&blockid=REDACTED'
Request method: 'PUT'
Request headers:
    'Content-Length': '5246559'
    'x-ms-version': 'REDACTED'
    'Content-Type': 'application/octet-stream'
    'Accept': 'application/xml'
    'x-ms-date': 'REDACTED'
    'x-ms-client-request-id': '13ca2ae6-9b8e-11ef-ba1e-0242ac120006'
    'User-Agent': 'azsdk-python-storage-blob/12.17.0 Python/3.9.18 (Linux-5.15.133.1-microsoft-standard-WSL2-x86_64-with-glibc2.31)'
    'Authorization': 'REDACTED'
A body is sent with the request
[2024-11-05T15:53:20.024+0000] {_universal.py:550} INFO - Response status: 201
Response headers:
    'Content-Length': '0'
    'Server': 'Windows-Azure-Blob/1.0 Microsoft-HTTPAPI/2.0'
    'x-ms-request-id': 'bf791234-a01e-00b4-7b9a-2f29b4000000'
    'x-ms-client-request-id': '13ca2ae6-9b8e-11ef-ba1e-0242ac120006'
    'x-ms-version': 'REDACTED'
    'x-ms-content-crc64': 'REDACTED'
    'x-ms-request-server-encrypted': 'REDACTED'
    'Date': 'Tue, 05 Nov 2024 15:53:18 GMT'
[2024-11-05T15:53:20.295+0000] {_universal.py:511} INFO - Request URL: 'https://steamdata.blob.core.windows.net/steamdata/data/GameData.csv?comp=REDACTED&blockid=REDACTED'
Request method: 'PUT'
Request headers:
    'Content-Length': '5249254'
    'x-ms-version': 'REDACTED'
    'Content-Type': 'application/octet-stream'
    'Accept': 'application/xml'
    'x-ms-date': 'REDACTED'
    'x-ms-client-request-id': '14799d46-9b8e-11ef-ba1e-0242ac120006'
    'User-Agent': 'azsdk-python-storage-blob/12.17.0 Python/3.9.18 (Linux-5.15.133.1-microsoft-standard-WSL2-x86_64-with-glibc2.31)'
    'Authorization': 'REDACTED'
A body is sent with the request
[2024-11-05T15:53:21.173+0000] {_universal.py:550} INFO - Response status: 201
Response headers:
    'Content-Length': '0'
    'Server': 'Windows-Azure-Blob/1.0 Microsoft-HTTPAPI/2.0'
    'x-ms-request-id': 'bf791503-a01e-00b4-1c9a-2f29b4000000'
    'x-ms-client-request-id': '14799d46-9b8e-11ef-ba1e-0242ac120006'
    'x-ms-version': 'REDACTED'
    'x-ms-content-crc64': 'REDACTED'
    'x-ms-request-server-encrypted': 'REDACTED'
    'Date': 'Tue, 05 Nov 2024 15:53:19 GMT'
[2024-11-05T15:53:21.430+0000] {_universal.py:511} INFO - Request URL: 'https://steamdata.blob.core.windows.net/steamdata/data/GameData.csv?comp=REDACTED&blockid=REDACTED'
Request method: 'PUT'
Request headers:
    'Content-Length': '5246591'
    'x-ms-version': 'REDACTED'
    'Content-Type': 'application/octet-stream'
    'Accept': 'application/xml'
    'x-ms-date': 'REDACTED'
    'x-ms-client-request-id': '1526cb38-9b8e-11ef-ba1e-0242ac120006'
    'User-Agent': 'azsdk-python-storage-blob/12.17.0 Python/3.9.18 (Linux-5.15.133.1-microsoft-standard-WSL2-x86_64-with-glibc2.31)'
    'Authorization': 'REDACTED'
A body is sent with the request
[2024-11-05T15:53:22.304+0000] {_universal.py:550} INFO - Response status: 201
Response headers:
    'Content-Length': '0'
    'Server': 'Windows-Azure-Blob/1.0 Microsoft-HTTPAPI/2.0'
    'x-ms-request-id': 'bf791795-a01e-00b4-039a-2f29b4000000'
    'x-ms-client-request-id': '1526cb38-9b8e-11ef-ba1e-0242ac120006'
    'x-ms-version': 'REDACTED'
    'x-ms-content-crc64': 'REDACTED'
    'x-ms-request-server-encrypted': 'REDACTED'
    'Date': 'Tue, 05 Nov 2024 15:53:20 GMT'
[2024-11-05T15:53:22.431+0000] {_universal.py:511} INFO - Request URL: 'https://steamdata.blob.core.windows.net/steamdata/data/GameData.csv?comp=REDACTED&blockid=REDACTED'
Request method: 'PUT'
Request headers:
    'Content-Length': '2922915'
    'x-ms-version': 'REDACTED'
    'Content-Type': 'application/octet-stream'
    'Accept': 'application/xml'
    'x-ms-date': 'REDACTED'
    'x-ms-client-request-id': '15bf9cb4-9b8e-11ef-ba1e-0242ac120006'
    'User-Agent': 'azsdk-python-storage-blob/12.17.0 Python/3.9.18 (Linux-5.15.133.1-microsoft-standard-WSL2-x86_64-with-glibc2.31)'
    'Authorization': 'REDACTED'
A body is sent with the request
[2024-11-05T15:53:23.000+0000] {_universal.py:550} INFO - Response status: 201
Response headers:
    'Content-Length': '0'
    'Server': 'Windows-Azure-Blob/1.0 Microsoft-HTTPAPI/2.0'
    'x-ms-request-id': 'bf7919bd-a01e-00b4-019a-2f29b4000000'
    'x-ms-client-request-id': '15bf9cb4-9b8e-11ef-ba1e-0242ac120006'
    'x-ms-version': 'REDACTED'
    'x-ms-content-crc64': 'REDACTED'
    'x-ms-request-server-encrypted': 'REDACTED'
    'Date': 'Tue, 05 Nov 2024 15:53:21 GMT'
[2024-11-05T15:53:23.002+0000] {_universal.py:511} INFO - Request URL: 'https://steamdata.blob.core.windows.net/steamdata/data/GameData.csv?comp=REDACTED'
Request method: 'PUT'
Request headers:
    'Content-Length': '207'
    'x-ms-meta-is_directory': 'REDACTED'
    'x-ms-version': 'REDACTED'
    'Content-Type': 'application/xml'
    'Accept': 'application/xml'
    'x-ms-date': 'REDACTED'
    'x-ms-client-request-id': '1616bf8a-9b8e-11ef-ba1e-0242ac120006'
    'User-Agent': 'azsdk-python-storage-blob/12.17.0 Python/3.9.18 (Linux-5.15.133.1-microsoft-standard-WSL2-x86_64-with-glibc2.31)'
    'Authorization': 'REDACTED'
A body is sent with the request
[2024-11-05T15:53:23.077+0000] {_universal.py:550} INFO - Response status: 201
Response headers:
    'Content-Length': '0'
    'Last-Modified': 'Tue, 05 Nov 2024 15:53:22 GMT'
    'Etag': '"0x8DCFDB1F9DD9158"'
    'Server': 'Windows-Azure-Blob/1.0 Microsoft-HTTPAPI/2.0'
    'x-ms-request-id': 'bf791b2f-a01e-00b4-569a-2f29b4000000'
    'x-ms-client-request-id': '1616bf8a-9b8e-11ef-ba1e-0242ac120006'
    'x-ms-version': 'REDACTED'
    'x-ms-content-crc64': 'REDACTED'
    'x-ms-request-server-encrypted': 'REDACTED'
    'Date': 'Tue, 05 Nov 2024 15:53:21 GMT'
[2024-11-05T15:53:23.082+0000] {_universal.py:514} INFO - Request URL: 'https://steamdata.blob.core.windows.net/steamdata/data/PlatformData.csv'
Request method: 'DELETE'
Request headers:
    'x-ms-version': 'REDACTED'
    'Accept': 'application/xml'
    'x-ms-date': 'REDACTED'
    'x-ms-client-request-id': '1622e756-9b8e-11ef-ba1e-0242ac120006'
    'User-Agent': 'azsdk-python-storage-blob/12.17.0 Python/3.9.18 (Linux-5.15.133.1-microsoft-standard-WSL2-x86_64-with-glibc2.31)'
    'Authorization': 'REDACTED'
No body was attached to the request
[2024-11-05T15:53:23.148+0000] {_universal.py:550} INFO - Response status: 202
Response headers:
    'Content-Length': '0'
    'Server': 'Windows-Azure-Blob/1.0 Microsoft-HTTPAPI/2.0'
    'x-ms-request-id': 'bf791b4f-a01e-00b4-769a-2f29b4000000'
    'x-ms-client-request-id': '1622e756-9b8e-11ef-ba1e-0242ac120006'
    'x-ms-version': 'REDACTED'
    'x-ms-delete-type-permanent': 'REDACTED'
    'x-ms-deletion-id': 'REDACTED'
    'Date': 'Tue, 05 Nov 2024 15:53:21 GMT'
[2024-11-05T15:53:23.150+0000] {_universal.py:511} INFO - Request URL: 'https://steamdata.blob.core.windows.net/steamdata/data/PlatformData.csv?comp=REDACTED&blockid=REDACTED'
Request method: 'PUT'
Request headers:
    'Content-Length': '4528'
    'x-ms-version': 'REDACTED'
    'Content-Type': 'application/octet-stream'
    'Accept': 'application/xml'
    'x-ms-date': 'REDACTED'
    'x-ms-client-request-id': '162d3a80-9b8e-11ef-ba1e-0242ac120006'
    'User-Agent': 'azsdk-python-storage-blob/12.17.0 Python/3.9.18 (Linux-5.15.133.1-microsoft-standard-WSL2-x86_64-with-glibc2.31)'
    'Authorization': 'REDACTED'
A body is sent with the request
[2024-11-05T15:53:23.200+0000] {_universal.py:550} INFO - Response status: 201
Response headers:
    'Content-Length': '0'
    'Server': 'Windows-Azure-Blob/1.0 Microsoft-HTTPAPI/2.0'
    'x-ms-request-id': 'bf791b7a-a01e-00b4-1e9a-2f29b4000000'
    'x-ms-client-request-id': '162d3a80-9b8e-11ef-ba1e-0242ac120006'
    'x-ms-version': 'REDACTED'
    'x-ms-content-crc64': 'REDACTED'
    'x-ms-request-server-encrypted': 'REDACTED'
    'Date': 'Tue, 05 Nov 2024 15:53:21 GMT'
[2024-11-05T15:53:23.202+0000] {_universal.py:511} INFO - Request URL: 'https://steamdata.blob.core.windows.net/steamdata/data/PlatformData.csv?comp=REDACTED'
Request method: 'PUT'
Request headers:
    'Content-Length': '91'
    'x-ms-meta-is_directory': 'REDACTED'
    'x-ms-version': 'REDACTED'
    'Content-Type': 'application/xml'
    'Accept': 'application/xml'
    'x-ms-date': 'REDACTED'
    'x-ms-client-request-id': '16354090-9b8e-11ef-ba1e-0242ac120006'
    'User-Agent': 'azsdk-python-storage-blob/12.17.0 Python/3.9.18 (Linux-5.15.133.1-microsoft-standard-WSL2-x86_64-with-glibc2.31)'
    'Authorization': 'REDACTED'
A body is sent with the request
[2024-11-05T15:53:23.266+0000] {_universal.py:550} INFO - Response status: 201
Response headers:
    'Content-Length': '0'
    'Last-Modified': 'Tue, 05 Nov 2024 15:53:22 GMT'
    'Etag': '"0x8DCFDB1F9F907F4"'
    'Server': 'Windows-Azure-Blob/1.0 Microsoft-HTTPAPI/2.0'
    'x-ms-request-id': 'bf791b90-a01e-00b4-319a-2f29b4000000'
    'x-ms-client-request-id': '16354090-9b8e-11ef-ba1e-0242ac120006'
    'x-ms-version': 'REDACTED'
    'x-ms-content-crc64': 'REDACTED'
    'x-ms-request-server-encrypted': 'REDACTED'
    'Date': 'Tue, 05 Nov 2024 15:53:21 GMT'
[2024-11-05T15:53:23.270+0000] {_universal.py:514} INFO - Request URL: 'https://steamdata.blob.core.windows.net/steamdata/data/ThemeData.csv'
Request method: 'DELETE'
Request headers:
    'x-ms-version': 'REDACTED'
    'Accept': 'application/xml'
    'x-ms-date': 'REDACTED'
    'x-ms-client-request-id': '163f923e-9b8e-11ef-ba1e-0242ac120006'
    'User-Agent': 'azsdk-python-storage-blob/12.17.0 Python/3.9.18 (Linux-5.15.133.1-microsoft-standard-WSL2-x86_64-with-glibc2.31)'
    'Authorization': 'REDACTED'
No body was attached to the request
[2024-11-05T15:53:23.342+0000] {_universal.py:550} INFO - Response status: 202
Response headers:
    'Content-Length': '0'
    'Server': 'Windows-Azure-Blob/1.0 Microsoft-HTTPAPI/2.0'
    'x-ms-request-id': 'bf791bbf-a01e-00b4-569a-2f29b4000000'
    'x-ms-client-request-id': '163f923e-9b8e-11ef-ba1e-0242ac120006'
    'x-ms-version': 'REDACTED'
    'x-ms-delete-type-permanent': 'REDACTED'
    'x-ms-deletion-id': 'REDACTED'
    'Date': 'Tue, 05 Nov 2024 15:53:21 GMT'
[2024-11-05T15:53:23.344+0000] {_universal.py:511} INFO - Request URL: 'https://steamdata.blob.core.windows.net/steamdata/data/ThemeData.csv?comp=REDACTED&blockid=REDACTED'
Request method: 'PUT'
Request headers:
    'Content-Length': '371'
    'x-ms-version': 'REDACTED'
    'Content-Type': 'application/octet-stream'
    'Accept': 'application/xml'
    'x-ms-date': 'REDACTED'
    'x-ms-client-request-id': '164ae06c-9b8e-11ef-ba1e-0242ac120006'
    'User-Agent': 'azsdk-python-storage-blob/12.17.0 Python/3.9.18 (Linux-5.15.133.1-microsoft-standard-WSL2-x86_64-with-glibc2.31)'
    'Authorization': 'REDACTED'
A body is sent with the request
[2024-11-05T15:53:23.388+0000] {_universal.py:550} INFO - Response status: 201
Response headers:
    'Content-Length': '0'
    'Server': 'Windows-Azure-Blob/1.0 Microsoft-HTTPAPI/2.0'
    'x-ms-request-id': 'bf791be3-a01e-00b4-779a-2f29b4000000'
    'x-ms-client-request-id': '164ae06c-9b8e-11ef-ba1e-0242ac120006'
    'x-ms-version': 'REDACTED'
    'x-ms-content-crc64': 'REDACTED'
    'x-ms-request-server-encrypted': 'REDACTED'
    'Date': 'Tue, 05 Nov 2024 15:53:21 GMT'
[2024-11-05T15:53:23.390+0000] {_universal.py:511} INFO - Request URL: 'https://steamdata.blob.core.windows.net/steamdata/data/ThemeData.csv?comp=REDACTED'
Request method: 'PUT'
Request headers:
    'Content-Length': '91'
    'x-ms-meta-is_directory': 'REDACTED'
    'x-ms-version': 'REDACTED'
    'Content-Type': 'application/xml'
    'Accept': 'application/xml'
    'x-ms-date': 'REDACTED'
    'x-ms-client-request-id': '1651d48a-9b8e-11ef-ba1e-0242ac120006'
    'User-Agent': 'azsdk-python-storage-blob/12.17.0 Python/3.9.18 (Linux-5.15.133.1-microsoft-standard-WSL2-x86_64-with-glibc2.31)'
    'Authorization': 'REDACTED'
A body is sent with the request
[2024-11-05T15:53:23.191+0000] {_universal.py:550} INFO - Response status: 201
Response headers:
    'Content-Length': '0'
    'Last-Modified': 'Tue, 05 Nov 2024 15:53:22 GMT'
    'Etag': '"0x8DCFDB1FA141FB4"'
    'Server': 'Windows-Azure-Blob/1.0 Microsoft-HTTPAPI/2.0'
    'x-ms-request-id': 'bf791bfa-a01e-00b4-0c9a-2f29b4000000'
    'x-ms-client-request-id': '1651d48a-9b8e-11ef-ba1e-0242ac120006'
    'x-ms-version': 'REDACTED'
    'x-ms-content-crc64': 'REDACTED'
    'x-ms-request-server-encrypted': 'REDACTED'
    'Date': 'Tue, 05 Nov 2024 15:53:21 GMT'
[2024-11-05T15:53:23.278+0000] {_universal.py:514} INFO - Request URL: 'https://steamdata.blob.core.windows.net/steamdata/data/CompanyData.csv'
Request method: 'DELETE'
Request headers:
    'x-ms-version': 'REDACTED'
    'Accept': 'application/xml'
    'x-ms-date': 'REDACTED'
    'x-ms-client-request-id': '1640de64-9b8e-11ef-ba1f-0242ac120006'
    'User-Agent': 'azsdk-python-storage-blob/12.17.0 Python/3.9.18 (Linux-5.15.133.1-microsoft-standard-WSL2-x86_64-with-glibc2.31)'
    'Authorization': 'REDACTED'
No body was attached to the request
[2024-11-05T15:53:22.819+0000] {_universal.py:550} INFO - Response status: 202
Response headers:
    'Content-Length': '0'
    'Server': 'Windows-Azure-Blob/1.0 Microsoft-HTTPAPI/2.0'
    'x-ms-request-id': 'bf791c36-a01e-00b4-429a-2f29b4000000'
    'x-ms-client-request-id': '1640de64-9b8e-11ef-ba1f-0242ac120006'
    'x-ms-version': 'REDACTED'
    'x-ms-delete-type-permanent': 'REDACTED'
    'x-ms-deletion-id': 'REDACTED'
    'Date': 'Tue, 05 Nov 2024 15:53:21 GMT'
[2024-11-05T15:53:22.821+0000] {_universal.py:511} INFO - Request URL: 'https://steamdata.blob.core.windows.net/steamdata/data/CompanyData.csv?comp=REDACTED&blockid=REDACTED'
Request method: 'PUT'
Request headers:
    'Content-Length': '1478377'
    'x-ms-version': 'REDACTED'
    'Content-Type': 'application/octet-stream'
    'Accept': 'application/xml'
    'x-ms-date': 'REDACTED'
    'x-ms-client-request-id': '15fb0538-9b8e-11ef-ba20-0242ac120006'
    'User-Agent': 'azsdk-python-storage-blob/12.17.0 Python/3.9.18 (Linux-5.15.133.1-microsoft-standard-WSL2-x86_64-with-glibc2.31)'
    'Authorization': 'REDACTED'
A body is sent with the request
[2024-11-05T15:53:23.121+0000] {_universal.py:550} INFO - Response status: 201
Response headers:
    'Content-Length': '0'
    'Server': 'Windows-Azure-Blob/1.0 Microsoft-HTTPAPI/2.0'
    'x-ms-request-id': 'bf791c56-a01e-00b4-5c9a-2f29b4000000'
    'x-ms-client-request-id': '15fb0538-9b8e-11ef-ba20-0242ac120006'
    'x-ms-version': 'REDACTED'
    'x-ms-content-crc64': 'REDACTED'
    'x-ms-request-server-encrypted': 'REDACTED'
    'Date': 'Tue, 05 Nov 2024 15:53:22 GMT'
[2024-11-05T15:53:23.122+0000] {_universal.py:511} INFO - Request URL: 'https://steamdata.blob.core.windows.net/steamdata/data/CompanyData.csv?comp=REDACTED'
Request method: 'PUT'
Request headers:
    'Content-Length': '91'
    'x-ms-meta-is_directory': 'REDACTED'
    'x-ms-version': 'REDACTED'
    'Content-Type': 'application/xml'
    'Accept': 'application/xml'
    'x-ms-date': 'REDACTED'
    'x-ms-client-request-id': '16291252-9b8e-11ef-ba20-0242ac120006'
    'User-Agent': 'azsdk-python-storage-blob/12.17.0 Python/3.9.18 (Linux-5.15.133.1-microsoft-standard-WSL2-x86_64-with-glibc2.31)'
    'Authorization': 'REDACTED'
A body is sent with the request
[2024-11-05T15:53:23.198+0000] {_universal.py:550} INFO - Response status: 201
Response headers:
    'Content-Length': '0'
    'Last-Modified': 'Tue, 05 Nov 2024 15:53:23 GMT'
    'Etag': '"0x8DCFDB1FA6392FC"'
    'Server': 'Windows-Azure-Blob/1.0 Microsoft-HTTPAPI/2.0'
    'x-ms-request-id': 'bf791cd5-a01e-00b4-4e9a-2f29b4000000'
    'x-ms-client-request-id': '16291252-9b8e-11ef-ba20-0242ac120006'
    'x-ms-version': 'REDACTED'
    'x-ms-content-crc64': 'REDACTED'
    'x-ms-request-server-encrypted': 'REDACTED'
    'Date': 'Tue, 05 Nov 2024 15:53:22 GMT'
[2024-11-05T15:53:23.213+0000] {python.py:194} INFO - Done. Returned value was: None
[2024-11-05T15:53:23.221+0000] {taskinstance.py:1398} INFO - Marking task as SUCCESS. dag_id=etl_game_pipeline, task_id=steam_load, execution_date=20241105T154704, start_date=20241105T155316, end_date=20241105T155323
[2024-11-05T15:53:23.256+0000] {local_task_job_runner.py:228} INFO - Task exited with return code 0
[2024-11-05T15:53:23.268+0000] {taskinstance.py:2776} INFO - 0 downstream tasks scheduled from follow-on schedule check
