[2024-10-21T03:11:47.723+0000] {taskinstance.py:1157} INFO - Dependencies all met for dep_context=non-requeueable deps ti=<TaskInstance: etl_steam_pipeline.steam_extraction scheduled__2024-10-20T00:00:00+00:00 [queued]>
[2024-10-21T03:11:47.732+0000] {taskinstance.py:1157} INFO - Dependencies all met for dep_context=requeueable deps ti=<TaskInstance: etl_steam_pipeline.steam_extraction scheduled__2024-10-20T00:00:00+00:00 [queued]>
[2024-10-21T03:11:47.733+0000] {taskinstance.py:1359} INFO - Starting attempt 1 of 2
[2024-10-21T03:11:47.987+0000] {taskinstance.py:1380} INFO - Executing <Task(PythonOperator): steam_extraction> on 2024-10-20 00:00:00+00:00
[2024-10-21T03:11:47.994+0000] {standard_task_runner.py:57} INFO - Started process 54 to run task
[2024-10-21T03:11:47.997+0000] {standard_task_runner.py:84} INFO - Running: ['airflow', 'tasks', 'run', 'etl_steam_pipeline', 'steam_extraction', 'scheduled__2024-10-20T00:00:00+00:00', '--job-id', '27', '--raw', '--subdir', 'DAGS_FOLDER/steam_dag.py', '--cfg-path', '/tmp/tmpgna93skj']
[2024-10-21T03:11:48.005+0000] {standard_task_runner.py:85} INFO - Job 27: Subtask steam_extraction
[2024-10-21T03:11:48.121+0000] {task_command.py:415} INFO - Running <TaskInstance: etl_steam_pipeline.steam_extraction scheduled__2024-10-20T00:00:00+00:00 [running]> on host d4a598273488
[2024-10-21T03:11:48.228+0000] {taskinstance.py:1660} INFO - Exporting env vars: AIRFLOW_CTX_DAG_OWNER='Jordan Welborn' AIRFLOW_CTX_DAG_ID='etl_steam_pipeline' AIRFLOW_CTX_TASK_ID='steam_extraction' AIRFLOW_CTX_EXECUTION_DATE='2024-10-20T00:00:00+00:00' AIRFLOW_CTX_TRY_NUMBER='1' AIRFLOW_CTX_DAG_RUN_ID='scheduled__2024-10-20T00:00:00+00:00'
[2024-10-21T03:11:48.232+0000] {logging_mixin.py:151} INFO - Processed 2129810 Already! Sorry Try another
[2024-10-21T03:11:48.233+0000] {logging_mixin.py:151} INFO - Processed 2335800 Already! Sorry Try another
[2024-10-21T03:11:48.234+0000] {logging_mixin.py:151} INFO - Processed 986010 Already! Sorry Try another
[2024-10-21T03:11:48.235+0000] {logging_mixin.py:151} INFO - Processed 2097170 Already! Sorry Try another
[2024-10-21T03:11:48.236+0000] {logging_mixin.py:151} INFO - Processed 3155230 Already! Sorry Try another
[2024-10-21T03:11:48.237+0000] {logging_mixin.py:151} INFO - Processed 3213430 Already! Sorry Try another
[2024-10-21T03:11:48.237+0000] {logging_mixin.py:151} INFO - Processed 3282810 Already! Sorry Try another
[2024-10-21T03:11:48.238+0000] {logging_mixin.py:151} INFO - Processed 585420 Already! Sorry Try another
[2024-10-21T03:11:48.239+0000] {logging_mixin.py:151} INFO - Processed 1948280 Already! Sorry Try another
[2024-10-21T03:11:48.240+0000] {logging_mixin.py:151} INFO - Processed 3231920 Already! Sorry Try another
[2024-10-21T03:11:48.241+0000] {logging_mixin.py:151} INFO - Processed 1116170 Already! Sorry Try another
[2024-10-21T03:11:48.242+0000] {logging_mixin.py:151} INFO - Processed 3045050 Already! Sorry Try another
[2024-10-21T03:11:48.242+0000] {logging_mixin.py:151} INFO - Processed 2255370 Already! Sorry Try another
[2024-10-21T03:11:48.243+0000] {logging_mixin.py:151} INFO - Processed 941460 Already! Sorry Try another
[2024-10-21T03:11:48.244+0000] {logging_mixin.py:151} INFO - Processed 1520470 Already! Sorry Try another
[2024-10-21T03:11:48.244+0000] {logging_mixin.py:151} INFO - Processed 553780 Already! Sorry Try another
[2024-10-21T03:11:48.245+0000] {logging_mixin.py:151} INFO - Processed 308600 Already! Sorry Try another
[2024-10-21T03:11:48.246+0000] {logging_mixin.py:151} INFO - Processed 1459630 Already! Sorry Try another
[2024-10-21T03:11:48.247+0000] {logging_mixin.py:151} INFO - Processed 2319940 Already! Sorry Try another
[2024-10-21T03:11:48.247+0000] {logging_mixin.py:151} INFO - Processed 2139460 Already! Sorry Try another
[2024-10-21T03:11:48.248+0000] {logging_mixin.py:151} INFO - Processed 2334700 Already! Sorry Try another
[2024-10-21T03:11:48.249+0000] {logging_mixin.py:151} INFO - Processed 2399420 Already! Sorry Try another
[2024-10-21T03:11:48.250+0000] {logging_mixin.py:151} INFO - Processed 2999030 Already! Sorry Try another
[2024-10-21T03:11:48.251+0000] {logging_mixin.py:151} INFO - Fetching details for app ID: 258550...
[2024-10-21T03:11:48.825+0000] {logging_mixin.py:151} INFO - Failed to get details for app ID: 258550
[2024-10-21T03:11:48.827+0000] {logging_mixin.py:151} INFO - Processed 1851350 Already! Sorry Try another
[2024-10-21T03:11:48.829+0000] {logging_mixin.py:151} INFO - Processed 3018090 Already! Sorry Try another
[2024-10-21T03:11:48.830+0000] {logging_mixin.py:151} INFO - Processed 3271040 Already! Sorry Try another
[2024-10-21T03:11:48.831+0000] {logging_mixin.py:151} INFO - Processed 2266650 Already! Sorry Try another
[2024-10-21T03:11:48.832+0000] {logging_mixin.py:151} INFO - Processed 3198990 Already! Sorry Try another
[2024-10-21T03:11:48.833+0000] {logging_mixin.py:151} INFO - Processed 2082570 Already! Sorry Try another
[2024-10-21T03:11:48.835+0000] {logging_mixin.py:151} INFO - Fetching details for app ID: 1892930...
[2024-10-21T03:11:49.181+0000] {logging_mixin.py:151} INFO - Failed to get details for app ID: 1892930
[2024-10-21T03:11:49.183+0000] {logging_mixin.py:151} INFO - Processed 3277500 Already! Sorry Try another
[2024-10-21T03:11:49.184+0000] {logging_mixin.py:151} INFO - Processed 3061690 Already! Sorry Try another
[2024-10-21T03:11:49.185+0000] {logging_mixin.py:151} INFO - Processed 322330 Already! Sorry Try another
[2024-10-21T03:11:49.186+0000] {logging_mixin.py:151} INFO - Fetching details for app ID: 3199170...
[2024-10-21T03:11:49.586+0000] {logging_mixin.py:151} INFO - Failed to get details for app ID: 3199170
[2024-10-21T03:11:49.587+0000] {logging_mixin.py:151} INFO - Processed 1273100 Already! Sorry Try another
[2024-10-21T03:11:49.589+0000] {logging_mixin.py:151} INFO - Processed 3190970 Already! Sorry Try another
[2024-10-21T03:11:49.590+0000] {logging_mixin.py:151} INFO - Processed 1771300 Already! Sorry Try another
[2024-10-21T03:11:49.591+0000] {logging_mixin.py:151} INFO - Processed 2902720 Already! Sorry Try another
[2024-10-21T03:11:49.591+0000] {logging_mixin.py:151} INFO - Processed 1138640 Already! Sorry Try another
[2024-10-21T03:11:49.593+0000] {logging_mixin.py:151} INFO - Processed 2400840 Already! Sorry Try another
[2024-10-21T03:11:49.593+0000] {logging_mixin.py:151} INFO - Processed 1208170 Already! Sorry Try another
[2024-10-21T03:11:49.595+0000] {logging_mixin.py:151} INFO - Processed 2990080 Already! Sorry Try another
[2024-10-21T03:11:49.595+0000] {logging_mixin.py:151} INFO - Processed 2980550 Already! Sorry Try another
[2024-10-21T03:11:49.597+0000] {logging_mixin.py:151} INFO - Processed 2000890 Already! Sorry Try another
[2024-10-21T03:11:49.598+0000] {logging_mixin.py:151} INFO - Processed 2587840 Already! Sorry Try another
[2024-10-21T03:11:49.599+0000] {logging_mixin.py:151} INFO - Processed 2052040 Already! Sorry Try another
[2024-10-21T03:11:49.600+0000] {logging_mixin.py:151} INFO - Processed 3270630 Already! Sorry Try another
[2024-10-21T03:11:49.601+0000] {logging_mixin.py:151} INFO - Processed 3180930 Already! Sorry Try another
[2024-10-21T03:11:49.602+0000] {logging_mixin.py:151} INFO - Processed 949230 Already! Sorry Try another
[2024-10-21T03:11:49.603+0000] {logging_mixin.py:151} INFO - Processed 1128860 Already! Sorry Try another
[2024-10-21T03:11:49.603+0000] {logging_mixin.py:151} INFO - Processed 1428090 Already! Sorry Try another
[2024-10-21T03:11:49.604+0000] {logging_mixin.py:151} INFO - Processed 108600 Already! Sorry Try another
[2024-10-21T03:11:49.605+0000] {logging_mixin.py:151} INFO - Processed 1999520 Already! Sorry Try another
[2024-10-21T03:11:49.606+0000] {logging_mixin.py:151} INFO - Processed 3186690 Already! Sorry Try another
[2024-10-21T03:11:49.607+0000] {logging_mixin.py:151} INFO - Processed 1121560 Already! Sorry Try another
[2024-10-21T03:11:49.607+0000] {logging_mixin.py:151} INFO - Processed 1127660 Already! Sorry Try another
[2024-10-21T03:11:49.608+0000] {logging_mixin.py:151} INFO - Processed 1185810 Already! Sorry Try another
[2024-10-21T03:11:49.609+0000] {logging_mixin.py:151} INFO - Processed 1325730 Already! Sorry Try another
[2024-10-21T03:11:49.611+0000] {logging_mixin.py:151} INFO - Processed 1503170 Already! Sorry Try another
[2024-10-21T03:11:49.612+0000] {logging_mixin.py:151} INFO - Processed 1645220 Already! Sorry Try another
[2024-10-21T03:11:49.613+0000] {logging_mixin.py:151} INFO - Processed 1790600 Already! Sorry Try another
[2024-10-21T03:11:49.614+0000] {logging_mixin.py:151} INFO - Processed 1800860 Already! Sorry Try another
[2024-10-21T03:11:49.615+0000] {logging_mixin.py:151} INFO - Processed 1803450 Already! Sorry Try another
[2024-10-21T03:11:49.616+0000] {logging_mixin.py:151} INFO - Processed 1818450 Already! Sorry Try another
[2024-10-21T03:11:49.617+0000] {logging_mixin.py:151} INFO - Processed 1962700 Already! Sorry Try another
[2024-10-21T03:11:49.618+0000] {logging_mixin.py:151} INFO - Processed 1969650 Already! Sorry Try another
[2024-10-21T03:11:49.619+0000] {logging_mixin.py:151} INFO - Processed 1997470 Already! Sorry Try another
[2024-10-21T03:11:49.622+0000] {logging_mixin.py:151} INFO - Processed 2088250 Already! Sorry Try another
[2024-10-21T03:11:49.623+0000] {logging_mixin.py:151} INFO - Processed 2103140 Already! Sorry Try another
[2024-10-21T03:11:49.624+0000] {logging_mixin.py:151} INFO - Processed 2287960 Already! Sorry Try another
[2024-10-21T03:11:49.625+0000] {logging_mixin.py:151} INFO - Processed 2407270 Already! Sorry Try another
[2024-10-21T03:11:49.626+0000] {logging_mixin.py:151} INFO - Processed 2420660 Already! Sorry Try another
[2024-10-21T03:11:49.627+0000] {logging_mixin.py:151} INFO - Processed 2421350 Already! Sorry Try another
[2024-10-21T03:11:49.628+0000] {logging_mixin.py:151} INFO - Processed 2543180 Already! Sorry Try another
[2024-10-21T03:11:49.628+0000] {logging_mixin.py:151} INFO - Processed 2585830 Already! Sorry Try another
[2024-10-21T03:11:49.629+0000] {logging_mixin.py:151} INFO - Processed 2622000 Already! Sorry Try another
[2024-10-21T03:11:49.630+0000] {logging_mixin.py:151} INFO - Processed 2708950 Already! Sorry Try another
[2024-10-21T03:11:49.631+0000] {logging_mixin.py:151} INFO - Processed 3103040 Already! Sorry Try another
[2024-10-21T03:11:49.632+0000] {logging_mixin.py:151} INFO - Processed 3123410 Already! Sorry Try another
[2024-10-21T03:11:49.633+0000] {logging_mixin.py:151} INFO - Processed 3180170 Already! Sorry Try another
[2024-10-21T03:11:49.634+0000] {logging_mixin.py:151} INFO - Processed 3226570 Already! Sorry Try another
[2024-10-21T03:11:49.635+0000] {logging_mixin.py:151} INFO - Processed 3235910 Already! Sorry Try another
[2024-10-21T03:11:49.636+0000] {logging_mixin.py:151} INFO - Processed 3256070 Already! Sorry Try another
[2024-10-21T03:11:49.637+0000] {logging_mixin.py:151} INFO - Processed 3271530 Already! Sorry Try another
[2024-10-21T03:11:49.638+0000] {logging_mixin.py:151} INFO - Processed 1049320 Already! Sorry Try another
[2024-10-21T03:11:49.639+0000] {logging_mixin.py:151} INFO - Processed 499180 Already! Sorry Try another
[2024-10-21T03:11:49.640+0000] {logging_mixin.py:151} INFO - Processed 581320 Already! Sorry Try another
[2024-10-21T03:11:49.641+0000] {logging_mixin.py:151} INFO - Processed 787480 Already! Sorry Try another
[2024-10-21T03:11:49.642+0000] {logging_mixin.py:151} INFO - Processed 991270 Already! Sorry Try another
[2024-10-21T03:11:49.643+0000] {logging_mixin.py:151} INFO - Processed 1254320 Already! Sorry Try another
[2024-10-21T03:11:49.644+0000] {logging_mixin.py:151} INFO - Processed 2654540 Already! Sorry Try another
[2024-10-21T03:11:49.644+0000] {logging_mixin.py:151} INFO - Processed 3027940 Already! Sorry Try another
[2024-10-21T03:11:49.645+0000] {logging_mixin.py:151} INFO - Processed 3037030 Already! Sorry Try another
[2024-10-21T03:11:49.646+0000] {logging_mixin.py:151} INFO - Processed 3054770 Already! Sorry Try another
[2024-10-21T03:11:49.647+0000] {logging_mixin.py:151} INFO - Processed 3059840 Already! Sorry Try another
[2024-10-21T03:11:49.648+0000] {logging_mixin.py:151} INFO - Processed 3060080 Already! Sorry Try another
[2024-10-21T03:11:49.649+0000] {logging_mixin.py:151} INFO - Processed 3101770 Already! Sorry Try another
[2024-10-21T03:11:49.651+0000] {logging_mixin.py:151} INFO - Processed 3137120 Already! Sorry Try another
[2024-10-21T03:11:49.651+0000] {logging_mixin.py:151} INFO - Processed 3138330 Already! Sorry Try another
[2024-10-21T03:11:49.652+0000] {logging_mixin.py:151} INFO - Processed 3142540 Already! Sorry Try another
[2024-10-21T03:11:49.653+0000] {logging_mixin.py:151} INFO - Processed 3163250 Already! Sorry Try another
[2024-10-21T03:11:49.654+0000] {logging_mixin.py:151} INFO - Processed 3169100 Already! Sorry Try another
[2024-10-21T03:11:49.655+0000] {logging_mixin.py:151} INFO - Processed 3170420 Already! Sorry Try another
[2024-10-21T03:11:49.656+0000] {logging_mixin.py:151} INFO - Processed 3170430 Already! Sorry Try another
[2024-10-21T03:11:49.657+0000] {logging_mixin.py:151} INFO - Processed 3206520 Already! Sorry Try another
[2024-10-21T03:11:49.658+0000] {logging_mixin.py:151} INFO - Processed 3027620 Already! Sorry Try another
[2024-10-21T03:11:49.659+0000] {logging_mixin.py:151} INFO - Processed 2633080 Already! Sorry Try another
[2024-10-21T03:11:49.660+0000] {logging_mixin.py:151} INFO - Processed 1816140 Already! Sorry Try another
[2024-10-21T03:11:49.661+0000] {logging_mixin.py:151} INFO - Processed 3141870 Already! Sorry Try another
[2024-10-21T03:11:49.662+0000] {logging_mixin.py:151} INFO - Processed 1108740 Already! Sorry Try another
[2024-10-21T03:11:49.662+0000] {logging_mixin.py:151} INFO - Processed 1135960 Already! Sorry Try another
[2024-10-21T03:11:49.663+0000] {logging_mixin.py:151} INFO - Processed 1339340 Already! Sorry Try another
[2024-10-21T03:11:49.664+0000] {logging_mixin.py:151} INFO - Processed 3108720 Already! Sorry Try another
[2024-10-21T03:11:49.665+0000] {logging_mixin.py:151} INFO - Processed 3261060 Already! Sorry Try another
[2024-10-21T03:11:49.666+0000] {logging_mixin.py:151} INFO - Processed 792200 Already! Sorry Try another
[2024-10-21T03:11:49.667+0000] {logging_mixin.py:151} INFO - Processed 809090 Already! Sorry Try another
[2024-10-21T03:11:49.668+0000] {logging_mixin.py:151} INFO - Processed 874450 Already! Sorry Try another
[2024-10-21T03:11:49.669+0000] {logging_mixin.py:151} INFO - Processed 972200 Already! Sorry Try another
[2024-10-21T03:11:49.669+0000] {logging_mixin.py:151} INFO - Processed 3288690 Already! Sorry Try another
[2024-10-21T03:11:49.670+0000] {logging_mixin.py:151} INFO - Processed 2307350 Already! Sorry Try another
[2024-10-21T03:11:49.671+0000] {logging_mixin.py:151} INFO - Processed 3192760 Already! Sorry Try another
[2024-10-21T03:11:49.672+0000] {logging_mixin.py:151} INFO - Processed 451340 Already! Sorry Try another
[2024-10-21T03:11:49.673+0000] {logging_mixin.py:151} INFO - Processed 3187730 Already! Sorry Try another
[2024-10-21T03:11:49.673+0000] {logging_mixin.py:151} INFO - Processed 3088430 Already! Sorry Try another
[2024-10-21T03:11:49.674+0000] {logging_mixin.py:151} INFO - Processed 218230 Already! Sorry Try another
[2024-10-21T03:11:49.675+0000] {logging_mixin.py:151} INFO - Processed 294770 Already! Sorry Try another
[2024-10-21T03:11:49.676+0000] {logging_mixin.py:151} INFO - Processed 39660 Already! Sorry Try another
[2024-10-21T03:11:49.677+0000] {logging_mixin.py:151} INFO - Fetching details for app ID: 774941...
[2024-10-21T03:11:50.034+0000] {logging_mixin.py:151} INFO - Failed to get details for app ID: 774941
[2024-10-21T03:11:50.036+0000] {logging_mixin.py:151} INFO - Processed 589290 Already! Sorry Try another
[2024-10-21T03:11:50.038+0000] {logging_mixin.py:151} INFO - Processed 2543510 Already! Sorry Try another
[2024-10-21T03:11:50.039+0000] {logging_mixin.py:151} INFO - Processed 3263740 Already! Sorry Try another
[2024-10-21T03:11:50.040+0000] {logging_mixin.py:151} INFO - Processed 1116390 Already! Sorry Try another
[2024-10-21T03:11:50.041+0000] {logging_mixin.py:151} INFO - Processed 1200770 Already! Sorry Try another
[2024-10-21T03:11:50.042+0000] {logging_mixin.py:151} INFO - Fetching details for app ID: 1326030...
[2024-10-21T03:11:50.388+0000] {logging_mixin.py:151} INFO - Failed to get details for app ID: 1326030
[2024-10-21T03:11:50.390+0000] {logging_mixin.py:151} INFO - Processed 1603640 Already! Sorry Try another
[2024-10-21T03:11:50.391+0000] {logging_mixin.py:151} INFO - Fetching details for app ID: 2051010...
[2024-10-21T03:11:50.722+0000] {logging_mixin.py:151} INFO - Failed to get details for app ID: 2051010
[2024-10-21T03:11:50.724+0000] {logging_mixin.py:151} INFO - Processed 2108330 Already! Sorry Try another
[2024-10-21T03:11:50.725+0000] {logging_mixin.py:151} INFO - Processed 2116120 Already! Sorry Try another
[2024-10-21T03:11:50.726+0000] {logging_mixin.py:151} INFO - Processed 2184350 Already! Sorry Try another
[2024-10-21T03:11:50.727+0000] {logging_mixin.py:151} INFO - Processed 2305760 Already! Sorry Try another
[2024-10-21T03:11:50.728+0000] {logging_mixin.py:151} INFO - Processed 2395260 Already! Sorry Try another
[2024-10-21T03:11:50.729+0000] {logging_mixin.py:151} INFO - Processed 2500160 Already! Sorry Try another
[2024-10-21T03:11:50.730+0000] {logging_mixin.py:151} INFO - Processed 2529080 Already! Sorry Try another
[2024-10-21T03:11:50.730+0000] {logging_mixin.py:151} INFO - Processed 2570210 Already! Sorry Try another
[2024-10-21T03:11:50.731+0000] {logging_mixin.py:151} INFO - Processed 2576020 Already! Sorry Try another
[2024-10-21T03:11:50.732+0000] {logging_mixin.py:151} INFO - Processed 2582560 Already! Sorry Try another
[2024-10-21T03:11:50.733+0000] {logging_mixin.py:151} INFO - Processed 2716120 Already! Sorry Try another
[2024-10-21T03:11:50.734+0000] {logging_mixin.py:151} INFO - Processed 2716820 Already! Sorry Try another
[2024-10-21T03:11:50.735+0000] {logging_mixin.py:151} INFO - Processed 2719030 Already! Sorry Try another
[2024-10-21T03:11:50.736+0000] {logging_mixin.py:151} INFO - Processed 2803360 Already! Sorry Try another
[2024-10-21T03:11:50.737+0000] {logging_mixin.py:151} INFO - Processed 3207390 Already! Sorry Try another
[2024-10-21T03:11:50.737+0000] {logging_mixin.py:151} INFO - Processed 538030 Already! Sorry Try another
[2024-10-21T03:11:50.738+0000] {logging_mixin.py:151} INFO - Processed 1170950 Already! Sorry Try another
[2024-10-21T03:11:50.739+0000] {logging_mixin.py:151} INFO - Processed 1217490 Already! Sorry Try another
[2024-10-21T03:11:50.740+0000] {logging_mixin.py:151} INFO - Processed 1264171 Already! Sorry Try another
[2024-10-21T03:11:50.741+0000] {logging_mixin.py:151} INFO - Processed 1270010 Already! Sorry Try another
[2024-10-21T03:11:50.741+0000] {logging_mixin.py:151} INFO - Processed 1351370 Already! Sorry Try another
[2024-10-21T03:11:50.742+0000] {logging_mixin.py:151} INFO - Processed 1392390 Already! Sorry Try another
[2024-10-21T03:11:50.743+0000] {logging_mixin.py:151} INFO - Processed 1437840 Already! Sorry Try another
[2024-10-21T03:11:50.744+0000] {logging_mixin.py:151} INFO - Processed 1474930 Already! Sorry Try another
[2024-10-21T03:11:50.745+0000] {logging_mixin.py:151} INFO - Processed 1480050 Already! Sorry Try another
[2024-10-21T03:11:50.746+0000] {logging_mixin.py:151} INFO - Processed 1513420 Already! Sorry Try another
[2024-10-21T03:11:50.746+0000] {logging_mixin.py:151} INFO - Processed 1682600 Already! Sorry Try another
[2024-10-21T03:11:50.747+0000] {logging_mixin.py:151} INFO - Processed 1832840 Already! Sorry Try another
[2024-10-21T03:11:50.748+0000] {logging_mixin.py:151} INFO - Processed 1840800 Already! Sorry Try another
[2024-10-21T03:11:50.749+0000] {logging_mixin.py:151} INFO - Processed 3012290 Already! Sorry Try another
[2024-10-21T03:11:50.750+0000] {logging_mixin.py:151} INFO - Processed 3080030 Already! Sorry Try another
[2024-10-21T03:11:50.751+0000] {logging_mixin.py:151} INFO - Processed 3226270 Already! Sorry Try another
[2024-10-21T03:11:50.752+0000] {logging_mixin.py:151} INFO - Processed 2191410 Already! Sorry Try another
[2024-10-21T03:11:50.753+0000] {logging_mixin.py:151} INFO - Processed 1653190 Already! Sorry Try another
[2024-10-21T03:11:50.754+0000] {logging_mixin.py:151} INFO - Processed 3280460 Already! Sorry Try another
[2024-10-21T03:11:50.755+0000] {logging_mixin.py:151} INFO - Processed 1211980 Already! Sorry Try another
[2024-10-21T03:11:50.756+0000] {logging_mixin.py:151} INFO - Fetching details for app ID: 1424230...
[2024-10-21T03:11:51.154+0000] {logging_mixin.py:151} INFO - Failed to get details for app ID: 1424230
[2024-10-21T03:11:51.156+0000] {logging_mixin.py:151} INFO - Processed 1584090 Already! Sorry Try another
[2024-10-21T03:11:51.158+0000] {logging_mixin.py:151} INFO - Processed 1607250 Already! Sorry Try another
[2024-10-21T03:11:51.159+0000] {logging_mixin.py:151} INFO - Processed 1786790 Already! Sorry Try another
[2024-10-21T03:11:51.161+0000] {logging_mixin.py:151} INFO - Processed 1830190 Already! Sorry Try another
[2024-10-21T03:11:51.162+0000] {logging_mixin.py:151} INFO - Processed 1905180 Already! Sorry Try another
[2024-10-21T03:11:51.164+0000] {logging_mixin.py:151} INFO - Processed 1911610 Already! Sorry Try another
[2024-10-21T03:11:51.166+0000] {logging_mixin.py:151} INFO - Processed 2015620 Already! Sorry Try another
[2024-10-21T03:11:51.167+0000] {logging_mixin.py:151} INFO - Processed 2064650 Already! Sorry Try another
[2024-10-21T03:11:51.168+0000] {logging_mixin.py:151} INFO - Processed 2075100 Already! Sorry Try another
[2024-10-21T03:11:51.169+0000] {logging_mixin.py:151} INFO - Processed 2114740 Already! Sorry Try another
[2024-10-21T03:11:51.170+0000] {logging_mixin.py:151} INFO - Processed 2236060 Already! Sorry Try another
[2024-10-21T03:11:51.172+0000] {logging_mixin.py:151} INFO - Processed 2316930 Already! Sorry Try another
[2024-10-21T03:11:51.173+0000] {logging_mixin.py:151} INFO - Processed 2341070 Already! Sorry Try another
[2024-10-21T03:11:51.174+0000] {logging_mixin.py:151} INFO - Processed 2359660 Already! Sorry Try another
[2024-10-21T03:11:51.176+0000] {logging_mixin.py:151} INFO - Processed 2401970 Already! Sorry Try another
[2024-10-21T03:11:51.177+0000] {logging_mixin.py:151} INFO - Processed 2566880 Already! Sorry Try another
[2024-10-21T03:11:51.178+0000] {logging_mixin.py:151} INFO - Processed 2645820 Already! Sorry Try another
[2024-10-21T03:11:51.179+0000] {logging_mixin.py:151} INFO - Fetching details for app ID: 2658770...
[2024-10-21T03:11:51.525+0000] {logging_mixin.py:151} INFO - Failed to get details for app ID: 2658770
[2024-10-21T03:11:51.526+0000] {logging_mixin.py:151} INFO - Processed 2751000 Already! Sorry Try another
[2024-10-21T03:11:51.528+0000] {logging_mixin.py:151} INFO - Processed 2807150 Already! Sorry Try another
[2024-10-21T03:11:51.529+0000] {logging_mixin.py:151} INFO - Processed 2990190 Already! Sorry Try another
[2024-10-21T03:11:51.529+0000] {logging_mixin.py:151} INFO - Processed 3051280 Already! Sorry Try another
[2024-10-21T03:11:51.530+0000] {logging_mixin.py:151} INFO - Processed 3080680 Already! Sorry Try another
[2024-10-21T03:11:51.531+0000] {logging_mixin.py:151} INFO - Processed 3084620 Already! Sorry Try another
[2024-10-21T03:11:51.532+0000] {logging_mixin.py:151} INFO - Processed 3156770 Already! Sorry Try another
[2024-10-21T03:11:51.533+0000] {logging_mixin.py:151} INFO - Processed 3192310 Already! Sorry Try another
[2024-10-21T03:11:51.534+0000] {logging_mixin.py:151} INFO - Processed 3217200 Already! Sorry Try another
[2024-10-21T03:11:51.536+0000] {logging_mixin.py:151} INFO - Processed 3227820 Already! Sorry Try another
[2024-10-21T03:11:51.537+0000] {logging_mixin.py:151} INFO - Processed 3231380 Already! Sorry Try another
[2024-10-21T03:11:51.538+0000] {logging_mixin.py:151} INFO - Processed 3283090 Already! Sorry Try another
[2024-10-21T03:11:51.539+0000] {logging_mixin.py:151} INFO - Processed 3292980 Already! Sorry Try another
[2024-10-21T03:11:51.540+0000] {logging_mixin.py:151} INFO - Processed 1000050 Already! Sorry Try another
[2024-10-21T03:11:51.541+0000] {logging_mixin.py:151} INFO - Processed 1213700 Already! Sorry Try another
[2024-10-21T03:11:51.542+0000] {logging_mixin.py:151} INFO - Processed 1245560 Already! Sorry Try another
[2024-10-21T03:11:51.543+0000] {logging_mixin.py:151} INFO - Processed 1272320 Already! Sorry Try another
[2024-10-21T03:11:51.545+0000] {logging_mixin.py:151} INFO - Processed 1375630 Already! Sorry Try another
[2024-10-21T03:11:51.546+0000] {logging_mixin.py:151} INFO - Processed 1418750 Already! Sorry Try another
[2024-10-21T03:11:51.547+0000] {logging_mixin.py:151} INFO - Processed 1554770 Already! Sorry Try another
[2024-10-21T03:11:51.548+0000] {logging_mixin.py:151} INFO - Processed 17510 Already! Sorry Try another
[2024-10-21T03:11:51.550+0000] {logging_mixin.py:151} INFO - Processed 372080 Already! Sorry Try another
[2024-10-21T03:11:51.551+0000] {logging_mixin.py:151} INFO - Processed 689760 Already! Sorry Try another
[2024-10-21T03:11:51.552+0000] {logging_mixin.py:151} INFO - Processed 2399830 Already! Sorry Try another
[2024-10-21T03:11:51.554+0000] {logging_mixin.py:151} INFO - Processed 3104680 Already! Sorry Try another
[2024-10-21T03:11:51.555+0000] {logging_mixin.py:151} INFO - Processed 1282270 Already! Sorry Try another
[2024-10-21T03:11:51.556+0000] {logging_mixin.py:151} INFO - Processed 2084360 Already! Sorry Try another
[2024-10-21T03:11:51.557+0000] {logging_mixin.py:151} INFO - Processed 3050 Already! Sorry Try another
[2024-10-21T03:11:51.558+0000] {logging_mixin.py:151} INFO - Processed 2488620 Already! Sorry Try another
[2024-10-21T03:11:51.559+0000] {logging_mixin.py:151} INFO - Processed 416000 Already! Sorry Try another
[2024-10-21T03:11:51.560+0000] {logging_mixin.py:151} INFO - Processed 2384580 Already! Sorry Try another
[2024-10-21T03:11:51.561+0000] {logging_mixin.py:151} INFO - Processed 3023930 Already! Sorry Try another
[2024-10-21T03:11:51.562+0000] {logging_mixin.py:151} INFO - Processed 3254600 Already! Sorry Try another
[2024-10-21T03:11:51.563+0000] {logging_mixin.py:151} INFO - Processed 1324780 Already! Sorry Try another
[2024-10-21T03:11:51.564+0000] {logging_mixin.py:151} INFO - Processed 1395520 Already! Sorry Try another
[2024-10-21T03:11:51.565+0000] {logging_mixin.py:151} INFO - Processed 2635410 Already! Sorry Try another
[2024-10-21T03:11:51.566+0000] {logging_mixin.py:151} INFO - Processed 3061810 Already! Sorry Try another
[2024-10-21T03:11:51.567+0000] {logging_mixin.py:151} INFO - Processed 1592190 Already! Sorry Try another
[2024-10-21T03:11:51.568+0000] {logging_mixin.py:151} INFO - Processed 3256520 Already! Sorry Try another
[2024-10-21T03:11:51.569+0000] {logging_mixin.py:151} INFO - Processed 1696810 Already! Sorry Try another
[2024-10-21T03:11:51.570+0000] {logging_mixin.py:151} INFO - Processed 2666580 Already! Sorry Try another
[2024-10-21T03:11:51.570+0000] {logging_mixin.py:151} INFO - Processed 3190930 Already! Sorry Try another
[2024-10-21T03:11:51.571+0000] {logging_mixin.py:151} INFO - Processed 714010 Already! Sorry Try another
[2024-10-21T03:11:51.572+0000] {logging_mixin.py:151} INFO - Processed 2407830 Already! Sorry Try another
[2024-10-21T03:11:51.573+0000] {logging_mixin.py:151} INFO - Processed 3173890 Already! Sorry Try another
[2024-10-21T03:11:51.574+0000] {logging_mixin.py:151} INFO - Processed 3204560 Already! Sorry Try another
[2024-10-21T03:11:51.575+0000] {logging_mixin.py:151} INFO - Processed 1845940 Already! Sorry Try another
[2024-10-21T03:11:51.576+0000] {logging_mixin.py:151} INFO - Processed 2169200 Already! Sorry Try another
[2024-10-21T03:11:51.577+0000] {logging_mixin.py:151} INFO - Processed 2315070 Already! Sorry Try another
[2024-10-21T03:11:51.578+0000] {logging_mixin.py:151} INFO - Processed 2624670 Already! Sorry Try another
[2024-10-21T03:11:51.578+0000] {logging_mixin.py:151} INFO - Processed 2875110 Already! Sorry Try another
[2024-10-21T03:11:51.579+0000] {logging_mixin.py:151} INFO - Processed 2485550 Already! Sorry Try another
[2024-10-21T03:11:51.580+0000] {logging_mixin.py:151} INFO - Processed 2678080 Already! Sorry Try another
[2024-10-21T03:11:51.581+0000] {logging_mixin.py:151} INFO - Processed 2730540 Already! Sorry Try another
[2024-10-21T03:11:51.583+0000] {logging_mixin.py:151} INFO - Processed 2678640 Already! Sorry Try another
[2024-10-21T03:11:51.584+0000] {logging_mixin.py:151} INFO - Processed 3254100 Already! Sorry Try another
[2024-10-21T03:11:51.585+0000] {logging_mixin.py:151} INFO - Processed 3248450 Already! Sorry Try another
[2024-10-21T03:11:51.586+0000] {logging_mixin.py:151} INFO - Processed 1702010 Already! Sorry Try another
[2024-10-21T03:11:51.587+0000] {logging_mixin.py:151} INFO - Processed 2863340 Already! Sorry Try another
[2024-10-21T03:11:51.588+0000] {logging_mixin.py:151} INFO - Processed 2367610 Already! Sorry Try another
[2024-10-21T03:11:51.589+0000] {logging_mixin.py:151} INFO - Processed 2605790 Already! Sorry Try another
[2024-10-21T03:11:51.590+0000] {logging_mixin.py:151} INFO - Processed 3234420 Already! Sorry Try another
[2024-10-21T03:11:51.591+0000] {logging_mixin.py:151} INFO - Processed 2386720 Already! Sorry Try another
[2024-10-21T03:11:51.592+0000] {logging_mixin.py:151} INFO - Processed 238430 Already! Sorry Try another
[2024-10-21T03:11:51.593+0000] {logging_mixin.py:151} INFO - Processed 407530 Already! Sorry Try another
[2024-10-21T03:11:51.594+0000] {logging_mixin.py:151} INFO - Processed 2510960 Already! Sorry Try another
[2024-10-21T03:11:51.594+0000] {logging_mixin.py:151} INFO - Processed 2819550 Already! Sorry Try another
[2024-10-21T03:11:51.595+0000] {logging_mixin.py:151} INFO - Processed 3101950 Already! Sorry Try another
[2024-10-21T03:11:51.596+0000] {logging_mixin.py:151} INFO - Processed 1371980 Already! Sorry Try another
[2024-10-21T03:11:51.597+0000] {logging_mixin.py:151} INFO - Processed 3020620 Already! Sorry Try another
[2024-10-21T03:11:51.598+0000] {logging_mixin.py:151} INFO - Processed 1452250 Already! Sorry Try another
[2024-10-21T03:11:51.599+0000] {logging_mixin.py:151} INFO - Processed 2710980 Already! Sorry Try another
[2024-10-21T03:11:51.600+0000] {logging_mixin.py:151} INFO - Processed 3249720 Already! Sorry Try another
[2024-10-21T03:11:51.601+0000] {logging_mixin.py:151} INFO - Processed 2524700 Already! Sorry Try another
[2024-10-21T03:11:51.602+0000] {logging_mixin.py:151} INFO - Processed 2796980 Already! Sorry Try another
[2024-10-21T03:11:51.603+0000] {logging_mixin.py:151} INFO - Processed 2192020 Already! Sorry Try another
[2024-10-21T03:11:51.603+0000] {logging_mixin.py:151} INFO - Processed 512900 Already! Sorry Try another
[2024-10-21T03:11:51.604+0000] {logging_mixin.py:151} INFO - Processed 3268100 Already! Sorry Try another
[2024-10-21T03:11:51.605+0000] {logging_mixin.py:151} INFO - Processed 2686820 Already! Sorry Try another
[2024-10-21T03:11:51.606+0000] {logging_mixin.py:151} INFO - Processed 1154670 Already! Sorry Try another
[2024-10-21T03:11:51.607+0000] {logging_mixin.py:151} INFO - Processed 3071520 Already! Sorry Try another
[2024-10-21T03:11:51.608+0000] {logging_mixin.py:151} INFO - Processed 2725560 Already! Sorry Try another
[2024-10-21T03:11:51.609+0000] {logging_mixin.py:151} INFO - Processed 3261860 Already! Sorry Try another
[2024-10-21T03:11:51.610+0000] {logging_mixin.py:151} INFO - Processed 3057460 Already! Sorry Try another
[2024-10-21T03:11:51.611+0000] {logging_mixin.py:151} INFO - Processed 3199180 Already! Sorry Try another
[2024-10-21T03:11:51.612+0000] {logging_mixin.py:151} INFO - Processed 1359270 Already! Sorry Try another
[2024-10-21T03:11:51.613+0000] {logging_mixin.py:151} INFO - Fetching details for app ID: 285049...
[2024-10-21T03:11:51.965+0000] {logging_mixin.py:151} INFO - Failed to get details for app ID: 285049
[2024-10-21T03:11:51.974+0000] {logging_mixin.py:151} INFO - Dropped 279 rows due to failed or duplicate rows.
[2024-10-21T03:11:51.975+0000] {logging_mixin.py:151} INFO - steam_gamesRAW_2024-10-21_03_11_51.975212.csv
[2024-10-21T03:11:52.670+0000] {_universal.py:514} INFO - Request URL: 'https://steamdata.blob.core.windows.net/steamdata/data/steam_gamesRAW_2024-10-21_03_11_51.975212.csv'
Request method: 'DELETE'
Request headers:
    'x-ms-version': 'REDACTED'
    'Accept': 'application/xml'
    'x-ms-date': 'REDACTED'
    'x-ms-client-request-id': '3854fa16-8f5a-11ef-9599-0242ac120007'
    'User-Agent': 'azsdk-python-storage-blob/12.17.0 Python/3.9.18 (Linux-6.10.4-linuxkit-x86_64-with-glibc2.31)'
    'Authorization': 'REDACTED'
No body was attached to the request
[2024-10-21T03:11:52.915+0000] {_universal.py:550} INFO - Response status: 404
Response headers:
    'Content-Length': '215'
    'Content-Type': 'application/xml'
    'Server': 'Windows-Azure-Blob/1.0 Microsoft-HTTPAPI/2.0'
    'x-ms-request-id': '16ce6369-b01e-0097-6b66-23b377000000'
    'x-ms-client-request-id': '3854fa16-8f5a-11ef-9599-0242ac120007'
    'x-ms-version': 'REDACTED'
    'x-ms-error-code': 'BlobNotFound'
    'Date': 'Mon, 21 Oct 2024 03:11:52 GMT'
[2024-10-21T03:11:52.921+0000] {_universal.py:511} INFO - Request URL: 'https://steamdata.blob.core.windows.net/steamdata/data/steam_gamesRAW_2024-10-21_03_11_51.975212.csv?comp=REDACTED&blockid=REDACTED'
Request method: 'PUT'
Request headers:
    'Content-Length': '1'
    'x-ms-version': 'REDACTED'
    'Content-Type': 'application/octet-stream'
    'Accept': 'application/xml'
    'x-ms-date': 'REDACTED'
    'x-ms-client-request-id': '387b4cf2-8f5a-11ef-9599-0242ac120007'
    'User-Agent': 'azsdk-python-storage-blob/12.17.0 Python/3.9.18 (Linux-6.10.4-linuxkit-x86_64-with-glibc2.31)'
    'Authorization': 'REDACTED'
A body is sent with the request
[2024-10-21T03:11:52.973+0000] {_universal.py:550} INFO - Response status: 201
Response headers:
    'Content-Length': '0'
    'Server': 'Windows-Azure-Blob/1.0 Microsoft-HTTPAPI/2.0'
    'x-ms-request-id': '16ce6392-b01e-0097-0f66-23b377000000'
    'x-ms-client-request-id': '387b4cf2-8f5a-11ef-9599-0242ac120007'
    'x-ms-version': 'REDACTED'
    'x-ms-content-crc64': 'REDACTED'
    'x-ms-request-server-encrypted': 'REDACTED'
    'Date': 'Mon, 21 Oct 2024 03:11:52 GMT'
[2024-10-21T03:11:52.975+0000] {_universal.py:511} INFO - Request URL: 'https://steamdata.blob.core.windows.net/steamdata/data/steam_gamesRAW_2024-10-21_03_11_51.975212.csv?comp=REDACTED'
Request method: 'PUT'
Request headers:
    'Content-Length': '91'
    'x-ms-meta-is_directory': 'REDACTED'
    'x-ms-version': 'REDACTED'
    'Content-Type': 'application/xml'
    'Accept': 'application/xml'
    'x-ms-date': 'REDACTED'
    'x-ms-client-request-id': '3883a19a-8f5a-11ef-9599-0242ac120007'
    'User-Agent': 'azsdk-python-storage-blob/12.17.0 Python/3.9.18 (Linux-6.10.4-linuxkit-x86_64-with-glibc2.31)'
    'Authorization': 'REDACTED'
A body is sent with the request
[2024-10-21T03:11:53.031+0000] {_universal.py:550} INFO - Response status: 201
Response headers:
    'Content-Length': '0'
    'Last-Modified': 'Mon, 21 Oct 2024 03:11:53 GMT'
    'Etag': '"0x8DCF17E1D102DF4"'
    'Server': 'Windows-Azure-Blob/1.0 Microsoft-HTTPAPI/2.0'
    'x-ms-request-id': '16ce63a6-b01e-0097-2266-23b377000000'
    'x-ms-client-request-id': '3883a19a-8f5a-11ef-9599-0242ac120007'
    'x-ms-version': 'REDACTED'
    'x-ms-content-crc64': 'REDACTED'
    'x-ms-request-server-encrypted': 'REDACTED'
    'Date': 'Mon, 21 Oct 2024 03:11:53 GMT'
[2024-10-21T03:11:53.033+0000] {python.py:194} INFO - Done. Returned value was: None
[2024-10-21T03:11:53.050+0000] {taskinstance.py:1398} INFO - Marking task as SUCCESS. dag_id=etl_steam_pipeline, task_id=steam_extraction, execution_date=20241020T000000, start_date=20241021T031147, end_date=20241021T031153
[2024-10-21T03:11:53.078+0000] {local_task_job_runner.py:228} INFO - Task exited with return code 0
[2024-10-21T03:11:53.102+0000] {taskinstance.py:2776} INFO - 0 downstream tasks scheduled from follow-on schedule check
