[2024-10-18T15:58:49.852+0000] {taskinstance.py:1157} INFO - Dependencies all met for dep_context=non-requeueable deps ti=<TaskInstance: etl_steam_pipeline.steam_extraction manual__2024-10-18T15:58:45.154710+00:00 [queued]>
[2024-10-18T15:58:49.862+0000] {taskinstance.py:1157} INFO - Dependencies all met for dep_context=requeueable deps ti=<TaskInstance: etl_steam_pipeline.steam_extraction manual__2024-10-18T15:58:45.154710+00:00 [queued]>
[2024-10-18T15:58:49.862+0000] {taskinstance.py:1359} INFO - Starting attempt 1 of 4
[2024-10-18T15:58:49.877+0000] {taskinstance.py:1380} INFO - Executing <Task(PythonOperator): steam_extraction> on 2024-10-18 15:58:45.154710+00:00
[2024-10-18T15:58:49.882+0000] {standard_task_runner.py:57} INFO - Started process 62 to run task
[2024-10-18T15:58:49.886+0000] {standard_task_runner.py:84} INFO - Running: ['airflow', 'tasks', 'run', 'etl_steam_pipeline', 'steam_extraction', 'manual__2024-10-18T15:58:45.154710+00:00', '--job-id', '9', '--raw', '--subdir', 'DAGS_FOLDER/steam_dag.py', '--cfg-path', '/tmp/tmpp55ru8i9']
[2024-10-18T15:58:49.887+0000] {standard_task_runner.py:85} INFO - Job 9: Subtask steam_extraction
[2024-10-18T15:58:49.946+0000] {task_command.py:415} INFO - Running <TaskInstance: etl_steam_pipeline.steam_extraction manual__2024-10-18T15:58:45.154710+00:00 [running]> on host 6c0d6974ad20
[2024-10-18T15:58:50.028+0000] {taskinstance.py:1660} INFO - Exporting env vars: AIRFLOW_CTX_DAG_OWNER='Jordan Welborn' AIRFLOW_CTX_DAG_ID='etl_steam_pipeline' AIRFLOW_CTX_TASK_ID='steam_extraction' AIRFLOW_CTX_EXECUTION_DATE='2024-10-18T15:58:45.154710+00:00' AIRFLOW_CTX_TRY_NUMBER='1' AIRFLOW_CTX_DAG_RUN_ID='manual__2024-10-18T15:58:45.154710+00:00'
[2024-10-18T15:58:50.029+0000] {logging_mixin.py:151} INFO - Processed 2129810 Already! Sorry Try another
[2024-10-18T15:58:50.030+0000] {logging_mixin.py:151} INFO - Processed 2335800 Already! Sorry Try another
[2024-10-18T15:58:50.030+0000] {logging_mixin.py:151} INFO - Processed 986010 Already! Sorry Try another
[2024-10-18T15:58:50.031+0000] {logging_mixin.py:151} INFO - Processed 2097170 Already! Sorry Try another
[2024-10-18T15:58:50.031+0000] {logging_mixin.py:151} INFO - Processed 3155230 Already! Sorry Try another
[2024-10-18T15:58:50.032+0000] {logging_mixin.py:151} INFO - Processed 3213430 Already! Sorry Try another
[2024-10-18T15:58:50.032+0000] {logging_mixin.py:151} INFO - Processed 3282810 Already! Sorry Try another
[2024-10-18T15:58:50.033+0000] {logging_mixin.py:151} INFO - Processed 585420 Already! Sorry Try another
[2024-10-18T15:58:50.033+0000] {logging_mixin.py:151} INFO - Processed 1948280 Already! Sorry Try another
[2024-10-18T15:58:50.034+0000] {logging_mixin.py:151} INFO - Processed 3231920 Already! Sorry Try another
[2024-10-18T15:58:50.034+0000] {logging_mixin.py:151} INFO - Processed 1116170 Already! Sorry Try another
[2024-10-18T15:58:50.035+0000] {logging_mixin.py:151} INFO - Processed 3045050 Already! Sorry Try another
[2024-10-18T15:58:50.035+0000] {logging_mixin.py:151} INFO - Processed 2255370 Already! Sorry Try another
[2024-10-18T15:58:50.036+0000] {logging_mixin.py:151} INFO - Processed 941460 Already! Sorry Try another
[2024-10-18T15:58:50.036+0000] {logging_mixin.py:151} INFO - Processed 1520470 Already! Sorry Try another
[2024-10-18T15:58:50.037+0000] {logging_mixin.py:151} INFO - Processed 553780 Already! Sorry Try another
[2024-10-18T15:58:50.037+0000] {logging_mixin.py:151} INFO - Processed 308600 Already! Sorry Try another
[2024-10-18T15:58:50.038+0000] {logging_mixin.py:151} INFO - Processed 1459630 Already! Sorry Try another
[2024-10-18T15:58:50.038+0000] {logging_mixin.py:151} INFO - Processed 2319940 Already! Sorry Try another
[2024-10-18T15:58:50.039+0000] {logging_mixin.py:151} INFO - Processed 2139460 Already! Sorry Try another
[2024-10-18T15:58:50.039+0000] {logging_mixin.py:151} INFO - Processed 2334700 Already! Sorry Try another
[2024-10-18T15:58:50.040+0000] {logging_mixin.py:151} INFO - Processed 2399420 Already! Sorry Try another
[2024-10-18T15:58:50.040+0000] {logging_mixin.py:151} INFO - Processed 2999030 Already! Sorry Try another
[2024-10-18T15:58:50.041+0000] {logging_mixin.py:151} INFO - Fetching details for app ID: 258550...
[2024-10-18T15:58:50.380+0000] {logging_mixin.py:151} INFO - Failed to get details for app ID: 258550
[2024-10-18T15:58:50.382+0000] {logging_mixin.py:151} INFO - Processed 1851350 Already! Sorry Try another
[2024-10-18T15:58:50.382+0000] {logging_mixin.py:151} INFO - Processed 3018090 Already! Sorry Try another
[2024-10-18T15:58:50.383+0000] {logging_mixin.py:151} INFO - Processed 3271040 Already! Sorry Try another
[2024-10-18T15:58:50.384+0000] {logging_mixin.py:151} INFO - Processed 2266650 Already! Sorry Try another
[2024-10-18T15:58:50.384+0000] {logging_mixin.py:151} INFO - Processed 3198990 Already! Sorry Try another
[2024-10-18T15:58:50.385+0000] {logging_mixin.py:151} INFO - Processed 2082570 Already! Sorry Try another
[2024-10-18T15:58:50.386+0000] {logging_mixin.py:151} INFO - Fetching details for app ID: 1892930...
[2024-10-18T15:58:50.766+0000] {logging_mixin.py:151} INFO - Failed to get details for app ID: 1892930
[2024-10-18T15:58:50.767+0000] {logging_mixin.py:151} INFO - Processed 3277500 Already! Sorry Try another
[2024-10-18T15:58:50.768+0000] {logging_mixin.py:151} INFO - Processed 3061690 Already! Sorry Try another
[2024-10-18T15:58:50.769+0000] {logging_mixin.py:151} INFO - Processed 322330 Already! Sorry Try another
[2024-10-18T15:58:50.769+0000] {logging_mixin.py:151} INFO - Processed 3199170 Already! Sorry Try another
[2024-10-18T15:58:50.770+0000] {logging_mixin.py:151} INFO - Processed 1273100 Already! Sorry Try another
[2024-10-18T15:58:50.770+0000] {logging_mixin.py:151} INFO - Processed 3190970 Already! Sorry Try another
[2024-10-18T15:58:50.771+0000] {logging_mixin.py:151} INFO - Processed 1771300 Already! Sorry Try another
[2024-10-18T15:58:50.771+0000] {logging_mixin.py:151} INFO - Processed 2902720 Already! Sorry Try another
[2024-10-18T15:58:50.772+0000] {logging_mixin.py:151} INFO - Processed 1138640 Already! Sorry Try another
[2024-10-18T15:58:50.772+0000] {logging_mixin.py:151} INFO - Processed 2400840 Already! Sorry Try another
[2024-10-18T15:58:50.773+0000] {logging_mixin.py:151} INFO - Processed 1208170 Already! Sorry Try another
[2024-10-18T15:58:50.773+0000] {logging_mixin.py:151} INFO - Processed 2990080 Already! Sorry Try another
[2024-10-18T15:58:50.774+0000] {logging_mixin.py:151} INFO - Processed 2980550 Already! Sorry Try another
[2024-10-18T15:58:50.774+0000] {logging_mixin.py:151} INFO - Processed 2000890 Already! Sorry Try another
[2024-10-18T15:58:50.775+0000] {logging_mixin.py:151} INFO - Processed 2587840 Already! Sorry Try another
[2024-10-18T15:58:50.775+0000] {logging_mixin.py:151} INFO - Processed 2052040 Already! Sorry Try another
[2024-10-18T15:58:50.776+0000] {logging_mixin.py:151} INFO - Processed 3270630 Already! Sorry Try another
[2024-10-18T15:58:50.776+0000] {logging_mixin.py:151} INFO - Processed 3180930 Already! Sorry Try another
[2024-10-18T15:58:50.777+0000] {logging_mixin.py:151} INFO - Processed 949230 Already! Sorry Try another
[2024-10-18T15:58:50.778+0000] {logging_mixin.py:151} INFO - Processed 1128860 Already! Sorry Try another
[2024-10-18T15:58:50.778+0000] {logging_mixin.py:151} INFO - Processed 1428090 Already! Sorry Try another
[2024-10-18T15:58:50.779+0000] {logging_mixin.py:151} INFO - Processed 108600 Already! Sorry Try another
[2024-10-18T15:58:50.779+0000] {logging_mixin.py:151} INFO - Processed 1999520 Already! Sorry Try another
[2024-10-18T15:58:50.780+0000] {logging_mixin.py:151} INFO - Processed 3186690 Already! Sorry Try another
[2024-10-18T15:58:50.780+0000] {logging_mixin.py:151} INFO - Processed 1121560 Already! Sorry Try another
[2024-10-18T15:58:50.781+0000] {logging_mixin.py:151} INFO - Processed 1127660 Already! Sorry Try another
[2024-10-18T15:58:50.781+0000] {logging_mixin.py:151} INFO - Processed 1185810 Already! Sorry Try another
[2024-10-18T15:58:50.782+0000] {logging_mixin.py:151} INFO - Processed 1325730 Already! Sorry Try another
[2024-10-18T15:58:50.782+0000] {logging_mixin.py:151} INFO - Processed 1503170 Already! Sorry Try another
[2024-10-18T15:58:50.783+0000] {logging_mixin.py:151} INFO - Processed 1645220 Already! Sorry Try another
[2024-10-18T15:58:50.783+0000] {logging_mixin.py:151} INFO - Processed 1790600 Already! Sorry Try another
[2024-10-18T15:58:50.784+0000] {logging_mixin.py:151} INFO - Processed 1800860 Already! Sorry Try another
[2024-10-18T15:58:50.784+0000] {logging_mixin.py:151} INFO - Processed 1803450 Already! Sorry Try another
[2024-10-18T15:58:50.785+0000] {logging_mixin.py:151} INFO - Processed 1818450 Already! Sorry Try another
[2024-10-18T15:58:50.785+0000] {logging_mixin.py:151} INFO - Processed 1962700 Already! Sorry Try another
[2024-10-18T15:58:50.786+0000] {logging_mixin.py:151} INFO - Processed 1969650 Already! Sorry Try another
[2024-10-18T15:58:50.786+0000] {logging_mixin.py:151} INFO - Processed 1997470 Already! Sorry Try another
[2024-10-18T15:58:50.787+0000] {logging_mixin.py:151} INFO - Processed 2088250 Already! Sorry Try another
[2024-10-18T15:58:50.787+0000] {logging_mixin.py:151} INFO - Processed 2103140 Already! Sorry Try another
[2024-10-18T15:58:50.788+0000] {logging_mixin.py:151} INFO - Processed 2287960 Already! Sorry Try another
[2024-10-18T15:58:50.788+0000] {logging_mixin.py:151} INFO - Processed 2407270 Already! Sorry Try another
[2024-10-18T15:58:50.789+0000] {logging_mixin.py:151} INFO - Processed 2420660 Already! Sorry Try another
[2024-10-18T15:58:50.789+0000] {logging_mixin.py:151} INFO - Processed 2421350 Already! Sorry Try another
[2024-10-18T15:58:50.790+0000] {logging_mixin.py:151} INFO - Processed 2543180 Already! Sorry Try another
[2024-10-18T15:58:50.790+0000] {logging_mixin.py:151} INFO - Processed 2585830 Already! Sorry Try another
[2024-10-18T15:58:50.791+0000] {logging_mixin.py:151} INFO - Processed 2622000 Already! Sorry Try another
[2024-10-18T15:58:50.791+0000] {logging_mixin.py:151} INFO - Processed 2708950 Already! Sorry Try another
[2024-10-18T15:58:50.792+0000] {logging_mixin.py:151} INFO - Processed 3103040 Already! Sorry Try another
[2024-10-18T15:58:50.792+0000] {logging_mixin.py:151} INFO - Processed 3123410 Already! Sorry Try another
[2024-10-18T15:58:50.793+0000] {logging_mixin.py:151} INFO - Processed 3180170 Already! Sorry Try another
[2024-10-18T15:58:50.793+0000] {logging_mixin.py:151} INFO - Processed 3226570 Already! Sorry Try another
[2024-10-18T15:58:50.794+0000] {logging_mixin.py:151} INFO - Processed 3235910 Already! Sorry Try another
[2024-10-18T15:58:50.794+0000] {logging_mixin.py:151} INFO - Processed 3256070 Already! Sorry Try another
[2024-10-18T15:58:50.795+0000] {logging_mixin.py:151} INFO - Processed 3271530 Already! Sorry Try another
[2024-10-18T15:58:50.795+0000] {logging_mixin.py:151} INFO - Processed 1049320 Already! Sorry Try another
[2024-10-18T15:58:50.796+0000] {logging_mixin.py:151} INFO - Processed 499180 Already! Sorry Try another
[2024-10-18T15:58:50.796+0000] {logging_mixin.py:151} INFO - Processed 581320 Already! Sorry Try another
[2024-10-18T15:58:50.797+0000] {logging_mixin.py:151} INFO - Processed 787480 Already! Sorry Try another
[2024-10-18T15:58:50.797+0000] {logging_mixin.py:151} INFO - Processed 991270 Already! Sorry Try another
[2024-10-18T15:58:50.798+0000] {logging_mixin.py:151} INFO - Processed 1254320 Already! Sorry Try another
[2024-10-18T15:58:50.798+0000] {logging_mixin.py:151} INFO - Processed 2654540 Already! Sorry Try another
[2024-10-18T15:58:50.799+0000] {logging_mixin.py:151} INFO - Processed 3027940 Already! Sorry Try another
[2024-10-18T15:58:50.799+0000] {logging_mixin.py:151} INFO - Processed 3037030 Already! Sorry Try another
[2024-10-18T15:58:50.800+0000] {logging_mixin.py:151} INFO - Processed 3054770 Already! Sorry Try another
[2024-10-18T15:58:50.800+0000] {logging_mixin.py:151} INFO - Processed 3059840 Already! Sorry Try another
[2024-10-18T15:58:50.801+0000] {logging_mixin.py:151} INFO - Processed 3060080 Already! Sorry Try another
[2024-10-18T15:58:50.801+0000] {logging_mixin.py:151} INFO - Processed 3101770 Already! Sorry Try another
[2024-10-18T15:58:50.802+0000] {logging_mixin.py:151} INFO - Processed 3137120 Already! Sorry Try another
[2024-10-18T15:58:50.802+0000] {logging_mixin.py:151} INFO - Processed 3138330 Already! Sorry Try another
[2024-10-18T15:58:50.803+0000] {logging_mixin.py:151} INFO - Processed 3142540 Already! Sorry Try another
[2024-10-18T15:58:50.803+0000] {logging_mixin.py:151} INFO - Processed 3163250 Already! Sorry Try another
[2024-10-18T15:58:50.804+0000] {logging_mixin.py:151} INFO - Processed 3169100 Already! Sorry Try another
[2024-10-18T15:58:50.804+0000] {logging_mixin.py:151} INFO - Processed 3170420 Already! Sorry Try another
[2024-10-18T15:58:50.805+0000] {logging_mixin.py:151} INFO - Processed 3170430 Already! Sorry Try another
[2024-10-18T15:58:50.805+0000] {logging_mixin.py:151} INFO - Processed 3206520 Already! Sorry Try another
[2024-10-18T15:58:50.806+0000] {logging_mixin.py:151} INFO - Processed 3027620 Already! Sorry Try another
[2024-10-18T15:58:50.806+0000] {logging_mixin.py:151} INFO - Processed 2633080 Already! Sorry Try another
[2024-10-18T15:58:50.807+0000] {logging_mixin.py:151} INFO - Processed 1816140 Already! Sorry Try another
[2024-10-18T15:58:50.807+0000] {logging_mixin.py:151} INFO - Processed 3141870 Already! Sorry Try another
[2024-10-18T15:58:50.807+0000] {logging_mixin.py:151} INFO - Processed 1108740 Already! Sorry Try another
[2024-10-18T15:58:50.808+0000] {logging_mixin.py:151} INFO - Processed 1135960 Already! Sorry Try another
[2024-10-18T15:58:50.808+0000] {logging_mixin.py:151} INFO - Processed 1339340 Already! Sorry Try another
[2024-10-18T15:58:50.809+0000] {logging_mixin.py:151} INFO - Processed 3108720 Already! Sorry Try another
[2024-10-18T15:58:50.809+0000] {logging_mixin.py:151} INFO - Processed 3261060 Already! Sorry Try another
[2024-10-18T15:58:50.809+0000] {logging_mixin.py:151} INFO - Processed 792200 Already! Sorry Try another
[2024-10-18T15:58:50.810+0000] {logging_mixin.py:151} INFO - Processed 809090 Already! Sorry Try another
[2024-10-18T15:58:50.810+0000] {logging_mixin.py:151} INFO - Processed 874450 Already! Sorry Try another
[2024-10-18T15:58:50.811+0000] {logging_mixin.py:151} INFO - Processed 972200 Already! Sorry Try another
[2024-10-18T15:58:50.811+0000] {logging_mixin.py:151} INFO - Processed 3288690 Already! Sorry Try another
[2024-10-18T15:58:50.811+0000] {logging_mixin.py:151} INFO - Processed 2307350 Already! Sorry Try another
[2024-10-18T15:58:50.812+0000] {logging_mixin.py:151} INFO - Processed 3192760 Already! Sorry Try another
[2024-10-18T15:58:50.812+0000] {logging_mixin.py:151} INFO - Processed 451340 Already! Sorry Try another
[2024-10-18T15:58:50.813+0000] {logging_mixin.py:151} INFO - Processed 3187730 Already! Sorry Try another
[2024-10-18T15:58:50.813+0000] {logging_mixin.py:151} INFO - Processed 3088430 Already! Sorry Try another
[2024-10-18T15:58:50.814+0000] {logging_mixin.py:151} INFO - Processed 218230 Already! Sorry Try another
[2024-10-18T15:58:50.815+0000] {logging_mixin.py:151} INFO - Processed 294770 Already! Sorry Try another
[2024-10-18T15:58:50.815+0000] {logging_mixin.py:151} INFO - Processed 39660 Already! Sorry Try another
[2024-10-18T15:58:50.816+0000] {logging_mixin.py:151} INFO - Fetching details for app ID: 774941...
[2024-10-18T15:58:51.150+0000] {logging_mixin.py:151} INFO - Failed to get details for app ID: 774941
[2024-10-18T15:58:51.151+0000] {logging_mixin.py:151} INFO - Processed 589290 Already! Sorry Try another
[2024-10-18T15:58:51.152+0000] {logging_mixin.py:151} INFO - Processed 2543510 Already! Sorry Try another
[2024-10-18T15:58:51.152+0000] {logging_mixin.py:151} INFO - Processed 3263740 Already! Sorry Try another
[2024-10-18T15:58:51.153+0000] {logging_mixin.py:151} INFO - Processed 1116390 Already! Sorry Try another
[2024-10-18T15:58:51.154+0000] {logging_mixin.py:151} INFO - Processed 1200770 Already! Sorry Try another
[2024-10-18T15:58:51.154+0000] {logging_mixin.py:151} INFO - Fetching details for app ID: 1326030...
[2024-10-18T15:58:51.486+0000] {logging_mixin.py:151} INFO - Failed to get details for app ID: 1326030
[2024-10-18T15:58:51.487+0000] {logging_mixin.py:151} INFO - Processed 1603640 Already! Sorry Try another
[2024-10-18T15:58:51.488+0000] {logging_mixin.py:151} INFO - Fetching details for app ID: 2051010...
[2024-10-18T15:58:51.829+0000] {logging_mixin.py:151} INFO - Failed to get details for app ID: 2051010
[2024-10-18T15:58:51.831+0000] {logging_mixin.py:151} INFO - Processed 2108330 Already! Sorry Try another
[2024-10-18T15:58:51.833+0000] {logging_mixin.py:151} INFO - Processed 2116120 Already! Sorry Try another
[2024-10-18T15:58:51.833+0000] {logging_mixin.py:151} INFO - Processed 2184350 Already! Sorry Try another
[2024-10-18T15:58:51.834+0000] {logging_mixin.py:151} INFO - Processed 2305760 Already! Sorry Try another
[2024-10-18T15:58:51.836+0000] {logging_mixin.py:151} INFO - Processed 2395260 Already! Sorry Try another
[2024-10-18T15:58:51.837+0000] {logging_mixin.py:151} INFO - Processed 2500160 Already! Sorry Try another
[2024-10-18T15:58:51.837+0000] {logging_mixin.py:151} INFO - Processed 2529080 Already! Sorry Try another
[2024-10-18T15:58:51.838+0000] {logging_mixin.py:151} INFO - Processed 2570210 Already! Sorry Try another
[2024-10-18T15:58:51.839+0000] {logging_mixin.py:151} INFO - Processed 2576020 Already! Sorry Try another
[2024-10-18T15:58:51.839+0000] {logging_mixin.py:151} INFO - Processed 2582560 Already! Sorry Try another
[2024-10-18T15:58:51.840+0000] {logging_mixin.py:151} INFO - Processed 2716120 Already! Sorry Try another
[2024-10-18T15:58:51.840+0000] {logging_mixin.py:151} INFO - Processed 2716820 Already! Sorry Try another
[2024-10-18T15:58:51.841+0000] {logging_mixin.py:151} INFO - Processed 2719030 Already! Sorry Try another
[2024-10-18T15:58:51.842+0000] {logging_mixin.py:151} INFO - Processed 2803360 Already! Sorry Try another
[2024-10-18T15:58:51.843+0000] {logging_mixin.py:151} INFO - Processed 3207390 Already! Sorry Try another
[2024-10-18T15:58:51.844+0000] {logging_mixin.py:151} INFO - Processed 538030 Already! Sorry Try another
[2024-10-18T15:58:51.844+0000] {logging_mixin.py:151} INFO - Processed 1170950 Already! Sorry Try another
[2024-10-18T15:58:51.845+0000] {logging_mixin.py:151} INFO - Processed 1217490 Already! Sorry Try another
[2024-10-18T15:58:51.846+0000] {logging_mixin.py:151} INFO - Processed 1264171 Already! Sorry Try another
[2024-10-18T15:58:51.846+0000] {logging_mixin.py:151} INFO - Processed 1270010 Already! Sorry Try another
[2024-10-18T15:58:51.847+0000] {logging_mixin.py:151} INFO - Processed 1351370 Already! Sorry Try another
[2024-10-18T15:58:51.848+0000] {logging_mixin.py:151} INFO - Processed 1392390 Already! Sorry Try another
[2024-10-18T15:58:51.849+0000] {logging_mixin.py:151} INFO - Processed 1437840 Already! Sorry Try another
[2024-10-18T15:58:51.850+0000] {logging_mixin.py:151} INFO - Processed 1474930 Already! Sorry Try another
[2024-10-18T15:58:51.851+0000] {logging_mixin.py:151} INFO - Processed 1480050 Already! Sorry Try another
[2024-10-18T15:58:51.852+0000] {logging_mixin.py:151} INFO - Processed 1513420 Already! Sorry Try another
[2024-10-18T15:58:51.853+0000] {logging_mixin.py:151} INFO - Processed 1682600 Already! Sorry Try another
[2024-10-18T15:58:51.854+0000] {logging_mixin.py:151} INFO - Processed 1832840 Already! Sorry Try another
[2024-10-18T15:58:51.855+0000] {logging_mixin.py:151} INFO - Processed 1840800 Already! Sorry Try another
[2024-10-18T15:58:51.855+0000] {logging_mixin.py:151} INFO - Processed 3012290 Already! Sorry Try another
[2024-10-18T15:58:51.856+0000] {logging_mixin.py:151} INFO - Processed 3080030 Already! Sorry Try another
[2024-10-18T15:58:51.857+0000] {logging_mixin.py:151} INFO - Processed 3226270 Already! Sorry Try another
[2024-10-18T15:58:51.858+0000] {logging_mixin.py:151} INFO - Processed 2191410 Already! Sorry Try another
[2024-10-18T15:58:51.859+0000] {logging_mixin.py:151} INFO - Processed 1653190 Already! Sorry Try another
[2024-10-18T15:58:51.860+0000] {logging_mixin.py:151} INFO - Processed 3280460 Already! Sorry Try another
[2024-10-18T15:58:51.860+0000] {logging_mixin.py:151} INFO - Processed 1211980 Already! Sorry Try another
[2024-10-18T15:58:51.861+0000] {logging_mixin.py:151} INFO - Fetching details for app ID: 1424230...
[2024-10-18T15:58:52.211+0000] {logging_mixin.py:151} INFO - Failed to get details for app ID: 1424230
[2024-10-18T15:58:52.213+0000] {logging_mixin.py:151} INFO - Processed 1584090 Already! Sorry Try another
[2024-10-18T15:58:52.213+0000] {logging_mixin.py:151} INFO - Processed 1607250 Already! Sorry Try another
[2024-10-18T15:58:52.214+0000] {logging_mixin.py:151} INFO - Processed 1786790 Already! Sorry Try another
[2024-10-18T15:58:52.215+0000] {logging_mixin.py:151} INFO - Processed 1830190 Already! Sorry Try another
[2024-10-18T15:58:52.215+0000] {logging_mixin.py:151} INFO - Processed 1905180 Already! Sorry Try another
[2024-10-18T15:58:52.216+0000] {logging_mixin.py:151} INFO - Processed 1911610 Already! Sorry Try another
[2024-10-18T15:58:52.217+0000] {logging_mixin.py:151} INFO - Processed 2015620 Already! Sorry Try another
[2024-10-18T15:58:52.217+0000] {logging_mixin.py:151} INFO - Processed 2064650 Already! Sorry Try another
[2024-10-18T15:58:52.218+0000] {logging_mixin.py:151} INFO - Processed 2075100 Already! Sorry Try another
[2024-10-18T15:58:52.218+0000] {logging_mixin.py:151} INFO - Processed 2114740 Already! Sorry Try another
[2024-10-18T15:58:52.219+0000] {logging_mixin.py:151} INFO - Processed 2236060 Already! Sorry Try another
[2024-10-18T15:58:52.219+0000] {logging_mixin.py:151} INFO - Processed 2316930 Already! Sorry Try another
[2024-10-18T15:58:52.220+0000] {logging_mixin.py:151} INFO - Processed 2341070 Already! Sorry Try another
[2024-10-18T15:58:52.220+0000] {logging_mixin.py:151} INFO - Processed 2359660 Already! Sorry Try another
[2024-10-18T15:58:52.221+0000] {logging_mixin.py:151} INFO - Processed 2401970 Already! Sorry Try another
[2024-10-18T15:58:52.221+0000] {logging_mixin.py:151} INFO - Processed 2566880 Already! Sorry Try another
[2024-10-18T15:58:52.222+0000] {logging_mixin.py:151} INFO - Processed 2645820 Already! Sorry Try another
[2024-10-18T15:58:52.222+0000] {logging_mixin.py:151} INFO - Fetching details for app ID: 2658770...
[2024-10-18T15:58:52.689+0000] {logging_mixin.py:151} INFO - Failed to get details for app ID: 2658770
[2024-10-18T15:58:52.691+0000] {logging_mixin.py:151} INFO - Processed 2751000 Already! Sorry Try another
[2024-10-18T15:58:52.691+0000] {logging_mixin.py:151} INFO - Processed 2807150 Already! Sorry Try another
[2024-10-18T15:58:52.692+0000] {logging_mixin.py:151} INFO - Processed 2990190 Already! Sorry Try another
[2024-10-18T15:58:52.693+0000] {logging_mixin.py:151} INFO - Processed 3051280 Already! Sorry Try another
[2024-10-18T15:58:52.693+0000] {logging_mixin.py:151} INFO - Processed 3080680 Already! Sorry Try another
[2024-10-18T15:58:52.694+0000] {logging_mixin.py:151} INFO - Processed 3084620 Already! Sorry Try another
[2024-10-18T15:58:52.695+0000] {logging_mixin.py:151} INFO - Processed 3156770 Already! Sorry Try another
[2024-10-18T15:58:52.695+0000] {logging_mixin.py:151} INFO - Processed 3192310 Already! Sorry Try another
[2024-10-18T15:58:52.696+0000] {logging_mixin.py:151} INFO - Processed 3217200 Already! Sorry Try another
[2024-10-18T15:58:52.696+0000] {logging_mixin.py:151} INFO - Processed 3227820 Already! Sorry Try another
[2024-10-18T15:58:52.697+0000] {logging_mixin.py:151} INFO - Processed 3231380 Already! Sorry Try another
[2024-10-18T15:58:52.697+0000] {logging_mixin.py:151} INFO - Processed 3283090 Already! Sorry Try another
[2024-10-18T15:58:52.698+0000] {logging_mixin.py:151} INFO - Processed 3292980 Already! Sorry Try another
[2024-10-18T15:58:52.698+0000] {logging_mixin.py:151} INFO - Processed 1000050 Already! Sorry Try another
[2024-10-18T15:58:52.699+0000] {logging_mixin.py:151} INFO - Processed 1213700 Already! Sorry Try another
[2024-10-18T15:58:52.699+0000] {logging_mixin.py:151} INFO - Processed 1245560 Already! Sorry Try another
[2024-10-18T15:58:52.700+0000] {logging_mixin.py:151} INFO - Processed 1272320 Already! Sorry Try another
[2024-10-18T15:58:52.700+0000] {logging_mixin.py:151} INFO - Processed 1375630 Already! Sorry Try another
[2024-10-18T15:58:52.701+0000] {logging_mixin.py:151} INFO - Processed 1418750 Already! Sorry Try another
[2024-10-18T15:58:52.702+0000] {logging_mixin.py:151} INFO - Processed 1554770 Already! Sorry Try another
[2024-10-18T15:58:52.702+0000] {logging_mixin.py:151} INFO - Processed 17510 Already! Sorry Try another
[2024-10-18T15:58:52.703+0000] {logging_mixin.py:151} INFO - Processed 372080 Already! Sorry Try another
[2024-10-18T15:58:52.703+0000] {logging_mixin.py:151} INFO - Processed 689760 Already! Sorry Try another
[2024-10-18T15:58:52.704+0000] {logging_mixin.py:151} INFO - Processed 2399830 Already! Sorry Try another
[2024-10-18T15:58:52.704+0000] {logging_mixin.py:151} INFO - Processed 3104680 Already! Sorry Try another
[2024-10-18T15:58:52.705+0000] {logging_mixin.py:151} INFO - Processed 1282270 Already! Sorry Try another
[2024-10-18T15:58:52.705+0000] {logging_mixin.py:151} INFO - Processed 2084360 Already! Sorry Try another
[2024-10-18T15:58:52.706+0000] {logging_mixin.py:151} INFO - Processed 3050 Already! Sorry Try another
[2024-10-18T15:58:52.706+0000] {logging_mixin.py:151} INFO - Processed 2488620 Already! Sorry Try another
[2024-10-18T15:58:52.707+0000] {logging_mixin.py:151} INFO - Processed 416000 Already! Sorry Try another
[2024-10-18T15:58:52.707+0000] {logging_mixin.py:151} INFO - Processed 2384580 Already! Sorry Try another
[2024-10-18T15:58:52.708+0000] {logging_mixin.py:151} INFO - Processed 3023930 Already! Sorry Try another
[2024-10-18T15:58:52.708+0000] {logging_mixin.py:151} INFO - Processed 3254600 Already! Sorry Try another
[2024-10-18T15:58:52.709+0000] {logging_mixin.py:151} INFO - Processed 1324780 Already! Sorry Try another
[2024-10-18T15:58:52.709+0000] {logging_mixin.py:151} INFO - Processed 1395520 Already! Sorry Try another
[2024-10-18T15:58:52.710+0000] {logging_mixin.py:151} INFO - Processed 2635410 Already! Sorry Try another
[2024-10-18T15:58:52.710+0000] {logging_mixin.py:151} INFO - Processed 3061810 Already! Sorry Try another
[2024-10-18T15:58:52.711+0000] {logging_mixin.py:151} INFO - Processed 1592190 Already! Sorry Try another
[2024-10-18T15:58:52.711+0000] {logging_mixin.py:151} INFO - Processed 3256520 Already! Sorry Try another
[2024-10-18T15:58:52.712+0000] {logging_mixin.py:151} INFO - Processed 1696810 Already! Sorry Try another
[2024-10-18T15:58:52.712+0000] {logging_mixin.py:151} INFO - Processed 2666580 Already! Sorry Try another
[2024-10-18T15:58:52.713+0000] {logging_mixin.py:151} INFO - Processed 3190930 Already! Sorry Try another
[2024-10-18T15:58:52.713+0000] {logging_mixin.py:151} INFO - Processed 714010 Already! Sorry Try another
[2024-10-18T15:58:52.714+0000] {logging_mixin.py:151} INFO - Processed 2407830 Already! Sorry Try another
[2024-10-18T15:58:52.714+0000] {logging_mixin.py:151} INFO - Processed 3173890 Already! Sorry Try another
[2024-10-18T15:58:52.715+0000] {logging_mixin.py:151} INFO - Processed 3204560 Already! Sorry Try another
[2024-10-18T15:58:52.715+0000] {logging_mixin.py:151} INFO - Processed 1845940 Already! Sorry Try another
[2024-10-18T15:58:52.716+0000] {logging_mixin.py:151} INFO - Processed 2169200 Already! Sorry Try another
[2024-10-18T15:58:52.716+0000] {logging_mixin.py:151} INFO - Processed 2315070 Already! Sorry Try another
[2024-10-18T15:58:52.717+0000] {logging_mixin.py:151} INFO - Processed 2624670 Already! Sorry Try another
[2024-10-18T15:58:52.717+0000] {logging_mixin.py:151} INFO - Processed 2875110 Already! Sorry Try another
[2024-10-18T15:58:52.717+0000] {logging_mixin.py:151} INFO - Processed 2485550 Already! Sorry Try another
[2024-10-18T15:58:52.718+0000] {logging_mixin.py:151} INFO - Processed 2678080 Already! Sorry Try another
[2024-10-18T15:58:52.718+0000] {logging_mixin.py:151} INFO - Processed 2730540 Already! Sorry Try another
[2024-10-18T15:58:52.719+0000] {logging_mixin.py:151} INFO - Processed 2678640 Already! Sorry Try another
[2024-10-18T15:58:52.719+0000] {logging_mixin.py:151} INFO - Processed 3254100 Already! Sorry Try another
[2024-10-18T15:58:52.719+0000] {logging_mixin.py:151} INFO - Processed 3248450 Already! Sorry Try another
[2024-10-18T15:58:52.720+0000] {logging_mixin.py:151} INFO - Processed 1702010 Already! Sorry Try another
[2024-10-18T15:58:52.721+0000] {logging_mixin.py:151} INFO - Processed 2863340 Already! Sorry Try another
[2024-10-18T15:58:52.721+0000] {logging_mixin.py:151} INFO - Processed 2367610 Already! Sorry Try another
[2024-10-18T15:58:52.721+0000] {logging_mixin.py:151} INFO - Processed 2605790 Already! Sorry Try another
[2024-10-18T15:58:52.722+0000] {logging_mixin.py:151} INFO - Processed 3234420 Already! Sorry Try another
[2024-10-18T15:58:52.722+0000] {logging_mixin.py:151} INFO - Processed 2386720 Already! Sorry Try another
[2024-10-18T15:58:52.722+0000] {logging_mixin.py:151} INFO - Processed 238430 Already! Sorry Try another
[2024-10-18T15:58:52.723+0000] {logging_mixin.py:151} INFO - Processed 407530 Already! Sorry Try another
[2024-10-18T15:58:52.723+0000] {logging_mixin.py:151} INFO - Processed 2510960 Already! Sorry Try another
[2024-10-18T15:58:52.724+0000] {logging_mixin.py:151} INFO - Processed 2819550 Already! Sorry Try another
[2024-10-18T15:58:52.724+0000] {logging_mixin.py:151} INFO - Processed 3101950 Already! Sorry Try another
[2024-10-18T15:58:52.724+0000] {logging_mixin.py:151} INFO - Processed 1371980 Already! Sorry Try another
[2024-10-18T15:58:52.725+0000] {logging_mixin.py:151} INFO - Processed 3020620 Already! Sorry Try another
[2024-10-18T15:58:52.725+0000] {logging_mixin.py:151} INFO - Processed 1452250 Already! Sorry Try another
[2024-10-18T15:58:52.726+0000] {logging_mixin.py:151} INFO - Processed 2710980 Already! Sorry Try another
[2024-10-18T15:58:52.726+0000] {logging_mixin.py:151} INFO - Processed 3249720 Already! Sorry Try another
[2024-10-18T15:58:52.726+0000] {logging_mixin.py:151} INFO - Processed 2524700 Already! Sorry Try another
[2024-10-18T15:58:52.727+0000] {logging_mixin.py:151} INFO - Processed 2796980 Already! Sorry Try another
[2024-10-18T15:58:52.727+0000] {logging_mixin.py:151} INFO - Processed 2192020 Already! Sorry Try another
[2024-10-18T15:58:52.727+0000] {logging_mixin.py:151} INFO - Processed 512900 Already! Sorry Try another
[2024-10-18T15:58:52.728+0000] {logging_mixin.py:151} INFO - Processed 3268100 Already! Sorry Try another
[2024-10-18T15:58:52.728+0000] {logging_mixin.py:151} INFO - Processed 2686820 Already! Sorry Try another
[2024-10-18T15:58:52.729+0000] {logging_mixin.py:151} INFO - Processed 1154670 Already! Sorry Try another
[2024-10-18T15:58:52.729+0000] {logging_mixin.py:151} INFO - Processed 3071520 Already! Sorry Try another
[2024-10-18T15:58:52.729+0000] {logging_mixin.py:151} INFO - Processed 2725560 Already! Sorry Try another
[2024-10-18T15:58:52.730+0000] {logging_mixin.py:151} INFO - Processed 3261860 Already! Sorry Try another
[2024-10-18T15:58:52.730+0000] {logging_mixin.py:151} INFO - Processed 3057460 Already! Sorry Try another
[2024-10-18T15:58:52.730+0000] {logging_mixin.py:151} INFO - Processed 3199180 Already! Sorry Try another
[2024-10-18T15:58:52.731+0000] {logging_mixin.py:151} INFO - Processed 1359270 Already! Sorry Try another
[2024-10-18T15:58:52.731+0000] {logging_mixin.py:151} INFO - Fetching details for app ID: 285049...
[2024-10-18T15:58:53.060+0000] {logging_mixin.py:151} INFO - Failed to get details for app ID: 285049
[2024-10-18T15:58:53.063+0000] {taskinstance.py:1935} ERROR - Task failed with exception
Traceback (most recent call last):
  File "/home/airflow/.local/lib/python3.9/site-packages/airflow/operators/python.py", line 192, in execute
    return_value = self.execute_callable()
  File "/home/airflow/.local/lib/python3.9/site-packages/airflow/operators/python.py", line 209, in execute_callable
    return self.python_callable(*self.op_args, **self.op_kwargs)
  File "/opt/airflow/pipelines/steam_pipeline.py", line 21, in steam_pipeline
    transform_data = transform_data(games_df)
UnboundLocalError: local variable 'transform_data' referenced before assignment
[2024-10-18T15:58:53.075+0000] {taskinstance.py:1398} INFO - Marking task as UP_FOR_RETRY. dag_id=etl_steam_pipeline, task_id=steam_extraction, execution_date=20241018T155845, start_date=20241018T155849, end_date=20241018T155853
[2024-10-18T15:58:53.090+0000] {standard_task_runner.py:104} ERROR - Failed to execute job 9 for task steam_extraction (local variable 'transform_data' referenced before assignment; 62)
[2024-10-18T15:58:53.100+0000] {local_task_job_runner.py:228} INFO - Task exited with return code 1
[2024-10-18T15:58:53.123+0000] {taskinstance.py:2776} INFO - 0 downstream tasks scheduled from follow-on schedule check
