[2024-10-18T16:03:57.336+0000] {taskinstance.py:1157} INFO - Dependencies all met for dep_context=non-requeueable deps ti=<TaskInstance: etl_steam_pipeline.steam_extraction manual__2024-10-18T15:58:45.154710+00:00 [queued]>
[2024-10-18T16:03:57.345+0000] {taskinstance.py:1157} INFO - Dependencies all met for dep_context=requeueable deps ti=<TaskInstance: etl_steam_pipeline.steam_extraction manual__2024-10-18T15:58:45.154710+00:00 [queued]>
[2024-10-18T16:03:57.345+0000] {taskinstance.py:1359} INFO - Starting attempt 2 of 4
[2024-10-18T16:03:57.358+0000] {taskinstance.py:1380} INFO - Executing <Task(PythonOperator): steam_extraction> on 2024-10-18 15:58:45.154710+00:00
[2024-10-18T16:03:57.363+0000] {standard_task_runner.py:57} INFO - Started process 68 to run task
[2024-10-18T16:03:57.367+0000] {standard_task_runner.py:84} INFO - Running: ['airflow', 'tasks', 'run', 'etl_steam_pipeline', 'steam_extraction', 'manual__2024-10-18T15:58:45.154710+00:00', '--job-id', '11', '--raw', '--subdir', 'DAGS_FOLDER/steam_dag.py', '--cfg-path', '/tmp/tmp_1big22f']
[2024-10-18T16:03:57.368+0000] {standard_task_runner.py:85} INFO - Job 11: Subtask steam_extraction
[2024-10-18T16:03:57.420+0000] {task_command.py:415} INFO - Running <TaskInstance: etl_steam_pipeline.steam_extraction manual__2024-10-18T15:58:45.154710+00:00 [running]> on host 6c0d6974ad20
[2024-10-18T16:03:57.495+0000] {taskinstance.py:1660} INFO - Exporting env vars: AIRFLOW_CTX_DAG_OWNER='Jordan Welborn' AIRFLOW_CTX_DAG_ID='etl_steam_pipeline' AIRFLOW_CTX_TASK_ID='steam_extraction' AIRFLOW_CTX_EXECUTION_DATE='2024-10-18T15:58:45.154710+00:00' AIRFLOW_CTX_TRY_NUMBER='2' AIRFLOW_CTX_DAG_RUN_ID='manual__2024-10-18T15:58:45.154710+00:00'
[2024-10-18T16:03:57.497+0000] {logging_mixin.py:151} INFO - Processed 2129810 Already! Sorry Try another
[2024-10-18T16:03:57.497+0000] {logging_mixin.py:151} INFO - Processed 2335800 Already! Sorry Try another
[2024-10-18T16:03:57.498+0000] {logging_mixin.py:151} INFO - Processed 986010 Already! Sorry Try another
[2024-10-18T16:03:57.498+0000] {logging_mixin.py:151} INFO - Processed 2097170 Already! Sorry Try another
[2024-10-18T16:03:57.499+0000] {logging_mixin.py:151} INFO - Processed 3155230 Already! Sorry Try another
[2024-10-18T16:03:57.499+0000] {logging_mixin.py:151} INFO - Processed 3213430 Already! Sorry Try another
[2024-10-18T16:03:57.499+0000] {logging_mixin.py:151} INFO - Processed 3282810 Already! Sorry Try another
[2024-10-18T16:03:57.500+0000] {logging_mixin.py:151} INFO - Processed 585420 Already! Sorry Try another
[2024-10-18T16:03:57.500+0000] {logging_mixin.py:151} INFO - Processed 1948280 Already! Sorry Try another
[2024-10-18T16:03:57.501+0000] {logging_mixin.py:151} INFO - Processed 3231920 Already! Sorry Try another
[2024-10-18T16:03:57.501+0000] {logging_mixin.py:151} INFO - Processed 1116170 Already! Sorry Try another
[2024-10-18T16:03:57.502+0000] {logging_mixin.py:151} INFO - Processed 3045050 Already! Sorry Try another
[2024-10-18T16:03:57.502+0000] {logging_mixin.py:151} INFO - Processed 2255370 Already! Sorry Try another
[2024-10-18T16:03:57.503+0000] {logging_mixin.py:151} INFO - Processed 941460 Already! Sorry Try another
[2024-10-18T16:03:57.503+0000] {logging_mixin.py:151} INFO - Processed 1520470 Already! Sorry Try another
[2024-10-18T16:03:57.503+0000] {logging_mixin.py:151} INFO - Processed 553780 Already! Sorry Try another
[2024-10-18T16:03:57.504+0000] {logging_mixin.py:151} INFO - Processed 308600 Already! Sorry Try another
[2024-10-18T16:03:57.504+0000] {logging_mixin.py:151} INFO - Processed 1459630 Already! Sorry Try another
[2024-10-18T16:03:57.505+0000] {logging_mixin.py:151} INFO - Processed 2319940 Already! Sorry Try another
[2024-10-18T16:03:57.505+0000] {logging_mixin.py:151} INFO - Processed 2139460 Already! Sorry Try another
[2024-10-18T16:03:57.505+0000] {logging_mixin.py:151} INFO - Processed 2334700 Already! Sorry Try another
[2024-10-18T16:03:57.506+0000] {logging_mixin.py:151} INFO - Processed 2399420 Already! Sorry Try another
[2024-10-18T16:03:57.506+0000] {logging_mixin.py:151} INFO - Processed 2999030 Already! Sorry Try another
[2024-10-18T16:03:57.507+0000] {logging_mixin.py:151} INFO - Fetching details for app ID: 258550...
[2024-10-18T16:03:57.838+0000] {logging_mixin.py:151} INFO - Failed to get details for app ID: 258550
[2024-10-18T16:03:57.839+0000] {logging_mixin.py:151} INFO - Processed 1851350 Already! Sorry Try another
[2024-10-18T16:03:57.840+0000] {logging_mixin.py:151} INFO - Processed 3018090 Already! Sorry Try another
[2024-10-18T16:03:57.840+0000] {logging_mixin.py:151} INFO - Processed 3271040 Already! Sorry Try another
[2024-10-18T16:03:57.841+0000] {logging_mixin.py:151} INFO - Processed 2266650 Already! Sorry Try another
[2024-10-18T16:03:57.841+0000] {logging_mixin.py:151} INFO - Processed 3198990 Already! Sorry Try another
[2024-10-18T16:03:57.842+0000] {logging_mixin.py:151} INFO - Processed 2082570 Already! Sorry Try another
[2024-10-18T16:03:57.842+0000] {logging_mixin.py:151} INFO - Fetching details for app ID: 1892930...
[2024-10-18T16:03:58.174+0000] {logging_mixin.py:151} INFO - Failed to get details for app ID: 1892930
[2024-10-18T16:03:58.175+0000] {logging_mixin.py:151} INFO - Processed 3277500 Already! Sorry Try another
[2024-10-18T16:03:58.176+0000] {logging_mixin.py:151} INFO - Processed 3061690 Already! Sorry Try another
[2024-10-18T16:03:58.177+0000] {logging_mixin.py:151} INFO - Processed 322330 Already! Sorry Try another
[2024-10-18T16:03:58.177+0000] {logging_mixin.py:151} INFO - Processed 3199170 Already! Sorry Try another
[2024-10-18T16:03:58.178+0000] {logging_mixin.py:151} INFO - Processed 1273100 Already! Sorry Try another
[2024-10-18T16:03:58.179+0000] {logging_mixin.py:151} INFO - Processed 3190970 Already! Sorry Try another
[2024-10-18T16:03:58.179+0000] {logging_mixin.py:151} INFO - Processed 1771300 Already! Sorry Try another
[2024-10-18T16:03:58.180+0000] {logging_mixin.py:151} INFO - Processed 2902720 Already! Sorry Try another
[2024-10-18T16:03:58.180+0000] {logging_mixin.py:151} INFO - Processed 1138640 Already! Sorry Try another
[2024-10-18T16:03:58.181+0000] {logging_mixin.py:151} INFO - Processed 2400840 Already! Sorry Try another
[2024-10-18T16:03:58.181+0000] {logging_mixin.py:151} INFO - Processed 1208170 Already! Sorry Try another
[2024-10-18T16:03:58.182+0000] {logging_mixin.py:151} INFO - Processed 2990080 Already! Sorry Try another
[2024-10-18T16:03:58.182+0000] {logging_mixin.py:151} INFO - Processed 2980550 Already! Sorry Try another
[2024-10-18T16:03:58.183+0000] {logging_mixin.py:151} INFO - Processed 2000890 Already! Sorry Try another
[2024-10-18T16:03:58.183+0000] {logging_mixin.py:151} INFO - Processed 2587840 Already! Sorry Try another
[2024-10-18T16:03:58.184+0000] {logging_mixin.py:151} INFO - Processed 2052040 Already! Sorry Try another
[2024-10-18T16:03:58.184+0000] {logging_mixin.py:151} INFO - Processed 3270630 Already! Sorry Try another
[2024-10-18T16:03:58.185+0000] {logging_mixin.py:151} INFO - Processed 3180930 Already! Sorry Try another
[2024-10-18T16:03:58.185+0000] {logging_mixin.py:151} INFO - Processed 949230 Already! Sorry Try another
[2024-10-18T16:03:58.186+0000] {logging_mixin.py:151} INFO - Processed 1128860 Already! Sorry Try another
[2024-10-18T16:03:58.186+0000] {logging_mixin.py:151} INFO - Processed 1428090 Already! Sorry Try another
[2024-10-18T16:03:58.187+0000] {logging_mixin.py:151} INFO - Processed 108600 Already! Sorry Try another
[2024-10-18T16:03:58.188+0000] {logging_mixin.py:151} INFO - Processed 1999520 Already! Sorry Try another
[2024-10-18T16:03:58.188+0000] {logging_mixin.py:151} INFO - Processed 3186690 Already! Sorry Try another
[2024-10-18T16:03:58.189+0000] {logging_mixin.py:151} INFO - Processed 1121560 Already! Sorry Try another
[2024-10-18T16:03:58.189+0000] {logging_mixin.py:151} INFO - Processed 1127660 Already! Sorry Try another
[2024-10-18T16:03:58.190+0000] {logging_mixin.py:151} INFO - Processed 1185810 Already! Sorry Try another
[2024-10-18T16:03:58.190+0000] {logging_mixin.py:151} INFO - Processed 1325730 Already! Sorry Try another
[2024-10-18T16:03:58.191+0000] {logging_mixin.py:151} INFO - Processed 1503170 Already! Sorry Try another
[2024-10-18T16:03:58.191+0000] {logging_mixin.py:151} INFO - Processed 1645220 Already! Sorry Try another
[2024-10-18T16:03:58.192+0000] {logging_mixin.py:151} INFO - Processed 1790600 Already! Sorry Try another
[2024-10-18T16:03:58.192+0000] {logging_mixin.py:151} INFO - Processed 1800860 Already! Sorry Try another
[2024-10-18T16:03:58.193+0000] {logging_mixin.py:151} INFO - Processed 1803450 Already! Sorry Try another
[2024-10-18T16:03:58.193+0000] {logging_mixin.py:151} INFO - Processed 1818450 Already! Sorry Try another
[2024-10-18T16:03:58.194+0000] {logging_mixin.py:151} INFO - Processed 1962700 Already! Sorry Try another
[2024-10-18T16:03:58.194+0000] {logging_mixin.py:151} INFO - Processed 1969650 Already! Sorry Try another
[2024-10-18T16:03:58.195+0000] {logging_mixin.py:151} INFO - Processed 1997470 Already! Sorry Try another
[2024-10-18T16:03:58.195+0000] {logging_mixin.py:151} INFO - Processed 2088250 Already! Sorry Try another
[2024-10-18T16:03:58.196+0000] {logging_mixin.py:151} INFO - Processed 2103140 Already! Sorry Try another
[2024-10-18T16:03:58.196+0000] {logging_mixin.py:151} INFO - Processed 2287960 Already! Sorry Try another
[2024-10-18T16:03:58.197+0000] {logging_mixin.py:151} INFO - Processed 2407270 Already! Sorry Try another
[2024-10-18T16:03:58.197+0000] {logging_mixin.py:151} INFO - Processed 2420660 Already! Sorry Try another
[2024-10-18T16:03:58.198+0000] {logging_mixin.py:151} INFO - Processed 2421350 Already! Sorry Try another
[2024-10-18T16:03:58.198+0000] {logging_mixin.py:151} INFO - Processed 2543180 Already! Sorry Try another
[2024-10-18T16:03:58.199+0000] {logging_mixin.py:151} INFO - Processed 2585830 Already! Sorry Try another
[2024-10-18T16:03:58.199+0000] {logging_mixin.py:151} INFO - Processed 2622000 Already! Sorry Try another
[2024-10-18T16:03:58.200+0000] {logging_mixin.py:151} INFO - Processed 2708950 Already! Sorry Try another
[2024-10-18T16:03:58.200+0000] {logging_mixin.py:151} INFO - Processed 3103040 Already! Sorry Try another
[2024-10-18T16:03:58.201+0000] {logging_mixin.py:151} INFO - Processed 3123410 Already! Sorry Try another
[2024-10-18T16:03:58.201+0000] {logging_mixin.py:151} INFO - Processed 3180170 Already! Sorry Try another
[2024-10-18T16:03:58.202+0000] {logging_mixin.py:151} INFO - Processed 3226570 Already! Sorry Try another
[2024-10-18T16:03:58.202+0000] {logging_mixin.py:151} INFO - Processed 3235910 Already! Sorry Try another
[2024-10-18T16:03:58.203+0000] {logging_mixin.py:151} INFO - Processed 3256070 Already! Sorry Try another
[2024-10-18T16:03:58.203+0000] {logging_mixin.py:151} INFO - Processed 3271530 Already! Sorry Try another
[2024-10-18T16:03:58.204+0000] {logging_mixin.py:151} INFO - Processed 1049320 Already! Sorry Try another
[2024-10-18T16:03:58.204+0000] {logging_mixin.py:151} INFO - Processed 499180 Already! Sorry Try another
[2024-10-18T16:03:58.205+0000] {logging_mixin.py:151} INFO - Processed 581320 Already! Sorry Try another
[2024-10-18T16:03:58.205+0000] {logging_mixin.py:151} INFO - Processed 787480 Already! Sorry Try another
[2024-10-18T16:03:58.206+0000] {logging_mixin.py:151} INFO - Processed 991270 Already! Sorry Try another
[2024-10-18T16:03:58.206+0000] {logging_mixin.py:151} INFO - Processed 1254320 Already! Sorry Try another
[2024-10-18T16:03:58.207+0000] {logging_mixin.py:151} INFO - Processed 2654540 Already! Sorry Try another
[2024-10-18T16:03:58.207+0000] {logging_mixin.py:151} INFO - Processed 3027940 Already! Sorry Try another
[2024-10-18T16:03:58.208+0000] {logging_mixin.py:151} INFO - Processed 3037030 Already! Sorry Try another
[2024-10-18T16:03:58.208+0000] {logging_mixin.py:151} INFO - Processed 3054770 Already! Sorry Try another
[2024-10-18T16:03:58.209+0000] {logging_mixin.py:151} INFO - Processed 3059840 Already! Sorry Try another
[2024-10-18T16:03:58.209+0000] {logging_mixin.py:151} INFO - Processed 3060080 Already! Sorry Try another
[2024-10-18T16:03:58.210+0000] {logging_mixin.py:151} INFO - Processed 3101770 Already! Sorry Try another
[2024-10-18T16:03:58.210+0000] {logging_mixin.py:151} INFO - Processed 3137120 Already! Sorry Try another
[2024-10-18T16:03:58.211+0000] {logging_mixin.py:151} INFO - Processed 3138330 Already! Sorry Try another
[2024-10-18T16:03:58.211+0000] {logging_mixin.py:151} INFO - Processed 3142540 Already! Sorry Try another
[2024-10-18T16:03:58.212+0000] {logging_mixin.py:151} INFO - Processed 3163250 Already! Sorry Try another
[2024-10-18T16:03:58.212+0000] {logging_mixin.py:151} INFO - Processed 3169100 Already! Sorry Try another
[2024-10-18T16:03:58.213+0000] {logging_mixin.py:151} INFO - Processed 3170420 Already! Sorry Try another
[2024-10-18T16:03:58.213+0000] {logging_mixin.py:151} INFO - Processed 3170430 Already! Sorry Try another
[2024-10-18T16:03:58.214+0000] {logging_mixin.py:151} INFO - Processed 3206520 Already! Sorry Try another
[2024-10-18T16:03:58.214+0000] {logging_mixin.py:151} INFO - Processed 3027620 Already! Sorry Try another
[2024-10-18T16:03:58.215+0000] {logging_mixin.py:151} INFO - Processed 2633080 Already! Sorry Try another
[2024-10-18T16:03:58.215+0000] {logging_mixin.py:151} INFO - Processed 1816140 Already! Sorry Try another
[2024-10-18T16:03:58.216+0000] {logging_mixin.py:151} INFO - Processed 3141870 Already! Sorry Try another
[2024-10-18T16:03:58.216+0000] {logging_mixin.py:151} INFO - Processed 1108740 Already! Sorry Try another
[2024-10-18T16:03:58.217+0000] {logging_mixin.py:151} INFO - Processed 1135960 Already! Sorry Try another
[2024-10-18T16:03:58.217+0000] {logging_mixin.py:151} INFO - Processed 1339340 Already! Sorry Try another
[2024-10-18T16:03:58.217+0000] {logging_mixin.py:151} INFO - Processed 3108720 Already! Sorry Try another
[2024-10-18T16:03:58.218+0000] {logging_mixin.py:151} INFO - Processed 3261060 Already! Sorry Try another
[2024-10-18T16:03:58.218+0000] {logging_mixin.py:151} INFO - Processed 792200 Already! Sorry Try another
[2024-10-18T16:03:58.219+0000] {logging_mixin.py:151} INFO - Processed 809090 Already! Sorry Try another
[2024-10-18T16:03:58.219+0000] {logging_mixin.py:151} INFO - Processed 874450 Already! Sorry Try another
[2024-10-18T16:03:58.220+0000] {logging_mixin.py:151} INFO - Processed 972200 Already! Sorry Try another
[2024-10-18T16:03:58.220+0000] {logging_mixin.py:151} INFO - Processed 3288690 Already! Sorry Try another
[2024-10-18T16:03:58.221+0000] {logging_mixin.py:151} INFO - Processed 2307350 Already! Sorry Try another
[2024-10-18T16:03:58.221+0000] {logging_mixin.py:151} INFO - Processed 3192760 Already! Sorry Try another
[2024-10-18T16:03:58.222+0000] {logging_mixin.py:151} INFO - Processed 451340 Already! Sorry Try another
[2024-10-18T16:03:58.222+0000] {logging_mixin.py:151} INFO - Processed 3187730 Already! Sorry Try another
[2024-10-18T16:03:58.223+0000] {logging_mixin.py:151} INFO - Processed 3088430 Already! Sorry Try another
[2024-10-18T16:03:58.223+0000] {logging_mixin.py:151} INFO - Processed 218230 Already! Sorry Try another
[2024-10-18T16:03:58.224+0000] {logging_mixin.py:151} INFO - Processed 294770 Already! Sorry Try another
[2024-10-18T16:03:58.224+0000] {logging_mixin.py:151} INFO - Processed 39660 Already! Sorry Try another
[2024-10-18T16:03:58.225+0000] {logging_mixin.py:151} INFO - Fetching details for app ID: 774941...
[2024-10-18T16:03:58.555+0000] {logging_mixin.py:151} INFO - Failed to get details for app ID: 774941
[2024-10-18T16:03:58.556+0000] {logging_mixin.py:151} INFO - Processed 589290 Already! Sorry Try another
[2024-10-18T16:03:58.556+0000] {logging_mixin.py:151} INFO - Processed 2543510 Already! Sorry Try another
[2024-10-18T16:03:58.557+0000] {logging_mixin.py:151} INFO - Processed 3263740 Already! Sorry Try another
[2024-10-18T16:03:58.557+0000] {logging_mixin.py:151} INFO - Processed 1116390 Already! Sorry Try another
[2024-10-18T16:03:58.558+0000] {logging_mixin.py:151} INFO - Processed 1200770 Already! Sorry Try another
[2024-10-18T16:03:58.558+0000] {logging_mixin.py:151} INFO - Fetching details for app ID: 1326030...
[2024-10-18T16:03:58.879+0000] {logging_mixin.py:151} INFO - Failed to get details for app ID: 1326030
[2024-10-18T16:03:58.881+0000] {logging_mixin.py:151} INFO - Processed 1603640 Already! Sorry Try another
[2024-10-18T16:03:58.881+0000] {logging_mixin.py:151} INFO - Fetching details for app ID: 2051010...
[2024-10-18T16:03:59.200+0000] {logging_mixin.py:151} INFO - Failed to get details for app ID: 2051010
[2024-10-18T16:03:59.201+0000] {logging_mixin.py:151} INFO - Processed 2108330 Already! Sorry Try another
[2024-10-18T16:03:59.202+0000] {logging_mixin.py:151} INFO - Processed 2116120 Already! Sorry Try another
[2024-10-18T16:03:59.202+0000] {logging_mixin.py:151} INFO - Processed 2184350 Already! Sorry Try another
[2024-10-18T16:03:59.203+0000] {logging_mixin.py:151} INFO - Processed 2305760 Already! Sorry Try another
[2024-10-18T16:03:59.203+0000] {logging_mixin.py:151} INFO - Processed 2395260 Already! Sorry Try another
[2024-10-18T16:03:59.204+0000] {logging_mixin.py:151} INFO - Processed 2500160 Already! Sorry Try another
[2024-10-18T16:03:59.204+0000] {logging_mixin.py:151} INFO - Processed 2529080 Already! Sorry Try another
[2024-10-18T16:03:59.205+0000] {logging_mixin.py:151} INFO - Processed 2570210 Already! Sorry Try another
[2024-10-18T16:03:59.205+0000] {logging_mixin.py:151} INFO - Processed 2576020 Already! Sorry Try another
[2024-10-18T16:03:59.205+0000] {logging_mixin.py:151} INFO - Processed 2582560 Already! Sorry Try another
[2024-10-18T16:03:59.206+0000] {logging_mixin.py:151} INFO - Processed 2716120 Already! Sorry Try another
[2024-10-18T16:03:59.206+0000] {logging_mixin.py:151} INFO - Processed 2716820 Already! Sorry Try another
[2024-10-18T16:03:59.207+0000] {logging_mixin.py:151} INFO - Processed 2719030 Already! Sorry Try another
[2024-10-18T16:03:59.207+0000] {logging_mixin.py:151} INFO - Processed 2803360 Already! Sorry Try another
[2024-10-18T16:03:59.208+0000] {logging_mixin.py:151} INFO - Processed 3207390 Already! Sorry Try another
[2024-10-18T16:03:59.208+0000] {logging_mixin.py:151} INFO - Processed 538030 Already! Sorry Try another
[2024-10-18T16:03:59.208+0000] {logging_mixin.py:151} INFO - Processed 1170950 Already! Sorry Try another
[2024-10-18T16:03:59.209+0000] {logging_mixin.py:151} INFO - Processed 1217490 Already! Sorry Try another
[2024-10-18T16:03:59.209+0000] {logging_mixin.py:151} INFO - Processed 1264171 Already! Sorry Try another
[2024-10-18T16:03:59.210+0000] {logging_mixin.py:151} INFO - Processed 1270010 Already! Sorry Try another
[2024-10-18T16:03:59.210+0000] {logging_mixin.py:151} INFO - Processed 1351370 Already! Sorry Try another
[2024-10-18T16:03:59.211+0000] {logging_mixin.py:151} INFO - Processed 1392390 Already! Sorry Try another
[2024-10-18T16:03:59.211+0000] {logging_mixin.py:151} INFO - Processed 1437840 Already! Sorry Try another
[2024-10-18T16:03:59.211+0000] {logging_mixin.py:151} INFO - Processed 1474930 Already! Sorry Try another
[2024-10-18T16:03:59.212+0000] {logging_mixin.py:151} INFO - Processed 1480050 Already! Sorry Try another
[2024-10-18T16:03:59.212+0000] {logging_mixin.py:151} INFO - Processed 1513420 Already! Sorry Try another
[2024-10-18T16:03:59.213+0000] {logging_mixin.py:151} INFO - Processed 1682600 Already! Sorry Try another
[2024-10-18T16:03:59.213+0000] {logging_mixin.py:151} INFO - Processed 1832840 Already! Sorry Try another
[2024-10-18T16:03:59.213+0000] {logging_mixin.py:151} INFO - Processed 1840800 Already! Sorry Try another
[2024-10-18T16:03:59.214+0000] {logging_mixin.py:151} INFO - Processed 3012290 Already! Sorry Try another
[2024-10-18T16:03:59.214+0000] {logging_mixin.py:151} INFO - Processed 3080030 Already! Sorry Try another
[2024-10-18T16:03:59.215+0000] {logging_mixin.py:151} INFO - Processed 3226270 Already! Sorry Try another
[2024-10-18T16:03:59.215+0000] {logging_mixin.py:151} INFO - Processed 2191410 Already! Sorry Try another
[2024-10-18T16:03:59.215+0000] {logging_mixin.py:151} INFO - Processed 1653190 Already! Sorry Try another
[2024-10-18T16:03:59.216+0000] {logging_mixin.py:151} INFO - Processed 3280460 Already! Sorry Try another
[2024-10-18T16:03:59.216+0000] {logging_mixin.py:151} INFO - Processed 1211980 Already! Sorry Try another
[2024-10-18T16:03:59.217+0000] {logging_mixin.py:151} INFO - Fetching details for app ID: 1424230...
[2024-10-18T16:03:59.545+0000] {logging_mixin.py:151} INFO - Failed to get details for app ID: 1424230
[2024-10-18T16:03:59.548+0000] {logging_mixin.py:151} INFO - Processed 1584090 Already! Sorry Try another
[2024-10-18T16:03:59.549+0000] {logging_mixin.py:151} INFO - Processed 1607250 Already! Sorry Try another
[2024-10-18T16:03:59.549+0000] {logging_mixin.py:151} INFO - Processed 1786790 Already! Sorry Try another
[2024-10-18T16:03:59.550+0000] {logging_mixin.py:151} INFO - Processed 1830190 Already! Sorry Try another
[2024-10-18T16:03:59.551+0000] {logging_mixin.py:151} INFO - Processed 1905180 Already! Sorry Try another
[2024-10-18T16:03:59.551+0000] {logging_mixin.py:151} INFO - Processed 1911610 Already! Sorry Try another
[2024-10-18T16:03:59.552+0000] {logging_mixin.py:151} INFO - Processed 2015620 Already! Sorry Try another
[2024-10-18T16:03:59.552+0000] {logging_mixin.py:151} INFO - Processed 2064650 Already! Sorry Try another
[2024-10-18T16:03:59.553+0000] {logging_mixin.py:151} INFO - Processed 2075100 Already! Sorry Try another
[2024-10-18T16:03:59.553+0000] {logging_mixin.py:151} INFO - Processed 2114740 Already! Sorry Try another
[2024-10-18T16:03:59.554+0000] {logging_mixin.py:151} INFO - Processed 2236060 Already! Sorry Try another
[2024-10-18T16:03:59.555+0000] {logging_mixin.py:151} INFO - Processed 2316930 Already! Sorry Try another
[2024-10-18T16:03:59.555+0000] {logging_mixin.py:151} INFO - Processed 2341070 Already! Sorry Try another
[2024-10-18T16:03:59.556+0000] {logging_mixin.py:151} INFO - Processed 2359660 Already! Sorry Try another
[2024-10-18T16:03:59.556+0000] {logging_mixin.py:151} INFO - Processed 2401970 Already! Sorry Try another
[2024-10-18T16:03:59.557+0000] {logging_mixin.py:151} INFO - Processed 2566880 Already! Sorry Try another
[2024-10-18T16:03:59.557+0000] {logging_mixin.py:151} INFO - Processed 2645820 Already! Sorry Try another
[2024-10-18T16:03:59.558+0000] {logging_mixin.py:151} INFO - Fetching details for app ID: 2658770...
[2024-10-18T16:03:59.881+0000] {logging_mixin.py:151} INFO - Failed to get details for app ID: 2658770
[2024-10-18T16:03:59.883+0000] {logging_mixin.py:151} INFO - Processed 2751000 Already! Sorry Try another
[2024-10-18T16:03:59.883+0000] {logging_mixin.py:151} INFO - Processed 2807150 Already! Sorry Try another
[2024-10-18T16:03:59.884+0000] {logging_mixin.py:151} INFO - Processed 2990190 Already! Sorry Try another
[2024-10-18T16:03:59.884+0000] {logging_mixin.py:151} INFO - Processed 3051280 Already! Sorry Try another
[2024-10-18T16:03:59.885+0000] {logging_mixin.py:151} INFO - Processed 3080680 Already! Sorry Try another
[2024-10-18T16:03:59.885+0000] {logging_mixin.py:151} INFO - Processed 3084620 Already! Sorry Try another
[2024-10-18T16:03:59.886+0000] {logging_mixin.py:151} INFO - Processed 3156770 Already! Sorry Try another
[2024-10-18T16:03:59.887+0000] {logging_mixin.py:151} INFO - Processed 3192310 Already! Sorry Try another
[2024-10-18T16:03:59.887+0000] {logging_mixin.py:151} INFO - Processed 3217200 Already! Sorry Try another
[2024-10-18T16:03:59.888+0000] {logging_mixin.py:151} INFO - Processed 3227820 Already! Sorry Try another
[2024-10-18T16:03:59.888+0000] {logging_mixin.py:151} INFO - Processed 3231380 Already! Sorry Try another
[2024-10-18T16:03:59.889+0000] {logging_mixin.py:151} INFO - Processed 3283090 Already! Sorry Try another
[2024-10-18T16:03:59.889+0000] {logging_mixin.py:151} INFO - Processed 3292980 Already! Sorry Try another
[2024-10-18T16:03:59.890+0000] {logging_mixin.py:151} INFO - Processed 1000050 Already! Sorry Try another
[2024-10-18T16:03:59.890+0000] {logging_mixin.py:151} INFO - Processed 1213700 Already! Sorry Try another
[2024-10-18T16:03:59.891+0000] {logging_mixin.py:151} INFO - Processed 1245560 Already! Sorry Try another
[2024-10-18T16:03:59.891+0000] {logging_mixin.py:151} INFO - Processed 1272320 Already! Sorry Try another
[2024-10-18T16:03:59.892+0000] {logging_mixin.py:151} INFO - Processed 1375630 Already! Sorry Try another
[2024-10-18T16:03:59.892+0000] {logging_mixin.py:151} INFO - Processed 1418750 Already! Sorry Try another
[2024-10-18T16:03:59.893+0000] {logging_mixin.py:151} INFO - Processed 1554770 Already! Sorry Try another
[2024-10-18T16:03:59.893+0000] {logging_mixin.py:151} INFO - Processed 17510 Already! Sorry Try another
[2024-10-18T16:03:59.894+0000] {logging_mixin.py:151} INFO - Processed 372080 Already! Sorry Try another
[2024-10-18T16:03:59.894+0000] {logging_mixin.py:151} INFO - Processed 689760 Already! Sorry Try another
[2024-10-18T16:03:59.895+0000] {logging_mixin.py:151} INFO - Processed 2399830 Already! Sorry Try another
[2024-10-18T16:03:59.895+0000] {logging_mixin.py:151} INFO - Processed 3104680 Already! Sorry Try another
[2024-10-18T16:03:59.896+0000] {logging_mixin.py:151} INFO - Processed 1282270 Already! Sorry Try another
[2024-10-18T16:03:59.896+0000] {logging_mixin.py:151} INFO - Processed 2084360 Already! Sorry Try another
[2024-10-18T16:03:59.897+0000] {logging_mixin.py:151} INFO - Processed 3050 Already! Sorry Try another
[2024-10-18T16:03:59.897+0000] {logging_mixin.py:151} INFO - Processed 2488620 Already! Sorry Try another
[2024-10-18T16:03:59.898+0000] {logging_mixin.py:151} INFO - Processed 416000 Already! Sorry Try another
[2024-10-18T16:03:59.898+0000] {logging_mixin.py:151} INFO - Processed 2384580 Already! Sorry Try another
[2024-10-18T16:03:59.899+0000] {logging_mixin.py:151} INFO - Processed 3023930 Already! Sorry Try another
[2024-10-18T16:03:59.899+0000] {logging_mixin.py:151} INFO - Processed 3254600 Already! Sorry Try another
[2024-10-18T16:03:59.900+0000] {logging_mixin.py:151} INFO - Processed 1324780 Already! Sorry Try another
[2024-10-18T16:03:59.900+0000] {logging_mixin.py:151} INFO - Processed 1395520 Already! Sorry Try another
[2024-10-18T16:03:59.901+0000] {logging_mixin.py:151} INFO - Processed 2635410 Already! Sorry Try another
[2024-10-18T16:03:59.901+0000] {logging_mixin.py:151} INFO - Processed 3061810 Already! Sorry Try another
[2024-10-18T16:03:59.902+0000] {logging_mixin.py:151} INFO - Processed 1592190 Already! Sorry Try another
[2024-10-18T16:03:59.902+0000] {logging_mixin.py:151} INFO - Processed 3256520 Already! Sorry Try another
[2024-10-18T16:03:59.903+0000] {logging_mixin.py:151} INFO - Processed 1696810 Already! Sorry Try another
[2024-10-18T16:03:59.903+0000] {logging_mixin.py:151} INFO - Processed 2666580 Already! Sorry Try another
[2024-10-18T16:03:59.904+0000] {logging_mixin.py:151} INFO - Processed 3190930 Already! Sorry Try another
[2024-10-18T16:03:59.904+0000] {logging_mixin.py:151} INFO - Processed 714010 Already! Sorry Try another
[2024-10-18T16:03:59.905+0000] {logging_mixin.py:151} INFO - Processed 2407830 Already! Sorry Try another
[2024-10-18T16:03:59.905+0000] {logging_mixin.py:151} INFO - Processed 3173890 Already! Sorry Try another
[2024-10-18T16:03:59.906+0000] {logging_mixin.py:151} INFO - Processed 3204560 Already! Sorry Try another
[2024-10-18T16:03:59.906+0000] {logging_mixin.py:151} INFO - Processed 1845940 Already! Sorry Try another
[2024-10-18T16:03:59.907+0000] {logging_mixin.py:151} INFO - Processed 2169200 Already! Sorry Try another
[2024-10-18T16:03:59.907+0000] {logging_mixin.py:151} INFO - Processed 2315070 Already! Sorry Try another
[2024-10-18T16:03:59.908+0000] {logging_mixin.py:151} INFO - Processed 2624670 Already! Sorry Try another
[2024-10-18T16:03:59.908+0000] {logging_mixin.py:151} INFO - Processed 2875110 Already! Sorry Try another
[2024-10-18T16:03:59.909+0000] {logging_mixin.py:151} INFO - Processed 2485550 Already! Sorry Try another
[2024-10-18T16:03:59.909+0000] {logging_mixin.py:151} INFO - Processed 2678080 Already! Sorry Try another
[2024-10-18T16:03:59.910+0000] {logging_mixin.py:151} INFO - Processed 2730540 Already! Sorry Try another
[2024-10-18T16:03:59.910+0000] {logging_mixin.py:151} INFO - Processed 2678640 Already! Sorry Try another
[2024-10-18T16:03:59.911+0000] {logging_mixin.py:151} INFO - Processed 3254100 Already! Sorry Try another
[2024-10-18T16:03:59.911+0000] {logging_mixin.py:151} INFO - Processed 3248450 Already! Sorry Try another
[2024-10-18T16:03:59.912+0000] {logging_mixin.py:151} INFO - Processed 1702010 Already! Sorry Try another
[2024-10-18T16:03:59.912+0000] {logging_mixin.py:151} INFO - Processed 2863340 Already! Sorry Try another
[2024-10-18T16:03:59.913+0000] {logging_mixin.py:151} INFO - Processed 2367610 Already! Sorry Try another
[2024-10-18T16:03:59.913+0000] {logging_mixin.py:151} INFO - Processed 2605790 Already! Sorry Try another
[2024-10-18T16:03:59.914+0000] {logging_mixin.py:151} INFO - Processed 3234420 Already! Sorry Try another
[2024-10-18T16:03:59.915+0000] {logging_mixin.py:151} INFO - Processed 2386720 Already! Sorry Try another
[2024-10-18T16:03:59.915+0000] {logging_mixin.py:151} INFO - Processed 238430 Already! Sorry Try another
[2024-10-18T16:03:59.916+0000] {logging_mixin.py:151} INFO - Processed 407530 Already! Sorry Try another
[2024-10-18T16:03:59.916+0000] {logging_mixin.py:151} INFO - Processed 2510960 Already! Sorry Try another
[2024-10-18T16:03:59.916+0000] {logging_mixin.py:151} INFO - Processed 2819550 Already! Sorry Try another
[2024-10-18T16:03:59.917+0000] {logging_mixin.py:151} INFO - Processed 3101950 Already! Sorry Try another
[2024-10-18T16:03:59.917+0000] {logging_mixin.py:151} INFO - Processed 1371980 Already! Sorry Try another
[2024-10-18T16:03:59.918+0000] {logging_mixin.py:151} INFO - Processed 3020620 Already! Sorry Try another
[2024-10-18T16:03:59.918+0000] {logging_mixin.py:151} INFO - Processed 1452250 Already! Sorry Try another
[2024-10-18T16:03:59.919+0000] {logging_mixin.py:151} INFO - Processed 2710980 Already! Sorry Try another
[2024-10-18T16:03:59.920+0000] {logging_mixin.py:151} INFO - Processed 3249720 Already! Sorry Try another
[2024-10-18T16:03:59.920+0000] {logging_mixin.py:151} INFO - Processed 2524700 Already! Sorry Try another
[2024-10-18T16:03:59.921+0000] {logging_mixin.py:151} INFO - Processed 2796980 Already! Sorry Try another
[2024-10-18T16:03:59.921+0000] {logging_mixin.py:151} INFO - Processed 2192020 Already! Sorry Try another
[2024-10-18T16:03:59.922+0000] {logging_mixin.py:151} INFO - Processed 512900 Already! Sorry Try another
[2024-10-18T16:03:59.922+0000] {logging_mixin.py:151} INFO - Processed 3268100 Already! Sorry Try another
[2024-10-18T16:03:59.923+0000] {logging_mixin.py:151} INFO - Processed 2686820 Already! Sorry Try another
[2024-10-18T16:03:59.924+0000] {logging_mixin.py:151} INFO - Processed 1154670 Already! Sorry Try another
[2024-10-18T16:03:59.924+0000] {logging_mixin.py:151} INFO - Processed 3071520 Already! Sorry Try another
[2024-10-18T16:03:59.925+0000] {logging_mixin.py:151} INFO - Processed 2725560 Already! Sorry Try another
[2024-10-18T16:03:59.925+0000] {logging_mixin.py:151} INFO - Processed 3261860 Already! Sorry Try another
[2024-10-18T16:03:59.926+0000] {logging_mixin.py:151} INFO - Processed 3057460 Already! Sorry Try another
[2024-10-18T16:03:59.926+0000] {logging_mixin.py:151} INFO - Processed 3199180 Already! Sorry Try another
[2024-10-18T16:03:59.927+0000] {logging_mixin.py:151} INFO - Processed 1359270 Already! Sorry Try another
[2024-10-18T16:03:59.927+0000] {logging_mixin.py:151} INFO - Fetching details for app ID: 285049...
[2024-10-18T16:04:00.258+0000] {logging_mixin.py:151} INFO - Failed to get details for app ID: 285049
[2024-10-18T16:04:00.260+0000] {taskinstance.py:1935} ERROR - Task failed with exception
Traceback (most recent call last):
  File "/home/airflow/.local/lib/python3.9/site-packages/airflow/operators/python.py", line 192, in execute
    return_value = self.execute_callable()
  File "/home/airflow/.local/lib/python3.9/site-packages/airflow/operators/python.py", line 209, in execute_callable
    return self.python_callable(*self.op_args, **self.op_kwargs)
  File "/opt/airflow/pipelines/steam_pipeline.py", line 21, in steam_pipeline
    transform_data = transform_data(games_df)
UnboundLocalError: local variable 'transform_data' referenced before assignment
[2024-10-18T16:04:00.272+0000] {taskinstance.py:1398} INFO - Marking task as UP_FOR_RETRY. dag_id=etl_steam_pipeline, task_id=steam_extraction, execution_date=20241018T155845, start_date=20241018T160357, end_date=20241018T160400
[2024-10-18T16:04:00.286+0000] {standard_task_runner.py:104} ERROR - Failed to execute job 11 for task steam_extraction (local variable 'transform_data' referenced before assignment; 68)
[2024-10-18T16:04:00.336+0000] {local_task_job_runner.py:228} INFO - Task exited with return code 1
[2024-10-18T16:04:00.358+0000] {taskinstance.py:2776} INFO - 0 downstream tasks scheduled from follow-on schedule check
