[2024-11-04T06:48:54.649+0000] {processor.py:157} INFO - Started process (PID=27) to work on /opt/airflow/dags/steam_dag.py
[2024-11-04T06:48:54.650+0000] {processor.py:829} INFO - Processing file /opt/airflow/dags/steam_dag.py for tasks to queue
[2024-11-04T06:48:54.651+0000] {logging_mixin.py:151} INFO - [2024-11-04T06:48:54.651+0000] {dagbag.py:539} INFO - Filling up the DagBag from /opt/airflow/dags/steam_dag.py
[2024-11-04T06:48:54.682+0000] {logging_mixin.py:151} INFO - [2024-11-04T06:48:54.679+0000] {dagbag.py:347} ERROR - Failed to import: /opt/airflow/dags/steam_dag.py
Traceback (most recent call last):
  File "/home/airflow/.local/lib/python3.9/site-packages/airflow/models/dagbag.py", line 343, in parse
    loader.exec_module(new_module)
  File "<frozen importlib._bootstrap_external>", line 850, in exec_module
  File "<frozen importlib._bootstrap>", line 228, in _call_with_frames_removed
  File "/opt/airflow/dags/steam_dag.py", line 9, in <module>
    from game_pipeline import extract_data,load_data
ModuleNotFoundError: No module named 'game_pipeline'
[2024-11-04T06:48:54.683+0000] {processor.py:841} WARNING - No viable dags retrieved from /opt/airflow/dags/steam_dag.py
[2024-11-04T06:48:54.703+0000] {processor.py:179} INFO - Processing /opt/airflow/dags/steam_dag.py took 0.056 seconds
[2024-11-04T06:49:25.625+0000] {processor.py:157} INFO - Started process (PID=28) to work on /opt/airflow/dags/steam_dag.py
[2024-11-04T06:49:25.625+0000] {processor.py:829} INFO - Processing file /opt/airflow/dags/steam_dag.py for tasks to queue
[2024-11-04T06:49:25.626+0000] {logging_mixin.py:151} INFO - [2024-11-04T06:49:25.626+0000] {dagbag.py:539} INFO - Filling up the DagBag from /opt/airflow/dags/steam_dag.py
[2024-11-04T06:49:25.644+0000] {logging_mixin.py:151} INFO - [2024-11-04T06:49:25.641+0000] {dagbag.py:347} ERROR - Failed to import: /opt/airflow/dags/steam_dag.py
Traceback (most recent call last):
  File "/home/airflow/.local/lib/python3.9/site-packages/airflow/models/dagbag.py", line 343, in parse
    loader.exec_module(new_module)
  File "<frozen importlib._bootstrap_external>", line 850, in exec_module
  File "<frozen importlib._bootstrap>", line 228, in _call_with_frames_removed
  File "/opt/airflow/dags/steam_dag.py", line 9, in <module>
    from game_pipeline import extract_data,load_data
ModuleNotFoundError: No module named 'game_pipeline'
[2024-11-04T06:49:25.646+0000] {processor.py:841} WARNING - No viable dags retrieved from /opt/airflow/dags/steam_dag.py
[2024-11-04T06:49:25.663+0000] {processor.py:179} INFO - Processing /opt/airflow/dags/steam_dag.py took 0.041 seconds
[2024-11-04T06:49:55.698+0000] {processor.py:157} INFO - Started process (PID=29) to work on /opt/airflow/dags/steam_dag.py
[2024-11-04T06:49:55.699+0000] {processor.py:829} INFO - Processing file /opt/airflow/dags/steam_dag.py for tasks to queue
[2024-11-04T06:49:55.700+0000] {logging_mixin.py:151} INFO - [2024-11-04T06:49:55.700+0000] {dagbag.py:539} INFO - Filling up the DagBag from /opt/airflow/dags/steam_dag.py
[2024-11-04T06:49:55.718+0000] {logging_mixin.py:151} INFO - [2024-11-04T06:49:55.714+0000] {dagbag.py:347} ERROR - Failed to import: /opt/airflow/dags/steam_dag.py
Traceback (most recent call last):
  File "/home/airflow/.local/lib/python3.9/site-packages/airflow/models/dagbag.py", line 343, in parse
    loader.exec_module(new_module)
  File "<frozen importlib._bootstrap_external>", line 850, in exec_module
  File "<frozen importlib._bootstrap>", line 228, in _call_with_frames_removed
  File "/opt/airflow/dags/steam_dag.py", line 9, in <module>
    from game_pipeline import extract_data,load_data
ModuleNotFoundError: No module named 'game_pipeline'
[2024-11-04T06:49:55.720+0000] {processor.py:841} WARNING - No viable dags retrieved from /opt/airflow/dags/steam_dag.py
[2024-11-04T06:49:55.738+0000] {processor.py:179} INFO - Processing /opt/airflow/dags/steam_dag.py took 0.042 seconds
[2024-11-04T06:50:26.739+0000] {processor.py:157} INFO - Started process (PID=30) to work on /opt/airflow/dags/steam_dag.py
[2024-11-04T06:50:26.740+0000] {processor.py:829} INFO - Processing file /opt/airflow/dags/steam_dag.py for tasks to queue
[2024-11-04T06:50:26.741+0000] {logging_mixin.py:151} INFO - [2024-11-04T06:50:26.741+0000] {dagbag.py:539} INFO - Filling up the DagBag from /opt/airflow/dags/steam_dag.py
[2024-11-04T06:50:26.759+0000] {logging_mixin.py:151} INFO - [2024-11-04T06:50:26.756+0000] {dagbag.py:347} ERROR - Failed to import: /opt/airflow/dags/steam_dag.py
Traceback (most recent call last):
  File "/home/airflow/.local/lib/python3.9/site-packages/airflow/models/dagbag.py", line 343, in parse
    loader.exec_module(new_module)
  File "<frozen importlib._bootstrap_external>", line 850, in exec_module
  File "<frozen importlib._bootstrap>", line 228, in _call_with_frames_removed
  File "/opt/airflow/dags/steam_dag.py", line 9, in <module>
    from game_pipeline import extract_data,load_data
ModuleNotFoundError: No module named 'game_pipeline'
[2024-11-04T06:50:26.760+0000] {processor.py:841} WARNING - No viable dags retrieved from /opt/airflow/dags/steam_dag.py
[2024-11-04T06:50:26.777+0000] {processor.py:179} INFO - Processing /opt/airflow/dags/steam_dag.py took 0.040 seconds
[2024-11-04T06:50:57.698+0000] {processor.py:157} INFO - Started process (PID=31) to work on /opt/airflow/dags/steam_dag.py
[2024-11-04T06:50:57.698+0000] {processor.py:829} INFO - Processing file /opt/airflow/dags/steam_dag.py for tasks to queue
[2024-11-04T06:50:57.699+0000] {logging_mixin.py:151} INFO - [2024-11-04T06:50:57.699+0000] {dagbag.py:539} INFO - Filling up the DagBag from /opt/airflow/dags/steam_dag.py
[2024-11-04T06:50:57.720+0000] {logging_mixin.py:151} INFO - [2024-11-04T06:50:57.716+0000] {dagbag.py:347} ERROR - Failed to import: /opt/airflow/dags/steam_dag.py
Traceback (most recent call last):
  File "/home/airflow/.local/lib/python3.9/site-packages/airflow/models/dagbag.py", line 343, in parse
    loader.exec_module(new_module)
  File "<frozen importlib._bootstrap_external>", line 850, in exec_module
  File "<frozen importlib._bootstrap>", line 228, in _call_with_frames_removed
  File "/opt/airflow/dags/steam_dag.py", line 9, in <module>
    from game_pipeline import extract_data,load_data
ModuleNotFoundError: No module named 'game_pipeline'
[2024-11-04T06:50:57.721+0000] {processor.py:841} WARNING - No viable dags retrieved from /opt/airflow/dags/steam_dag.py
[2024-11-04T06:50:57.739+0000] {processor.py:179} INFO - Processing /opt/airflow/dags/steam_dag.py took 0.044 seconds
[2024-11-04T06:51:28.712+0000] {processor.py:157} INFO - Started process (PID=32) to work on /opt/airflow/dags/steam_dag.py
[2024-11-04T06:51:28.713+0000] {processor.py:829} INFO - Processing file /opt/airflow/dags/steam_dag.py for tasks to queue
[2024-11-04T06:51:28.714+0000] {logging_mixin.py:151} INFO - [2024-11-04T06:51:28.714+0000] {dagbag.py:539} INFO - Filling up the DagBag from /opt/airflow/dags/steam_dag.py
[2024-11-04T06:51:28.732+0000] {logging_mixin.py:151} INFO - [2024-11-04T06:51:28.729+0000] {dagbag.py:347} ERROR - Failed to import: /opt/airflow/dags/steam_dag.py
Traceback (most recent call last):
  File "/home/airflow/.local/lib/python3.9/site-packages/airflow/models/dagbag.py", line 343, in parse
    loader.exec_module(new_module)
  File "<frozen importlib._bootstrap_external>", line 850, in exec_module
  File "<frozen importlib._bootstrap>", line 228, in _call_with_frames_removed
  File "/opt/airflow/dags/steam_dag.py", line 9, in <module>
    from game_pipeline import extract_data,load_data
ModuleNotFoundError: No module named 'game_pipeline'
[2024-11-04T06:51:28.733+0000] {processor.py:841} WARNING - No viable dags retrieved from /opt/airflow/dags/steam_dag.py
[2024-11-04T06:51:28.751+0000] {processor.py:179} INFO - Processing /opt/airflow/dags/steam_dag.py took 0.042 seconds
[2024-11-04T06:51:59.733+0000] {processor.py:157} INFO - Started process (PID=33) to work on /opt/airflow/dags/steam_dag.py
[2024-11-04T06:51:59.734+0000] {processor.py:829} INFO - Processing file /opt/airflow/dags/steam_dag.py for tasks to queue
[2024-11-04T06:51:59.735+0000] {logging_mixin.py:151} INFO - [2024-11-04T06:51:59.735+0000] {dagbag.py:539} INFO - Filling up the DagBag from /opt/airflow/dags/steam_dag.py
[2024-11-04T06:51:59.755+0000] {logging_mixin.py:151} INFO - [2024-11-04T06:51:59.751+0000] {dagbag.py:347} ERROR - Failed to import: /opt/airflow/dags/steam_dag.py
Traceback (most recent call last):
  File "/home/airflow/.local/lib/python3.9/site-packages/airflow/models/dagbag.py", line 343, in parse
    loader.exec_module(new_module)
  File "<frozen importlib._bootstrap_external>", line 850, in exec_module
  File "<frozen importlib._bootstrap>", line 228, in _call_with_frames_removed
  File "/opt/airflow/dags/steam_dag.py", line 9, in <module>
    from game_pipeline import extract_data,load_data
ModuleNotFoundError: No module named 'game_pipeline'
[2024-11-04T06:51:59.757+0000] {processor.py:841} WARNING - No viable dags retrieved from /opt/airflow/dags/steam_dag.py
[2024-11-04T06:51:59.775+0000] {processor.py:179} INFO - Processing /opt/airflow/dags/steam_dag.py took 0.044 seconds
[2024-11-04T06:52:30.683+0000] {processor.py:157} INFO - Started process (PID=34) to work on /opt/airflow/dags/steam_dag.py
[2024-11-04T06:52:30.684+0000] {processor.py:829} INFO - Processing file /opt/airflow/dags/steam_dag.py for tasks to queue
[2024-11-04T06:52:30.685+0000] {logging_mixin.py:151} INFO - [2024-11-04T06:52:30.685+0000] {dagbag.py:539} INFO - Filling up the DagBag from /opt/airflow/dags/steam_dag.py
[2024-11-04T06:52:30.703+0000] {logging_mixin.py:151} INFO - [2024-11-04T06:52:30.699+0000] {dagbag.py:347} ERROR - Failed to import: /opt/airflow/dags/steam_dag.py
Traceback (most recent call last):
  File "/home/airflow/.local/lib/python3.9/site-packages/airflow/models/dagbag.py", line 343, in parse
    loader.exec_module(new_module)
  File "<frozen importlib._bootstrap_external>", line 850, in exec_module
  File "<frozen importlib._bootstrap>", line 228, in _call_with_frames_removed
  File "/opt/airflow/dags/steam_dag.py", line 9, in <module>
    from game_pipeline import extract_data,load_data
ModuleNotFoundError: No module named 'game_pipeline'
[2024-11-04T06:52:30.705+0000] {processor.py:841} WARNING - No viable dags retrieved from /opt/airflow/dags/steam_dag.py
[2024-11-04T06:52:30.723+0000] {processor.py:179} INFO - Processing /opt/airflow/dags/steam_dag.py took 0.043 seconds
[2024-11-04T06:53:01.605+0000] {processor.py:157} INFO - Started process (PID=35) to work on /opt/airflow/dags/steam_dag.py
[2024-11-04T06:53:01.606+0000] {processor.py:829} INFO - Processing file /opt/airflow/dags/steam_dag.py for tasks to queue
[2024-11-04T06:53:01.607+0000] {logging_mixin.py:151} INFO - [2024-11-04T06:53:01.607+0000] {dagbag.py:539} INFO - Filling up the DagBag from /opt/airflow/dags/steam_dag.py
[2024-11-04T06:53:01.628+0000] {logging_mixin.py:151} INFO - [2024-11-04T06:53:01.624+0000] {dagbag.py:347} ERROR - Failed to import: /opt/airflow/dags/steam_dag.py
Traceback (most recent call last):
  File "/home/airflow/.local/lib/python3.9/site-packages/airflow/models/dagbag.py", line 343, in parse
    loader.exec_module(new_module)
  File "<frozen importlib._bootstrap_external>", line 850, in exec_module
  File "<frozen importlib._bootstrap>", line 228, in _call_with_frames_removed
  File "/opt/airflow/dags/steam_dag.py", line 9, in <module>
    from game_pipeline import extract_data,load_data
ModuleNotFoundError: No module named 'game_pipeline'
[2024-11-04T06:53:01.630+0000] {processor.py:841} WARNING - No viable dags retrieved from /opt/airflow/dags/steam_dag.py
[2024-11-04T06:53:01.649+0000] {processor.py:179} INFO - Processing /opt/airflow/dags/steam_dag.py took 0.046 seconds
[2024-11-04T06:53:32.609+0000] {processor.py:157} INFO - Started process (PID=36) to work on /opt/airflow/dags/steam_dag.py
[2024-11-04T06:53:32.610+0000] {processor.py:829} INFO - Processing file /opt/airflow/dags/steam_dag.py for tasks to queue
[2024-11-04T06:53:32.611+0000] {logging_mixin.py:151} INFO - [2024-11-04T06:53:32.611+0000] {dagbag.py:539} INFO - Filling up the DagBag from /opt/airflow/dags/steam_dag.py
[2024-11-04T06:53:32.630+0000] {logging_mixin.py:151} INFO - [2024-11-04T06:53:32.627+0000] {dagbag.py:347} ERROR - Failed to import: /opt/airflow/dags/steam_dag.py
Traceback (most recent call last):
  File "/home/airflow/.local/lib/python3.9/site-packages/airflow/models/dagbag.py", line 343, in parse
    loader.exec_module(new_module)
  File "<frozen importlib._bootstrap_external>", line 850, in exec_module
  File "<frozen importlib._bootstrap>", line 228, in _call_with_frames_removed
  File "/opt/airflow/dags/steam_dag.py", line 9, in <module>
    from game_pipeline import extract_data,load_data
ModuleNotFoundError: No module named 'game_pipeline'
[2024-11-04T06:53:32.632+0000] {processor.py:841} WARNING - No viable dags retrieved from /opt/airflow/dags/steam_dag.py
[2024-11-04T06:53:32.649+0000] {processor.py:179} INFO - Processing /opt/airflow/dags/steam_dag.py took 0.042 seconds
[2024-11-04T06:54:03.646+0000] {processor.py:157} INFO - Started process (PID=37) to work on /opt/airflow/dags/steam_dag.py
[2024-11-04T06:54:03.647+0000] {processor.py:829} INFO - Processing file /opt/airflow/dags/steam_dag.py for tasks to queue
[2024-11-04T06:54:03.648+0000] {logging_mixin.py:151} INFO - [2024-11-04T06:54:03.648+0000] {dagbag.py:539} INFO - Filling up the DagBag from /opt/airflow/dags/steam_dag.py
[2024-11-04T06:54:03.662+0000] {logging_mixin.py:151} INFO - [2024-11-04T06:54:03.659+0000] {dagbag.py:347} ERROR - Failed to import: /opt/airflow/dags/steam_dag.py
Traceback (most recent call last):
  File "/home/airflow/.local/lib/python3.9/site-packages/airflow/models/dagbag.py", line 343, in parse
    loader.exec_module(new_module)
  File "<frozen importlib._bootstrap_external>", line 850, in exec_module
  File "<frozen importlib._bootstrap>", line 228, in _call_with_frames_removed
  File "/opt/airflow/dags/steam_dag.py", line 9, in <module>
    from game_pipeline import extract_data,load_data
ModuleNotFoundError: No module named 'game_pipeline'
[2024-11-04T06:54:03.663+0000] {processor.py:841} WARNING - No viable dags retrieved from /opt/airflow/dags/steam_dag.py
[2024-11-04T06:54:03.680+0000] {processor.py:179} INFO - Processing /opt/airflow/dags/steam_dag.py took 0.036 seconds
[2024-11-04T06:54:34.618+0000] {processor.py:157} INFO - Started process (PID=38) to work on /opt/airflow/dags/steam_dag.py
[2024-11-04T06:54:34.619+0000] {processor.py:829} INFO - Processing file /opt/airflow/dags/steam_dag.py for tasks to queue
[2024-11-04T06:54:34.620+0000] {logging_mixin.py:151} INFO - [2024-11-04T06:54:34.619+0000] {dagbag.py:539} INFO - Filling up the DagBag from /opt/airflow/dags/steam_dag.py
[2024-11-04T06:54:34.637+0000] {logging_mixin.py:151} INFO - [2024-11-04T06:54:34.634+0000] {dagbag.py:347} ERROR - Failed to import: /opt/airflow/dags/steam_dag.py
Traceback (most recent call last):
  File "/home/airflow/.local/lib/python3.9/site-packages/airflow/models/dagbag.py", line 343, in parse
    loader.exec_module(new_module)
  File "<frozen importlib._bootstrap_external>", line 850, in exec_module
  File "<frozen importlib._bootstrap>", line 228, in _call_with_frames_removed
  File "/opt/airflow/dags/steam_dag.py", line 9, in <module>
    from game_pipeline import extract_data,load_data
ModuleNotFoundError: No module named 'game_pipeline'
[2024-11-04T06:54:34.638+0000] {processor.py:841} WARNING - No viable dags retrieved from /opt/airflow/dags/steam_dag.py
[2024-11-04T06:54:34.655+0000] {processor.py:179} INFO - Processing /opt/airflow/dags/steam_dag.py took 0.040 seconds
[2024-11-04T06:55:05.682+0000] {processor.py:157} INFO - Started process (PID=39) to work on /opt/airflow/dags/steam_dag.py
[2024-11-04T06:55:05.682+0000] {processor.py:829} INFO - Processing file /opt/airflow/dags/steam_dag.py for tasks to queue
[2024-11-04T06:55:05.683+0000] {logging_mixin.py:151} INFO - [2024-11-04T06:55:05.683+0000] {dagbag.py:539} INFO - Filling up the DagBag from /opt/airflow/dags/steam_dag.py
[2024-11-04T06:55:05.703+0000] {logging_mixin.py:151} INFO - [2024-11-04T06:55:05.699+0000] {dagbag.py:347} ERROR - Failed to import: /opt/airflow/dags/steam_dag.py
Traceback (most recent call last):
  File "/home/airflow/.local/lib/python3.9/site-packages/airflow/models/dagbag.py", line 343, in parse
    loader.exec_module(new_module)
  File "<frozen importlib._bootstrap_external>", line 850, in exec_module
  File "<frozen importlib._bootstrap>", line 228, in _call_with_frames_removed
  File "/opt/airflow/dags/steam_dag.py", line 9, in <module>
    from game_pipeline import extract_data,load_data
ModuleNotFoundError: No module named 'game_pipeline'
[2024-11-04T06:55:05.704+0000] {processor.py:841} WARNING - No viable dags retrieved from /opt/airflow/dags/steam_dag.py
[2024-11-04T06:55:05.722+0000] {processor.py:179} INFO - Processing /opt/airflow/dags/steam_dag.py took 0.042 seconds
[2024-11-04T06:55:35.874+0000] {processor.py:157} INFO - Started process (PID=40) to work on /opt/airflow/dags/steam_dag.py
[2024-11-04T06:55:35.876+0000] {processor.py:829} INFO - Processing file /opt/airflow/dags/steam_dag.py for tasks to queue
[2024-11-04T06:55:35.877+0000] {logging_mixin.py:151} INFO - [2024-11-04T06:55:35.876+0000] {dagbag.py:539} INFO - Filling up the DagBag from /opt/airflow/dags/steam_dag.py
[2024-11-04T06:55:35.893+0000] {logging_mixin.py:151} INFO - [2024-11-04T06:55:35.889+0000] {dagbag.py:347} ERROR - Failed to import: /opt/airflow/dags/steam_dag.py
Traceback (most recent call last):
  File "/home/airflow/.local/lib/python3.9/site-packages/airflow/models/dagbag.py", line 343, in parse
    loader.exec_module(new_module)
  File "<frozen importlib._bootstrap_external>", line 850, in exec_module
  File "<frozen importlib._bootstrap>", line 228, in _call_with_frames_removed
  File "/opt/airflow/dags/steam_dag.py", line 9, in <module>
    from game_pipeline import extract_data,load_data
ModuleNotFoundError: No module named 'game_pipeline'
[2024-11-04T06:55:35.894+0000] {processor.py:841} WARNING - No viable dags retrieved from /opt/airflow/dags/steam_dag.py
[2024-11-04T06:55:35.911+0000] {processor.py:179} INFO - Processing /opt/airflow/dags/steam_dag.py took 0.040 seconds
[2024-11-04T06:56:05.947+0000] {processor.py:157} INFO - Started process (PID=41) to work on /opt/airflow/dags/steam_dag.py
[2024-11-04T06:56:05.948+0000] {processor.py:829} INFO - Processing file /opt/airflow/dags/steam_dag.py for tasks to queue
[2024-11-04T06:56:05.949+0000] {logging_mixin.py:151} INFO - [2024-11-04T06:56:05.949+0000] {dagbag.py:539} INFO - Filling up the DagBag from /opt/airflow/dags/steam_dag.py
[2024-11-04T06:56:05.968+0000] {logging_mixin.py:151} INFO - [2024-11-04T06:56:05.964+0000] {dagbag.py:347} ERROR - Failed to import: /opt/airflow/dags/steam_dag.py
Traceback (most recent call last):
  File "/home/airflow/.local/lib/python3.9/site-packages/airflow/models/dagbag.py", line 343, in parse
    loader.exec_module(new_module)
  File "<frozen importlib._bootstrap_external>", line 850, in exec_module
  File "<frozen importlib._bootstrap>", line 228, in _call_with_frames_removed
  File "/opt/airflow/dags/steam_dag.py", line 9, in <module>
    from game_pipeline import extract_data,load_data
ModuleNotFoundError: No module named 'game_pipeline'
[2024-11-04T06:56:05.969+0000] {processor.py:841} WARNING - No viable dags retrieved from /opt/airflow/dags/steam_dag.py
[2024-11-04T06:56:05.988+0000] {processor.py:179} INFO - Processing /opt/airflow/dags/steam_dag.py took 0.045 seconds
[2024-11-04T06:56:28.926+0000] {processor.py:157} INFO - Started process (PID=42) to work on /opt/airflow/dags/steam_dag.py
[2024-11-04T06:56:28.927+0000] {processor.py:829} INFO - Processing file /opt/airflow/dags/steam_dag.py for tasks to queue
[2024-11-04T06:56:28.928+0000] {logging_mixin.py:151} INFO - [2024-11-04T06:56:28.927+0000] {dagbag.py:539} INFO - Filling up the DagBag from /opt/airflow/dags/steam_dag.py
[2024-11-04T06:56:28.958+0000] {logging_mixin.py:151} INFO - [2024-11-04T06:56:28.953+0000] {dagbag.py:347} ERROR - Failed to import: /opt/airflow/dags/steam_dag.py
Traceback (most recent call last):
  File "/home/airflow/.local/lib/python3.9/site-packages/airflow/models/dagbag.py", line 343, in parse
    loader.exec_module(new_module)
  File "<frozen importlib._bootstrap_external>", line 850, in exec_module
  File "<frozen importlib._bootstrap>", line 228, in _call_with_frames_removed
  File "/opt/airflow/dags/steam_dag.py", line 9, in <module>
    from game_pipeline.py import extract_data,load_data
ModuleNotFoundError: No module named 'game_pipeline'
[2024-11-04T06:56:28.959+0000] {processor.py:841} WARNING - No viable dags retrieved from /opt/airflow/dags/steam_dag.py
[2024-11-04T06:56:28.977+0000] {processor.py:179} INFO - Processing /opt/airflow/dags/steam_dag.py took 0.054 seconds
[2024-11-04T06:56:55.957+0000] {processor.py:157} INFO - Started process (PID=43) to work on /opt/airflow/dags/steam_dag.py
[2024-11-04T06:56:55.958+0000] {processor.py:829} INFO - Processing file /opt/airflow/dags/steam_dag.py for tasks to queue
[2024-11-04T06:56:55.959+0000] {logging_mixin.py:151} INFO - [2024-11-04T06:56:55.959+0000] {dagbag.py:539} INFO - Filling up the DagBag from /opt/airflow/dags/steam_dag.py
[2024-11-04T06:56:57.028+0000] {logging_mixin.py:151} INFO - /opt/airflow/pipelines/game_pipeline.py
[2024-11-04T06:56:57.029+0000] {logging_mixin.py:151} INFO - None
[2024-11-04T06:56:57.050+0000] {logging_mixin.py:151} INFO - [2024-11-04T06:56:57.042+0000] {dagbag.py:347} ERROR - Failed to import: /opt/airflow/dags/steam_dag.py
Traceback (most recent call last):
  File "/home/airflow/.local/lib/python3.9/site-packages/airflow/models/dagbag.py", line 343, in parse
    loader.exec_module(new_module)
  File "<frozen importlib._bootstrap_external>", line 850, in exec_module
  File "<frozen importlib._bootstrap>", line 228, in _call_with_frames_removed
  File "/opt/airflow/dags/steam_dag.py", line 9, in <module>
    from game_pipeline.py import extract_data,load_data
  File "/opt/airflow/pipelines/game_pipeline.py", line 12, in <module>
    from game_etl import extract_platforms,extract_themes,extract_all_companies, extract_all_games, load_data_to_azure
  File "/opt/airflow/etls/game_etl.py", line 16, in <module>
    asyncio.set_event_loop_policy(asyncio.WindowsSelectorEventLoopPolicy())
AttributeError: module 'asyncio' has no attribute 'WindowsSelectorEventLoopPolicy'
[2024-11-04T06:56:57.053+0000] {processor.py:841} WARNING - No viable dags retrieved from /opt/airflow/dags/steam_dag.py
[2024-11-04T06:56:57.071+0000] {processor.py:179} INFO - Processing /opt/airflow/dags/steam_dag.py took 1.118 seconds
[2024-11-04T06:57:27.167+0000] {processor.py:157} INFO - Started process (PID=45) to work on /opt/airflow/dags/steam_dag.py
[2024-11-04T06:57:27.168+0000] {processor.py:829} INFO - Processing file /opt/airflow/dags/steam_dag.py for tasks to queue
[2024-11-04T06:57:27.170+0000] {logging_mixin.py:151} INFO - [2024-11-04T06:57:27.169+0000] {dagbag.py:539} INFO - Filling up the DagBag from /opt/airflow/dags/steam_dag.py
[2024-11-04T06:57:27.469+0000] {logging_mixin.py:151} INFO - /opt/airflow/pipelines/game_pipeline.py
[2024-11-04T06:57:27.470+0000] {logging_mixin.py:151} INFO - None
[2024-11-04T06:57:27.486+0000] {logging_mixin.py:151} INFO - [2024-11-04T06:57:27.477+0000] {dagbag.py:347} ERROR - Failed to import: /opt/airflow/dags/steam_dag.py
Traceback (most recent call last):
  File "/home/airflow/.local/lib/python3.9/site-packages/airflow/models/dagbag.py", line 343, in parse
    loader.exec_module(new_module)
  File "<frozen importlib._bootstrap_external>", line 850, in exec_module
  File "<frozen importlib._bootstrap>", line 228, in _call_with_frames_removed
  File "/opt/airflow/dags/steam_dag.py", line 9, in <module>
    from game_pipeline.py import extract_data,load_data
  File "/opt/airflow/pipelines/game_pipeline.py", line 12, in <module>
    from game_etl import extract_platforms,extract_themes,extract_all_companies, extract_all_games, load_data_to_azure
  File "/opt/airflow/etls/game_etl.py", line 16, in <module>
    asyncio.set_event_loop_policy(asyncio.WindowsSelectorEventLoopPolicy())
AttributeError: module 'asyncio' has no attribute 'WindowsSelectorEventLoopPolicy'
[2024-11-04T06:57:27.488+0000] {processor.py:841} WARNING - No viable dags retrieved from /opt/airflow/dags/steam_dag.py
[2024-11-04T06:57:27.506+0000] {processor.py:179} INFO - Processing /opt/airflow/dags/steam_dag.py took 0.341 seconds
[2024-11-04T06:57:58.277+0000] {processor.py:157} INFO - Started process (PID=47) to work on /opt/airflow/dags/steam_dag.py
[2024-11-04T06:57:58.278+0000] {processor.py:829} INFO - Processing file /opt/airflow/dags/steam_dag.py for tasks to queue
[2024-11-04T06:57:58.279+0000] {logging_mixin.py:151} INFO - [2024-11-04T06:57:58.278+0000] {dagbag.py:539} INFO - Filling up the DagBag from /opt/airflow/dags/steam_dag.py
[2024-11-04T06:57:58.578+0000] {logging_mixin.py:151} INFO - /opt/airflow/pipelines/game_pipeline.py
[2024-11-04T06:57:58.578+0000] {logging_mixin.py:151} INFO - None
[2024-11-04T06:57:58.603+0000] {logging_mixin.py:151} INFO - [2024-11-04T06:57:58.598+0000] {dagbag.py:347} ERROR - Failed to import: /opt/airflow/dags/steam_dag.py
Traceback (most recent call last):
  File "/home/airflow/.local/lib/python3.9/site-packages/airflow/models/dagbag.py", line 343, in parse
    loader.exec_module(new_module)
  File "<frozen importlib._bootstrap_external>", line 850, in exec_module
  File "<frozen importlib._bootstrap>", line 228, in _call_with_frames_removed
  File "/opt/airflow/dags/steam_dag.py", line 9, in <module>
    from game_pipeline.py import extract_data,load_data
ModuleNotFoundError: No module named 'game_pipeline.py'; 'game_pipeline' is not a package
[2024-11-04T06:57:58.605+0000] {processor.py:841} WARNING - No viable dags retrieved from /opt/airflow/dags/steam_dag.py
[2024-11-04T06:57:58.623+0000] {processor.py:179} INFO - Processing /opt/airflow/dags/steam_dag.py took 0.349 seconds
[2024-11-04T06:58:28.667+0000] {processor.py:157} INFO - Started process (PID=49) to work on /opt/airflow/dags/steam_dag.py
[2024-11-04T06:58:28.667+0000] {processor.py:829} INFO - Processing file /opt/airflow/dags/steam_dag.py for tasks to queue
[2024-11-04T06:58:28.668+0000] {logging_mixin.py:151} INFO - [2024-11-04T06:58:28.668+0000] {dagbag.py:539} INFO - Filling up the DagBag from /opt/airflow/dags/steam_dag.py
[2024-11-04T06:58:29.009+0000] {logging_mixin.py:151} INFO - /opt/airflow/pipelines/game_pipeline.py
[2024-11-04T06:58:29.010+0000] {logging_mixin.py:151} INFO - None
[2024-11-04T06:58:29.043+0000] {logging_mixin.py:151} INFO - [2024-11-04T06:58:29.029+0000] {dagbag.py:347} ERROR - Failed to import: /opt/airflow/dags/steam_dag.py
Traceback (most recent call last):
  File "/home/airflow/.local/lib/python3.9/site-packages/airflow/models/dagbag.py", line 343, in parse
    loader.exec_module(new_module)
  File "<frozen importlib._bootstrap_external>", line 850, in exec_module
  File "<frozen importlib._bootstrap>", line 228, in _call_with_frames_removed
  File "/opt/airflow/dags/steam_dag.py", line 9, in <module>
    from game_pipeline import extract_data,load_data
ModuleNotFoundError: No module named 'game_pipeline.py'; 'game_pipeline' is not a package
[2024-11-04T06:58:29.045+0000] {processor.py:841} WARNING - No viable dags retrieved from /opt/airflow/dags/steam_dag.py
[2024-11-04T06:58:29.062+0000] {processor.py:179} INFO - Processing /opt/airflow/dags/steam_dag.py took 0.398 seconds
[2024-11-04T06:58:30.684+0000] {processor.py:157} INFO - Started process (PID=51) to work on /opt/airflow/dags/steam_dag.py
[2024-11-04T06:58:30.685+0000] {processor.py:829} INFO - Processing file /opt/airflow/dags/steam_dag.py for tasks to queue
[2024-11-04T06:58:30.686+0000] {logging_mixin.py:151} INFO - [2024-11-04T06:58:30.685+0000] {dagbag.py:539} INFO - Filling up the DagBag from /opt/airflow/dags/steam_dag.py
[2024-11-04T06:58:31.037+0000] {logging_mixin.py:151} INFO - /opt/airflow/pipelines/game_pipeline.py
[2024-11-04T06:58:31.038+0000] {logging_mixin.py:151} INFO - None
[2024-11-04T06:58:31.061+0000] {logging_mixin.py:151} INFO - [2024-11-04T06:58:31.055+0000] {dagbag.py:347} ERROR - Failed to import: /opt/airflow/dags/steam_dag.py
Traceback (most recent call last):
  File "/home/airflow/.local/lib/python3.9/site-packages/airflow/models/dagbag.py", line 343, in parse
    loader.exec_module(new_module)
  File "<frozen importlib._bootstrap_external>", line 850, in exec_module
  File "<frozen importlib._bootstrap>", line 228, in _call_with_frames_removed
  File "/opt/airflow/dags/steam_dag.py", line 19, in <module>
    dag = DAG(
  File "/home/airflow/.local/lib/python3.9/site-packages/airflow/models/dag.py", line 573, in __init__
    self.timetable = create_timetable(schedule_interval, self.timezone)
  File "/home/airflow/.local/lib/python3.9/site-packages/airflow/models/dag.py", line 217, in create_timetable
    return CronDataIntervalTimetable(interval, timezone)
  File "/home/airflow/.local/lib/python3.9/site-packages/airflow/timetables/_cron.py", line 60, in __init__
    descriptor = ExpressionDescriptor(
  File "/home/airflow/.local/lib/python3.9/site-packages/cron_descriptor/ExpressionDescriptor.py", line 76, in __init__
    self._expression_parts = parser.parse()
  File "/home/airflow/.local/lib/python3.9/site-packages/cron_descriptor/ExpressionParser.py", line 84, in parse
    raise FormatException(
cron_descriptor.Exception.FormatException: Error: Expression only has 1 parts.  At least 5 part are required.
[2024-11-04T06:58:31.061+0000] {processor.py:841} WARNING - No viable dags retrieved from /opt/airflow/dags/steam_dag.py
[2024-11-04T06:58:31.080+0000] {processor.py:179} INFO - Processing /opt/airflow/dags/steam_dag.py took 0.399 seconds
[2024-11-04T06:59:01.157+0000] {processor.py:157} INFO - Started process (PID=53) to work on /opt/airflow/dags/steam_dag.py
[2024-11-04T06:59:01.157+0000] {processor.py:829} INFO - Processing file /opt/airflow/dags/steam_dag.py for tasks to queue
[2024-11-04T06:59:01.158+0000] {logging_mixin.py:151} INFO - [2024-11-04T06:59:01.158+0000] {dagbag.py:539} INFO - Filling up the DagBag from /opt/airflow/dags/steam_dag.py
[2024-11-04T06:59:01.462+0000] {logging_mixin.py:151} INFO - /opt/airflow/pipelines/game_pipeline.py
[2024-11-04T06:59:01.463+0000] {logging_mixin.py:151} INFO - None
[2024-11-04T06:59:01.475+0000] {logging_mixin.py:151} INFO - [2024-11-04T06:59:01.471+0000] {dagbag.py:347} ERROR - Failed to import: /opt/airflow/dags/steam_dag.py
Traceback (most recent call last):
  File "/home/airflow/.local/lib/python3.9/site-packages/airflow/models/dagbag.py", line 343, in parse
    loader.exec_module(new_module)
  File "<frozen importlib._bootstrap_external>", line 850, in exec_module
  File "<frozen importlib._bootstrap>", line 228, in _call_with_frames_removed
  File "/opt/airflow/dags/steam_dag.py", line 19, in <module>
    dag = DAG(
  File "/home/airflow/.local/lib/python3.9/site-packages/airflow/models/dag.py", line 573, in __init__
    self.timetable = create_timetable(schedule_interval, self.timezone)
  File "/home/airflow/.local/lib/python3.9/site-packages/airflow/models/dag.py", line 217, in create_timetable
    return CronDataIntervalTimetable(interval, timezone)
  File "/home/airflow/.local/lib/python3.9/site-packages/airflow/timetables/_cron.py", line 60, in __init__
    descriptor = ExpressionDescriptor(
  File "/home/airflow/.local/lib/python3.9/site-packages/cron_descriptor/ExpressionDescriptor.py", line 76, in __init__
    self._expression_parts = parser.parse()
  File "/home/airflow/.local/lib/python3.9/site-packages/cron_descriptor/ExpressionParser.py", line 84, in parse
    raise FormatException(
cron_descriptor.Exception.FormatException: Error: Expression only has 1 parts.  At least 5 part are required.
[2024-11-04T06:59:01.475+0000] {processor.py:841} WARNING - No viable dags retrieved from /opt/airflow/dags/steam_dag.py
[2024-11-04T06:59:01.492+0000] {processor.py:179} INFO - Processing /opt/airflow/dags/steam_dag.py took 0.338 seconds
[2024-11-04T06:59:10.217+0000] {processor.py:157} INFO - Started process (PID=55) to work on /opt/airflow/dags/steam_dag.py
[2024-11-04T06:59:10.218+0000] {processor.py:829} INFO - Processing file /opt/airflow/dags/steam_dag.py for tasks to queue
[2024-11-04T06:59:10.219+0000] {logging_mixin.py:151} INFO - [2024-11-04T06:59:10.219+0000] {dagbag.py:539} INFO - Filling up the DagBag from /opt/airflow/dags/steam_dag.py
[2024-11-04T06:59:10.516+0000] {logging_mixin.py:151} INFO - /opt/airflow/pipelines/game_pipeline.py
[2024-11-04T06:59:10.516+0000] {logging_mixin.py:151} INFO - None
[2024-11-04T06:59:10.528+0000] {logging_mixin.py:151} INFO - [2024-11-04T06:59:10.524+0000] {dagbag.py:347} ERROR - Failed to import: /opt/airflow/dags/steam_dag.py
Traceback (most recent call last):
  File "/home/airflow/.local/lib/python3.9/site-packages/airflow/models/dagbag.py", line 343, in parse
    loader.exec_module(new_module)
  File "<frozen importlib._bootstrap_external>", line 850, in exec_module
  File "<frozen importlib._bootstrap>", line 228, in _call_with_frames_removed
  File "/opt/airflow/dags/steam_dag.py", line 19, in <module>
    dag = DAG(
  File "/home/airflow/.local/lib/python3.9/site-packages/airflow/models/dag.py", line 573, in __init__
    self.timetable = create_timetable(schedule_interval, self.timezone)
  File "/home/airflow/.local/lib/python3.9/site-packages/airflow/models/dag.py", line 217, in create_timetable
    return CronDataIntervalTimetable(interval, timezone)
  File "/home/airflow/.local/lib/python3.9/site-packages/airflow/timetables/_cron.py", line 60, in __init__
    descriptor = ExpressionDescriptor(
  File "/home/airflow/.local/lib/python3.9/site-packages/cron_descriptor/ExpressionDescriptor.py", line 76, in __init__
    self._expression_parts = parser.parse()
  File "/home/airflow/.local/lib/python3.9/site-packages/cron_descriptor/ExpressionParser.py", line 84, in parse
    raise FormatException(
cron_descriptor.Exception.FormatException: Error: Expression only has 1 parts.  At least 5 part are required.
[2024-11-04T06:59:10.529+0000] {processor.py:841} WARNING - No viable dags retrieved from /opt/airflow/dags/steam_dag.py
[2024-11-04T06:59:10.547+0000] {processor.py:179} INFO - Processing /opt/airflow/dags/steam_dag.py took 0.332 seconds
[2024-11-04T06:59:15.584+0000] {processor.py:157} INFO - Started process (PID=57) to work on /opt/airflow/dags/steam_dag.py
[2024-11-04T06:59:15.584+0000] {processor.py:829} INFO - Processing file /opt/airflow/dags/steam_dag.py for tasks to queue
[2024-11-04T06:59:15.585+0000] {logging_mixin.py:151} INFO - [2024-11-04T06:59:15.585+0000] {dagbag.py:539} INFO - Filling up the DagBag from /opt/airflow/dags/steam_dag.py
[2024-11-04T06:59:15.900+0000] {logging_mixin.py:151} INFO - /opt/airflow/pipelines/game_pipeline.py
[2024-11-04T06:59:15.901+0000] {logging_mixin.py:151} INFO - None
[2024-11-04T06:59:15.913+0000] {logging_mixin.py:151} INFO - [2024-11-04T06:59:15.908+0000] {dagbag.py:347} ERROR - Failed to import: /opt/airflow/dags/steam_dag.py
Traceback (most recent call last):
  File "/home/airflow/.local/lib/python3.9/site-packages/airflow/models/dagbag.py", line 343, in parse
    loader.exec_module(new_module)
  File "<frozen importlib._bootstrap_external>", line 850, in exec_module
  File "<frozen importlib._bootstrap>", line 228, in _call_with_frames_removed
  File "/opt/airflow/dags/steam_dag.py", line 19, in <module>
    dag = DAG(
  File "/home/airflow/.local/lib/python3.9/site-packages/airflow/models/dag.py", line 573, in __init__
    self.timetable = create_timetable(schedule_interval, self.timezone)
  File "/home/airflow/.local/lib/python3.9/site-packages/airflow/models/dag.py", line 217, in create_timetable
    return CronDataIntervalTimetable(interval, timezone)
  File "/home/airflow/.local/lib/python3.9/site-packages/airflow/timetables/_cron.py", line 60, in __init__
    descriptor = ExpressionDescriptor(
  File "/home/airflow/.local/lib/python3.9/site-packages/cron_descriptor/ExpressionDescriptor.py", line 76, in __init__
    self._expression_parts = parser.parse()
  File "/home/airflow/.local/lib/python3.9/site-packages/cron_descriptor/ExpressionParser.py", line 84, in parse
    raise FormatException(
cron_descriptor.Exception.FormatException: Error: Expression only has 1 parts.  At least 5 part are required.
[2024-11-04T06:59:15.914+0000] {processor.py:841} WARNING - No viable dags retrieved from /opt/airflow/dags/steam_dag.py
[2024-11-04T06:59:15.931+0000] {processor.py:179} INFO - Processing /opt/airflow/dags/steam_dag.py took 0.350 seconds
[2024-11-04T06:59:46.022+0000] {processor.py:157} INFO - Started process (PID=59) to work on /opt/airflow/dags/steam_dag.py
[2024-11-04T06:59:46.023+0000] {processor.py:829} INFO - Processing file /opt/airflow/dags/steam_dag.py for tasks to queue
[2024-11-04T06:59:46.024+0000] {logging_mixin.py:151} INFO - [2024-11-04T06:59:46.023+0000] {dagbag.py:539} INFO - Filling up the DagBag from /opt/airflow/dags/steam_dag.py
[2024-11-04T06:59:46.325+0000] {logging_mixin.py:151} INFO - /opt/airflow/pipelines/game_pipeline.py
[2024-11-04T06:59:46.325+0000] {logging_mixin.py:151} INFO - None
[2024-11-04T06:59:46.337+0000] {logging_mixin.py:151} INFO - [2024-11-04T06:59:46.333+0000] {dagbag.py:347} ERROR - Failed to import: /opt/airflow/dags/steam_dag.py
Traceback (most recent call last):
  File "/home/airflow/.local/lib/python3.9/site-packages/airflow/models/dagbag.py", line 343, in parse
    loader.exec_module(new_module)
  File "<frozen importlib._bootstrap_external>", line 850, in exec_module
  File "<frozen importlib._bootstrap>", line 228, in _call_with_frames_removed
  File "/opt/airflow/dags/steam_dag.py", line 19, in <module>
    dag = DAG(
  File "/home/airflow/.local/lib/python3.9/site-packages/airflow/models/dag.py", line 573, in __init__
    self.timetable = create_timetable(schedule_interval, self.timezone)
  File "/home/airflow/.local/lib/python3.9/site-packages/airflow/models/dag.py", line 217, in create_timetable
    return CronDataIntervalTimetable(interval, timezone)
  File "/home/airflow/.local/lib/python3.9/site-packages/airflow/timetables/_cron.py", line 60, in __init__
    descriptor = ExpressionDescriptor(
  File "/home/airflow/.local/lib/python3.9/site-packages/cron_descriptor/ExpressionDescriptor.py", line 76, in __init__
    self._expression_parts = parser.parse()
  File "/home/airflow/.local/lib/python3.9/site-packages/cron_descriptor/ExpressionParser.py", line 84, in parse
    raise FormatException(
cron_descriptor.Exception.FormatException: Error: Expression only has 1 parts.  At least 5 part are required.
[2024-11-04T06:59:46.338+0000] {processor.py:841} WARNING - No viable dags retrieved from /opt/airflow/dags/steam_dag.py
[2024-11-04T06:59:46.356+0000] {processor.py:179} INFO - Processing /opt/airflow/dags/steam_dag.py took 0.336 seconds
[2024-11-04T07:00:16.666+0000] {processor.py:157} INFO - Started process (PID=61) to work on /opt/airflow/dags/steam_dag.py
[2024-11-04T07:00:16.667+0000] {processor.py:829} INFO - Processing file /opt/airflow/dags/steam_dag.py for tasks to queue
[2024-11-04T07:00:16.668+0000] {logging_mixin.py:151} INFO - [2024-11-04T07:00:16.667+0000] {dagbag.py:539} INFO - Filling up the DagBag from /opt/airflow/dags/steam_dag.py
[2024-11-04T07:00:16.948+0000] {logging_mixin.py:151} INFO - /opt/airflow/pipelines/game_pipeline.py
[2024-11-04T07:00:16.949+0000] {logging_mixin.py:151} INFO - None
[2024-11-04T07:00:16.963+0000] {logging_mixin.py:151} INFO - [2024-11-04T07:00:16.959+0000] {dagbag.py:347} ERROR - Failed to import: /opt/airflow/dags/steam_dag.py
Traceback (most recent call last):
  File "/home/airflow/.local/lib/python3.9/site-packages/airflow/models/dagbag.py", line 343, in parse
    loader.exec_module(new_module)
  File "<frozen importlib._bootstrap_external>", line 850, in exec_module
  File "<frozen importlib._bootstrap>", line 228, in _call_with_frames_removed
  File "/opt/airflow/dags/steam_dag.py", line 19, in <module>
    dag = DAG(
  File "/home/airflow/.local/lib/python3.9/site-packages/airflow/models/dag.py", line 573, in __init__
    self.timetable = create_timetable(schedule_interval, self.timezone)
  File "/home/airflow/.local/lib/python3.9/site-packages/airflow/models/dag.py", line 217, in create_timetable
    return CronDataIntervalTimetable(interval, timezone)
  File "/home/airflow/.local/lib/python3.9/site-packages/airflow/timetables/_cron.py", line 60, in __init__
    descriptor = ExpressionDescriptor(
  File "/home/airflow/.local/lib/python3.9/site-packages/cron_descriptor/ExpressionDescriptor.py", line 76, in __init__
    self._expression_parts = parser.parse()
  File "/home/airflow/.local/lib/python3.9/site-packages/cron_descriptor/ExpressionParser.py", line 84, in parse
    raise FormatException(
cron_descriptor.Exception.FormatException: Error: Expression only has 1 parts.  At least 5 part are required.
[2024-11-04T07:00:16.964+0000] {processor.py:841} WARNING - No viable dags retrieved from /opt/airflow/dags/steam_dag.py
[2024-11-04T07:00:16.981+0000] {processor.py:179} INFO - Processing /opt/airflow/dags/steam_dag.py took 0.318 seconds
[2024-11-04T07:00:47.107+0000] {processor.py:157} INFO - Started process (PID=63) to work on /opt/airflow/dags/steam_dag.py
[2024-11-04T07:00:47.108+0000] {processor.py:829} INFO - Processing file /opt/airflow/dags/steam_dag.py for tasks to queue
[2024-11-04T07:00:47.109+0000] {logging_mixin.py:151} INFO - [2024-11-04T07:00:47.109+0000] {dagbag.py:539} INFO - Filling up the DagBag from /opt/airflow/dags/steam_dag.py
[2024-11-04T07:00:47.395+0000] {logging_mixin.py:151} INFO - /opt/airflow/pipelines/game_pipeline.py
[2024-11-04T07:00:47.395+0000] {logging_mixin.py:151} INFO - None
[2024-11-04T07:00:47.411+0000] {logging_mixin.py:151} INFO - [2024-11-04T07:00:47.406+0000] {dagbag.py:347} ERROR - Failed to import: /opt/airflow/dags/steam_dag.py
Traceback (most recent call last):
  File "/home/airflow/.local/lib/python3.9/site-packages/airflow/models/dagbag.py", line 343, in parse
    loader.exec_module(new_module)
  File "<frozen importlib._bootstrap_external>", line 850, in exec_module
  File "<frozen importlib._bootstrap>", line 228, in _call_with_frames_removed
  File "/opt/airflow/dags/steam_dag.py", line 19, in <module>
    dag = DAG(
  File "/home/airflow/.local/lib/python3.9/site-packages/airflow/models/dag.py", line 573, in __init__
    self.timetable = create_timetable(schedule_interval, self.timezone)
  File "/home/airflow/.local/lib/python3.9/site-packages/airflow/models/dag.py", line 217, in create_timetable
    return CronDataIntervalTimetable(interval, timezone)
  File "/home/airflow/.local/lib/python3.9/site-packages/airflow/timetables/_cron.py", line 60, in __init__
    descriptor = ExpressionDescriptor(
  File "/home/airflow/.local/lib/python3.9/site-packages/cron_descriptor/ExpressionDescriptor.py", line 76, in __init__
    self._expression_parts = parser.parse()
  File "/home/airflow/.local/lib/python3.9/site-packages/cron_descriptor/ExpressionParser.py", line 84, in parse
    raise FormatException(
cron_descriptor.Exception.FormatException: Error: Expression only has 1 parts.  At least 5 part are required.
[2024-11-04T07:00:47.411+0000] {processor.py:841} WARNING - No viable dags retrieved from /opt/airflow/dags/steam_dag.py
[2024-11-04T07:00:47.430+0000] {processor.py:179} INFO - Processing /opt/airflow/dags/steam_dag.py took 0.326 seconds
[2024-11-04T07:01:06.137+0000] {processor.py:157} INFO - Started process (PID=65) to work on /opt/airflow/dags/steam_dag.py
[2024-11-04T07:01:06.138+0000] {processor.py:829} INFO - Processing file /opt/airflow/dags/steam_dag.py for tasks to queue
[2024-11-04T07:01:06.139+0000] {logging_mixin.py:151} INFO - [2024-11-04T07:01:06.139+0000] {dagbag.py:539} INFO - Filling up the DagBag from /opt/airflow/dags/steam_dag.py
[2024-11-04T07:01:06.473+0000] {logging_mixin.py:151} INFO - /opt/airflow/pipelines/game_pipeline.py
[2024-11-04T07:01:06.473+0000] {logging_mixin.py:151} INFO - None
[2024-11-04T07:01:06.495+0000] {processor.py:839} INFO - DAG(s) dict_keys(['etl_game_pipeline']) retrieved from /opt/airflow/dags/steam_dag.py
[2024-11-04T07:01:06.733+0000] {logging_mixin.py:151} INFO - [2024-11-04T07:01:06.732+0000] {manager.py:499} INFO - Created Permission View: %s
[2024-11-04T07:01:06.741+0000] {logging_mixin.py:151} INFO - [2024-11-04T07:01:06.741+0000] {manager.py:499} INFO - Created Permission View: %s
[2024-11-04T07:01:06.748+0000] {logging_mixin.py:151} INFO - [2024-11-04T07:01:06.748+0000] {manager.py:499} INFO - Created Permission View: %s
[2024-11-04T07:01:06.749+0000] {logging_mixin.py:151} INFO - [2024-11-04T07:01:06.749+0000] {security.py:708} INFO - Not syncing DAG-level permissions for DAG 'DAG:etl_game_pipeline' as access control is unset.
[2024-11-04T07:01:06.751+0000] {logging_mixin.py:151} INFO - [2024-11-04T07:01:06.749+0000] {dag.py:2915} INFO - Sync 1 DAGs
[2024-11-04T07:01:06.760+0000] {logging_mixin.py:151} INFO - [2024-11-04T07:01:06.760+0000] {dag.py:2937} INFO - Creating ORM DAG for etl_game_pipeline
[2024-11-04T07:01:06.770+0000] {logging_mixin.py:151} INFO - [2024-11-04T07:01:06.770+0000] {dag.py:3696} INFO - Setting next_dagrun for etl_game_pipeline to 2024-11-03T00:00:00+00:00, run_after=2024-11-10T00:00:00+00:00
[2024-11-04T07:01:06.794+0000] {processor.py:179} INFO - Processing /opt/airflow/dags/steam_dag.py took 0.660 seconds
[2024-11-04T07:01:37.165+0000] {processor.py:157} INFO - Started process (PID=67) to work on /opt/airflow/dags/steam_dag.py
[2024-11-04T07:01:37.166+0000] {processor.py:829} INFO - Processing file /opt/airflow/dags/steam_dag.py for tasks to queue
[2024-11-04T07:01:37.167+0000] {logging_mixin.py:151} INFO - [2024-11-04T07:01:37.167+0000] {dagbag.py:539} INFO - Filling up the DagBag from /opt/airflow/dags/steam_dag.py
[2024-11-04T07:01:37.448+0000] {logging_mixin.py:151} INFO - /opt/airflow/pipelines/game_pipeline.py
[2024-11-04T07:01:37.448+0000] {logging_mixin.py:151} INFO - None
[2024-11-04T07:01:37.464+0000] {processor.py:839} INFO - DAG(s) dict_keys(['etl_game_pipeline']) retrieved from /opt/airflow/dags/steam_dag.py
[2024-11-04T07:01:37.488+0000] {logging_mixin.py:151} INFO - [2024-11-04T07:01:37.488+0000] {dag.py:2915} INFO - Sync 1 DAGs
[2024-11-04T07:01:37.509+0000] {logging_mixin.py:151} INFO - [2024-11-04T07:01:37.509+0000] {dag.py:3696} INFO - Setting next_dagrun for etl_game_pipeline to 2024-11-03T00:00:00+00:00, run_after=2024-11-10T00:00:00+00:00
[2024-11-04T07:01:37.527+0000] {processor.py:179} INFO - Processing /opt/airflow/dags/steam_dag.py took 0.365 seconds
[2024-11-04T07:02:07.676+0000] {processor.py:157} INFO - Started process (PID=69) to work on /opt/airflow/dags/steam_dag.py
[2024-11-04T07:02:07.677+0000] {processor.py:829} INFO - Processing file /opt/airflow/dags/steam_dag.py for tasks to queue
[2024-11-04T07:02:07.678+0000] {logging_mixin.py:151} INFO - [2024-11-04T07:02:07.677+0000] {dagbag.py:539} INFO - Filling up the DagBag from /opt/airflow/dags/steam_dag.py
[2024-11-04T07:02:07.962+0000] {logging_mixin.py:151} INFO - /opt/airflow/pipelines/game_pipeline.py
[2024-11-04T07:02:07.963+0000] {logging_mixin.py:151} INFO - None
[2024-11-04T07:02:07.977+0000] {processor.py:839} INFO - DAG(s) dict_keys(['etl_game_pipeline']) retrieved from /opt/airflow/dags/steam_dag.py
[2024-11-04T07:02:07.999+0000] {logging_mixin.py:151} INFO - [2024-11-04T07:02:07.999+0000] {dag.py:2915} INFO - Sync 1 DAGs
[2024-11-04T07:02:08.019+0000] {logging_mixin.py:151} INFO - [2024-11-04T07:02:08.019+0000] {dag.py:3696} INFO - Setting next_dagrun for etl_game_pipeline to 2024-11-03T00:00:00+00:00, run_after=2024-11-10T00:00:00+00:00
[2024-11-04T07:02:08.037+0000] {processor.py:179} INFO - Processing /opt/airflow/dags/steam_dag.py took 0.365 seconds
[2024-11-04T07:02:38.249+0000] {processor.py:157} INFO - Started process (PID=71) to work on /opt/airflow/dags/steam_dag.py
[2024-11-04T07:02:38.250+0000] {processor.py:829} INFO - Processing file /opt/airflow/dags/steam_dag.py for tasks to queue
[2024-11-04T07:02:38.251+0000] {logging_mixin.py:151} INFO - [2024-11-04T07:02:38.250+0000] {dagbag.py:539} INFO - Filling up the DagBag from /opt/airflow/dags/steam_dag.py
[2024-11-04T07:02:38.555+0000] {logging_mixin.py:151} INFO - /opt/airflow/pipelines/game_pipeline.py
[2024-11-04T07:02:38.556+0000] {logging_mixin.py:151} INFO - None
[2024-11-04T07:02:38.570+0000] {processor.py:839} INFO - DAG(s) dict_keys(['etl_game_pipeline']) retrieved from /opt/airflow/dags/steam_dag.py
[2024-11-04T07:02:38.592+0000] {logging_mixin.py:151} INFO - [2024-11-04T07:02:38.591+0000] {dag.py:2915} INFO - Sync 1 DAGs
[2024-11-04T07:02:38.613+0000] {logging_mixin.py:151} INFO - [2024-11-04T07:02:38.613+0000] {dag.py:3696} INFO - Setting next_dagrun for etl_game_pipeline to 2024-11-03T00:00:00+00:00, run_after=2024-11-10T00:00:00+00:00
[2024-11-04T07:02:38.633+0000] {processor.py:179} INFO - Processing /opt/airflow/dags/steam_dag.py took 0.387 seconds
[2024-11-04T07:03:08.792+0000] {processor.py:157} INFO - Started process (PID=73) to work on /opt/airflow/dags/steam_dag.py
[2024-11-04T07:03:08.793+0000] {processor.py:829} INFO - Processing file /opt/airflow/dags/steam_dag.py for tasks to queue
[2024-11-04T07:03:08.794+0000] {logging_mixin.py:151} INFO - [2024-11-04T07:03:08.793+0000] {dagbag.py:539} INFO - Filling up the DagBag from /opt/airflow/dags/steam_dag.py
[2024-11-04T07:03:09.084+0000] {logging_mixin.py:151} INFO - /opt/airflow/pipelines/game_pipeline.py
[2024-11-04T07:03:09.085+0000] {logging_mixin.py:151} INFO - None
[2024-11-04T07:03:09.100+0000] {processor.py:839} INFO - DAG(s) dict_keys(['etl_game_pipeline']) retrieved from /opt/airflow/dags/steam_dag.py
[2024-11-04T07:03:09.122+0000] {logging_mixin.py:151} INFO - [2024-11-04T07:03:09.122+0000] {dag.py:2915} INFO - Sync 1 DAGs
[2024-11-04T07:03:09.142+0000] {logging_mixin.py:151} INFO - [2024-11-04T07:03:09.142+0000] {dag.py:3696} INFO - Setting next_dagrun for etl_game_pipeline to 2024-11-03T00:00:00+00:00, run_after=2024-11-10T00:00:00+00:00
[2024-11-04T07:03:09.161+0000] {processor.py:179} INFO - Processing /opt/airflow/dags/steam_dag.py took 0.372 seconds
[2024-11-04T07:03:39.381+0000] {processor.py:157} INFO - Started process (PID=75) to work on /opt/airflow/dags/steam_dag.py
[2024-11-04T07:03:39.382+0000] {processor.py:829} INFO - Processing file /opt/airflow/dags/steam_dag.py for tasks to queue
[2024-11-04T07:03:39.383+0000] {logging_mixin.py:151} INFO - [2024-11-04T07:03:39.383+0000] {dagbag.py:539} INFO - Filling up the DagBag from /opt/airflow/dags/steam_dag.py
[2024-11-04T07:03:39.781+0000] {logging_mixin.py:151} INFO - /opt/airflow/pipelines/game_pipeline.py
[2024-11-04T07:03:39.781+0000] {logging_mixin.py:151} INFO - None
[2024-11-04T07:03:39.797+0000] {processor.py:839} INFO - DAG(s) dict_keys(['etl_game_pipeline']) retrieved from /opt/airflow/dags/steam_dag.py
[2024-11-04T07:03:39.823+0000] {logging_mixin.py:151} INFO - [2024-11-04T07:03:39.823+0000] {dag.py:2915} INFO - Sync 1 DAGs
[2024-11-04T07:03:39.846+0000] {logging_mixin.py:151} INFO - [2024-11-04T07:03:39.846+0000] {dag.py:3696} INFO - Setting next_dagrun for etl_game_pipeline to 2024-11-03T00:00:00+00:00, run_after=2024-11-10T00:00:00+00:00
[2024-11-04T07:03:39.867+0000] {processor.py:179} INFO - Processing /opt/airflow/dags/steam_dag.py took 0.491 seconds
[2024-11-04T07:04:10.077+0000] {processor.py:157} INFO - Started process (PID=81) to work on /opt/airflow/dags/steam_dag.py
[2024-11-04T07:04:10.077+0000] {processor.py:829} INFO - Processing file /opt/airflow/dags/steam_dag.py for tasks to queue
[2024-11-04T07:04:10.078+0000] {logging_mixin.py:151} INFO - [2024-11-04T07:04:10.078+0000] {dagbag.py:539} INFO - Filling up the DagBag from /opt/airflow/dags/steam_dag.py
[2024-11-04T07:04:10.355+0000] {logging_mixin.py:151} INFO - /opt/airflow/pipelines/game_pipeline.py
[2024-11-04T07:04:10.356+0000] {logging_mixin.py:151} INFO - None
[2024-11-04T07:04:10.371+0000] {processor.py:839} INFO - DAG(s) dict_keys(['etl_game_pipeline']) retrieved from /opt/airflow/dags/steam_dag.py
[2024-11-04T07:04:10.393+0000] {logging_mixin.py:151} INFO - [2024-11-04T07:04:10.393+0000] {dag.py:2915} INFO - Sync 1 DAGs
[2024-11-04T07:04:10.413+0000] {logging_mixin.py:151} INFO - [2024-11-04T07:04:10.413+0000] {dag.py:3696} INFO - Setting next_dagrun for etl_game_pipeline to 2024-11-03T00:00:00+00:00, run_after=2024-11-10T00:00:00+00:00
[2024-11-04T07:04:10.431+0000] {processor.py:179} INFO - Processing /opt/airflow/dags/steam_dag.py took 0.357 seconds
[2024-11-04T07:04:40.630+0000] {processor.py:157} INFO - Started process (PID=83) to work on /opt/airflow/dags/steam_dag.py
[2024-11-04T07:04:40.631+0000] {processor.py:829} INFO - Processing file /opt/airflow/dags/steam_dag.py for tasks to queue
[2024-11-04T07:04:40.632+0000] {logging_mixin.py:151} INFO - [2024-11-04T07:04:40.632+0000] {dagbag.py:539} INFO - Filling up the DagBag from /opt/airflow/dags/steam_dag.py
[2024-11-04T07:04:40.943+0000] {logging_mixin.py:151} INFO - /opt/airflow/pipelines/game_pipeline.py
[2024-11-04T07:04:40.943+0000] {logging_mixin.py:151} INFO - None
[2024-11-04T07:04:40.957+0000] {processor.py:839} INFO - DAG(s) dict_keys(['etl_game_pipeline']) retrieved from /opt/airflow/dags/steam_dag.py
[2024-11-04T07:04:40.981+0000] {logging_mixin.py:151} INFO - [2024-11-04T07:04:40.980+0000] {dag.py:2915} INFO - Sync 1 DAGs
[2024-11-04T07:04:41.003+0000] {logging_mixin.py:151} INFO - [2024-11-04T07:04:41.003+0000] {dag.py:3696} INFO - Setting next_dagrun for etl_game_pipeline to 2024-11-03T00:00:00+00:00, run_after=2024-11-10T00:00:00+00:00
[2024-11-04T07:04:41.021+0000] {processor.py:179} INFO - Processing /opt/airflow/dags/steam_dag.py took 0.393 seconds
[2024-11-04T07:05:11.242+0000] {processor.py:157} INFO - Started process (PID=89) to work on /opt/airflow/dags/steam_dag.py
[2024-11-04T07:05:11.243+0000] {processor.py:829} INFO - Processing file /opt/airflow/dags/steam_dag.py for tasks to queue
[2024-11-04T07:05:11.248+0000] {logging_mixin.py:151} INFO - [2024-11-04T07:05:11.248+0000] {dagbag.py:539} INFO - Filling up the DagBag from /opt/airflow/dags/steam_dag.py
[2024-11-04T07:05:11.730+0000] {logging_mixin.py:151} INFO - /opt/airflow/pipelines/game_pipeline.py
[2024-11-04T07:05:11.730+0000] {logging_mixin.py:151} INFO - None
[2024-11-04T07:05:11.746+0000] {processor.py:839} INFO - DAG(s) dict_keys(['etl_game_pipeline']) retrieved from /opt/airflow/dags/steam_dag.py
[2024-11-04T07:05:11.777+0000] {logging_mixin.py:151} INFO - [2024-11-04T07:05:11.774+0000] {dag.py:2915} INFO - Sync 1 DAGs
[2024-11-04T07:05:11.808+0000] {logging_mixin.py:151} INFO - [2024-11-04T07:05:11.808+0000] {dag.py:3696} INFO - Setting next_dagrun for etl_game_pipeline to 2024-11-03T00:00:00+00:00, run_after=2024-11-10T00:00:00+00:00
[2024-11-04T07:05:11.839+0000] {processor.py:179} INFO - Processing /opt/airflow/dags/steam_dag.py took 0.601 seconds
[2024-11-04T07:05:41.979+0000] {processor.py:157} INFO - Started process (PID=91) to work on /opt/airflow/dags/steam_dag.py
[2024-11-04T07:05:41.980+0000] {processor.py:829} INFO - Processing file /opt/airflow/dags/steam_dag.py for tasks to queue
[2024-11-04T07:05:41.981+0000] {logging_mixin.py:151} INFO - [2024-11-04T07:05:41.981+0000] {dagbag.py:539} INFO - Filling up the DagBag from /opt/airflow/dags/steam_dag.py
[2024-11-04T07:05:42.315+0000] {logging_mixin.py:151} INFO - /opt/airflow/pipelines/game_pipeline.py
[2024-11-04T07:05:42.315+0000] {logging_mixin.py:151} INFO - None
[2024-11-04T07:05:42.331+0000] {processor.py:839} INFO - DAG(s) dict_keys(['etl_game_pipeline']) retrieved from /opt/airflow/dags/steam_dag.py
[2024-11-04T07:05:42.353+0000] {logging_mixin.py:151} INFO - [2024-11-04T07:05:42.352+0000] {dag.py:2915} INFO - Sync 1 DAGs
[2024-11-04T07:05:42.373+0000] {logging_mixin.py:151} INFO - [2024-11-04T07:05:42.373+0000] {dag.py:3696} INFO - Setting next_dagrun for etl_game_pipeline to 2024-11-03T00:00:00+00:00, run_after=2024-11-10T00:00:00+00:00
[2024-11-04T07:05:42.390+0000] {processor.py:179} INFO - Processing /opt/airflow/dags/steam_dag.py took 0.415 seconds
[2024-11-04T07:06:12.615+0000] {processor.py:157} INFO - Started process (PID=93) to work on /opt/airflow/dags/steam_dag.py
[2024-11-04T07:06:12.616+0000] {processor.py:829} INFO - Processing file /opt/airflow/dags/steam_dag.py for tasks to queue
[2024-11-04T07:06:12.617+0000] {logging_mixin.py:151} INFO - [2024-11-04T07:06:12.617+0000] {dagbag.py:539} INFO - Filling up the DagBag from /opt/airflow/dags/steam_dag.py
[2024-11-04T07:06:12.926+0000] {logging_mixin.py:151} INFO - /opt/airflow/pipelines/game_pipeline.py
[2024-11-04T07:06:12.926+0000] {logging_mixin.py:151} INFO - None
[2024-11-04T07:06:12.939+0000] {processor.py:839} INFO - DAG(s) dict_keys(['etl_game_pipeline']) retrieved from /opt/airflow/dags/steam_dag.py
[2024-11-04T07:06:12.961+0000] {logging_mixin.py:151} INFO - [2024-11-04T07:06:12.960+0000] {dag.py:2915} INFO - Sync 1 DAGs
[2024-11-04T07:06:12.981+0000] {logging_mixin.py:151} INFO - [2024-11-04T07:06:12.981+0000] {dag.py:3696} INFO - Setting next_dagrun for etl_game_pipeline to 2024-11-03T00:00:00+00:00, run_after=2024-11-10T00:00:00+00:00
[2024-11-04T07:06:12.999+0000] {processor.py:179} INFO - Processing /opt/airflow/dags/steam_dag.py took 0.387 seconds
[2024-11-04T07:06:43.810+0000] {processor.py:157} INFO - Started process (PID=95) to work on /opt/airflow/dags/steam_dag.py
[2024-11-04T07:06:43.811+0000] {processor.py:829} INFO - Processing file /opt/airflow/dags/steam_dag.py for tasks to queue
[2024-11-04T07:06:43.812+0000] {logging_mixin.py:151} INFO - [2024-11-04T07:06:43.812+0000] {dagbag.py:539} INFO - Filling up the DagBag from /opt/airflow/dags/steam_dag.py
[2024-11-04T07:06:44.097+0000] {logging_mixin.py:151} INFO - /opt/airflow/pipelines/game_pipeline.py
[2024-11-04T07:06:44.098+0000] {logging_mixin.py:151} INFO - None
[2024-11-04T07:06:44.113+0000] {processor.py:839} INFO - DAG(s) dict_keys(['etl_game_pipeline']) retrieved from /opt/airflow/dags/steam_dag.py
[2024-11-04T07:06:44.136+0000] {logging_mixin.py:151} INFO - [2024-11-04T07:06:44.135+0000] {dag.py:2915} INFO - Sync 1 DAGs
[2024-11-04T07:06:44.157+0000] {logging_mixin.py:151} INFO - [2024-11-04T07:06:44.157+0000] {dag.py:3696} INFO - Setting next_dagrun for etl_game_pipeline to 2024-11-03T00:00:00+00:00, run_after=2024-11-10T00:00:00+00:00
[2024-11-04T07:06:44.175+0000] {processor.py:179} INFO - Processing /opt/airflow/dags/steam_dag.py took 0.368 seconds
[2024-11-04T07:07:14.983+0000] {processor.py:157} INFO - Started process (PID=97) to work on /opt/airflow/dags/steam_dag.py
[2024-11-04T07:07:14.984+0000] {processor.py:829} INFO - Processing file /opt/airflow/dags/steam_dag.py for tasks to queue
[2024-11-04T07:07:14.985+0000] {logging_mixin.py:151} INFO - [2024-11-04T07:07:14.985+0000] {dagbag.py:539} INFO - Filling up the DagBag from /opt/airflow/dags/steam_dag.py
[2024-11-04T07:07:15.259+0000] {logging_mixin.py:151} INFO - /opt/airflow/pipelines/game_pipeline.py
[2024-11-04T07:07:15.259+0000] {logging_mixin.py:151} INFO - None
[2024-11-04T07:07:15.275+0000] {processor.py:839} INFO - DAG(s) dict_keys(['etl_game_pipeline']) retrieved from /opt/airflow/dags/steam_dag.py
[2024-11-04T07:07:15.298+0000] {logging_mixin.py:151} INFO - [2024-11-04T07:07:15.298+0000] {dag.py:2915} INFO - Sync 1 DAGs
[2024-11-04T07:07:15.318+0000] {logging_mixin.py:151} INFO - [2024-11-04T07:07:15.318+0000] {dag.py:3696} INFO - Setting next_dagrun for etl_game_pipeline to 2024-11-03T00:00:00+00:00, run_after=2024-11-10T00:00:00+00:00
[2024-11-04T07:07:15.335+0000] {processor.py:179} INFO - Processing /opt/airflow/dags/steam_dag.py took 0.355 seconds
[2024-11-04T07:07:46.302+0000] {processor.py:157} INFO - Started process (PID=99) to work on /opt/airflow/dags/steam_dag.py
[2024-11-04T07:07:46.303+0000] {processor.py:829} INFO - Processing file /opt/airflow/dags/steam_dag.py for tasks to queue
[2024-11-04T07:07:46.304+0000] {logging_mixin.py:151} INFO - [2024-11-04T07:07:46.304+0000] {dagbag.py:539} INFO - Filling up the DagBag from /opt/airflow/dags/steam_dag.py
[2024-11-04T07:07:46.586+0000] {logging_mixin.py:151} INFO - /opt/airflow/pipelines/game_pipeline.py
[2024-11-04T07:07:46.587+0000] {logging_mixin.py:151} INFO - None
[2024-11-04T07:07:46.602+0000] {processor.py:839} INFO - DAG(s) dict_keys(['etl_game_pipeline']) retrieved from /opt/airflow/dags/steam_dag.py
[2024-11-04T07:07:46.627+0000] {logging_mixin.py:151} INFO - [2024-11-04T07:07:46.626+0000] {dag.py:2915} INFO - Sync 1 DAGs
[2024-11-04T07:07:46.647+0000] {logging_mixin.py:151} INFO - [2024-11-04T07:07:46.647+0000] {dag.py:3696} INFO - Setting next_dagrun for etl_game_pipeline to 2024-11-03T00:00:00+00:00, run_after=2024-11-10T00:00:00+00:00
[2024-11-04T07:07:46.670+0000] {processor.py:179} INFO - Processing /opt/airflow/dags/steam_dag.py took 0.371 seconds
[2024-11-04T07:08:16.809+0000] {processor.py:157} INFO - Started process (PID=101) to work on /opt/airflow/dags/steam_dag.py
[2024-11-04T07:08:16.810+0000] {processor.py:829} INFO - Processing file /opt/airflow/dags/steam_dag.py for tasks to queue
[2024-11-04T07:08:16.811+0000] {logging_mixin.py:151} INFO - [2024-11-04T07:08:16.810+0000] {dagbag.py:539} INFO - Filling up the DagBag from /opt/airflow/dags/steam_dag.py
[2024-11-04T07:08:17.102+0000] {logging_mixin.py:151} INFO - /opt/airflow/pipelines/game_pipeline.py
[2024-11-04T07:08:17.103+0000] {logging_mixin.py:151} INFO - None
[2024-11-04T07:08:17.121+0000] {processor.py:839} INFO - DAG(s) dict_keys(['etl_game_pipeline']) retrieved from /opt/airflow/dags/steam_dag.py
[2024-11-04T07:08:17.144+0000] {logging_mixin.py:151} INFO - [2024-11-04T07:08:17.144+0000] {dag.py:2915} INFO - Sync 1 DAGs
[2024-11-04T07:08:17.167+0000] {logging_mixin.py:151} INFO - [2024-11-04T07:08:17.167+0000] {dag.py:3696} INFO - Setting next_dagrun for etl_game_pipeline to 2024-11-03T00:00:00+00:00, run_after=2024-11-10T00:00:00+00:00
[2024-11-04T07:08:17.186+0000] {processor.py:179} INFO - Processing /opt/airflow/dags/steam_dag.py took 0.381 seconds
[2024-11-04T07:08:48.115+0000] {processor.py:157} INFO - Started process (PID=103) to work on /opt/airflow/dags/steam_dag.py
[2024-11-04T07:08:48.116+0000] {processor.py:829} INFO - Processing file /opt/airflow/dags/steam_dag.py for tasks to queue
[2024-11-04T07:08:48.117+0000] {logging_mixin.py:151} INFO - [2024-11-04T07:08:48.117+0000] {dagbag.py:539} INFO - Filling up the DagBag from /opt/airflow/dags/steam_dag.py
[2024-11-04T07:08:48.390+0000] {logging_mixin.py:151} INFO - /opt/airflow/pipelines/game_pipeline.py
[2024-11-04T07:08:48.391+0000] {logging_mixin.py:151} INFO - None
[2024-11-04T07:08:48.405+0000] {processor.py:839} INFO - DAG(s) dict_keys(['etl_game_pipeline']) retrieved from /opt/airflow/dags/steam_dag.py
[2024-11-04T07:08:48.426+0000] {logging_mixin.py:151} INFO - [2024-11-04T07:08:48.426+0000] {dag.py:2915} INFO - Sync 1 DAGs
[2024-11-04T07:08:48.445+0000] {logging_mixin.py:151} INFO - [2024-11-04T07:08:48.445+0000] {dag.py:3696} INFO - Setting next_dagrun for etl_game_pipeline to 2024-11-03T00:00:00+00:00, run_after=2024-11-10T00:00:00+00:00
[2024-11-04T07:08:48.464+0000] {processor.py:179} INFO - Processing /opt/airflow/dags/steam_dag.py took 0.352 seconds
[2024-11-04T07:09:19.745+0000] {processor.py:157} INFO - Started process (PID=105) to work on /opt/airflow/dags/steam_dag.py
[2024-11-04T07:09:19.746+0000] {processor.py:829} INFO - Processing file /opt/airflow/dags/steam_dag.py for tasks to queue
[2024-11-04T07:09:19.747+0000] {logging_mixin.py:151} INFO - [2024-11-04T07:09:19.747+0000] {dagbag.py:539} INFO - Filling up the DagBag from /opt/airflow/dags/steam_dag.py
[2024-11-04T07:09:20.170+0000] {logging_mixin.py:151} INFO - /opt/airflow/pipelines/game_pipeline.py
[2024-11-04T07:09:20.170+0000] {logging_mixin.py:151} INFO - None
[2024-11-04T07:09:20.184+0000] {processor.py:839} INFO - DAG(s) dict_keys(['etl_game_pipeline']) retrieved from /opt/airflow/dags/steam_dag.py
[2024-11-04T07:09:20.205+0000] {logging_mixin.py:151} INFO - [2024-11-04T07:09:20.205+0000] {dag.py:2915} INFO - Sync 1 DAGs
[2024-11-04T07:09:20.237+0000] {logging_mixin.py:151} INFO - [2024-11-04T07:09:20.237+0000] {dag.py:3696} INFO - Setting next_dagrun for etl_game_pipeline to 2024-11-03T00:00:00+00:00, run_after=2024-11-10T00:00:00+00:00
[2024-11-04T07:09:20.259+0000] {processor.py:179} INFO - Processing /opt/airflow/dags/steam_dag.py took 0.516 seconds
[2024-11-04T07:09:50.618+0000] {processor.py:157} INFO - Started process (PID=107) to work on /opt/airflow/dags/steam_dag.py
[2024-11-04T07:09:50.619+0000] {processor.py:829} INFO - Processing file /opt/airflow/dags/steam_dag.py for tasks to queue
[2024-11-04T07:09:50.620+0000] {logging_mixin.py:151} INFO - [2024-11-04T07:09:50.620+0000] {dagbag.py:539} INFO - Filling up the DagBag from /opt/airflow/dags/steam_dag.py
[2024-11-04T07:09:50.979+0000] {logging_mixin.py:151} INFO - /opt/airflow/pipelines/game_pipeline.py
[2024-11-04T07:09:50.979+0000] {logging_mixin.py:151} INFO - None
[2024-11-04T07:09:50.994+0000] {processor.py:839} INFO - DAG(s) dict_keys(['etl_game_pipeline']) retrieved from /opt/airflow/dags/steam_dag.py
[2024-11-04T07:09:51.019+0000] {logging_mixin.py:151} INFO - [2024-11-04T07:09:51.019+0000] {dag.py:2915} INFO - Sync 1 DAGs
[2024-11-04T07:09:51.041+0000] {logging_mixin.py:151} INFO - [2024-11-04T07:09:51.041+0000] {dag.py:3696} INFO - Setting next_dagrun for etl_game_pipeline to 2024-11-03T00:00:00+00:00, run_after=2024-11-10T00:00:00+00:00
[2024-11-04T07:09:51.060+0000] {processor.py:179} INFO - Processing /opt/airflow/dags/steam_dag.py took 0.444 seconds
[2024-11-04T07:10:21.258+0000] {processor.py:157} INFO - Started process (PID=109) to work on /opt/airflow/dags/steam_dag.py
[2024-11-04T07:10:21.259+0000] {processor.py:829} INFO - Processing file /opt/airflow/dags/steam_dag.py for tasks to queue
[2024-11-04T07:10:21.260+0000] {logging_mixin.py:151} INFO - [2024-11-04T07:10:21.260+0000] {dagbag.py:539} INFO - Filling up the DagBag from /opt/airflow/dags/steam_dag.py
[2024-11-04T07:10:21.540+0000] {logging_mixin.py:151} INFO - /opt/airflow/pipelines/game_pipeline.py
[2024-11-04T07:10:21.541+0000] {logging_mixin.py:151} INFO - None
[2024-11-04T07:10:21.556+0000] {processor.py:839} INFO - DAG(s) dict_keys(['etl_game_pipeline']) retrieved from /opt/airflow/dags/steam_dag.py
[2024-11-04T07:10:21.578+0000] {logging_mixin.py:151} INFO - [2024-11-04T07:10:21.578+0000] {dag.py:2915} INFO - Sync 1 DAGs
[2024-11-04T07:10:21.597+0000] {logging_mixin.py:151} INFO - [2024-11-04T07:10:21.597+0000] {dag.py:3696} INFO - Setting next_dagrun for etl_game_pipeline to 2024-11-03T00:00:00+00:00, run_after=2024-11-10T00:00:00+00:00
[2024-11-04T07:10:21.615+0000] {processor.py:179} INFO - Processing /opt/airflow/dags/steam_dag.py took 0.359 seconds
[2024-11-04T07:10:52.500+0000] {processor.py:157} INFO - Started process (PID=111) to work on /opt/airflow/dags/steam_dag.py
[2024-11-04T07:10:52.501+0000] {processor.py:829} INFO - Processing file /opt/airflow/dags/steam_dag.py for tasks to queue
[2024-11-04T07:10:52.502+0000] {logging_mixin.py:151} INFO - [2024-11-04T07:10:52.502+0000] {dagbag.py:539} INFO - Filling up the DagBag from /opt/airflow/dags/steam_dag.py
[2024-11-04T07:10:52.812+0000] {logging_mixin.py:151} INFO - /opt/airflow/pipelines/game_pipeline.py
[2024-11-04T07:10:52.817+0000] {logging_mixin.py:151} INFO - None
[2024-11-04T07:10:52.848+0000] {processor.py:839} INFO - DAG(s) dict_keys(['etl_game_pipeline']) retrieved from /opt/airflow/dags/steam_dag.py
[2024-11-04T07:10:52.869+0000] {logging_mixin.py:151} INFO - [2024-11-04T07:10:52.869+0000] {dag.py:2915} INFO - Sync 1 DAGs
[2024-11-04T07:10:52.890+0000] {logging_mixin.py:151} INFO - [2024-11-04T07:10:52.890+0000] {dag.py:3696} INFO - Setting next_dagrun for etl_game_pipeline to 2024-11-03T00:00:00+00:00, run_after=2024-11-10T00:00:00+00:00
[2024-11-04T07:10:52.907+0000] {processor.py:179} INFO - Processing /opt/airflow/dags/steam_dag.py took 0.410 seconds
[2024-11-04T07:11:24.223+0000] {processor.py:157} INFO - Started process (PID=113) to work on /opt/airflow/dags/steam_dag.py
[2024-11-04T07:11:24.223+0000] {processor.py:829} INFO - Processing file /opt/airflow/dags/steam_dag.py for tasks to queue
[2024-11-04T07:11:24.224+0000] {logging_mixin.py:151} INFO - [2024-11-04T07:11:24.224+0000] {dagbag.py:539} INFO - Filling up the DagBag from /opt/airflow/dags/steam_dag.py
[2024-11-04T07:11:24.627+0000] {logging_mixin.py:151} INFO - /opt/airflow/pipelines/game_pipeline.py
[2024-11-04T07:11:24.628+0000] {logging_mixin.py:151} INFO - None
[2024-11-04T07:11:24.643+0000] {processor.py:839} INFO - DAG(s) dict_keys(['etl_game_pipeline']) retrieved from /opt/airflow/dags/steam_dag.py
[2024-11-04T07:11:24.665+0000] {logging_mixin.py:151} INFO - [2024-11-04T07:11:24.664+0000] {dag.py:2915} INFO - Sync 1 DAGs
[2024-11-04T07:11:24.684+0000] {logging_mixin.py:151} INFO - [2024-11-04T07:11:24.683+0000] {dag.py:3696} INFO - Setting next_dagrun for etl_game_pipeline to 2024-11-03T00:00:00+00:00, run_after=2024-11-10T00:00:00+00:00
[2024-11-04T07:11:24.701+0000] {processor.py:179} INFO - Processing /opt/airflow/dags/steam_dag.py took 0.481 seconds
[2024-11-04T07:11:55.078+0000] {processor.py:157} INFO - Started process (PID=115) to work on /opt/airflow/dags/steam_dag.py
[2024-11-04T07:11:55.078+0000] {processor.py:829} INFO - Processing file /opt/airflow/dags/steam_dag.py for tasks to queue
[2024-11-04T07:11:55.079+0000] {logging_mixin.py:151} INFO - [2024-11-04T07:11:55.079+0000] {dagbag.py:539} INFO - Filling up the DagBag from /opt/airflow/dags/steam_dag.py
[2024-11-04T07:11:55.366+0000] {logging_mixin.py:151} INFO - /opt/airflow/pipelines/game_pipeline.py
[2024-11-04T07:11:55.367+0000] {logging_mixin.py:151} INFO - None
[2024-11-04T07:11:55.384+0000] {processor.py:839} INFO - DAG(s) dict_keys(['etl_game_pipeline']) retrieved from /opt/airflow/dags/steam_dag.py
[2024-11-04T07:11:55.410+0000] {logging_mixin.py:151} INFO - [2024-11-04T07:11:55.410+0000] {dag.py:2915} INFO - Sync 1 DAGs
[2024-11-04T07:11:55.434+0000] {logging_mixin.py:151} INFO - [2024-11-04T07:11:55.434+0000] {dag.py:3696} INFO - Setting next_dagrun for etl_game_pipeline to 2024-11-03T00:00:00+00:00, run_after=2024-11-10T00:00:00+00:00
[2024-11-04T07:11:55.453+0000] {processor.py:179} INFO - Processing /opt/airflow/dags/steam_dag.py took 0.378 seconds
[2024-11-04T07:12:26.312+0000] {processor.py:157} INFO - Started process (PID=117) to work on /opt/airflow/dags/steam_dag.py
[2024-11-04T07:12:26.313+0000] {processor.py:829} INFO - Processing file /opt/airflow/dags/steam_dag.py for tasks to queue
[2024-11-04T07:12:26.314+0000] {logging_mixin.py:151} INFO - [2024-11-04T07:12:26.314+0000] {dagbag.py:539} INFO - Filling up the DagBag from /opt/airflow/dags/steam_dag.py
[2024-11-04T07:12:26.585+0000] {logging_mixin.py:151} INFO - /opt/airflow/pipelines/game_pipeline.py
[2024-11-04T07:12:26.586+0000] {logging_mixin.py:151} INFO - None
[2024-11-04T07:12:26.600+0000] {processor.py:839} INFO - DAG(s) dict_keys(['etl_game_pipeline']) retrieved from /opt/airflow/dags/steam_dag.py
[2024-11-04T07:12:26.621+0000] {logging_mixin.py:151} INFO - [2024-11-04T07:12:26.621+0000] {dag.py:2915} INFO - Sync 1 DAGs
[2024-11-04T07:12:26.641+0000] {logging_mixin.py:151} INFO - [2024-11-04T07:12:26.640+0000] {dag.py:3696} INFO - Setting next_dagrun for etl_game_pipeline to 2024-11-03T00:00:00+00:00, run_after=2024-11-10T00:00:00+00:00
[2024-11-04T07:12:26.658+0000] {processor.py:179} INFO - Processing /opt/airflow/dags/steam_dag.py took 0.349 seconds
[2024-11-04T07:12:57.951+0000] {processor.py:157} INFO - Started process (PID=119) to work on /opt/airflow/dags/steam_dag.py
[2024-11-04T07:12:57.952+0000] {processor.py:829} INFO - Processing file /opt/airflow/dags/steam_dag.py for tasks to queue
[2024-11-04T07:12:57.953+0000] {logging_mixin.py:151} INFO - [2024-11-04T07:12:57.952+0000] {dagbag.py:539} INFO - Filling up the DagBag from /opt/airflow/dags/steam_dag.py
[2024-11-04T07:12:58.220+0000] {logging_mixin.py:151} INFO - /opt/airflow/pipelines/game_pipeline.py
[2024-11-04T07:12:58.220+0000] {logging_mixin.py:151} INFO - None
[2024-11-04T07:12:58.235+0000] {processor.py:839} INFO - DAG(s) dict_keys(['etl_game_pipeline']) retrieved from /opt/airflow/dags/steam_dag.py
[2024-11-04T07:12:58.257+0000] {logging_mixin.py:151} INFO - [2024-11-04T07:12:58.256+0000] {dag.py:2915} INFO - Sync 1 DAGs
[2024-11-04T07:12:58.277+0000] {logging_mixin.py:151} INFO - [2024-11-04T07:12:58.276+0000] {dag.py:3696} INFO - Setting next_dagrun for etl_game_pipeline to 2024-11-03T00:00:00+00:00, run_after=2024-11-10T00:00:00+00:00
[2024-11-04T07:12:58.294+0000] {processor.py:179} INFO - Processing /opt/airflow/dags/steam_dag.py took 0.346 seconds
[2024-11-04T07:13:28.650+0000] {processor.py:157} INFO - Started process (PID=121) to work on /opt/airflow/dags/steam_dag.py
[2024-11-04T07:13:28.651+0000] {processor.py:829} INFO - Processing file /opt/airflow/dags/steam_dag.py for tasks to queue
[2024-11-04T07:13:28.652+0000] {logging_mixin.py:151} INFO - [2024-11-04T07:13:28.652+0000] {dagbag.py:539} INFO - Filling up the DagBag from /opt/airflow/dags/steam_dag.py
[2024-11-04T07:13:28.943+0000] {logging_mixin.py:151} INFO - /opt/airflow/pipelines/game_pipeline.py
[2024-11-04T07:13:28.943+0000] {logging_mixin.py:151} INFO - None
[2024-11-04T07:13:28.961+0000] {processor.py:839} INFO - DAG(s) dict_keys(['etl_game_pipeline']) retrieved from /opt/airflow/dags/steam_dag.py
[2024-11-04T07:13:28.983+0000] {logging_mixin.py:151} INFO - [2024-11-04T07:13:28.983+0000] {dag.py:2915} INFO - Sync 1 DAGs
[2024-11-04T07:13:29.004+0000] {logging_mixin.py:151} INFO - [2024-11-04T07:13:29.004+0000] {dag.py:3696} INFO - Setting next_dagrun for etl_game_pipeline to 2024-11-03T00:00:00+00:00, run_after=2024-11-10T00:00:00+00:00
[2024-11-04T07:13:29.022+0000] {processor.py:179} INFO - Processing /opt/airflow/dags/steam_dag.py took 0.374 seconds
[2024-11-04T07:14:00.012+0000] {processor.py:157} INFO - Started process (PID=123) to work on /opt/airflow/dags/steam_dag.py
[2024-11-04T07:14:00.013+0000] {processor.py:829} INFO - Processing file /opt/airflow/dags/steam_dag.py for tasks to queue
[2024-11-04T07:14:00.014+0000] {logging_mixin.py:151} INFO - [2024-11-04T07:14:00.014+0000] {dagbag.py:539} INFO - Filling up the DagBag from /opt/airflow/dags/steam_dag.py
[2024-11-04T07:14:00.287+0000] {logging_mixin.py:151} INFO - /opt/airflow/pipelines/game_pipeline.py
[2024-11-04T07:14:00.288+0000] {logging_mixin.py:151} INFO - None
[2024-11-04T07:14:00.313+0000] {processor.py:839} INFO - DAG(s) dict_keys(['etl_game_pipeline']) retrieved from /opt/airflow/dags/steam_dag.py
[2024-11-04T07:14:00.335+0000] {logging_mixin.py:151} INFO - [2024-11-04T07:14:00.335+0000] {dag.py:2915} INFO - Sync 1 DAGs
[2024-11-04T07:14:00.355+0000] {logging_mixin.py:151} INFO - [2024-11-04T07:14:00.355+0000] {dag.py:3696} INFO - Setting next_dagrun for etl_game_pipeline to 2024-11-03T00:00:00+00:00, run_after=2024-11-10T00:00:00+00:00
[2024-11-04T07:14:00.375+0000] {processor.py:179} INFO - Processing /opt/airflow/dags/steam_dag.py took 0.365 seconds
[2024-11-04T07:14:30.656+0000] {processor.py:157} INFO - Started process (PID=125) to work on /opt/airflow/dags/steam_dag.py
[2024-11-04T07:14:30.657+0000] {processor.py:829} INFO - Processing file /opt/airflow/dags/steam_dag.py for tasks to queue
[2024-11-04T07:14:30.658+0000] {logging_mixin.py:151} INFO - [2024-11-04T07:14:30.658+0000] {dagbag.py:539} INFO - Filling up the DagBag from /opt/airflow/dags/steam_dag.py
[2024-11-04T07:14:30.937+0000] {logging_mixin.py:151} INFO - /opt/airflow/pipelines/game_pipeline.py
[2024-11-04T07:14:30.937+0000] {logging_mixin.py:151} INFO - None
[2024-11-04T07:14:30.952+0000] {processor.py:839} INFO - DAG(s) dict_keys(['etl_game_pipeline']) retrieved from /opt/airflow/dags/steam_dag.py
[2024-11-04T07:14:30.973+0000] {logging_mixin.py:151} INFO - [2024-11-04T07:14:30.972+0000] {dag.py:2915} INFO - Sync 1 DAGs
[2024-11-04T07:14:30.992+0000] {logging_mixin.py:151} INFO - [2024-11-04T07:14:30.992+0000] {dag.py:3696} INFO - Setting next_dagrun for etl_game_pipeline to 2024-11-03T00:00:00+00:00, run_after=2024-11-10T00:00:00+00:00
[2024-11-04T07:14:31.008+0000] {processor.py:179} INFO - Processing /opt/airflow/dags/steam_dag.py took 0.354 seconds
[2024-11-04T07:15:01.939+0000] {processor.py:157} INFO - Started process (PID=127) to work on /opt/airflow/dags/steam_dag.py
[2024-11-04T07:15:01.940+0000] {processor.py:829} INFO - Processing file /opt/airflow/dags/steam_dag.py for tasks to queue
[2024-11-04T07:15:01.941+0000] {logging_mixin.py:151} INFO - [2024-11-04T07:15:01.941+0000] {dagbag.py:539} INFO - Filling up the DagBag from /opt/airflow/dags/steam_dag.py
[2024-11-04T07:15:02.211+0000] {logging_mixin.py:151} INFO - /opt/airflow/pipelines/game_pipeline.py
[2024-11-04T07:15:02.212+0000] {logging_mixin.py:151} INFO - None
[2024-11-04T07:15:02.227+0000] {processor.py:839} INFO - DAG(s) dict_keys(['etl_game_pipeline']) retrieved from /opt/airflow/dags/steam_dag.py
[2024-11-04T07:15:02.249+0000] {logging_mixin.py:151} INFO - [2024-11-04T07:15:02.249+0000] {dag.py:2915} INFO - Sync 1 DAGs
[2024-11-04T07:15:02.269+0000] {logging_mixin.py:151} INFO - [2024-11-04T07:15:02.269+0000] {dag.py:3696} INFO - Setting next_dagrun for etl_game_pipeline to 2024-11-03T00:00:00+00:00, run_after=2024-11-10T00:00:00+00:00
[2024-11-04T07:15:02.286+0000] {processor.py:179} INFO - Processing /opt/airflow/dags/steam_dag.py took 0.350 seconds
[2024-11-04T07:15:33.634+0000] {processor.py:157} INFO - Started process (PID=129) to work on /opt/airflow/dags/steam_dag.py
[2024-11-04T07:15:33.634+0000] {processor.py:829} INFO - Processing file /opt/airflow/dags/steam_dag.py for tasks to queue
[2024-11-04T07:15:33.635+0000] {logging_mixin.py:151} INFO - [2024-11-04T07:15:33.635+0000] {dagbag.py:539} INFO - Filling up the DagBag from /opt/airflow/dags/steam_dag.py
[2024-11-04T07:15:33.914+0000] {logging_mixin.py:151} INFO - /opt/airflow/pipelines/game_pipeline.py
[2024-11-04T07:15:33.914+0000] {logging_mixin.py:151} INFO - None
[2024-11-04T07:15:33.929+0000] {processor.py:839} INFO - DAG(s) dict_keys(['etl_game_pipeline']) retrieved from /opt/airflow/dags/steam_dag.py
[2024-11-04T07:15:33.951+0000] {logging_mixin.py:151} INFO - [2024-11-04T07:15:33.950+0000] {dag.py:2915} INFO - Sync 1 DAGs
[2024-11-04T07:15:33.970+0000] {logging_mixin.py:151} INFO - [2024-11-04T07:15:33.970+0000] {dag.py:3696} INFO - Setting next_dagrun for etl_game_pipeline to 2024-11-03T00:00:00+00:00, run_after=2024-11-10T00:00:00+00:00
[2024-11-04T07:15:33.987+0000] {processor.py:179} INFO - Processing /opt/airflow/dags/steam_dag.py took 0.356 seconds
[2024-11-04T07:16:04.347+0000] {processor.py:157} INFO - Started process (PID=131) to work on /opt/airflow/dags/steam_dag.py
[2024-11-04T07:16:04.348+0000] {processor.py:829} INFO - Processing file /opt/airflow/dags/steam_dag.py for tasks to queue
[2024-11-04T07:16:04.349+0000] {logging_mixin.py:151} INFO - [2024-11-04T07:16:04.348+0000] {dagbag.py:539} INFO - Filling up the DagBag from /opt/airflow/dags/steam_dag.py
[2024-11-04T07:16:04.621+0000] {logging_mixin.py:151} INFO - /opt/airflow/pipelines/game_pipeline.py
[2024-11-04T07:16:04.622+0000] {logging_mixin.py:151} INFO - None
[2024-11-04T07:16:04.637+0000] {processor.py:839} INFO - DAG(s) dict_keys(['etl_game_pipeline']) retrieved from /opt/airflow/dags/steam_dag.py
[2024-11-04T07:16:04.659+0000] {logging_mixin.py:151} INFO - [2024-11-04T07:16:04.658+0000] {dag.py:2915} INFO - Sync 1 DAGs
[2024-11-04T07:16:04.679+0000] {logging_mixin.py:151} INFO - [2024-11-04T07:16:04.679+0000] {dag.py:3696} INFO - Setting next_dagrun for etl_game_pipeline to 2024-11-03T00:00:00+00:00, run_after=2024-11-10T00:00:00+00:00
[2024-11-04T07:16:04.696+0000] {processor.py:179} INFO - Processing /opt/airflow/dags/steam_dag.py took 0.352 seconds
[2024-11-04T07:16:35.642+0000] {processor.py:157} INFO - Started process (PID=133) to work on /opt/airflow/dags/steam_dag.py
[2024-11-04T07:16:35.643+0000] {processor.py:829} INFO - Processing file /opt/airflow/dags/steam_dag.py for tasks to queue
[2024-11-04T07:16:35.644+0000] {logging_mixin.py:151} INFO - [2024-11-04T07:16:35.644+0000] {dagbag.py:539} INFO - Filling up the DagBag from /opt/airflow/dags/steam_dag.py
[2024-11-04T07:16:35.921+0000] {logging_mixin.py:151} INFO - /opt/airflow/pipelines/game_pipeline.py
[2024-11-04T07:16:35.921+0000] {logging_mixin.py:151} INFO - None
[2024-11-04T07:16:35.937+0000] {processor.py:839} INFO - DAG(s) dict_keys(['etl_game_pipeline']) retrieved from /opt/airflow/dags/steam_dag.py
[2024-11-04T07:16:35.959+0000] {logging_mixin.py:151} INFO - [2024-11-04T07:16:35.958+0000] {dag.py:2915} INFO - Sync 1 DAGs
[2024-11-04T07:16:35.978+0000] {logging_mixin.py:151} INFO - [2024-11-04T07:16:35.978+0000] {dag.py:3696} INFO - Setting next_dagrun for etl_game_pipeline to 2024-11-03T00:00:00+00:00, run_after=2024-11-10T00:00:00+00:00
[2024-11-04T07:16:35.996+0000] {processor.py:179} INFO - Processing /opt/airflow/dags/steam_dag.py took 0.357 seconds
[2024-11-04T07:17:07.306+0000] {processor.py:157} INFO - Started process (PID=135) to work on /opt/airflow/dags/steam_dag.py
[2024-11-04T07:17:07.307+0000] {processor.py:829} INFO - Processing file /opt/airflow/dags/steam_dag.py for tasks to queue
[2024-11-04T07:17:07.308+0000] {logging_mixin.py:151} INFO - [2024-11-04T07:17:07.308+0000] {dagbag.py:539} INFO - Filling up the DagBag from /opt/airflow/dags/steam_dag.py
[2024-11-04T07:17:07.588+0000] {logging_mixin.py:151} INFO - /opt/airflow/pipelines/game_pipeline.py
[2024-11-04T07:17:07.588+0000] {logging_mixin.py:151} INFO - None
[2024-11-04T07:17:07.602+0000] {processor.py:839} INFO - DAG(s) dict_keys(['etl_game_pipeline']) retrieved from /opt/airflow/dags/steam_dag.py
[2024-11-04T07:17:07.627+0000] {logging_mixin.py:151} INFO - [2024-11-04T07:17:07.626+0000] {dag.py:2915} INFO - Sync 1 DAGs
[2024-11-04T07:17:07.650+0000] {logging_mixin.py:151} INFO - [2024-11-04T07:17:07.650+0000] {dag.py:3696} INFO - Setting next_dagrun for etl_game_pipeline to 2024-11-03T00:00:00+00:00, run_after=2024-11-10T00:00:00+00:00
[2024-11-04T07:17:07.667+0000] {processor.py:179} INFO - Processing /opt/airflow/dags/steam_dag.py took 0.363 seconds
[2024-11-04T07:17:37.997+0000] {processor.py:157} INFO - Started process (PID=137) to work on /opt/airflow/dags/steam_dag.py
[2024-11-04T07:17:37.998+0000] {processor.py:829} INFO - Processing file /opt/airflow/dags/steam_dag.py for tasks to queue
[2024-11-04T07:17:37.999+0000] {logging_mixin.py:151} INFO - [2024-11-04T07:17:37.998+0000] {dagbag.py:539} INFO - Filling up the DagBag from /opt/airflow/dags/steam_dag.py
[2024-11-04T07:17:38.280+0000] {logging_mixin.py:151} INFO - /opt/airflow/pipelines/game_pipeline.py
[2024-11-04T07:17:38.281+0000] {logging_mixin.py:151} INFO - None
[2024-11-04T07:17:38.295+0000] {processor.py:839} INFO - DAG(s) dict_keys(['etl_game_pipeline']) retrieved from /opt/airflow/dags/steam_dag.py
[2024-11-04T07:17:38.317+0000] {logging_mixin.py:151} INFO - [2024-11-04T07:17:38.317+0000] {dag.py:2915} INFO - Sync 1 DAGs
[2024-11-04T07:17:38.336+0000] {logging_mixin.py:151} INFO - [2024-11-04T07:17:38.336+0000] {dag.py:3696} INFO - Setting next_dagrun for etl_game_pipeline to 2024-11-03T00:00:00+00:00, run_after=2024-11-10T00:00:00+00:00
[2024-11-04T07:17:38.354+0000] {processor.py:179} INFO - Processing /opt/airflow/dags/steam_dag.py took 0.361 seconds
[2024-11-04T07:18:09.419+0000] {processor.py:157} INFO - Started process (PID=139) to work on /opt/airflow/dags/steam_dag.py
[2024-11-04T07:18:09.419+0000] {processor.py:829} INFO - Processing file /opt/airflow/dags/steam_dag.py for tasks to queue
[2024-11-04T07:18:09.420+0000] {logging_mixin.py:151} INFO - [2024-11-04T07:18:09.420+0000] {dagbag.py:539} INFO - Filling up the DagBag from /opt/airflow/dags/steam_dag.py
[2024-11-04T07:18:09.692+0000] {logging_mixin.py:151} INFO - /opt/airflow/pipelines/game_pipeline.py
[2024-11-04T07:18:09.693+0000] {logging_mixin.py:151} INFO - None
[2024-11-04T07:18:09.709+0000] {processor.py:839} INFO - DAG(s) dict_keys(['etl_game_pipeline']) retrieved from /opt/airflow/dags/steam_dag.py
[2024-11-04T07:18:09.732+0000] {logging_mixin.py:151} INFO - [2024-11-04T07:18:09.731+0000] {dag.py:2915} INFO - Sync 1 DAGs
[2024-11-04T07:18:09.752+0000] {logging_mixin.py:151} INFO - [2024-11-04T07:18:09.751+0000] {dag.py:3696} INFO - Setting next_dagrun for etl_game_pipeline to 2024-11-03T00:00:00+00:00, run_after=2024-11-10T00:00:00+00:00
[2024-11-04T07:18:09.770+0000] {processor.py:179} INFO - Processing /opt/airflow/dags/steam_dag.py took 0.354 seconds
[2024-11-04T07:18:40.090+0000] {processor.py:157} INFO - Started process (PID=141) to work on /opt/airflow/dags/steam_dag.py
[2024-11-04T07:18:40.090+0000] {processor.py:829} INFO - Processing file /opt/airflow/dags/steam_dag.py for tasks to queue
[2024-11-04T07:18:40.091+0000] {logging_mixin.py:151} INFO - [2024-11-04T07:18:40.091+0000] {dagbag.py:539} INFO - Filling up the DagBag from /opt/airflow/dags/steam_dag.py
[2024-11-04T07:18:40.378+0000] {logging_mixin.py:151} INFO - /opt/airflow/pipelines/game_pipeline.py
[2024-11-04T07:18:40.378+0000] {logging_mixin.py:151} INFO - None
[2024-11-04T07:18:40.392+0000] {processor.py:839} INFO - DAG(s) dict_keys(['etl_game_pipeline']) retrieved from /opt/airflow/dags/steam_dag.py
[2024-11-04T07:18:40.414+0000] {logging_mixin.py:151} INFO - [2024-11-04T07:18:40.413+0000] {dag.py:2915} INFO - Sync 1 DAGs
[2024-11-04T07:18:40.434+0000] {logging_mixin.py:151} INFO - [2024-11-04T07:18:40.434+0000] {dag.py:3696} INFO - Setting next_dagrun for etl_game_pipeline to 2024-11-03T00:00:00+00:00, run_after=2024-11-10T00:00:00+00:00
[2024-11-04T07:18:40.451+0000] {processor.py:179} INFO - Processing /opt/airflow/dags/steam_dag.py took 0.364 seconds
[2024-11-04T07:19:11.424+0000] {processor.py:157} INFO - Started process (PID=143) to work on /opt/airflow/dags/steam_dag.py
[2024-11-04T07:19:11.424+0000] {processor.py:829} INFO - Processing file /opt/airflow/dags/steam_dag.py for tasks to queue
[2024-11-04T07:19:11.425+0000] {logging_mixin.py:151} INFO - [2024-11-04T07:19:11.425+0000] {dagbag.py:539} INFO - Filling up the DagBag from /opt/airflow/dags/steam_dag.py
[2024-11-04T07:19:11.694+0000] {logging_mixin.py:151} INFO - /opt/airflow/pipelines/game_pipeline.py
[2024-11-04T07:19:11.694+0000] {logging_mixin.py:151} INFO - None
[2024-11-04T07:19:11.709+0000] {processor.py:839} INFO - DAG(s) dict_keys(['etl_game_pipeline']) retrieved from /opt/airflow/dags/steam_dag.py
[2024-11-04T07:19:11.732+0000] {logging_mixin.py:151} INFO - [2024-11-04T07:19:11.731+0000] {dag.py:2915} INFO - Sync 1 DAGs
[2024-11-04T07:19:11.751+0000] {logging_mixin.py:151} INFO - [2024-11-04T07:19:11.751+0000] {dag.py:3696} INFO - Setting next_dagrun for etl_game_pipeline to 2024-11-03T00:00:00+00:00, run_after=2024-11-10T00:00:00+00:00
[2024-11-04T07:19:11.769+0000] {processor.py:179} INFO - Processing /opt/airflow/dags/steam_dag.py took 0.348 seconds
[2024-11-04T07:19:42.753+0000] {processor.py:157} INFO - Started process (PID=145) to work on /opt/airflow/dags/steam_dag.py
[2024-11-04T07:19:42.753+0000] {processor.py:829} INFO - Processing file /opt/airflow/dags/steam_dag.py for tasks to queue
[2024-11-04T07:19:42.754+0000] {logging_mixin.py:151} INFO - [2024-11-04T07:19:42.754+0000] {dagbag.py:539} INFO - Filling up the DagBag from /opt/airflow/dags/steam_dag.py
[2024-11-04T07:19:43.044+0000] {logging_mixin.py:151} INFO - /opt/airflow/pipelines/game_pipeline.py
[2024-11-04T07:19:43.044+0000] {logging_mixin.py:151} INFO - None
[2024-11-04T07:19:43.061+0000] {processor.py:839} INFO - DAG(s) dict_keys(['etl_game_pipeline']) retrieved from /opt/airflow/dags/steam_dag.py
[2024-11-04T07:19:43.088+0000] {logging_mixin.py:151} INFO - [2024-11-04T07:19:43.088+0000] {dag.py:2915} INFO - Sync 1 DAGs
[2024-11-04T07:19:43.116+0000] {logging_mixin.py:151} INFO - [2024-11-04T07:19:43.116+0000] {dag.py:3696} INFO - Setting next_dagrun for etl_game_pipeline to 2024-11-03T00:00:00+00:00, run_after=2024-11-10T00:00:00+00:00
[2024-11-04T07:19:43.138+0000] {processor.py:179} INFO - Processing /opt/airflow/dags/steam_dag.py took 0.388 seconds
[2024-11-04T07:20:14.554+0000] {processor.py:157} INFO - Started process (PID=147) to work on /opt/airflow/dags/steam_dag.py
[2024-11-04T07:20:14.555+0000] {processor.py:829} INFO - Processing file /opt/airflow/dags/steam_dag.py for tasks to queue
[2024-11-04T07:20:14.556+0000] {logging_mixin.py:151} INFO - [2024-11-04T07:20:14.556+0000] {dagbag.py:539} INFO - Filling up the DagBag from /opt/airflow/dags/steam_dag.py
[2024-11-04T07:20:14.842+0000] {logging_mixin.py:151} INFO - /opt/airflow/pipelines/game_pipeline.py
[2024-11-04T07:20:14.842+0000] {logging_mixin.py:151} INFO - None
[2024-11-04T07:20:14.857+0000] {processor.py:839} INFO - DAG(s) dict_keys(['etl_game_pipeline']) retrieved from /opt/airflow/dags/steam_dag.py
[2024-11-04T07:20:14.879+0000] {logging_mixin.py:151} INFO - [2024-11-04T07:20:14.879+0000] {dag.py:2915} INFO - Sync 1 DAGs
[2024-11-04T07:20:14.901+0000] {logging_mixin.py:151} INFO - [2024-11-04T07:20:14.901+0000] {dag.py:3696} INFO - Setting next_dagrun for etl_game_pipeline to 2024-11-03T00:00:00+00:00, run_after=2024-11-10T00:00:00+00:00
[2024-11-04T07:20:14.920+0000] {processor.py:179} INFO - Processing /opt/airflow/dags/steam_dag.py took 0.372 seconds
[2024-11-04T07:20:45.219+0000] {processor.py:157} INFO - Started process (PID=149) to work on /opt/airflow/dags/steam_dag.py
[2024-11-04T07:20:45.219+0000] {processor.py:829} INFO - Processing file /opt/airflow/dags/steam_dag.py for tasks to queue
[2024-11-04T07:20:45.220+0000] {logging_mixin.py:151} INFO - [2024-11-04T07:20:45.220+0000] {dagbag.py:539} INFO - Filling up the DagBag from /opt/airflow/dags/steam_dag.py
[2024-11-04T07:20:45.535+0000] {logging_mixin.py:151} INFO - /opt/airflow/pipelines/game_pipeline.py
[2024-11-04T07:20:45.536+0000] {logging_mixin.py:151} INFO - None
[2024-11-04T07:20:45.558+0000] {processor.py:839} INFO - DAG(s) dict_keys(['etl_game_pipeline']) retrieved from /opt/airflow/dags/steam_dag.py
[2024-11-04T07:20:45.588+0000] {logging_mixin.py:151} INFO - [2024-11-04T07:20:45.588+0000] {dag.py:2915} INFO - Sync 1 DAGs
[2024-11-04T07:20:45.612+0000] {logging_mixin.py:151} INFO - [2024-11-04T07:20:45.611+0000] {dag.py:3696} INFO - Setting next_dagrun for etl_game_pipeline to 2024-11-03T00:00:00+00:00, run_after=2024-11-10T00:00:00+00:00
[2024-11-04T07:20:45.629+0000] {processor.py:179} INFO - Processing /opt/airflow/dags/steam_dag.py took 0.413 seconds
[2024-11-04T07:21:16.547+0000] {processor.py:157} INFO - Started process (PID=151) to work on /opt/airflow/dags/steam_dag.py
[2024-11-04T07:21:16.548+0000] {processor.py:829} INFO - Processing file /opt/airflow/dags/steam_dag.py for tasks to queue
[2024-11-04T07:21:16.549+0000] {logging_mixin.py:151} INFO - [2024-11-04T07:21:16.549+0000] {dagbag.py:539} INFO - Filling up the DagBag from /opt/airflow/dags/steam_dag.py
[2024-11-04T07:21:16.838+0000] {logging_mixin.py:151} INFO - /opt/airflow/pipelines/game_pipeline.py
[2024-11-04T07:21:16.839+0000] {logging_mixin.py:151} INFO - None
[2024-11-04T07:21:16.855+0000] {processor.py:839} INFO - DAG(s) dict_keys(['etl_game_pipeline']) retrieved from /opt/airflow/dags/steam_dag.py
[2024-11-04T07:21:16.878+0000] {logging_mixin.py:151} INFO - [2024-11-04T07:21:16.877+0000] {dag.py:2915} INFO - Sync 1 DAGs
[2024-11-04T07:21:16.898+0000] {logging_mixin.py:151} INFO - [2024-11-04T07:21:16.898+0000] {dag.py:3696} INFO - Setting next_dagrun for etl_game_pipeline to 2024-11-03T00:00:00+00:00, run_after=2024-11-10T00:00:00+00:00
[2024-11-04T07:21:16.915+0000] {processor.py:179} INFO - Processing /opt/airflow/dags/steam_dag.py took 0.371 seconds
[2024-11-04T07:21:47.274+0000] {processor.py:157} INFO - Started process (PID=153) to work on /opt/airflow/dags/steam_dag.py
[2024-11-04T07:21:47.275+0000] {processor.py:829} INFO - Processing file /opt/airflow/dags/steam_dag.py for tasks to queue
[2024-11-04T07:21:47.276+0000] {logging_mixin.py:151} INFO - [2024-11-04T07:21:47.276+0000] {dagbag.py:539} INFO - Filling up the DagBag from /opt/airflow/dags/steam_dag.py
[2024-11-04T07:21:47.635+0000] {logging_mixin.py:151} INFO - /opt/airflow/pipelines/game_pipeline.py
[2024-11-04T07:21:47.635+0000] {logging_mixin.py:151} INFO - None
[2024-11-04T07:21:47.649+0000] {processor.py:839} INFO - DAG(s) dict_keys(['etl_game_pipeline']) retrieved from /opt/airflow/dags/steam_dag.py
[2024-11-04T07:21:47.674+0000] {logging_mixin.py:151} INFO - [2024-11-04T07:21:47.673+0000] {dag.py:2915} INFO - Sync 1 DAGs
[2024-11-04T07:21:47.696+0000] {logging_mixin.py:151} INFO - [2024-11-04T07:21:47.696+0000] {dag.py:3696} INFO - Setting next_dagrun for etl_game_pipeline to 2024-11-03T00:00:00+00:00, run_after=2024-11-10T00:00:00+00:00
[2024-11-04T07:21:47.715+0000] {processor.py:179} INFO - Processing /opt/airflow/dags/steam_dag.py took 0.444 seconds
[2024-11-04T07:22:18.650+0000] {processor.py:157} INFO - Started process (PID=155) to work on /opt/airflow/dags/steam_dag.py
[2024-11-04T07:22:18.651+0000] {processor.py:829} INFO - Processing file /opt/airflow/dags/steam_dag.py for tasks to queue
[2024-11-04T07:22:18.652+0000] {logging_mixin.py:151} INFO - [2024-11-04T07:22:18.652+0000] {dagbag.py:539} INFO - Filling up the DagBag from /opt/airflow/dags/steam_dag.py
[2024-11-04T07:22:18.926+0000] {logging_mixin.py:151} INFO - /opt/airflow/pipelines/game_pipeline.py
[2024-11-04T07:22:18.927+0000] {logging_mixin.py:151} INFO - None
[2024-11-04T07:22:18.942+0000] {processor.py:839} INFO - DAG(s) dict_keys(['etl_game_pipeline']) retrieved from /opt/airflow/dags/steam_dag.py
[2024-11-04T07:22:18.966+0000] {logging_mixin.py:151} INFO - [2024-11-04T07:22:18.965+0000] {dag.py:2915} INFO - Sync 1 DAGs
[2024-11-04T07:22:18.985+0000] {logging_mixin.py:151} INFO - [2024-11-04T07:22:18.985+0000] {dag.py:3696} INFO - Setting next_dagrun for etl_game_pipeline to 2024-11-03T00:00:00+00:00, run_after=2024-11-10T00:00:00+00:00
[2024-11-04T07:22:19.003+0000] {processor.py:179} INFO - Processing /opt/airflow/dags/steam_dag.py took 0.356 seconds
