[2024-10-20T00:50:21.208+0000] {taskinstance.py:1157} INFO - Dependencies all met for dep_context=non-requeueable deps ti=<TaskInstance: etl_steam_pipeline.steam_extraction scheduled__2024-10-19T00:00:00+00:00 [queued]>
[2024-10-20T00:50:21.218+0000] {taskinstance.py:1157} INFO - Dependencies all met for dep_context=requeueable deps ti=<TaskInstance: etl_steam_pipeline.steam_extraction scheduled__2024-10-19T00:00:00+00:00 [queued]>
[2024-10-20T00:50:21.219+0000] {taskinstance.py:1359} INFO - Starting attempt 2 of 4
[2024-10-20T00:50:21.235+0000] {taskinstance.py:1380} INFO - Executing <Task(PythonOperator): steam_extraction> on 2024-10-19 00:00:00+00:00
[2024-10-20T00:50:21.242+0000] {standard_task_runner.py:57} INFO - Started process 60 to run task
[2024-10-20T00:50:21.246+0000] {standard_task_runner.py:84} INFO - Running: ['airflow', 'tasks', 'run', 'etl_steam_pipeline', 'steam_extraction', 'scheduled__2024-10-19T00:00:00+00:00', '--job-id', '19', '--raw', '--subdir', 'DAGS_FOLDER/steam_dag.py', '--cfg-path', '/tmp/tmpws6w1hti']
[2024-10-20T00:50:21.247+0000] {standard_task_runner.py:85} INFO - Job 19: Subtask steam_extraction
[2024-10-20T00:50:21.310+0000] {task_command.py:415} INFO - Running <TaskInstance: etl_steam_pipeline.steam_extraction scheduled__2024-10-19T00:00:00+00:00 [running]> on host 062dc6c44850
[2024-10-20T00:50:21.401+0000] {taskinstance.py:1660} INFO - Exporting env vars: AIRFLOW_CTX_DAG_OWNER='Jordan Welborn' AIRFLOW_CTX_DAG_ID='etl_steam_pipeline' AIRFLOW_CTX_TASK_ID='steam_extraction' AIRFLOW_CTX_EXECUTION_DATE='2024-10-19T00:00:00+00:00' AIRFLOW_CTX_TRY_NUMBER='2' AIRFLOW_CTX_DAG_RUN_ID='scheduled__2024-10-19T00:00:00+00:00'
[2024-10-20T00:50:21.403+0000] {logging_mixin.py:151} INFO - Processed 2129810 Already! Sorry Try another
[2024-10-20T00:50:21.403+0000] {logging_mixin.py:151} INFO - Processed 2335800 Already! Sorry Try another
[2024-10-20T00:50:21.404+0000] {logging_mixin.py:151} INFO - Processed 986010 Already! Sorry Try another
[2024-10-20T00:50:21.404+0000] {logging_mixin.py:151} INFO - Processed 2097170 Already! Sorry Try another
[2024-10-20T00:50:21.405+0000] {logging_mixin.py:151} INFO - Processed 3155230 Already! Sorry Try another
[2024-10-20T00:50:21.405+0000] {logging_mixin.py:151} INFO - Processed 3213430 Already! Sorry Try another
[2024-10-20T00:50:21.406+0000] {logging_mixin.py:151} INFO - Processed 3282810 Already! Sorry Try another
[2024-10-20T00:50:21.406+0000] {logging_mixin.py:151} INFO - Processed 585420 Already! Sorry Try another
[2024-10-20T00:50:21.407+0000] {logging_mixin.py:151} INFO - Processed 1948280 Already! Sorry Try another
[2024-10-20T00:50:21.407+0000] {logging_mixin.py:151} INFO - Processed 3231920 Already! Sorry Try another
[2024-10-20T00:50:21.408+0000] {logging_mixin.py:151} INFO - Processed 1116170 Already! Sorry Try another
[2024-10-20T00:50:21.408+0000] {logging_mixin.py:151} INFO - Processed 3045050 Already! Sorry Try another
[2024-10-20T00:50:21.409+0000] {logging_mixin.py:151} INFO - Processed 2255370 Already! Sorry Try another
[2024-10-20T00:50:21.409+0000] {logging_mixin.py:151} INFO - Processed 941460 Already! Sorry Try another
[2024-10-20T00:50:21.410+0000] {logging_mixin.py:151} INFO - Processed 1520470 Already! Sorry Try another
[2024-10-20T00:50:21.410+0000] {logging_mixin.py:151} INFO - Processed 553780 Already! Sorry Try another
[2024-10-20T00:50:21.411+0000] {logging_mixin.py:151} INFO - Processed 308600 Already! Sorry Try another
[2024-10-20T00:50:21.411+0000] {logging_mixin.py:151} INFO - Processed 1459630 Already! Sorry Try another
[2024-10-20T00:50:21.412+0000] {logging_mixin.py:151} INFO - Processed 2319940 Already! Sorry Try another
[2024-10-20T00:50:21.412+0000] {logging_mixin.py:151} INFO - Processed 2139460 Already! Sorry Try another
[2024-10-20T00:50:21.413+0000] {logging_mixin.py:151} INFO - Processed 2334700 Already! Sorry Try another
[2024-10-20T00:50:21.413+0000] {logging_mixin.py:151} INFO - Processed 2399420 Already! Sorry Try another
[2024-10-20T00:50:21.414+0000] {logging_mixin.py:151} INFO - Processed 2999030 Already! Sorry Try another
[2024-10-20T00:50:21.414+0000] {logging_mixin.py:151} INFO - Fetching details for app ID: 258550...
[2024-10-20T00:50:21.760+0000] {logging_mixin.py:151} INFO - Failed to get details for app ID: 258550
[2024-10-20T00:50:21.762+0000] {logging_mixin.py:151} INFO - Processed 1851350 Already! Sorry Try another
[2024-10-20T00:50:21.762+0000] {logging_mixin.py:151} INFO - Processed 3018090 Already! Sorry Try another
[2024-10-20T00:50:21.763+0000] {logging_mixin.py:151} INFO - Processed 3271040 Already! Sorry Try another
[2024-10-20T00:50:21.764+0000] {logging_mixin.py:151} INFO - Processed 2266650 Already! Sorry Try another
[2024-10-20T00:50:21.764+0000] {logging_mixin.py:151} INFO - Processed 3198990 Already! Sorry Try another
[2024-10-20T00:50:21.765+0000] {logging_mixin.py:151} INFO - Processed 2082570 Already! Sorry Try another
[2024-10-20T00:50:21.765+0000] {logging_mixin.py:151} INFO - Fetching details for app ID: 1892930...
[2024-10-20T00:50:22.062+0000] {logging_mixin.py:151} INFO - Failed to get details for app ID: 1892930
[2024-10-20T00:50:22.063+0000] {logging_mixin.py:151} INFO - Processed 3277500 Already! Sorry Try another
[2024-10-20T00:50:22.064+0000] {logging_mixin.py:151} INFO - Processed 3061690 Already! Sorry Try another
[2024-10-20T00:50:22.064+0000] {logging_mixin.py:151} INFO - Processed 322330 Already! Sorry Try another
[2024-10-20T00:50:22.065+0000] {logging_mixin.py:151} INFO - Fetching details for app ID: 3199170...
[2024-10-20T00:50:22.419+0000] {logging_mixin.py:151} INFO - Failed to get details for app ID: 3199170
[2024-10-20T00:50:22.420+0000] {logging_mixin.py:151} INFO - Processed 1273100 Already! Sorry Try another
[2024-10-20T00:50:22.421+0000] {logging_mixin.py:151} INFO - Processed 3190970 Already! Sorry Try another
[2024-10-20T00:50:22.421+0000] {logging_mixin.py:151} INFO - Processed 1771300 Already! Sorry Try another
[2024-10-20T00:50:22.422+0000] {logging_mixin.py:151} INFO - Processed 2902720 Already! Sorry Try another
[2024-10-20T00:50:22.423+0000] {logging_mixin.py:151} INFO - Processed 1138640 Already! Sorry Try another
[2024-10-20T00:50:22.423+0000] {logging_mixin.py:151} INFO - Processed 2400840 Already! Sorry Try another
[2024-10-20T00:50:22.424+0000] {logging_mixin.py:151} INFO - Processed 1208170 Already! Sorry Try another
[2024-10-20T00:50:22.425+0000] {logging_mixin.py:151} INFO - Processed 2990080 Already! Sorry Try another
[2024-10-20T00:50:22.425+0000] {logging_mixin.py:151} INFO - Processed 2980550 Already! Sorry Try another
[2024-10-20T00:50:22.426+0000] {logging_mixin.py:151} INFO - Processed 2000890 Already! Sorry Try another
[2024-10-20T00:50:22.426+0000] {logging_mixin.py:151} INFO - Processed 2587840 Already! Sorry Try another
[2024-10-20T00:50:22.427+0000] {logging_mixin.py:151} INFO - Processed 2052040 Already! Sorry Try another
[2024-10-20T00:50:22.427+0000] {logging_mixin.py:151} INFO - Processed 3270630 Already! Sorry Try another
[2024-10-20T00:50:22.428+0000] {logging_mixin.py:151} INFO - Processed 3180930 Already! Sorry Try another
[2024-10-20T00:50:22.428+0000] {logging_mixin.py:151} INFO - Processed 949230 Already! Sorry Try another
[2024-10-20T00:50:22.429+0000] {logging_mixin.py:151} INFO - Processed 1128860 Already! Sorry Try another
[2024-10-20T00:50:22.429+0000] {logging_mixin.py:151} INFO - Processed 1428090 Already! Sorry Try another
[2024-10-20T00:50:22.430+0000] {logging_mixin.py:151} INFO - Processed 108600 Already! Sorry Try another
[2024-10-20T00:50:22.430+0000] {logging_mixin.py:151} INFO - Processed 1999520 Already! Sorry Try another
[2024-10-20T00:50:22.431+0000] {logging_mixin.py:151} INFO - Processed 3186690 Already! Sorry Try another
[2024-10-20T00:50:22.431+0000] {logging_mixin.py:151} INFO - Processed 1121560 Already! Sorry Try another
[2024-10-20T00:50:22.432+0000] {logging_mixin.py:151} INFO - Processed 1127660 Already! Sorry Try another
[2024-10-20T00:50:22.432+0000] {logging_mixin.py:151} INFO - Processed 1185810 Already! Sorry Try another
[2024-10-20T00:50:22.433+0000] {logging_mixin.py:151} INFO - Processed 1325730 Already! Sorry Try another
[2024-10-20T00:50:22.433+0000] {logging_mixin.py:151} INFO - Processed 1503170 Already! Sorry Try another
[2024-10-20T00:50:22.434+0000] {logging_mixin.py:151} INFO - Processed 1645220 Already! Sorry Try another
[2024-10-20T00:50:22.434+0000] {logging_mixin.py:151} INFO - Processed 1790600 Already! Sorry Try another
[2024-10-20T00:50:22.435+0000] {logging_mixin.py:151} INFO - Processed 1800860 Already! Sorry Try another
[2024-10-20T00:50:22.435+0000] {logging_mixin.py:151} INFO - Processed 1803450 Already! Sorry Try another
[2024-10-20T00:50:22.436+0000] {logging_mixin.py:151} INFO - Processed 1818450 Already! Sorry Try another
[2024-10-20T00:50:22.436+0000] {logging_mixin.py:151} INFO - Processed 1962700 Already! Sorry Try another
[2024-10-20T00:50:22.437+0000] {logging_mixin.py:151} INFO - Processed 1969650 Already! Sorry Try another
[2024-10-20T00:50:22.437+0000] {logging_mixin.py:151} INFO - Processed 1997470 Already! Sorry Try another
[2024-10-20T00:50:22.438+0000] {logging_mixin.py:151} INFO - Processed 2088250 Already! Sorry Try another
[2024-10-20T00:50:22.438+0000] {logging_mixin.py:151} INFO - Processed 2103140 Already! Sorry Try another
[2024-10-20T00:50:22.439+0000] {logging_mixin.py:151} INFO - Processed 2287960 Already! Sorry Try another
[2024-10-20T00:50:22.439+0000] {logging_mixin.py:151} INFO - Processed 2407270 Already! Sorry Try another
[2024-10-20T00:50:22.440+0000] {logging_mixin.py:151} INFO - Processed 2420660 Already! Sorry Try another
[2024-10-20T00:50:22.440+0000] {logging_mixin.py:151} INFO - Processed 2421350 Already! Sorry Try another
[2024-10-20T00:50:22.441+0000] {logging_mixin.py:151} INFO - Processed 2543180 Already! Sorry Try another
[2024-10-20T00:50:22.441+0000] {logging_mixin.py:151} INFO - Processed 2585830 Already! Sorry Try another
[2024-10-20T00:50:22.442+0000] {logging_mixin.py:151} INFO - Processed 2622000 Already! Sorry Try another
[2024-10-20T00:50:22.442+0000] {logging_mixin.py:151} INFO - Processed 2708950 Already! Sorry Try another
[2024-10-20T00:50:22.442+0000] {logging_mixin.py:151} INFO - Processed 3103040 Already! Sorry Try another
[2024-10-20T00:50:22.443+0000] {logging_mixin.py:151} INFO - Processed 3123410 Already! Sorry Try another
[2024-10-20T00:50:22.443+0000] {logging_mixin.py:151} INFO - Processed 3180170 Already! Sorry Try another
[2024-10-20T00:50:22.444+0000] {logging_mixin.py:151} INFO - Processed 3226570 Already! Sorry Try another
[2024-10-20T00:50:22.444+0000] {logging_mixin.py:151} INFO - Processed 3235910 Already! Sorry Try another
[2024-10-20T00:50:22.445+0000] {logging_mixin.py:151} INFO - Processed 3256070 Already! Sorry Try another
[2024-10-20T00:50:22.445+0000] {logging_mixin.py:151} INFO - Processed 3271530 Already! Sorry Try another
[2024-10-20T00:50:22.446+0000] {logging_mixin.py:151} INFO - Processed 1049320 Already! Sorry Try another
[2024-10-20T00:50:22.446+0000] {logging_mixin.py:151} INFO - Processed 499180 Already! Sorry Try another
[2024-10-20T00:50:22.446+0000] {logging_mixin.py:151} INFO - Processed 581320 Already! Sorry Try another
[2024-10-20T00:50:22.447+0000] {logging_mixin.py:151} INFO - Processed 787480 Already! Sorry Try another
[2024-10-20T00:50:22.447+0000] {logging_mixin.py:151} INFO - Processed 991270 Already! Sorry Try another
[2024-10-20T00:50:22.448+0000] {logging_mixin.py:151} INFO - Processed 1254320 Already! Sorry Try another
[2024-10-20T00:50:22.448+0000] {logging_mixin.py:151} INFO - Processed 2654540 Already! Sorry Try another
[2024-10-20T00:50:22.448+0000] {logging_mixin.py:151} INFO - Processed 3027940 Already! Sorry Try another
[2024-10-20T00:50:22.449+0000] {logging_mixin.py:151} INFO - Processed 3037030 Already! Sorry Try another
[2024-10-20T00:50:22.449+0000] {logging_mixin.py:151} INFO - Processed 3054770 Already! Sorry Try another
[2024-10-20T00:50:22.450+0000] {logging_mixin.py:151} INFO - Processed 3059840 Already! Sorry Try another
[2024-10-20T00:50:22.450+0000] {logging_mixin.py:151} INFO - Processed 3060080 Already! Sorry Try another
[2024-10-20T00:50:22.451+0000] {logging_mixin.py:151} INFO - Processed 3101770 Already! Sorry Try another
[2024-10-20T00:50:22.451+0000] {logging_mixin.py:151} INFO - Processed 3137120 Already! Sorry Try another
[2024-10-20T00:50:22.451+0000] {logging_mixin.py:151} INFO - Processed 3138330 Already! Sorry Try another
[2024-10-20T00:50:22.452+0000] {logging_mixin.py:151} INFO - Processed 3142540 Already! Sorry Try another
[2024-10-20T00:50:22.452+0000] {logging_mixin.py:151} INFO - Processed 3163250 Already! Sorry Try another
[2024-10-20T00:50:22.453+0000] {logging_mixin.py:151} INFO - Processed 3169100 Already! Sorry Try another
[2024-10-20T00:50:22.453+0000] {logging_mixin.py:151} INFO - Processed 3170420 Already! Sorry Try another
[2024-10-20T00:50:22.453+0000] {logging_mixin.py:151} INFO - Processed 3170430 Already! Sorry Try another
[2024-10-20T00:50:22.454+0000] {logging_mixin.py:151} INFO - Processed 3206520 Already! Sorry Try another
[2024-10-20T00:50:22.454+0000] {logging_mixin.py:151} INFO - Processed 3027620 Already! Sorry Try another
[2024-10-20T00:50:22.455+0000] {logging_mixin.py:151} INFO - Processed 2633080 Already! Sorry Try another
[2024-10-20T00:50:22.455+0000] {logging_mixin.py:151} INFO - Processed 1816140 Already! Sorry Try another
[2024-10-20T00:50:22.456+0000] {logging_mixin.py:151} INFO - Processed 3141870 Already! Sorry Try another
[2024-10-20T00:50:22.456+0000] {logging_mixin.py:151} INFO - Processed 1108740 Already! Sorry Try another
[2024-10-20T00:50:22.457+0000] {logging_mixin.py:151} INFO - Processed 1135960 Already! Sorry Try another
[2024-10-20T00:50:22.457+0000] {logging_mixin.py:151} INFO - Processed 1339340 Already! Sorry Try another
[2024-10-20T00:50:22.457+0000] {logging_mixin.py:151} INFO - Processed 3108720 Already! Sorry Try another
[2024-10-20T00:50:22.458+0000] {logging_mixin.py:151} INFO - Processed 3261060 Already! Sorry Try another
[2024-10-20T00:50:22.458+0000] {logging_mixin.py:151} INFO - Processed 792200 Already! Sorry Try another
[2024-10-20T00:50:22.459+0000] {logging_mixin.py:151} INFO - Processed 809090 Already! Sorry Try another
[2024-10-20T00:50:22.459+0000] {logging_mixin.py:151} INFO - Processed 874450 Already! Sorry Try another
[2024-10-20T00:50:22.460+0000] {logging_mixin.py:151} INFO - Processed 972200 Already! Sorry Try another
[2024-10-20T00:50:22.460+0000] {logging_mixin.py:151} INFO - Processed 3288690 Already! Sorry Try another
[2024-10-20T00:50:22.460+0000] {logging_mixin.py:151} INFO - Processed 2307350 Already! Sorry Try another
[2024-10-20T00:50:22.461+0000] {logging_mixin.py:151} INFO - Processed 3192760 Already! Sorry Try another
[2024-10-20T00:50:22.461+0000] {logging_mixin.py:151} INFO - Processed 451340 Already! Sorry Try another
[2024-10-20T00:50:22.462+0000] {logging_mixin.py:151} INFO - Processed 3187730 Already! Sorry Try another
[2024-10-20T00:50:22.462+0000] {logging_mixin.py:151} INFO - Processed 3088430 Already! Sorry Try another
[2024-10-20T00:50:22.462+0000] {logging_mixin.py:151} INFO - Processed 218230 Already! Sorry Try another
[2024-10-20T00:50:22.463+0000] {logging_mixin.py:151} INFO - Processed 294770 Already! Sorry Try another
[2024-10-20T00:50:22.463+0000] {logging_mixin.py:151} INFO - Processed 39660 Already! Sorry Try another
[2024-10-20T00:50:22.463+0000] {logging_mixin.py:151} INFO - Fetching details for app ID: 774941...
[2024-10-20T00:50:22.858+0000] {logging_mixin.py:151} INFO - Failed to get details for app ID: 774941
[2024-10-20T00:50:22.859+0000] {logging_mixin.py:151} INFO - Processed 589290 Already! Sorry Try another
[2024-10-20T00:50:22.860+0000] {logging_mixin.py:151} INFO - Processed 2543510 Already! Sorry Try another
[2024-10-20T00:50:22.860+0000] {logging_mixin.py:151} INFO - Processed 3263740 Already! Sorry Try another
[2024-10-20T00:50:22.861+0000] {logging_mixin.py:151} INFO - Processed 1116390 Already! Sorry Try another
[2024-10-20T00:50:22.861+0000] {logging_mixin.py:151} INFO - Processed 1200770 Already! Sorry Try another
[2024-10-20T00:50:22.862+0000] {logging_mixin.py:151} INFO - Fetching details for app ID: 1326030...
[2024-10-20T00:50:23.153+0000] {logging_mixin.py:151} INFO - Failed to get details for app ID: 1326030
[2024-10-20T00:50:23.154+0000] {logging_mixin.py:151} INFO - Processed 1603640 Already! Sorry Try another
[2024-10-20T00:50:23.155+0000] {logging_mixin.py:151} INFO - Fetching details for app ID: 2051010...
[2024-10-20T00:50:23.626+0000] {logging_mixin.py:151} INFO - Failed to get details for app ID: 2051010
[2024-10-20T00:50:23.627+0000] {logging_mixin.py:151} INFO - Processed 2108330 Already! Sorry Try another
[2024-10-20T00:50:23.628+0000] {logging_mixin.py:151} INFO - Processed 2116120 Already! Sorry Try another
[2024-10-20T00:50:23.628+0000] {logging_mixin.py:151} INFO - Processed 2184350 Already! Sorry Try another
[2024-10-20T00:50:23.629+0000] {logging_mixin.py:151} INFO - Processed 2305760 Already! Sorry Try another
[2024-10-20T00:50:23.629+0000] {logging_mixin.py:151} INFO - Processed 2395260 Already! Sorry Try another
[2024-10-20T00:50:23.630+0000] {logging_mixin.py:151} INFO - Processed 2500160 Already! Sorry Try another
[2024-10-20T00:50:23.630+0000] {logging_mixin.py:151} INFO - Processed 2529080 Already! Sorry Try another
[2024-10-20T00:50:23.631+0000] {logging_mixin.py:151} INFO - Processed 2570210 Already! Sorry Try another
[2024-10-20T00:50:23.632+0000] {logging_mixin.py:151} INFO - Processed 2576020 Already! Sorry Try another
[2024-10-20T00:50:23.632+0000] {logging_mixin.py:151} INFO - Processed 2582560 Already! Sorry Try another
[2024-10-20T00:50:23.633+0000] {logging_mixin.py:151} INFO - Processed 2716120 Already! Sorry Try another
[2024-10-20T00:50:23.633+0000] {logging_mixin.py:151} INFO - Processed 2716820 Already! Sorry Try another
[2024-10-20T00:50:23.634+0000] {logging_mixin.py:151} INFO - Processed 2719030 Already! Sorry Try another
[2024-10-20T00:50:23.634+0000] {logging_mixin.py:151} INFO - Processed 2803360 Already! Sorry Try another
[2024-10-20T00:50:23.635+0000] {logging_mixin.py:151} INFO - Processed 3207390 Already! Sorry Try another
[2024-10-20T00:50:23.635+0000] {logging_mixin.py:151} INFO - Processed 538030 Already! Sorry Try another
[2024-10-20T00:50:23.636+0000] {logging_mixin.py:151} INFO - Processed 1170950 Already! Sorry Try another
[2024-10-20T00:50:23.636+0000] {logging_mixin.py:151} INFO - Processed 1217490 Already! Sorry Try another
[2024-10-20T00:50:23.637+0000] {logging_mixin.py:151} INFO - Processed 1264171 Already! Sorry Try another
[2024-10-20T00:50:23.637+0000] {logging_mixin.py:151} INFO - Processed 1270010 Already! Sorry Try another
[2024-10-20T00:50:23.638+0000] {logging_mixin.py:151} INFO - Processed 1351370 Already! Sorry Try another
[2024-10-20T00:50:23.638+0000] {logging_mixin.py:151} INFO - Processed 1392390 Already! Sorry Try another
[2024-10-20T00:50:23.639+0000] {logging_mixin.py:151} INFO - Processed 1437840 Already! Sorry Try another
[2024-10-20T00:50:23.640+0000] {logging_mixin.py:151} INFO - Processed 1474930 Already! Sorry Try another
[2024-10-20T00:50:23.640+0000] {logging_mixin.py:151} INFO - Processed 1480050 Already! Sorry Try another
[2024-10-20T00:50:23.641+0000] {logging_mixin.py:151} INFO - Processed 1513420 Already! Sorry Try another
[2024-10-20T00:50:23.641+0000] {logging_mixin.py:151} INFO - Processed 1682600 Already! Sorry Try another
[2024-10-20T00:50:23.642+0000] {logging_mixin.py:151} INFO - Processed 1832840 Already! Sorry Try another
[2024-10-20T00:50:23.642+0000] {logging_mixin.py:151} INFO - Processed 1840800 Already! Sorry Try another
[2024-10-20T00:50:23.643+0000] {logging_mixin.py:151} INFO - Processed 3012290 Already! Sorry Try another
[2024-10-20T00:50:23.643+0000] {logging_mixin.py:151} INFO - Processed 3080030 Already! Sorry Try another
[2024-10-20T00:50:23.644+0000] {logging_mixin.py:151} INFO - Processed 3226270 Already! Sorry Try another
[2024-10-20T00:50:23.644+0000] {logging_mixin.py:151} INFO - Processed 2191410 Already! Sorry Try another
[2024-10-20T00:50:23.645+0000] {logging_mixin.py:151} INFO - Processed 1653190 Already! Sorry Try another
[2024-10-20T00:50:23.645+0000] {logging_mixin.py:151} INFO - Processed 3280460 Already! Sorry Try another
[2024-10-20T00:50:23.646+0000] {logging_mixin.py:151} INFO - Processed 1211980 Already! Sorry Try another
[2024-10-20T00:50:23.646+0000] {logging_mixin.py:151} INFO - Fetching details for app ID: 1424230...
[2024-10-20T00:50:23.921+0000] {logging_mixin.py:151} INFO - Failed to get details for app ID: 1424230
[2024-10-20T00:50:23.922+0000] {logging_mixin.py:151} INFO - Processed 1584090 Already! Sorry Try another
[2024-10-20T00:50:23.923+0000] {logging_mixin.py:151} INFO - Processed 1607250 Already! Sorry Try another
[2024-10-20T00:50:23.923+0000] {logging_mixin.py:151} INFO - Processed 1786790 Already! Sorry Try another
[2024-10-20T00:50:23.924+0000] {logging_mixin.py:151} INFO - Processed 1830190 Already! Sorry Try another
[2024-10-20T00:50:23.925+0000] {logging_mixin.py:151} INFO - Processed 1905180 Already! Sorry Try another
[2024-10-20T00:50:23.925+0000] {logging_mixin.py:151} INFO - Processed 1911610 Already! Sorry Try another
[2024-10-20T00:50:23.926+0000] {logging_mixin.py:151} INFO - Processed 2015620 Already! Sorry Try another
[2024-10-20T00:50:23.926+0000] {logging_mixin.py:151} INFO - Processed 2064650 Already! Sorry Try another
[2024-10-20T00:50:23.927+0000] {logging_mixin.py:151} INFO - Processed 2075100 Already! Sorry Try another
[2024-10-20T00:50:23.927+0000] {logging_mixin.py:151} INFO - Processed 2114740 Already! Sorry Try another
[2024-10-20T00:50:23.928+0000] {logging_mixin.py:151} INFO - Processed 2236060 Already! Sorry Try another
[2024-10-20T00:50:23.928+0000] {logging_mixin.py:151} INFO - Processed 2316930 Already! Sorry Try another
[2024-10-20T00:50:23.929+0000] {logging_mixin.py:151} INFO - Processed 2341070 Already! Sorry Try another
[2024-10-20T00:50:23.929+0000] {logging_mixin.py:151} INFO - Processed 2359660 Already! Sorry Try another
[2024-10-20T00:50:23.930+0000] {logging_mixin.py:151} INFO - Processed 2401970 Already! Sorry Try another
[2024-10-20T00:50:23.930+0000] {logging_mixin.py:151} INFO - Processed 2566880 Already! Sorry Try another
[2024-10-20T00:50:23.931+0000] {logging_mixin.py:151} INFO - Processed 2645820 Already! Sorry Try another
[2024-10-20T00:50:23.931+0000] {logging_mixin.py:151} INFO - Fetching details for app ID: 2658770...
[2024-10-20T00:50:24.409+0000] {logging_mixin.py:151} INFO - Failed to get details for app ID: 2658770
[2024-10-20T00:50:24.410+0000] {logging_mixin.py:151} INFO - Processed 2751000 Already! Sorry Try another
[2024-10-20T00:50:24.411+0000] {logging_mixin.py:151} INFO - Processed 2807150 Already! Sorry Try another
[2024-10-20T00:50:24.412+0000] {logging_mixin.py:151} INFO - Processed 2990190 Already! Sorry Try another
[2024-10-20T00:50:24.412+0000] {logging_mixin.py:151} INFO - Processed 3051280 Already! Sorry Try another
[2024-10-20T00:50:24.412+0000] {logging_mixin.py:151} INFO - Processed 3080680 Already! Sorry Try another
[2024-10-20T00:50:24.413+0000] {logging_mixin.py:151} INFO - Processed 3084620 Already! Sorry Try another
[2024-10-20T00:50:24.413+0000] {logging_mixin.py:151} INFO - Processed 3156770 Already! Sorry Try another
[2024-10-20T00:50:24.414+0000] {logging_mixin.py:151} INFO - Processed 3192310 Already! Sorry Try another
[2024-10-20T00:50:24.415+0000] {logging_mixin.py:151} INFO - Processed 3217200 Already! Sorry Try another
[2024-10-20T00:50:24.415+0000] {logging_mixin.py:151} INFO - Processed 3227820 Already! Sorry Try another
[2024-10-20T00:50:24.416+0000] {logging_mixin.py:151} INFO - Processed 3231380 Already! Sorry Try another
[2024-10-20T00:50:24.416+0000] {logging_mixin.py:151} INFO - Processed 3283090 Already! Sorry Try another
[2024-10-20T00:50:24.417+0000] {logging_mixin.py:151} INFO - Processed 3292980 Already! Sorry Try another
[2024-10-20T00:50:24.417+0000] {logging_mixin.py:151} INFO - Processed 1000050 Already! Sorry Try another
[2024-10-20T00:50:24.418+0000] {logging_mixin.py:151} INFO - Processed 1213700 Already! Sorry Try another
[2024-10-20T00:50:24.418+0000] {logging_mixin.py:151} INFO - Processed 1245560 Already! Sorry Try another
[2024-10-20T00:50:24.419+0000] {logging_mixin.py:151} INFO - Processed 1272320 Already! Sorry Try another
[2024-10-20T00:50:24.420+0000] {logging_mixin.py:151} INFO - Processed 1375630 Already! Sorry Try another
[2024-10-20T00:50:24.420+0000] {logging_mixin.py:151} INFO - Processed 1418750 Already! Sorry Try another
[2024-10-20T00:50:24.421+0000] {logging_mixin.py:151} INFO - Processed 1554770 Already! Sorry Try another
[2024-10-20T00:50:24.421+0000] {logging_mixin.py:151} INFO - Processed 17510 Already! Sorry Try another
[2024-10-20T00:50:24.422+0000] {logging_mixin.py:151} INFO - Processed 372080 Already! Sorry Try another
[2024-10-20T00:50:24.422+0000] {logging_mixin.py:151} INFO - Processed 689760 Already! Sorry Try another
[2024-10-20T00:50:24.423+0000] {logging_mixin.py:151} INFO - Processed 2399830 Already! Sorry Try another
[2024-10-20T00:50:24.423+0000] {logging_mixin.py:151} INFO - Processed 3104680 Already! Sorry Try another
[2024-10-20T00:50:24.424+0000] {logging_mixin.py:151} INFO - Processed 1282270 Already! Sorry Try another
[2024-10-20T00:50:24.424+0000] {logging_mixin.py:151} INFO - Processed 2084360 Already! Sorry Try another
[2024-10-20T00:50:24.425+0000] {logging_mixin.py:151} INFO - Processed 3050 Already! Sorry Try another
[2024-10-20T00:50:24.425+0000] {logging_mixin.py:151} INFO - Processed 2488620 Already! Sorry Try another
[2024-10-20T00:50:24.426+0000] {logging_mixin.py:151} INFO - Processed 416000 Already! Sorry Try another
[2024-10-20T00:50:24.426+0000] {logging_mixin.py:151} INFO - Processed 2384580 Already! Sorry Try another
[2024-10-20T00:50:24.427+0000] {logging_mixin.py:151} INFO - Processed 3023930 Already! Sorry Try another
[2024-10-20T00:50:24.427+0000] {logging_mixin.py:151} INFO - Processed 3254600 Already! Sorry Try another
[2024-10-20T00:50:24.428+0000] {logging_mixin.py:151} INFO - Processed 1324780 Already! Sorry Try another
[2024-10-20T00:50:24.428+0000] {logging_mixin.py:151} INFO - Processed 1395520 Already! Sorry Try another
[2024-10-20T00:50:24.429+0000] {logging_mixin.py:151} INFO - Processed 2635410 Already! Sorry Try another
[2024-10-20T00:50:24.429+0000] {logging_mixin.py:151} INFO - Processed 3061810 Already! Sorry Try another
[2024-10-20T00:50:24.430+0000] {logging_mixin.py:151} INFO - Processed 1592190 Already! Sorry Try another
[2024-10-20T00:50:24.430+0000] {logging_mixin.py:151} INFO - Processed 3256520 Already! Sorry Try another
[2024-10-20T00:50:24.431+0000] {logging_mixin.py:151} INFO - Processed 1696810 Already! Sorry Try another
[2024-10-20T00:50:24.431+0000] {logging_mixin.py:151} INFO - Processed 2666580 Already! Sorry Try another
[2024-10-20T00:50:24.432+0000] {logging_mixin.py:151} INFO - Processed 3190930 Already! Sorry Try another
[2024-10-20T00:50:24.432+0000] {logging_mixin.py:151} INFO - Processed 714010 Already! Sorry Try another
[2024-10-20T00:50:24.433+0000] {logging_mixin.py:151} INFO - Processed 2407830 Already! Sorry Try another
[2024-10-20T00:50:24.433+0000] {logging_mixin.py:151} INFO - Processed 3173890 Already! Sorry Try another
[2024-10-20T00:50:24.434+0000] {logging_mixin.py:151} INFO - Processed 3204560 Already! Sorry Try another
[2024-10-20T00:50:24.434+0000] {logging_mixin.py:151} INFO - Processed 1845940 Already! Sorry Try another
[2024-10-20T00:50:24.435+0000] {logging_mixin.py:151} INFO - Processed 2169200 Already! Sorry Try another
[2024-10-20T00:50:24.435+0000] {logging_mixin.py:151} INFO - Processed 2315070 Already! Sorry Try another
[2024-10-20T00:50:24.436+0000] {logging_mixin.py:151} INFO - Processed 2624670 Already! Sorry Try another
[2024-10-20T00:50:24.436+0000] {logging_mixin.py:151} INFO - Processed 2875110 Already! Sorry Try another
[2024-10-20T00:50:24.437+0000] {logging_mixin.py:151} INFO - Processed 2485550 Already! Sorry Try another
[2024-10-20T00:50:24.437+0000] {logging_mixin.py:151} INFO - Processed 2678080 Already! Sorry Try another
[2024-10-20T00:50:24.438+0000] {logging_mixin.py:151} INFO - Processed 2730540 Already! Sorry Try another
[2024-10-20T00:50:24.438+0000] {logging_mixin.py:151} INFO - Processed 2678640 Already! Sorry Try another
[2024-10-20T00:50:24.439+0000] {logging_mixin.py:151} INFO - Processed 3254100 Already! Sorry Try another
[2024-10-20T00:50:24.439+0000] {logging_mixin.py:151} INFO - Processed 3248450 Already! Sorry Try another
[2024-10-20T00:50:24.440+0000] {logging_mixin.py:151} INFO - Processed 1702010 Already! Sorry Try another
[2024-10-20T00:50:24.440+0000] {logging_mixin.py:151} INFO - Processed 2863340 Already! Sorry Try another
[2024-10-20T00:50:24.441+0000] {logging_mixin.py:151} INFO - Processed 2367610 Already! Sorry Try another
[2024-10-20T00:50:24.441+0000] {logging_mixin.py:151} INFO - Processed 2605790 Already! Sorry Try another
[2024-10-20T00:50:24.442+0000] {logging_mixin.py:151} INFO - Processed 3234420 Already! Sorry Try another
[2024-10-20T00:50:24.442+0000] {logging_mixin.py:151} INFO - Processed 2386720 Already! Sorry Try another
[2024-10-20T00:50:24.443+0000] {logging_mixin.py:151} INFO - Processed 238430 Already! Sorry Try another
[2024-10-20T00:50:24.443+0000] {logging_mixin.py:151} INFO - Processed 407530 Already! Sorry Try another
[2024-10-20T00:50:24.443+0000] {logging_mixin.py:151} INFO - Processed 2510960 Already! Sorry Try another
[2024-10-20T00:50:24.444+0000] {logging_mixin.py:151} INFO - Processed 2819550 Already! Sorry Try another
[2024-10-20T00:50:24.444+0000] {logging_mixin.py:151} INFO - Processed 3101950 Already! Sorry Try another
[2024-10-20T00:50:24.445+0000] {logging_mixin.py:151} INFO - Processed 1371980 Already! Sorry Try another
[2024-10-20T00:50:24.445+0000] {logging_mixin.py:151} INFO - Processed 3020620 Already! Sorry Try another
[2024-10-20T00:50:24.446+0000] {logging_mixin.py:151} INFO - Processed 1452250 Already! Sorry Try another
[2024-10-20T00:50:24.446+0000] {logging_mixin.py:151} INFO - Processed 2710980 Already! Sorry Try another
[2024-10-20T00:50:24.447+0000] {logging_mixin.py:151} INFO - Processed 3249720 Already! Sorry Try another
[2024-10-20T00:50:24.447+0000] {logging_mixin.py:151} INFO - Processed 2524700 Already! Sorry Try another
[2024-10-20T00:50:24.447+0000] {logging_mixin.py:151} INFO - Processed 2796980 Already! Sorry Try another
[2024-10-20T00:50:24.448+0000] {logging_mixin.py:151} INFO - Processed 2192020 Already! Sorry Try another
[2024-10-20T00:50:24.448+0000] {logging_mixin.py:151} INFO - Processed 512900 Already! Sorry Try another
[2024-10-20T00:50:24.449+0000] {logging_mixin.py:151} INFO - Processed 3268100 Already! Sorry Try another
[2024-10-20T00:50:24.449+0000] {logging_mixin.py:151} INFO - Processed 2686820 Already! Sorry Try another
[2024-10-20T00:50:24.450+0000] {logging_mixin.py:151} INFO - Processed 1154670 Already! Sorry Try another
[2024-10-20T00:50:24.450+0000] {logging_mixin.py:151} INFO - Processed 3071520 Already! Sorry Try another
[2024-10-20T00:50:24.450+0000] {logging_mixin.py:151} INFO - Processed 2725560 Already! Sorry Try another
[2024-10-20T00:50:24.451+0000] {logging_mixin.py:151} INFO - Processed 3261860 Already! Sorry Try another
[2024-10-20T00:50:24.451+0000] {logging_mixin.py:151} INFO - Processed 3057460 Already! Sorry Try another
[2024-10-20T00:50:24.452+0000] {logging_mixin.py:151} INFO - Processed 3199180 Already! Sorry Try another
[2024-10-20T00:50:24.452+0000] {logging_mixin.py:151} INFO - Processed 1359270 Already! Sorry Try another
[2024-10-20T00:50:24.453+0000] {logging_mixin.py:151} INFO - Fetching details for app ID: 285049...
[2024-10-20T00:50:24.814+0000] {logging_mixin.py:151} INFO - Failed to get details for app ID: 285049
[2024-10-20T00:50:24.820+0000] {logging_mixin.py:151} INFO - Dropped 279 rows due to failed or duplicate rows.
[2024-10-20T00:50:24.820+0000] {logging_mixin.py:151} INFO - steam_gamesRAW_2024-10-20_00_50_24.820515.csv
[2024-10-20T00:51:21.432+0000] {timeout.py:68} ERROR - Process timed out, PID: 60
[2024-10-20T00:51:21.445+0000] {taskinstance.py:1935} ERROR - Task failed with exception
Traceback (most recent call last):
  File "/home/airflow/.local/lib/python3.9/site-packages/airflow/operators/python.py", line 192, in execute
    return_value = self.execute_callable()
  File "/home/airflow/.local/lib/python3.9/site-packages/airflow/operators/python.py", line 209, in execute_callable
    return self.python_callable(*self.op_args, **self.op_kwargs)
  File "/opt/airflow/pipelines/steam_pipeline.py", line 22, in steam_pipeline
    load_data_to_csv(transformed_data)
  File "/opt/airflow/etls/steam_etl.py", line 125, in load_data_to_csv
    data.to_csv(account_name + file_name, storage_options={
  File "/home/airflow/.local/lib/python3.9/site-packages/pandas/core/generic.py", line 3902, in to_csv
    return DataFrameRenderer(formatter).to_csv(
  File "/home/airflow/.local/lib/python3.9/site-packages/pandas/io/formats/format.py", line 1152, in to_csv
    csv_formatter.save()
  File "/home/airflow/.local/lib/python3.9/site-packages/pandas/io/formats/csvs.py", line 247, in save
    with get_handle(
  File "/home/airflow/.local/lib/python3.9/site-packages/pandas/io/common.py", line 718, in get_handle
    ioargs = _get_filepath_or_buffer(
  File "/home/airflow/.local/lib/python3.9/site-packages/pandas/io/common.py", line 418, in _get_filepath_or_buffer
    file_obj = fsspec.open(
  File "/home/airflow/.local/lib/python3.9/site-packages/fsspec/core.py", line 484, in open
    out = open_files(
  File "/home/airflow/.local/lib/python3.9/site-packages/fsspec/core.py", line 310, in open_files
    fs.makedirs(parent, exist_ok=True)
  File "/home/airflow/.local/lib/python3.9/site-packages/fsspec/asyn.py", line 118, in wrapper
    return sync(self.loop, func, *args, **kwargs)
  File "/home/airflow/.local/lib/python3.9/site-packages/fsspec/asyn.py", line 91, in sync
    if event.wait(1):
  File "/usr/local/lib/python3.9/threading.py", line 581, in wait
    signaled = self._cond.wait(timeout)
  File "/usr/local/lib/python3.9/threading.py", line 316, in wait
    gotit = waiter.acquire(True, timeout)
  File "/home/airflow/.local/lib/python3.9/site-packages/airflow/utils/timeout.py", line 69, in handle_timeout
    raise AirflowTaskTimeout(self.error_message)
airflow.exceptions.AirflowTaskTimeout: Timeout, PID: 60
[2024-10-20T00:51:21.455+0000] {taskinstance.py:1398} INFO - Marking task as UP_FOR_RETRY. dag_id=etl_steam_pipeline, task_id=steam_extraction, execution_date=20241019T000000, start_date=20241020T005021, end_date=20241020T005121
[2024-10-20T00:51:21.471+0000] {standard_task_runner.py:104} ERROR - Failed to execute job 19 for task steam_extraction (Timeout, PID: 60; 60)
[2024-10-20T00:51:21.481+0000] {local_task_job_runner.py:228} INFO - Task exited with return code 1
[2024-10-20T00:51:21.503+0000] {taskinstance.py:2776} INFO - 0 downstream tasks scheduled from follow-on schedule check
